[ 2018-01-09T16:24:52+08:00 ] 127.0.0.1 /Cloud/SynData/Menu/synMenu
INFO: [ app_init ] --START--
INFO: Run Behavior\BuildLiteBehavior [ RunTime:0.000029s ]
INFO: [ app_init ] --END-- [ RunTime:0.000567s ]
INFO: [ app_begin ] --START--
INFO: Run Behavior\ReadHtmlCacheBehavior [ RunTime:0.000448s ]
INFO: [ app_begin ] --END-- [ RunTime:0.000484s ]
SQL: SHOW COLUMNS FROM `cloud_hotel` [ RunTime:0.0017s ]
SQL: SELECT * FROM `cloud_hotel` WHERE `h_scode` = '3ChvkTZq8Aa7RMUHYpOy0tw24XoidQES' LIMIT 1   [ RunTime:0.0003s ]
SQL: SHOW COLUMNS FROM `cloud_org` [ RunTime:0.0014s ]
SQL: SELECT * FROM `cloud_org` WHERE `id` = 2 LIMIT 1   [ RunTime:0.0002s ]
SQL: SELECT * FROM cloud_cook_style where edit_time > 1505913528 AND edit_time<= 1515486291 AND org_id = 2 ORDER BY edit_time DESC [ RunTime:0.0003s ]
SQL: SELECT * FROM cloud_cook_menu where edit_time > 1505913528 AND edit_time<= 1515486291 AND org_id = 2 ORDER BY edit_time DESC [ RunTime:0.0003s ]
NOTIC: [8] Undefined variable: key D:\xampp\htdocs\Cloud\App\SynData\Controller\MenuController.class.php 第 64 行.
SQL: UPDATE `cloud_hotel` SET `last_version`='1515486291' WHERE `h_scode` = null [ RunTime:0.0002s ]

[ 2018-01-09T16:35:37+08:00 ] 127.0.0.1 /Cloud/SynData/Menu/synMenu
INFO: [ app_init ] --START--
INFO: Run Behavior\BuildLiteBehavior [ RunTime:0.000010s ]
INFO: [ app_init ] --END-- [ RunTime:0.000312s ]
INFO: [ app_begin ] --START--
INFO: Run Behavior\ReadHtmlCacheBehavior [ RunTime:0.002375s ]
INFO: [ app_begin ] --END-- [ RunTime:0.002428s ]
SQL: SHOW COLUMNS FROM `cloud_hotel` [ RunTime:0.0051s ]
SQL: SELECT * FROM `cloud_hotel` WHERE `h_scode` = '3ChvkTZq8Aa7RMUHYpOy0tw24XoidQES' LIMIT 1   [ RunTime:0.0002s ]
SQL: SHOW COLUMNS FROM `cloud_org` [ RunTime:0.0194s ]
SQL: SELECT * FROM `cloud_org` WHERE `id` = 2 LIMIT 1   [ RunTime:0.0003s ]

[ 2018-01-09T16:44:14+08:00 ] 127.0.0.1 /Cloud/SynData/Menu/synMenu
INFO: [ app_init ] --START--
INFO: Run Behavior\BuildLiteBehavior [ RunTime:0.000008s ]
INFO: [ app_init ] --END-- [ RunTime:0.000283s ]
INFO: [ app_begin ] --START--
INFO: Run Behavior\ReadHtmlCacheBehavior [ RunTime:0.000417s ]
INFO: [ app_begin ] --END-- [ RunTime:0.000452s ]
SQL: SHOW COLUMNS FROM `cloud_hotel` [ RunTime:0.0016s ]
SQL: SELECT * FROM `cloud_hotel` WHERE `h_scode` = '3ChvkTZq8Aa7RMUHYpOy0tw24XoidQES' LIMIT 1   [ RunTime:0.0002s ]
SQL: SHOW COLUMNS FROM `cloud_org` [ RunTime:0.0014s ]
SQL: SELECT * FROM `cloud_org` WHERE `id` = 2 LIMIT 1   [ RunTime:0.0002s ]
SQL: SELECT * FROM cloud_cook_style where edit_time > 1515486291 AND edit_time<= 1515487454 AND org_id = 2 ORDER BY edit_time DESC [ RunTime:0.0002s ]
SQL: SELECT * FROM cloud_cook_menu where edit_time > 1515486291 AND edit_time<= 1515487454 AND org_id = 2 ORDER BY edit_time DESC [ RunTime:0.0002s ]
NOTIC: [8] Undefined variable: key D:\xampp\htdocs\Cloud\App\SynData\Controller\MenuController.class.php 第 64 行.
SQL: UPDATE `cloud_hotel` SET `last_version`='1515487454' WHERE `h_scode` = null [ RunTime:0.0001s ]

[ 2018-01-09T16:46:15+08:00 ] 127.0.0.1 /Cloud/SynData/Menu/synMenu
INFO: [ app_init ] --START--
INFO: Run Behavior\BuildLiteBehavior [ RunTime:0.000009s ]
INFO: [ app_init ] --END-- [ RunTime:0.000362s ]
INFO: [ app_begin ] --START--
INFO: Run Behavior\ReadHtmlCacheBehavior [ RunTime:0.000470s ]
INFO: [ app_begin ] --END-- [ RunTime:0.000509s ]
SQL: SHOW COLUMNS FROM `cloud_hotel` [ RunTime:0.0043s ]
SQL: SELECT * FROM `cloud_hotel` WHERE `h_scode` = '3ChvkTZq8Aa7RMUHYpOy0tw24XoidQES' LIMIT 1   [ RunTime:0.0003s ]
SQL: SHOW COLUMNS FROM `cloud_org` [ RunTime:0.0015s ]
SQL: SELECT * FROM `cloud_org` WHERE `id` = 2 LIMIT 1   [ RunTime:0.0002s ]
SQL: SELECT * FROM cloud_cook_style where edit_time > 1515486291 AND edit_time<= 1515487454 AND org_id = 2 ORDER BY edit_time DESC [ RunTime:0.0002s ]
SQL: SELECT * FROM cloud_cook_menu where edit_time > 1515486291 AND edit_time<= 1515487454 AND org_id = 2 ORDER BY edit_time DESC [ RunTime:0.0002s ]
NOTIC: [8] Undefined variable: key D:\xampp\htdocs\Cloud\App\SynData\Controller\MenuController.class.php 第 64 行.
SQL: UPDATE `cloud_hotel` SET `last_version`='1515487454' WHERE `h_scode` = null [ RunTime:0.0001s ]

[ 2018-01-09T16:46:36+08:00 ] 127.0.0.1 /Cloud/SynData/Menu/synMenu
INFO: [ app_init ] --START--
INFO: Run Behavior\BuildLiteBehavior [ RunTime:0.000010s ]
INFO: [ app_init ] --END-- [ RunTime:0.000321s ]
INFO: [ app_begin ] --START--
INFO: Run Behavior\ReadHtmlCacheBehavior [ RunTime:0.000421s ]
INFO: [ app_begin ] --END-- [ RunTime:0.000457s ]
SQL: SHOW COLUMNS FROM `cloud_hotel` [ RunTime:0.0018s ]
SQL: SELECT * FROM `cloud_hotel` WHERE `h_scode` = '3ChvkTZq8Aa7RMUHYpOy0tw24XoidQES' LIMIT 1   [ RunTime:0.0003s ]
SQL: SHOW COLUMNS FROM `cloud_org` [ RunTime:0.0040s ]
SQL: SELECT * FROM `cloud_org` WHERE `id` = 2 LIMIT 1   [ RunTime:0.0003s ]
SQL: SELECT * FROM cloud_cook_style where edit_time > 1515486291 AND edit_time<= 1515487454 AND org_id = 2 ORDER BY edit_time DESC [ RunTime:0.0002s ]
SQL: SELECT * FROM cloud_cook_menu where edit_time > 1515486291 AND edit_time<= 1515487454 AND org_id = 2 ORDER BY edit_time DESC [ RunTime:0.0002s ]
NOTIC: [8] Undefined variable: key D:\xampp\htdocs\Cloud\App\SynData\Controller\MenuController.class.php 第 64 行.
SQL: UPDATE `cloud_hotel` SET `last_version`='1515487454' WHERE `h_scode` = null [ RunTime:0.0001s ]

[ 2018-01-09T16:50:12+08:00 ] 127.0.0.1 /Cloud/SynData/Menu/synMenu
INFO: [ app_init ] --START--
INFO: Run Behavior\BuildLiteBehavior [ RunTime:0.000012s ]
INFO: [ app_init ] --END-- [ RunTime:0.000409s ]
INFO: [ app_begin ] --START--
INFO: Run Behavior\ReadHtmlCacheBehavior [ RunTime:0.000484s ]
INFO: [ app_begin ] --END-- [ RunTime:0.000524s ]
SQL: SHOW COLUMNS FROM `cloud_hotel` [ RunTime:0.0124s ]
SQL: SELECT * FROM `cloud_hotel` WHERE `h_scode` = '3ChvkTZq8Aa7RMUHYpOy0tw24XoidQES' LIMIT 1   [ RunTime:0.0008s ]
SQL: SHOW COLUMNS FROM `cloud_org` [ RunTime:0.0015s ]
SQL: SELECT * FROM `cloud_org` WHERE `id` = 2 LIMIT 1   [ RunTime:0.0002s ]
SQL: SELECT * FROM cloud_cook_style where edit_time > 1515487454 AND edit_time<= 1515487812 AND org_id = 2 ORDER BY edit_time DESC [ RunTime:0.0002s ]
SQL: SELECT * FROM cloud_cook_menu where edit_time > 1515487454 AND edit_time<= 1515487812 AND org_id = 2 ORDER BY edit_time DESC [ RunTime:0.0002s ]
NOTIC: [8] Undefined variable: key D:\xampp\htdocs\Cloud\App\SynData\Controller\MenuController.class.php 第 64 行.
SQL: UPDATE `cloud_hotel` SET `last_version`='1515487812' WHERE `h_scode` = null [ RunTime:0.0002s ]

[ 2018-01-09T16:50:41+08:00 ] 127.0.0.1 /Cloud/SynData/Menu/synMenu
INFO: [ app_init ] --START--
INFO: Run Behavior\BuildLiteBehavior [ RunTime:0.000026s ]
INFO: [ app_init ] --END-- [ RunTime:0.000696s ]
INFO: [ app_begin ] --START--
INFO: Run Behavior\ReadHtmlCacheBehavior [ RunTime:0.000476s ]
INFO: [ app_begin ] --END-- [ RunTime:0.000513s ]
SQL: SHOW COLUMNS FROM `cloud_hotel` [ RunTime:0.0019s ]
SQL: SELECT * FROM `cloud_hotel` WHERE `h_scode` = '3ChvkTZq8Aa7RMUHYpOy0tw24XoidQES' LIMIT 1   [ RunTime:0.0002s ]
SQL: SHOW COLUMNS FROM `cloud_org` [ RunTime:0.0014s ]
SQL: SELECT * FROM `cloud_org` WHERE `id` = 2 LIMIT 1   [ RunTime:0.0002s ]
SQL: SELECT * FROM cloud_cook_style where edit_time > 1515487454 AND edit_time<= 1515487812 AND org_id = 2 ORDER BY edit_time DESC [ RunTime:0.0002s ]
SQL: SELECT * FROM cloud_cook_menu where edit_time > 1515487454 AND edit_time<= 1515487812 AND org_id = 2 ORDER BY edit_time DESC [ RunTime:0.0002s ]
NOTIC: [8] Undefined variable: key D:\xampp\htdocs\Cloud\App\SynData\Controller\MenuController.class.php 第 64 行.
SQL: UPDATE `cloud_hotel` SET `last_version`='1515487812' WHERE `h_scode` = null [ RunTime:0.0001s ]

[ 2018-01-09T16:52:10+08:00 ] 127.0.0.1 /Cloud/SynData/Menu/synMenu
INFO: [ app_init ] --START--
INFO: Run Behavior\BuildLiteBehavior [ RunTime:0.000010s ]
INFO: [ app_init ] --END-- [ RunTime:0.000355s ]
INFO: [ app_begin ] --START--
INFO: Run Behavior\ReadHtmlCacheBehavior [ RunTime:0.000421s ]
INFO: [ app_begin ] --END-- [ RunTime:0.000456s ]
SQL: SHOW COLUMNS FROM `cloud_hotel` [ RunTime:0.0033s ]
SQL: SELECT * FROM `cloud_hotel` WHERE `h_scode` = '3ChvkTZq8Aa7RMUHYpOy0tw24XoidQES' LIMIT 1   [ RunTime:0.0005s ]
SQL: SHOW COLUMNS FROM `cloud_org` [ RunTime:0.0033s ]
SQL: SELECT * FROM `cloud_org` WHERE `id` = 2 LIMIT 1   [ RunTime:0.0004s ]
SQL: SELECT * FROM cloud_cook_style where edit_time > 1515487454 AND edit_time<= 1515487812 AND org_id = 2 ORDER BY edit_time DESC [ RunTime:0.0003s ]
SQL: SELECT * FROM cloud_cook_menu where edit_time > 1515487454 AND edit_time<= 1515487812 AND org_id = 2 ORDER BY edit_time DESC [ RunTime:0.0002s ]
NOTIC: [8] Undefined variable: key D:\xampp\htdocs\Cloud\App\SynData\Controller\MenuController.class.php 第 64 行.
SQL: UPDATE `cloud_hotel` SET `last_version`='1515487812' WHERE `h_scode` = null [ RunTime:0.0002s ]

[ 2018-01-09T16:58:49+08:00 ] 127.0.0.1 /Cloud/SynData/Menu/synMenu
INFO: [ app_init ] --START--
INFO: Run Behavior\BuildLiteBehavior [ RunTime:0.000010s ]
INFO: [ app_init ] --END-- [ RunTime:0.000312s ]
INFO: [ app_begin ] --START--
INFO: Run Behavior\ReadHtmlCacheBehavior [ RunTime:0.000455s ]
INFO: [ app_begin ] --END-- [ RunTime:0.000490s ]
SQL: SHOW COLUMNS FROM `cloud_hotel` [ RunTime:0.0022s ]
SQL: SELECT * FROM `cloud_hotel` WHERE `h_scode` = '3ChvkTZq8Aa7RMUHYpOy0tw24XoidQES' LIMIT 1   [ RunTime:0.0018s ]
SQL: SHOW COLUMNS FROM `cloud_org` [ RunTime:0.0018s ]
SQL: SELECT * FROM `cloud_org` WHERE `id` = 2 LIMIT 1   [ RunTime:0.0002s ]
SQL: SELECT * FROM cloud_cook_style where edit_time > 1515487454 AND edit_time<= 1515487812 AND org_id = 2 ORDER BY edit_time DESC [ RunTime:0.0002s ]
SQL: SELECT * FROM cloud_cook_menu where edit_time > 1515487454 AND edit_time<= 1515487812 AND org_id = 2 ORDER BY edit_time DESC [ RunTime:0.0002s ]
NOTIC: [8] Undefined variable: key D:\xampp\htdocs\Cloud\App\SynData\Controller\MenuController.class.php 第 64 行.
SQL: UPDATE `cloud_hotel` SET `last_version`='1515487812' WHERE `h_scode` = null [ RunTime:0.0001s ]

[ 2018-01-09T20:27:17+08:00 ] ::1 /cloud/index.php/SynData/Ads/3ChvkTZq8Aa7RMUHYpOy0tw24XoidQES
INFO: [ app_init ] --START--
INFO: Run Behavior\BuildLiteBehavior [ RunTime:0.000010s ]
INFO: [ app_init ] --END-- [ RunTime:0.000393s ]
INFO: [ app_begin ] --START--
INFO: Run Behavior\ReadHtmlCacheBehavior [ RunTime:0.000506s ]
INFO: [ app_begin ] --END-- [ RunTime:0.000539s ]
ERR: 非法操作:3ChvkTZq8Aa7RMUHYpOy0tw24XoidQES

[ 2018-01-09T20:27:25+08:00 ] ::1 /cloud/index.php/SynData/Ads?3ChvkTZq8Aa7RMUHYpOy0tw24XoidQES
INFO: [ app_init ] --START--
INFO: Run Behavior\BuildLiteBehavior [ RunTime:0.000010s ]
INFO: [ app_init ] --END-- [ RunTime:0.000369s ]
INFO: [ app_begin ] --START--
INFO: Run Behavior\ReadHtmlCacheBehavior [ RunTime:0.000556s ]
INFO: [ app_begin ] --END-- [ RunTime:0.000602s ]
ERR: 非法操作:index

[ 2018-01-09T20:27:37+08:00 ] ::1 /cloud/SynData/Ads?3ChvkTZq8Aa7RMUHYpOy0tw24XoidQES
INFO: [ app_init ] --START--
INFO: Run Behavior\BuildLiteBehavior [ RunTime:0.000009s ]
INFO: [ app_init ] --END-- [ RunTime:0.000332s ]
INFO: [ app_begin ] --START--
INFO: Run Behavior\ReadHtmlCacheBehavior [ RunTime:0.000429s ]
INFO: [ app_begin ] --END-- [ RunTime:0.000461s ]
ERR: 非法操作:index

[ 2018-01-09T20:28:48+08:00 ] ::1 /cloud/SynData/Ads/synAd?3ChvkTZq8Aa7RMUHYpOy0tw24XoidQES
INFO: [ app_init ] --START--
INFO: Run Behavior\BuildLiteBehavior [ RunTime:0.000009s ]
INFO: [ app_init ] --END-- [ RunTime:0.000319s ]
INFO: [ app_begin ] --START--
INFO: Run Behavior\ReadHtmlCacheBehavior [ RunTime:0.000428s ]
INFO: [ app_begin ] --END-- [ RunTime:0.000462s ]

[ 2018-01-09T20:29:07+08:00 ] ::1 /cloud/SynData/Ads/synAd?3ChvkTZq8Aa7RMUHYpOy0tw24XoidQES
INFO: [ app_init ] --START--
INFO: Run Behavior\BuildLiteBehavior [ RunTime:0.000010s ]
INFO: [ app_init ] --END-- [ RunTime:0.000331s ]
INFO: [ app_begin ] --START--
INFO: Run Behavior\ReadHtmlCacheBehavior [ RunTime:0.000537s ]
INFO: [ app_begin ] --END-- [ RunTime:0.002267s ]
SQL: SHOW COLUMNS FROM `cloud_hotel` [ RunTime:0.0023s ]
SQL: SELECT * FROM `cloud_hotel` WHERE `h_scode` = '' LIMIT 1   [ RunTime:0.0003s ]
INFO: [ app_end ] --START--
INFO: Run Behavior\ShowPageTraceBehavior [ RunTime:0.000617s ]
INFO: [ app_end ] --END-- [ RunTime:0.000651s ]

[ 2018-01-09T20:29:43+08:00 ] ::1 /cloud/SynData/Ads/synAd?3ChvkTZq8Aa7RMUHYpOy0tw24XoidQES
INFO: [ app_init ] --START--
INFO: Run Behavior\BuildLiteBehavior [ RunTime:0.000012s ]
INFO: [ app_init ] --END-- [ RunTime:0.000394s ]
INFO: [ app_begin ] --START--
INFO: Run Behavior\ReadHtmlCacheBehavior [ RunTime:0.000997s ]
INFO: [ app_begin ] --END-- [ RunTime:0.001092s ]
SQL: SHOW COLUMNS FROM `cloud_hotel` [ RunTime:0.0026s ]
SQL: SELECT * FROM `cloud_hotel` WHERE `h_scode` = '' LIMIT 1   [ RunTime:0.0003s ]
INFO: [ app_end ] --START--
INFO: Run Behavior\ShowPageTraceBehavior [ RunTime:0.000797s ]
INFO: [ app_end ] --END-- [ RunTime:0.000840s ]

[ 2018-01-09T20:29:55+08:00 ] ::1 /cloud/SynData/Ads/synAd?key=3ChvkTZq8Aa7RMUHYpOy0tw24XoidQES
INFO: [ app_init ] --START--
INFO: Run Behavior\BuildLiteBehavior [ RunTime:0.000010s ]
INFO: [ app_init ] --END-- [ RunTime:0.000360s ]
INFO: [ app_begin ] --START--
INFO: Run Behavior\ReadHtmlCacheBehavior [ RunTime:0.000515s ]
INFO: [ app_begin ] --END-- [ RunTime:0.000548s ]
SQL: SHOW COLUMNS FROM `cloud_hotel` [ RunTime:0.0276s ]
SQL: SELECT * FROM `cloud_hotel` WHERE `h_scode` = '3ChvkTZq8Aa7RMUHYpOy0tw24XoidQES' LIMIT 1   [ RunTime:0.0003s ]
INFO: [ app_end ] --START--
INFO: Run Behavior\ShowPageTraceBehavior [ RunTime:0.000710s ]
INFO: [ app_end ] --END-- [ RunTime:0.000746s ]

[ 2018-01-09T20:49:09+08:00 ] ::1 /cloud/SynData/Ads/synAd?key=3ChvkTZq8Aa7RMUHYpOy0tw24XoidQES?version=886
INFO: [ app_init ] --START--
INFO: Run Behavior\BuildLiteBehavior [ RunTime:0.000009s ]
INFO: [ app_init ] --END-- [ RunTime:0.000328s ]
INFO: [ app_begin ] --START--
INFO: Run Behavior\ReadHtmlCacheBehavior [ RunTime:0.000462s ]
INFO: [ app_begin ] --END-- [ RunTime:0.000495s ]
SQL: SHOW COLUMNS FROM `cloud_hotel` [ RunTime:0.0036s ]
SQL: SELECT * FROM `cloud_hotel` WHERE `h_scode` = '3ChvkTZq8Aa7RMUHYpOy0tw24XoidQES?version=886' LIMIT 1   [ RunTime:0.0003s ]

[ 2018-01-09T20:50:04+08:00 ] ::1 /cloud/SynData/Ads/synAd?key=3ChvkTZq8Aa7RMUHYpOy0tw24XoidQES?version=886
INFO: [ app_init ] --START--
INFO: Run Behavior\BuildLiteBehavior [ RunTime:0.000015s ]
INFO: [ app_init ] --END-- [ RunTime:0.000397s ]
INFO: [ app_begin ] --START--
INFO: Run Behavior\ReadHtmlCacheBehavior [ RunTime:0.000532s ]
INFO: [ app_begin ] --END-- [ RunTime:0.000573s ]
SQL: SHOW COLUMNS FROM `cloud_hotel` [ RunTime:0.0022s ]
SQL: SELECT * FROM `cloud_hotel` WHERE `h_scode` = '3ChvkTZq8Aa7RMUHYpOy0tw24XoidQES?version=886' LIMIT 1   [ RunTime:0.0002s ]

[ 2018-01-09T20:50:08+08:00 ] ::1 /cloud/SynData/Ads/synAd?key=3ChvkTZq8Aa7RMUHYpOy0tw24XoidQES?version=886
INFO: [ app_init ] --START--
INFO: Run Behavior\BuildLiteBehavior [ RunTime:0.000016s ]
INFO: [ app_init ] --END-- [ RunTime:0.000338s ]
INFO: [ app_begin ] --START--
INFO: Run Behavior\ReadHtmlCacheBehavior [ RunTime:0.000519s ]
INFO: [ app_begin ] --END-- [ RunTime:0.000557s ]
SQL: SHOW COLUMNS FROM `cloud_hotel` [ RunTime:0.0021s ]
SQL: SELECT * FROM `cloud_hotel` WHERE `h_scode` = '3ChvkTZq8Aa7RMUHYpOy0tw24XoidQES?version=886' LIMIT 1   [ RunTime:0.0003s ]

[ 2018-01-09T20:50:52+08:00 ] ::1 /cloud/SynData/Ads/synAd?key=3ChvkTZq8Aa7RMUHYpOy0tw24XoidQES
INFO: [ app_init ] --START--
INFO: Run Behavior\BuildLiteBehavior [ RunTime:0.000010s ]
INFO: [ app_init ] --END-- [ RunTime:0.000309s ]
INFO: [ app_begin ] --START--
INFO: Run Behavior\ReadHtmlCacheBehavior [ RunTime:0.000928s ]
INFO: [ app_begin ] --END-- [ RunTime:0.001004s ]
SQL: SHOW COLUMNS FROM `cloud_hotel` [ RunTime:0.0026s ]
SQL: SELECT * FROM `cloud_hotel` WHERE `h_scode` = '3ChvkTZq8Aa7RMUHYpOy0tw24XoidQES' LIMIT 1   [ RunTime:0.0003s ]
SQL: SHOW COLUMNS FROM `cloud_org` [ RunTime:0.0025s ]
SQL: SELECT * FROM `cloud_org` WHERE `id` = 13 LIMIT 1   [ RunTime:0.0005s ]

[ 2018-01-09T20:51:29+08:00 ] ::1 /cloud/SynData/Ads/synAd?key=3ChvkTZq8Aa7RMUHYpOy0tw24XoidQES
INFO: [ app_init ] --START--
INFO: Run Behavior\BuildLiteBehavior [ RunTime:0.000019s ]
INFO: [ app_init ] --END-- [ RunTime:0.000497s ]
INFO: [ app_begin ] --START--
INFO: Run Behavior\ReadHtmlCacheBehavior [ RunTime:0.000512s ]
INFO: [ app_begin ] --END-- [ RunTime:0.000550s ]
SQL: SHOW COLUMNS FROM `cloud_hotel` [ RunTime:0.0041s ]
SQL: SELECT * FROM `cloud_hotel` WHERE `h_scode` = '3ChvkTZq8Aa7RMUHYpOy0tw24XoidQES' LIMIT 1   [ RunTime:0.0003s ]
SQL: SHOW COLUMNS FROM `cloud_org` [ RunTime:0.0019s ]
SQL: SELECT * FROM `cloud_org` WHERE `id` = 13 LIMIT 1   [ RunTime:0.0002s ]

[ 2018-01-09T20:52:25+08:00 ] ::1 /cloud/SynData/Ads/synAd?key=3ChvkTZq8Aa7RMUHYpOy0tw24XoidQES
INFO: [ app_init ] --START--
INFO: Run Behavior\BuildLiteBehavior [ RunTime:0.000016s ]
INFO: [ app_init ] --END-- [ RunTime:0.000662s ]
INFO: [ app_begin ] --START--
INFO: Run Behavior\ReadHtmlCacheBehavior [ RunTime:0.000713s ]
INFO: [ app_begin ] --END-- [ RunTime:0.000772s ]
SQL: SHOW COLUMNS FROM `cloud_hotel` [ RunTime:0.0048s ]
SQL: SELECT * FROM `cloud_hotel` WHERE `h_scode` = '3ChvkTZq8Aa7RMUHYpOy0tw24XoidQES' LIMIT 1   [ RunTime:0.0003s ]

[ 2018-01-09T20:53:50+08:00 ] ::1 /cloud/SynData/Ads/synAd?key=3ChvkTZq8Aa7RMUHYpOy0tw24XoidQES
INFO: [ app_init ] --START--
INFO: Run Behavior\BuildLiteBehavior [ RunTime:0.000010s ]
INFO: [ app_init ] --END-- [ RunTime:0.000345s ]
INFO: [ app_begin ] --START--
INFO: Run Behavior\ReadHtmlCacheBehavior [ RunTime:0.000482s ]
INFO: [ app_begin ] --END-- [ RunTime:0.000513s ]
SQL: SHOW COLUMNS FROM `cloud_hotel` [ RunTime:0.0045s ]
SQL: SELECT * FROM `cloud_hotel` WHERE `h_scode` = '3ChvkTZq8Aa7RMUHYpOy0tw24XoidQES' LIMIT 1   [ RunTime:0.0003s ]
SQL: SHOW COLUMNS FROM `cloud_org` [ RunTime:0.0030s ]
SQL: SELECT * FROM `cloud_org` WHERE `id` = 13 LIMIT 1   [ RunTime:0.0005s ]

[ 2018-01-09T20:54:21+08:00 ] ::1 /cloud/SynData/Ads/synAd?key=3ChvkTZq8Aa7RMUHYpOy0tw24XoidQES
INFO: [ app_init ] --START--
INFO: Run Behavior\BuildLiteBehavior [ RunTime:0.000012s ]
INFO: [ app_init ] --END-- [ RunTime:0.000300s ]
INFO: [ app_begin ] --START--
INFO: Run Behavior\ReadHtmlCacheBehavior [ RunTime:0.000517s ]
INFO: [ app_begin ] --END-- [ RunTime:0.000557s ]
SQL: SHOW COLUMNS FROM `cloud_hotel` [ RunTime:0.0027s ]
SQL: SELECT * FROM `cloud_hotel` WHERE `h_scode` = '3ChvkTZq8Aa7RMUHYpOy0tw24XoidQES' LIMIT 1   [ RunTime:0.0003s ]
SQL: SHOW COLUMNS FROM `cloud_org` [ RunTime:0.0020s ]
SQL: SELECT * FROM `cloud_org` WHERE `id` = 13 LIMIT 1   [ RunTime:0.0002s ]

[ 2018-01-09T20:55:03+08:00 ] ::1 /cloud/SynData/Ads/synAd?key=3ChvkTZq8Aa7RMUHYpOy0tw24XoidQES?version=886
INFO: [ app_init ] --START--
INFO: Run Behavior\BuildLiteBehavior [ RunTime:0.000011s ]
INFO: [ app_init ] --END-- [ RunTime:0.000462s ]
INFO: [ app_begin ] --START--
INFO: Run Behavior\ReadHtmlCacheBehavior [ RunTime:0.000757s ]
INFO: [ app_begin ] --END-- [ RunTime:0.000849s ]
SQL: SHOW COLUMNS FROM `cloud_hotel` [ RunTime:0.0218s ]
SQL: SELECT * FROM `cloud_hotel` WHERE `h_scode` = '3ChvkTZq8Aa7RMUHYpOy0tw24XoidQES?version=886' LIMIT 1   [ RunTime:0.0010s ]

[ 2018-01-09T20:55:20+08:00 ] ::1 /cloud/SynData/Ads/synAd?key=3ChvkTZq8Aa7RMUHYpOy0tw24XoidQES?version=886
INFO: [ app_init ] --START--
INFO: Run Behavior\BuildLiteBehavior [ RunTime:0.000023s ]
INFO: [ app_init ] --END-- [ RunTime:0.000959s ]
INFO: [ app_begin ] --START--
INFO: Run Behavior\ReadHtmlCacheBehavior [ RunTime:0.000507s ]
INFO: [ app_begin ] --END-- [ RunTime:0.000550s ]
SQL: SHOW COLUMNS FROM `cloud_hotel` [ RunTime:0.0027s ]
SQL: SELECT * FROM `cloud_hotel` WHERE `h_scode` = '3ChvkTZq8Aa7RMUHYpOy0tw24XoidQES?version=886' LIMIT 1   [ RunTime:0.0003s ]

[ 2018-01-09T20:55:34+08:00 ] ::1 /cloud/SynData/Ads/synAd?key=3ChvkTZq8Aa7RMUHYpOy0tw24XoidQES/version=886
INFO: [ app_init ] --START--
INFO: Run Behavior\BuildLiteBehavior [ RunTime:0.000011s ]
INFO: [ app_init ] --END-- [ RunTime:0.000330s ]
INFO: [ app_begin ] --START--
INFO: Run Behavior\ReadHtmlCacheBehavior [ RunTime:0.000438s ]
INFO: [ app_begin ] --END-- [ RunTime:0.000471s ]
SQL: SHOW COLUMNS FROM `cloud_hotel` [ RunTime:0.0230s ]
SQL: SELECT * FROM `cloud_hotel` WHERE `h_scode` = '3ChvkTZq8Aa7RMUHYpOy0tw24XoidQES/version=886' LIMIT 1   [ RunTime:0.0003s ]

[ 2018-01-09T20:55:41+08:00 ] ::1 /cloud/SynData/Ads/synAd?key=3ChvkTZq8Aa7RMUHYpOy0tw24XoidQES
INFO: [ app_init ] --START--
INFO: Run Behavior\BuildLiteBehavior [ RunTime:0.000010s ]
INFO: [ app_init ] --END-- [ RunTime:0.000316s ]
INFO: [ app_begin ] --START--
INFO: Run Behavior\ReadHtmlCacheBehavior [ RunTime:0.000424s ]
INFO: [ app_begin ] --END-- [ RunTime:0.000460s ]
SQL: SHOW COLUMNS FROM `cloud_hotel` [ RunTime:0.0131s ]
SQL: SELECT * FROM `cloud_hotel` WHERE `h_scode` = '3ChvkTZq8Aa7RMUHYpOy0tw24XoidQES' LIMIT 1   [ RunTime:0.0002s ]
SQL: SHOW COLUMNS FROM `cloud_org` [ RunTime:0.0380s ]
SQL: SELECT * FROM `cloud_org` WHERE `id` = 13 LIMIT 1   [ RunTime:0.0002s ]

