[ 2018-01-10T10:39:18+08:00 ] ::1 /cloud/SynData/Ads/synAd?key=3ChvkTZq8Aa7RMUHYpOy0tw24XoidQES?version=886
INFO: [ app_init ] --START--
INFO: Run Behavior\BuildLiteBehavior [ RunTime:0.000009s ]
INFO: [ app_init ] --END-- [ RunTime:0.000331s ]
INFO: [ app_begin ] --START--
INFO: Run Behavior\ReadHtmlCacheBehavior [ RunTime:0.000490s ]
INFO: [ app_begin ] --END-- [ RunTime:0.000522s ]
SQL: SHOW COLUMNS FROM `cloud_hotel` [ RunTime:0.0110s ]
SQL: SELECT * FROM `cloud_hotel` WHERE `h_scode` = '3ChvkTZq8Aa7RMUHYpOy0tw24XoidQES?version=886' LIMIT 1   [ RunTime:0.0003s ]

[ 2018-01-10T10:39:28+08:00 ] ::1 /cloud/SynData/Ads/synAd?key=3ChvkTZq8Aa7RMUHYpOy0tw24XoidQES&version=886
INFO: [ app_init ] --START--
INFO: Run Behavior\BuildLiteBehavior [ RunTime:0.000009s ]
INFO: [ app_init ] --END-- [ RunTime:0.000327s ]
INFO: [ app_begin ] --START--
INFO: Run Behavior\ReadHtmlCacheBehavior [ RunTime:0.000555s ]
INFO: [ app_begin ] --END-- [ RunTime:0.000594s ]
SQL: SHOW COLUMNS FROM `cloud_hotel` [ RunTime:0.0101s ]
SQL: SELECT * FROM `cloud_hotel` WHERE `h_scode` = '3ChvkTZq8Aa7RMUHYpOy0tw24XoidQES' LIMIT 1   [ RunTime:0.0003s ]
SQL: SHOW COLUMNS FROM `cloud_org` [ RunTime:0.0276s ]
SQL: SELECT * FROM `cloud_org` WHERE `id` = 13 LIMIT 1   [ RunTime:0.0003s ]

[ 2018-01-10T11:25:43+08:00 ] ::1 /cloud/SynData/Ads/synAd?key=3ChvkTZq8Aa7RMUHYpOy0tw24XoidQES&version=1508570852
INFO: [ app_init ] --START--
INFO: Run Behavior\BuildLiteBehavior [ RunTime:0.000009s ]
INFO: [ app_init ] --END-- [ RunTime:0.000364s ]
INFO: [ app_begin ] --START--
INFO: Run Behavior\ReadHtmlCacheBehavior [ RunTime:0.000617s ]
INFO: [ app_begin ] --END-- [ RunTime:0.000652s ]
SQL: SHOW COLUMNS FROM `cloud_hotel` [ RunTime:0.0020s ]
SQL: SELECT * FROM `cloud_hotel` WHERE `h_scode` = '3ChvkTZq8Aa7RMUHYpOy0tw24XoidQES' LIMIT 1   [ RunTime:0.0003s ]
SQL: SHOW COLUMNS FROM `cloud_org` [ RunTime:0.0014s ]
SQL: SELECT * FROM `cloud_org` WHERE `id` = 13 LIMIT 1   [ RunTime:0.0002s ]

[ 2018-01-10T11:27:32+08:00 ] ::1 /cloud/SynData/Ads/synAd?key=3ChvkTZq8Aa7RMUHYpOy0tw24XoidQES&version=1508570852
INFO: [ app_init ] --START--
INFO: Run Behavior\BuildLiteBehavior [ RunTime:0.000008s ]
INFO: [ app_init ] --END-- [ RunTime:0.000331s ]
INFO: [ app_begin ] --START--
INFO: Run Behavior\ReadHtmlCacheBehavior [ RunTime:0.000526s ]
INFO: [ app_begin ] --END-- [ RunTime:0.000566s ]
SQL: SHOW COLUMNS FROM `cloud_hotel` [ RunTime:0.0019s ]
SQL: SELECT * FROM `cloud_hotel` WHERE `h_scode` = '3ChvkTZq8Aa7RMUHYpOy0tw24XoidQES' LIMIT 1   [ RunTime:0.0002s ]

[ 2018-01-10T11:28:24+08:00 ] ::1 /cloud/SynData/Ads/synAd?key=3ChvkTZq8Aa7RMUHYpOy0tw24XoidQES&version=1508570852
INFO: [ app_init ] --START--
INFO: Run Behavior\BuildLiteBehavior [ RunTime:0.000010s ]
INFO: [ app_init ] --END-- [ RunTime:0.000575s ]
INFO: [ app_begin ] --START--
INFO: Run Behavior\ReadHtmlCacheBehavior [ RunTime:0.000442s ]
INFO: [ app_begin ] --END-- [ RunTime:0.000476s ]
SQL: SHOW COLUMNS FROM `cloud_hotel` [ RunTime:0.0484s ]
SQL: SELECT * FROM `cloud_hotel` WHERE `h_scode` = '3ChvkTZq8Aa7RMUHYpOy0tw24XoidQES' LIMIT 1   [ RunTime:0.0003s ]
SQL: SHOW COLUMNS FROM `cloud_org` [ RunTime:0.0506s ]
SQL: SELECT * FROM `cloud_org` WHERE `id` = 13 LIMIT 1   [ RunTime:0.0002s ]

[ 2018-01-10T11:28:44+08:00 ] ::1 /cloud/SynData/Ads/synAd?key=3ChvkTZq8Aa7RMUHYpOy0tw24XoidQES&version=1508570852
INFO: [ app_init ] --START--
INFO: Run Behavior\BuildLiteBehavior [ RunTime:0.000012s ]
INFO: [ app_init ] --END-- [ RunTime:0.000398s ]
INFO: [ app_begin ] --START--
INFO: Run Behavior\ReadHtmlCacheBehavior [ RunTime:0.000510s ]
INFO: [ app_begin ] --END-- [ RunTime:0.000545s ]
SQL: SHOW COLUMNS FROM `cloud_hotel` [ RunTime:0.0129s ]
SQL: SELECT * FROM `cloud_hotel` WHERE `h_scode` = '3ChvkTZq8Aa7RMUHYpOy0tw24XoidQES' LIMIT 1   [ RunTime:0.0003s ]
SQL: SHOW COLUMNS FROM `cloud_org` [ RunTime:0.0423s ]
SQL: SELECT * FROM `cloud_org` WHERE `id` = 13 LIMIT 1   [ RunTime:0.0003s ]

[ 2018-01-10T11:29:33+08:00 ] ::1 /cloud/SynData/Ads/synAd?key=3ChvkTZq8Aa7RMUHYpOy0tw24XoidQES&version=1508570852
INFO: [ app_init ] --START--
INFO: Run Behavior\BuildLiteBehavior [ RunTime:0.000009s ]
INFO: [ app_init ] --END-- [ RunTime:0.000343s ]
INFO: [ app_begin ] --START--
INFO: Run Behavior\ReadHtmlCacheBehavior [ RunTime:0.000437s ]
INFO: [ app_begin ] --END-- [ RunTime:0.000470s ]
SQL: SHOW COLUMNS FROM `cloud_hotel` [ RunTime:0.0038s ]
SQL: SELECT * FROM `cloud_hotel` WHERE `h_scode` = '3ChvkTZq8Aa7RMUHYpOy0tw24XoidQES' LIMIT 1   [ RunTime:0.0003s ]

[ 2018-01-10T11:30:32+08:00 ] ::1 /cloud/SynData/Ads/synAd?key=3ChvkTZq8Aa7RMUHYpOy0tw24XoidQES&version=1508570852
INFO: [ app_init ] --START--
INFO: Run Behavior\BuildLiteBehavior [ RunTime:0.000013s ]
INFO: [ app_init ] --END-- [ RunTime:0.000327s ]
INFO: [ app_begin ] --START--
INFO: Run Behavior\ReadHtmlCacheBehavior [ RunTime:0.000422s ]
INFO: [ app_begin ] --END-- [ RunTime:0.000460s ]
SQL: SHOW COLUMNS FROM `cloud_hotel` [ RunTime:0.0017s ]
SQL: SELECT * FROM `cloud_hotel` WHERE `h_scode` = '3ChvkTZq8Aa7RMUHYpOy0tw24XoidQES' LIMIT 1   [ RunTime:0.0003s ]
SQL: SHOW COLUMNS FROM `cloud_org` [ RunTime:0.0037s ]
SQL: SELECT * FROM `cloud_org` WHERE `id` = 13  [ RunTime:0.0003s ]

[ 2018-01-10T11:30:48+08:00 ] ::1 /cloud/SynData/Ads/synAd?key=3ChvkTZq8Aa7RMUHYpOy0tw24XoidQES&version=1508570852
INFO: [ app_init ] --START--
INFO: Run Behavior\BuildLiteBehavior [ RunTime:0.000011s ]
INFO: [ app_init ] --END-- [ RunTime:0.000315s ]
INFO: [ app_begin ] --START--
INFO: Run Behavior\ReadHtmlCacheBehavior [ RunTime:0.000426s ]
INFO: [ app_begin ] --END-- [ RunTime:0.000461s ]
SQL: SHOW COLUMNS FROM `cloud_hotel` [ RunTime:0.0024s ]
SQL: SELECT * FROM `cloud_hotel` WHERE `h_scode` = '3ChvkTZq8Aa7RMUHYpOy0tw24XoidQES' LIMIT 1   [ RunTime:0.0003s ]
SQL: SHOW COLUMNS FROM `cloud_org` [ RunTime:0.0026s ]
SQL: SELECT * FROM `cloud_org` WHERE `id` = 13  [ RunTime:0.0002s ]

[ 2018-01-10T11:49:29+08:00 ] ::1 /cloud/SynData/Ads/synAd?key=3ChvkTZq8Aa7RMUHYpOy0tw24XoidQES&version=1508570852
INFO: [ app_init ] --START--
INFO: Run Behavior\BuildLiteBehavior [ RunTime:0.000009s ]
INFO: [ app_init ] --END-- [ RunTime:0.000450s ]
INFO: [ app_begin ] --START--
INFO: Run Behavior\ReadHtmlCacheBehavior [ RunTime:0.000507s ]
INFO: [ app_begin ] --END-- [ RunTime:0.000543s ]
SQL: SHOW COLUMNS FROM `cloud_hotel` [ RunTime:0.0021s ]
SQL: SELECT * FROM `cloud_hotel` WHERE `h_scode` = '3ChvkTZq8Aa7RMUHYpOy0tw24XoidQES' LIMIT 1   [ RunTime:0.0003s ]
SQL: SELECT * FROM `cloud_hotel` WHERE `id` = 13 LIMIT 1   [ RunTime:0.0002s ]

[ 2018-01-10T11:50:35+08:00 ] ::1 /cloud/SynData/Ads/synAd?key=3ChvkTZq8Aa7RMUHYpOy0tw24XoidQES&version=1508570852
INFO: [ app_init ] --START--
INFO: Run Behavior\BuildLiteBehavior [ RunTime:0.000009s ]
INFO: [ app_init ] --END-- [ RunTime:0.000389s ]
INFO: [ app_begin ] --START--
INFO: Run Behavior\ReadHtmlCacheBehavior [ RunTime:0.000484s ]
INFO: [ app_begin ] --END-- [ RunTime:0.000518s ]
SQL: SHOW COLUMNS FROM `cloud_hotel` [ RunTime:0.0019s ]
SQL: SELECT * FROM `cloud_hotel` WHERE `h_scode` = '3ChvkTZq8Aa7RMUHYpOy0tw24XoidQES' LIMIT 1   [ RunTime:0.0003s ]
SQL: SELECT * FROM `cloud_hotel` WHERE `id` = 13 LIMIT 1   [ RunTime:0.0002s ]
SQL: SELECT * FROM cloud_ads where edit_time > 1508570852 AND edit_time<= 1512198151 AND adverify=1 AND is_delete=0 ORDER BY adnum DESC [ RunTime:0.0033s ]

[ 2018-01-10T11:57:46+08:00 ] ::1 /cloud/SynData/Ads/synAd?key=3ChvkTZq8Aa7RMUHYpOy0tw24XoidQES&version=1508570852
INFO: [ app_init ] --START--
INFO: Run Behavior\BuildLiteBehavior [ RunTime:0.000010s ]
INFO: [ app_init ] --END-- [ RunTime:0.000410s ]
INFO: [ app_begin ] --START--
INFO: Run Behavior\ReadHtmlCacheBehavior [ RunTime:0.000568s ]
INFO: [ app_begin ] --END-- [ RunTime:0.000603s ]
SQL: SHOW COLUMNS FROM `cloud_hotel` [ RunTime:0.0033s ]
SQL: SELECT * FROM `cloud_hotel` WHERE `h_scode` = '3ChvkTZq8Aa7RMUHYpOy0tw24XoidQES' LIMIT 1   [ RunTime:0.0003s ]
SQL: SELECT * FROM `cloud_hotel` WHERE `id` = 13 LIMIT 1   [ RunTime:0.0002s ]
SQL: SELECT * FROM cloud_ads where adverify_time > 1508570852 AND adverify_time<= 1512198151 AND adverify=1 AND is_delete=0 ORDER BY adnum DESC [ RunTime:0.0004s ]

[ 2018-01-10T11:58:11+08:00 ] ::1 /cloud/SynData/Ads/synAd?key=3ChvkTZq8Aa7RMUHYpOy0tw24XoidQES&version=1508570852
INFO: [ app_init ] --START--
INFO: Run Behavior\BuildLiteBehavior [ RunTime:0.000011s ]
INFO: [ app_init ] --END-- [ RunTime:0.000347s ]
INFO: [ app_begin ] --START--
INFO: Run Behavior\ReadHtmlCacheBehavior [ RunTime:0.000521s ]
INFO: [ app_begin ] --END-- [ RunTime:0.000558s ]
SQL: SHOW COLUMNS FROM `cloud_hotel` [ RunTime:0.0020s ]
SQL: SELECT * FROM `cloud_hotel` WHERE `h_scode` = '3ChvkTZq8Aa7RMUHYpOy0tw24XoidQES' LIMIT 1   [ RunTime:0.0003s ]
SQL: SELECT * FROM `cloud_hotel` WHERE `id` = 13 LIMIT 1   [ RunTime:0.0002s ]
SQL: SELECT * FROM cloud_ads where adverify_time > 1508570852 AND adverify_time<= 1512198151 AND adverify=1 AND is_delete=0 ORDER BY adverify_time DESC [ RunTime:0.0010s ]

[ 2018-01-10T11:58:29+08:00 ] ::1 /cloud/SynData/Ads/synAd?key=3ChvkTZq8Aa7RMUHYpOy0tw24XoidQES&version=1508570852
INFO: [ app_init ] --START--
INFO: Run Behavior\BuildLiteBehavior [ RunTime:0.000027s ]
INFO: [ app_init ] --END-- [ RunTime:0.000497s ]
INFO: [ app_begin ] --START--
INFO: Run Behavior\ReadHtmlCacheBehavior [ RunTime:0.000680s ]
INFO: [ app_begin ] --END-- [ RunTime:0.000746s ]
SQL: SHOW COLUMNS FROM `cloud_hotel` [ RunTime:0.0036s ]
SQL: SELECT * FROM `cloud_hotel` WHERE `h_scode` = '3ChvkTZq8Aa7RMUHYpOy0tw24XoidQES' LIMIT 1   [ RunTime:0.0004s ]
SQL: SELECT * FROM `cloud_hotel` WHERE `id` = 13 LIMIT 1   [ RunTime:0.0003s ]
SQL: SELECT * FROM cloud_ads where adverify_time > 1508570852 AND adverify_time<= 1512198151 AND adverify=1 AND is_delete=0 ORDER BY adnum ASC [ RunTime:0.0004s ]

[ 2018-01-10T12:08:24+08:00 ] ::1 /cloud/SynData/Ads/synAd?key=3ChvkTZq8Aa7RMUHYpOy0tw24XoidQES&version=1508570852
INFO: [ app_init ] --START--
INFO: Run Behavior\BuildLiteBehavior [ RunTime:0.000009s ]
INFO: [ app_init ] --END-- [ RunTime:0.000335s ]
INFO: [ app_begin ] --START--
INFO: Run Behavior\ReadHtmlCacheBehavior [ RunTime:0.000514s ]
INFO: [ app_begin ] --END-- [ RunTime:0.000549s ]

[ 2018-01-10T12:08:36+08:00 ] ::1 /cloud/SynData/Ads/synAd?key=3ChvkTZq8Aa7RMUHYpOy0tw24XoidQES&version=1508570852
INFO: [ app_init ] --START--
INFO: Run Behavior\BuildLiteBehavior [ RunTime:0.000012s ]
INFO: [ app_init ] --END-- [ RunTime:0.000357s ]
INFO: [ app_begin ] --START--
INFO: Run Behavior\ReadHtmlCacheBehavior [ RunTime:0.000521s ]
INFO: [ app_begin ] --END-- [ RunTime:0.000561s ]
SQL: SHOW COLUMNS FROM `cloud_hotel` [ RunTime:0.0032s ]
SQL: SELECT * FROM `cloud_hotel` WHERE `h_scode` = '3ChvkTZq8Aa7RMUHYpOy0tw24XoidQES' LIMIT 1   [ RunTime:0.0003s ]
SQL: SELECT * FROM `cloud_hotel` WHERE `id` = 13 LIMIT 1   [ RunTime:0.0002s ]
SQL: SELECT * FROM cloud_ads where adverify_time > 1508570852 AND adverify_time<= 1512198151 AND adverify=1 AND is_delete=0 ORDER BY adnum ASC [ RunTime:0.0004s ]
NOTIC: [8] Array to string conversion D:\xampp\htdocs\Cloud\App\SynData\Model\AdsModel.class.php 第 43 行.
NOTIC: [8] Undefined variable: Array D:\xampp\htdocs\Cloud\App\SynData\Model\AdsModel.class.php 第 43 行.
NOTIC: [2] Invalid argument supplied for foreach() D:\xampp\htdocs\Cloud\App\SynData\Model\AdsModel.class.php 第 43 行.
INFO: [ app_end ] --START--
INFO: Run Behavior\ShowPageTraceBehavior [ RunTime:0.001379s ]
INFO: [ app_end ] --END-- [ RunTime:0.001437s ]

[ 2018-01-10T12:08:41+08:00 ] ::1 /cloud/SynData/Ads/synAd?key=3ChvkTZq8Aa7RMUHYpOy0tw24XoidQES&version=1508570852
INFO: [ app_init ] --START--
INFO: Run Behavior\BuildLiteBehavior [ RunTime:0.000012s ]
INFO: [ app_init ] --END-- [ RunTime:0.000504s ]
INFO: [ app_begin ] --START--
INFO: Run Behavior\ReadHtmlCacheBehavior [ RunTime:0.000550s ]
INFO: [ app_begin ] --END-- [ RunTime:0.000588s ]
SQL: SHOW COLUMNS FROM `cloud_hotel` [ RunTime:0.0018s ]
SQL: SELECT * FROM `cloud_hotel` WHERE `h_scode` = '3ChvkTZq8Aa7RMUHYpOy0tw24XoidQES' LIMIT 1   [ RunTime:0.0003s ]
SQL: SELECT * FROM `cloud_hotel` WHERE `id` = 13 LIMIT 1   [ RunTime:0.0002s ]
SQL: SELECT * FROM cloud_ads where adverify_time > 1508570852 AND adverify_time<= 1512198151 AND adverify=1 AND is_delete=0 ORDER BY adnum ASC [ RunTime:0.0004s ]
NOTIC: [8] Array to string conversion D:\xampp\htdocs\Cloud\App\SynData\Model\AdsModel.class.php 第 43 行.
NOTIC: [8] Undefined variable: Array D:\xampp\htdocs\Cloud\App\SynData\Model\AdsModel.class.php 第 43 行.
NOTIC: [2] Invalid argument supplied for foreach() D:\xampp\htdocs\Cloud\App\SynData\Model\AdsModel.class.php 第 43 行.
INFO: [ app_end ] --START--
INFO: Run Behavior\ShowPageTraceBehavior [ RunTime:0.000762s ]
INFO: [ app_end ] --END-- [ RunTime:0.000799s ]

[ 2018-01-10T12:09:06+08:00 ] ::1 /cloud/SynData/Ads/synAd?key=3ChvkTZq8Aa7RMUHYpOy0tw24XoidQES&version=1508570852
INFO: [ app_init ] --START--
INFO: Run Behavior\BuildLiteBehavior [ RunTime:0.000010s ]
INFO: [ app_init ] --END-- [ RunTime:0.000337s ]
INFO: [ app_begin ] --START--
INFO: Run Behavior\ReadHtmlCacheBehavior [ RunTime:0.000846s ]
INFO: [ app_begin ] --END-- [ RunTime:0.000899s ]
SQL: SHOW COLUMNS FROM `cloud_hotel` [ RunTime:0.0019s ]
SQL: SELECT * FROM `cloud_hotel` WHERE `h_scode` = '3ChvkTZq8Aa7RMUHYpOy0tw24XoidQES' LIMIT 1   [ RunTime:0.0002s ]
SQL: SELECT * FROM `cloud_hotel` WHERE `id` = 13 LIMIT 1   [ RunTime:0.0002s ]
SQL: SELECT * FROM cloud_ads where adverify_time > 1508570852 AND adverify_time<= 1512198151 AND adverify=1 AND is_delete=0 ORDER BY adnum ASC [ RunTime:0.0003s ]
NOTIC: [8] Array to string conversion D:\xampp\htdocs\Cloud\App\SynData\Model\AdsModel.class.php 第 44 行.
NOTIC: [8] Undefined variable: Array D:\xampp\htdocs\Cloud\App\SynData\Model\AdsModel.class.php 第 44 行.
NOTIC: [2] Invalid argument supplied for foreach() D:\xampp\htdocs\Cloud\App\SynData\Model\AdsModel.class.php 第 44 行.
INFO: [ app_end ] --START--
INFO: Run Behavior\ShowPageTraceBehavior [ RunTime:0.000649s ]
INFO: [ app_end ] --END-- [ RunTime:0.000680s ]

[ 2018-01-10T12:09:46+08:00 ] ::1 /cloud/SynData/Ads/synAd?key=3ChvkTZq8Aa7RMUHYpOy0tw24XoidQES&version=1508570852
INFO: [ app_init ] --START--
INFO: Run Behavior\BuildLiteBehavior [ RunTime:0.000009s ]
INFO: [ app_init ] --END-- [ RunTime:0.000346s ]
INFO: [ app_begin ] --START--
INFO: Run Behavior\ReadHtmlCacheBehavior [ RunTime:0.000509s ]
INFO: [ app_begin ] --END-- [ RunTime:0.000543s ]
SQL: SHOW COLUMNS FROM `cloud_hotel` [ RunTime:0.0025s ]
SQL: SELECT * FROM `cloud_hotel` WHERE `h_scode` = '3ChvkTZq8Aa7RMUHYpOy0tw24XoidQES' LIMIT 1   [ RunTime:0.0004s ]
SQL: SELECT * FROM `cloud_hotel` WHERE `id` = 13 LIMIT 1   [ RunTime:0.0003s ]
SQL: SELECT * FROM cloud_ads where adverify_time > 1508570852 AND adverify_time<= 1512198151 AND adverify=1 AND is_delete=0 ORDER BY adnum DESC [ RunTime:0.0004s ]
NOTIC: [8] Array to string conversion D:\xampp\htdocs\Cloud\App\SynData\Model\AdsModel.class.php 第 44 行.
NOTIC: [8] Undefined variable: Array D:\xampp\htdocs\Cloud\App\SynData\Model\AdsModel.class.php 第 44 行.
NOTIC: [2] Invalid argument supplied for foreach() D:\xampp\htdocs\Cloud\App\SynData\Model\AdsModel.class.php 第 44 行.
INFO: [ app_end ] --START--
INFO: Run Behavior\ShowPageTraceBehavior [ RunTime:0.000855s ]
INFO: [ app_end ] --END-- [ RunTime:0.000891s ]

[ 2018-01-10T12:10:03+08:00 ] ::1 /cloud/SynData/Ads/synAd?key=3ChvkTZq8Aa7RMUHYpOy0tw24XoidQES&version=1508570852
INFO: [ app_init ] --START--
INFO: Run Behavior\BuildLiteBehavior [ RunTime:0.000011s ]
INFO: [ app_init ] --END-- [ RunTime:0.000364s ]
INFO: [ app_begin ] --START--
INFO: Run Behavior\ReadHtmlCacheBehavior [ RunTime:0.000615s ]
INFO: [ app_begin ] --END-- [ RunTime:0.000676s ]
SQL: SHOW COLUMNS FROM `cloud_hotel` [ RunTime:0.0019s ]
SQL: SELECT * FROM `cloud_hotel` WHERE `h_scode` = '3ChvkTZq8Aa7RMUHYpOy0tw24XoidQES' LIMIT 1   [ RunTime:0.0003s ]
SQL: SELECT * FROM `cloud_hotel` WHERE `id` = 13 LIMIT 1   [ RunTime:0.0002s ]
SQL: SELECT * FROM cloud_ads where adverify_time > 1508570852 AND adverify_time<= 1512198151 AND adverify=1 AND is_delete=0 ORDER BY adnum DESC [ RunTime:0.0003s ]
NOTIC: [8] Array to string conversion D:\xampp\htdocs\Cloud\App\SynData\Model\AdsModel.class.php 第 44 行.
NOTIC: [8] Undefined variable: Array D:\xampp\htdocs\Cloud\App\SynData\Model\AdsModel.class.php 第 44 行.
NOTIC: [2] Invalid argument supplied for foreach() D:\xampp\htdocs\Cloud\App\SynData\Model\AdsModel.class.php 第 44 行.
INFO: [ app_end ] --START--
INFO: Run Behavior\ShowPageTraceBehavior [ RunTime:0.000761s ]
INFO: [ app_end ] --END-- [ RunTime:0.000796s ]

[ 2018-01-10T12:10:15+08:00 ] ::1 /cloud/SynData/Ads/synAd?key=3ChvkTZq8Aa7RMUHYpOy0tw24XoidQES&version=1508570852
INFO: [ app_init ] --START--
INFO: Run Behavior\BuildLiteBehavior [ RunTime:0.000010s ]
INFO: [ app_init ] --END-- [ RunTime:0.000351s ]
INFO: [ app_begin ] --START--
INFO: Run Behavior\ReadHtmlCacheBehavior [ RunTime:0.000513s ]
INFO: [ app_begin ] --END-- [ RunTime:0.000550s ]
SQL: SHOW COLUMNS FROM `cloud_hotel` [ RunTime:0.0019s ]
SQL: SELECT * FROM `cloud_hotel` WHERE `h_scode` = '3ChvkTZq8Aa7RMUHYpOy0tw24XoidQES' LIMIT 1   [ RunTime:0.0003s ]
SQL: SELECT * FROM `cloud_hotel` WHERE `id` = 13 LIMIT 1   [ RunTime:0.0002s ]
SQL: SELECT * FROM cloud_ads where adverify_time > 1508570852 AND adverify_time<= 1512198151 AND adverify=1 AND is_delete=0 ORDER BY adnum DESC [ RunTime:0.0003s ]
NOTIC: [8] Array to string conversion D:\xampp\htdocs\Cloud\App\SynData\Model\AdsModel.class.php 第 44 行.
NOTIC: [8] Undefined variable: Array D:\xampp\htdocs\Cloud\App\SynData\Model\AdsModel.class.php 第 44 行.
NOTIC: [2] Invalid argument supplied for foreach() D:\xampp\htdocs\Cloud\App\SynData\Model\AdsModel.class.php 第 44 行.
INFO: [ app_end ] --START--
INFO: Run Behavior\ShowPageTraceBehavior [ RunTime:0.000709s ]
INFO: [ app_end ] --END-- [ RunTime:0.000742s ]

[ 2018-01-10T12:10:55+08:00 ] ::1 /cloud/SynData/Ads/synAd?key=3ChvkTZq8Aa7RMUHYpOy0tw24XoidQES&version=1508570852
INFO: [ app_init ] --START--
INFO: Run Behavior\BuildLiteBehavior [ RunTime:0.000009s ]
INFO: [ app_init ] --END-- [ RunTime:0.000353s ]
INFO: [ app_begin ] --START--
INFO: Run Behavior\ReadHtmlCacheBehavior [ RunTime:0.000557s ]
INFO: [ app_begin ] --END-- [ RunTime:0.000597s ]
SQL: SHOW COLUMNS FROM `cloud_hotel` [ RunTime:0.0029s ]
SQL: SELECT * FROM `cloud_hotel` WHERE `h_scode` = '3ChvkTZq8Aa7RMUHYpOy0tw24XoidQES' LIMIT 1   [ RunTime:0.0023s ]
SQL: SELECT * FROM `cloud_hotel` WHERE `id` = 13 LIMIT 1   [ RunTime:0.0005s ]
SQL: SELECT * FROM cloud_ads where adverify_time > 1508570852 AND adverify_time<= 1512198151 AND adverify=1 AND is_delete=0 ORDER BY adnum DESC [ RunTime:0.0003s ]

[ 2018-01-10T12:22:52+08:00 ] ::1 /cloud/SynData/Ads/synAd?key=3ChvkTZq8Aa7RMUHYpOy0tw24XoidQES&version=1508570852
INFO: [ app_init ] --START--
INFO: Run Behavior\BuildLiteBehavior [ RunTime:0.000010s ]
INFO: [ app_init ] --END-- [ RunTime:0.000402s ]
INFO: [ app_begin ] --START--
INFO: Run Behavior\ReadHtmlCacheBehavior [ RunTime:0.000610s ]
INFO: [ app_begin ] --END-- [ RunTime:0.000643s ]
SQL: SHOW COLUMNS FROM `cloud_hotel` [ RunTime:0.0045s ]
SQL: SELECT * FROM `cloud_hotel` WHERE `h_scode` = '3ChvkTZq8Aa7RMUHYpOy0tw24XoidQES' LIMIT 1   [ RunTime:0.0003s ]
SQL: SELECT * FROM `cloud_hotel` WHERE `id` = 13 LIMIT 1   [ RunTime:0.0002s ]
SQL: SELECT * FROM cloud_ads where adverify_time > 1508570852 AND adverify_time<= 1512198151 AND adverify=1 AND is_delete=0 ORDER BY adnum DESC [ RunTime:0.0004s ]
INFO: [ app_end ] --START--
INFO: Run Behavior\ShowPageTraceBehavior [ RunTime:0.000686s ]
INFO: [ app_end ] --END-- [ RunTime:0.000717s ]

[ 2018-01-10T12:23:01+08:00 ] ::1 /cloud/SynData/Ads/synAd?key=3ChvkTZq8Aa7RMUHYpOy0tw24XoidQES&version=1508570852
INFO: [ app_init ] --START--
INFO: Run Behavior\BuildLiteBehavior [ RunTime:0.000010s ]
INFO: [ app_init ] --END-- [ RunTime:0.000366s ]
INFO: [ app_begin ] --START--
INFO: Run Behavior\ReadHtmlCacheBehavior [ RunTime:0.000534s ]
INFO: [ app_begin ] --END-- [ RunTime:0.000569s ]
SQL: SHOW COLUMNS FROM `cloud_hotel` [ RunTime:0.0018s ]
SQL: SELECT * FROM `cloud_hotel` WHERE `h_scode` = '3ChvkTZq8Aa7RMUHYpOy0tw24XoidQES' LIMIT 1   [ RunTime:0.0002s ]
SQL: SELECT * FROM `cloud_hotel` WHERE `id` = 13 LIMIT 1   [ RunTime:0.0001s ]
SQL: SELECT * FROM cloud_ads where adverify_time > 1508570852 AND adverify_time<= 1512198151 AND adverify=1 AND is_delete=0 ORDER BY adnum DESC [ RunTime:0.0003s ]
INFO: [ app_end ] --START--
INFO: Run Behavior\ShowPageTraceBehavior [ RunTime:0.000682s ]
INFO: [ app_end ] --END-- [ RunTime:0.000714s ]

[ 2018-01-10T12:23:51+08:00 ] ::1 /cloud/SynData/Ads/synAd?key=3ChvkTZq8Aa7RMUHYpOy0tw24XoidQES&version=1508570852
INFO: [ app_init ] --START--
INFO: Run Behavior\BuildLiteBehavior [ RunTime:0.000010s ]
INFO: [ app_init ] --END-- [ RunTime:0.000403s ]
INFO: [ app_begin ] --START--
INFO: Run Behavior\ReadHtmlCacheBehavior [ RunTime:0.000649s ]
INFO: [ app_begin ] --END-- [ RunTime:0.000696s ]
SQL: SHOW COLUMNS FROM `cloud_hotel` [ RunTime:0.0205s ]
SQL: SELECT * FROM `cloud_hotel` WHERE `h_scode` = '3ChvkTZq8Aa7RMUHYpOy0tw24XoidQES' LIMIT 1   [ RunTime:0.0003s ]
SQL: SELECT * FROM `cloud_hotel` WHERE `id` = 13 LIMIT 1   [ RunTime:0.0003s ]
SQL: SELECT * FROM cloud_ads where adverify_time > 1508570852 AND adverify_time<= 1512198151 AND adverify=1 AND is_delete=0 ORDER BY adnum DESC [ RunTime:0.0004s ]
INFO: [ app_end ] --START--
INFO: Run Behavior\ShowPageTraceBehavior [ RunTime:0.000706s ]
INFO: [ app_end ] --END-- [ RunTime:0.000739s ]

[ 2018-01-10T12:30:07+08:00 ] ::1 /cloud/SynData/Ads/synAd?key=3ChvkTZq8Aa7RMUHYpOy0tw24XoidQES&version=1508570852
INFO: [ app_init ] --START--
INFO: Run Behavior\BuildLiteBehavior [ RunTime:0.000014s ]
INFO: [ app_init ] --END-- [ RunTime:0.000383s ]
INFO: [ app_begin ] --START--
INFO: Run Behavior\ReadHtmlCacheBehavior [ RunTime:0.000538s ]
INFO: [ app_begin ] --END-- [ RunTime:0.000584s ]
SQL: SHOW COLUMNS FROM `cloud_hotel` [ RunTime:0.0019s ]
SQL: SELECT * FROM `cloud_hotel` WHERE `h_scode` = '3ChvkTZq8Aa7RMUHYpOy0tw24XoidQES' LIMIT 1   [ RunTime:0.0003s ]
SQL: SELECT * FROM `cloud_hotel` WHERE `id` = 13 LIMIT 1   [ RunTime:0.0002s ]
SQL: SELECT * FROM cloud_ads where adverify_time > 1508570852 AND adverify_time<= 1512198151 AND adverify=1 AND is_delete=0 ORDER BY adnum DESC [ RunTime:0.0003s ]

[ 2018-01-10T12:30:30+08:00 ] ::1 /cloud/SynData/Ads/synAd?key=3ChvkTZq8Aa7RMUHYpOy0tw24XoidQES&version=1508570852
INFO: [ app_init ] --START--
INFO: Run Behavior\BuildLiteBehavior [ RunTime:0.000010s ]
INFO: [ app_init ] --END-- [ RunTime:0.000347s ]
INFO: [ app_begin ] --START--
INFO: Run Behavior\ReadHtmlCacheBehavior [ RunTime:0.000515s ]
INFO: [ app_begin ] --END-- [ RunTime:0.000552s ]
SQL: SHOW COLUMNS FROM `cloud_hotel` [ RunTime:0.0019s ]
SQL: SELECT * FROM `cloud_hotel` WHERE `h_scode` = '3ChvkTZq8Aa7RMUHYpOy0tw24XoidQES' LIMIT 1   [ RunTime:0.0003s ]
SQL: SELECT * FROM `cloud_hotel` WHERE `id` = 13 LIMIT 1   [ RunTime:0.0002s ]
SQL: SELECT * FROM cloud_ads where adverify_time > 1508570852 AND adverify_time<= 1512198151 AND adverify=1 AND is_delete=0 ORDER BY adnum DESC [ RunTime:0.0004s ]

[ 2018-01-10T14:08:27+08:00 ] ::1 /cloud/SynData/Ads/synAd?key=3ChvkTZq8Aa7RMUHYpOy0tw24XoidQES&version=886
INFO: [ app_init ] --START--
INFO: Run Behavior\BuildLiteBehavior [ RunTime:0.000014s ]
INFO: [ app_init ] --END-- [ RunTime:0.000348s ]
INFO: [ app_begin ] --START--
INFO: Run Behavior\ReadHtmlCacheBehavior [ RunTime:0.000560s ]
INFO: [ app_begin ] --END-- [ RunTime:0.000596s ]
SQL: SHOW COLUMNS FROM `cloud_hotel` [ RunTime:0.0019s ]
SQL: SELECT * FROM `cloud_hotel` WHERE `h_scode` = '3ChvkTZq8Aa7RMUHYpOy0tw24XoidQES' LIMIT 1   [ RunTime:0.0003s ]
SQL: SELECT * FROM `cloud_hotel` WHERE `id` = 13 LIMIT 1   [ RunTime:0.0002s ]
SQL: SELECT * FROM cloud_ads where adverify_time > 886 AND adverify_time<= 1512198151 AND adverify=1 AND is_delete=0 ORDER BY adnum DESC [ RunTime:0.0003s ]

[ 2018-01-10T14:54:21+08:00 ] 127.0.0.1 /Cloud/SynData/Ads/synAd
INFO: [ app_init ] --START--
INFO: Run Behavior\BuildLiteBehavior [ RunTime:0.000012s ]
INFO: [ app_init ] --END-- [ RunTime:0.000371s ]
INFO: [ app_begin ] --START--
INFO: Run Behavior\ReadHtmlCacheBehavior [ RunTime:0.000629s ]
INFO: [ app_begin ] --END-- [ RunTime:0.000675s ]
SQL: SHOW COLUMNS FROM `cloud_hotel` [ RunTime:0.0016s ]
SQL: SELECT * FROM `cloud_hotel` WHERE `h_scode` = '3ChvkTZq8Aa7RMUHYpOy0tw24XoidQES' LIMIT 1   [ RunTime:0.0002s ]
SQL: SELECT * FROM `cloud_hotel` WHERE `id` = 13 LIMIT 1   [ RunTime:0.0002s ]
SQL: SELECT * FROM cloud_ads where adverify_time > 1512198577 AND adverify_time<= 1515565392 AND adverify=1 AND is_delete=0 ORDER BY adnum DESC [ RunTime:0.0004s ]

[ 2018-01-10T14:55:56+08:00 ] 127.0.0.1 /Cloud/SynData/Ads/synAd
INFO: [ app_init ] --START--
INFO: Run Behavior\BuildLiteBehavior [ RunTime:0.000008s ]
INFO: [ app_init ] --END-- [ RunTime:0.000364s ]
INFO: [ app_begin ] --START--
INFO: Run Behavior\ReadHtmlCacheBehavior [ RunTime:0.000943s ]
INFO: [ app_begin ] --END-- [ RunTime:0.001008s ]
SQL: SHOW COLUMNS FROM `cloud_hotel` [ RunTime:0.0018s ]
SQL: SELECT * FROM `cloud_hotel` WHERE `h_scode` = '3ChvkTZq8Aa7RMUHYpOy0tw24XoidQES' LIMIT 1   [ RunTime:0.0002s ]
SQL: SELECT * FROM `cloud_hotel` WHERE `id` = 13 LIMIT 1   [ RunTime:0.0002s ]
SQL: SELECT * FROM cloud_ads where adverify_time > 1512198577 AND adverify_time<= 1515565392 AND adverify=1 AND is_delete=0 ORDER BY adnum DESC [ RunTime:0.0003s ]

[ 2018-01-10T14:55:58+08:00 ] 127.0.0.1 /Cloud/SynData/Ads/synAd
INFO: [ app_init ] --START--
INFO: Run Behavior\BuildLiteBehavior [ RunTime:0.000024s ]
INFO: [ app_init ] --END-- [ RunTime:0.000699s ]
INFO: [ app_begin ] --START--
INFO: Run Behavior\ReadHtmlCacheBehavior [ RunTime:0.000635s ]
INFO: [ app_begin ] --END-- [ RunTime:0.000685s ]
SQL: SHOW COLUMNS FROM `cloud_hotel` [ RunTime:0.0018s ]
SQL: SELECT * FROM `cloud_hotel` WHERE `h_scode` = '3ChvkTZq8Aa7RMUHYpOy0tw24XoidQES' LIMIT 1   [ RunTime:0.0002s ]
SQL: SELECT * FROM `cloud_hotel` WHERE `id` = 13 LIMIT 1   [ RunTime:0.0002s ]
SQL: SELECT * FROM cloud_ads where adverify_time > 1512198577 AND adverify_time<= 1515565392 AND adverify=1 AND is_delete=0 ORDER BY adnum DESC [ RunTime:0.0020s ]

[ 2018-01-10T14:55:58+08:00 ] 127.0.0.1 /Cloud/SynData/Ads/synAd
INFO: [ app_init ] --START--
INFO: Run Behavior\BuildLiteBehavior [ RunTime:0.000007s ]
INFO: [ app_init ] --END-- [ RunTime:0.000363s ]
INFO: [ app_begin ] --START--
INFO: Run Behavior\ReadHtmlCacheBehavior [ RunTime:0.000551s ]
INFO: [ app_begin ] --END-- [ RunTime:0.000587s ]
SQL: SHOW COLUMNS FROM `cloud_hotel` [ RunTime:0.0018s ]
SQL: SELECT * FROM `cloud_hotel` WHERE `h_scode` = '3ChvkTZq8Aa7RMUHYpOy0tw24XoidQES' LIMIT 1   [ RunTime:0.0002s ]
SQL: SELECT * FROM `cloud_hotel` WHERE `id` = 13 LIMIT 1   [ RunTime:0.0002s ]
SQL: SELECT * FROM cloud_ads where adverify_time > 1512198577 AND adverify_time<= 1515565392 AND adverify=1 AND is_delete=0 ORDER BY adnum DESC [ RunTime:0.0003s ]

[ 2018-01-10T15:06:47+08:00 ] 127.0.0.1 /Cloud/SynData/Ads/synAd
INFO: [ app_init ] --START--
INFO: Run Behavior\BuildLiteBehavior [ RunTime:0.000014s ]
INFO: [ app_init ] --END-- [ RunTime:0.000366s ]
INFO: [ app_begin ] --START--
INFO: Run Behavior\ReadHtmlCacheBehavior [ RunTime:0.000568s ]
INFO: [ app_begin ] --END-- [ RunTime:0.000610s ]
SQL: SHOW COLUMNS FROM `cloud_hotel` [ RunTime:0.0018s ]
SQL: SELECT * FROM `cloud_hotel` WHERE `h_scode` = '3ChvkTZq8Aa7RMUHYpOy0tw24XoidQES' LIMIT 1   [ RunTime:0.0002s ]
SQL: SELECT * FROM `cloud_hotel` WHERE `id` = 13 LIMIT 1   [ RunTime:0.0002s ]
SQL: SELECT * FROM cloud_ads where adverify_time > 1512198577 AND adverify_time<= 1515565392 AND adverify=1 AND is_delete=0 ORDER BY adnum DESC [ RunTime:0.0003s ]

[ 2018-01-10T15:07:42+08:00 ] 127.0.0.1 /Cloud/SynData/Ads/synAd
INFO: [ app_init ] --START--
INFO: Run Behavior\BuildLiteBehavior [ RunTime:0.000018s ]
INFO: [ app_init ] --END-- [ RunTime:0.000458s ]
INFO: [ app_begin ] --START--
INFO: Run Behavior\ReadHtmlCacheBehavior [ RunTime:0.000804s ]
INFO: [ app_begin ] --END-- [ RunTime:0.000879s ]
SQL: SHOW COLUMNS FROM `cloud_hotel` [ RunTime:0.0018s ]
SQL: SELECT * FROM `cloud_hotel` WHERE `h_scode` = '3ChvkTZq8Aa7RMUHYpOy0tw24XoidQES' LIMIT 1   [ RunTime:0.0002s ]
SQL: SELECT * FROM `cloud_hotel` WHERE `id` = 13 LIMIT 1   [ RunTime:0.0001s ]
SQL: SELECT * FROM cloud_ads where adverify_time > 1512198577 AND adverify_time<= 1515565392 AND adverify=1 AND is_delete=0 ORDER BY adnum DESC [ RunTime:0.0003s ]

[ 2018-01-10T15:08:31+08:00 ] 127.0.0.1 /Cloud/SynData/Ads/synAd
INFO: [ app_init ] --START--
INFO: Run Behavior\BuildLiteBehavior [ RunTime:0.000010s ]
INFO: [ app_init ] --END-- [ RunTime:0.000329s ]
INFO: [ app_begin ] --START--
INFO: Run Behavior\ReadHtmlCacheBehavior [ RunTime:0.000499s ]
INFO: [ app_begin ] --END-- [ RunTime:0.000538s ]
SQL: SHOW COLUMNS FROM `cloud_hotel` [ RunTime:0.0019s ]
SQL: SELECT * FROM `cloud_hotel` WHERE `h_scode` = '3ChvkTZq8Aa7RMUHYpOy0tw24XoidQES' LIMIT 1   [ RunTime:0.0003s ]
SQL: SELECT * FROM `cloud_hotel` WHERE `id` = 13 LIMIT 1   [ RunTime:0.0002s ]
SQL: SELECT * FROM cloud_ads where adverify_time > 1512198577 AND adverify_time<= 1515565392 AND adverify=1 AND is_delete=0 ORDER BY adnum DESC [ RunTime:0.0004s ]

[ 2018-01-10T15:16:58+08:00 ] 127.0.0.1 /Cloud/SynData/Ads/synAd
INFO: [ app_init ] --START--
INFO: Run Behavior\BuildLiteBehavior [ RunTime:0.000009s ]
INFO: [ app_init ] --END-- [ RunTime:0.000306s ]
INFO: [ app_begin ] --START--
INFO: Run Behavior\ReadHtmlCacheBehavior [ RunTime:0.000500s ]
INFO: [ app_begin ] --END-- [ RunTime:0.000534s ]
SQL: SHOW COLUMNS FROM `cloud_hotel` [ RunTime:0.0017s ]
SQL: SELECT * FROM `cloud_hotel` WHERE `h_scode` = '3ChvkTZq8Aa7RMUHYpOy0tw24XoidQES' LIMIT 1   [ RunTime:0.0002s ]
SQL: SELECT * FROM `cloud_hotel` WHERE `id` = 13 LIMIT 1   [ RunTime:0.0002s ]
SQL: SELECT * FROM cloud_ads where adverify_time > 1512198577 AND adverify_time<= 1515568618 AND adverify=1 AND is_delete=0 ORDER BY adnum DESC [ RunTime:0.0003s ]

[ 2018-01-10T15:19:25+08:00 ] 127.0.0.1 /Cloud/SynData/Ads/synAd
INFO: [ app_init ] --START--
INFO: Run Behavior\BuildLiteBehavior [ RunTime:0.000020s ]
INFO: [ app_init ] --END-- [ RunTime:0.000553s ]
INFO: [ app_begin ] --START--
INFO: Run Behavior\ReadHtmlCacheBehavior [ RunTime:0.000420s ]
INFO: [ app_begin ] --END-- [ RunTime:0.000457s ]
SQL: SHOW COLUMNS FROM `cloud_hotel` [ RunTime:0.0019s ]
SQL: SELECT * FROM `cloud_hotel` WHERE `h_scode` = '3ChvkTZq8Aa7RMUHYpOy0tw24XoidQES' LIMIT 1   [ RunTime:0.0004s ]
SQL: SELECT * FROM `cloud_hotel` WHERE `id` = 13 LIMIT 1   [ RunTime:0.0002s ]
SQL: SELECT * FROM cloud_ads where adverify_time > 1512198577 AND adverify_time<= 1515568765 AND adverify=1 AND is_delete=0 ORDER BY adnum DESC [ RunTime:0.0003s ]

[ 2018-01-10T15:20:15+08:00 ] 127.0.0.1 /Cloud/SynData/Ads/synAd
INFO: [ app_init ] --START--
INFO: Run Behavior\BuildLiteBehavior [ RunTime:0.000012s ]
INFO: [ app_init ] --END-- [ RunTime:0.000354s ]
INFO: [ app_begin ] --START--
INFO: Run Behavior\ReadHtmlCacheBehavior [ RunTime:0.000462s ]
INFO: [ app_begin ] --END-- [ RunTime:0.000499s ]
SQL: SHOW COLUMNS FROM `cloud_hotel` [ RunTime:0.0326s ]
SQL: SELECT * FROM `cloud_hotel` WHERE `h_scode` = '3ChvkTZq8Aa7RMUHYpOy0tw24XoidQES' LIMIT 1   [ RunTime:0.0003s ]
SQL: SELECT * FROM `cloud_hotel` WHERE `id` = 13 LIMIT 1   [ RunTime:0.0002s ]
SQL: SELECT * FROM cloud_ads where adverify_time > 1512198577 AND adverify_time<= 1515568765 AND adverify=1 AND is_delete=0 ORDER BY adnum DESC [ RunTime:0.0003s ]

[ 2018-01-10T15:58:22+08:00 ] 127.0.0.1 /Cloud/SynData/Ads/synAd
INFO: [ app_init ] --START--
INFO: Run Behavior\BuildLiteBehavior [ RunTime:0.000018s ]
INFO: [ app_init ] --END-- [ RunTime:0.000549s ]
INFO: [ app_begin ] --START--
INFO: Run Behavior\ReadHtmlCacheBehavior [ RunTime:0.000528s ]
INFO: [ app_begin ] --END-- [ RunTime:0.000563s ]
SQL: SHOW COLUMNS FROM `cloud_hotel` [ RunTime:0.0020s ]
SQL: SELECT * FROM `cloud_hotel` WHERE `h_scode` = '3ChvkTZq8Aa7RMUHYpOy0tw24XoidQES' LIMIT 1   [ RunTime:0.0004s ]
SQL: SELECT * FROM `cloud_hotel` WHERE `id` = 13 LIMIT 1   [ RunTime:0.0002s ]
SQL: SELECT * FROM cloud_ads where adverify_time > 1512198577 AND adverify_time<= 1515568765 AND adverify=1 AND is_delete=0 ORDER BY adnum DESC [ RunTime:0.0004s ]

[ 2018-01-10T15:58:40+08:00 ] 127.0.0.1 /Cloud/SynData/Ads/synAd
INFO: [ app_init ] --START--
INFO: Run Behavior\BuildLiteBehavior [ RunTime:0.000011s ]
INFO: [ app_init ] --END-- [ RunTime:0.000331s ]
INFO: [ app_begin ] --START--
INFO: Run Behavior\ReadHtmlCacheBehavior [ RunTime:0.000461s ]
INFO: [ app_begin ] --END-- [ RunTime:0.000500s ]
SQL: SHOW COLUMNS FROM `cloud_hotel` [ RunTime:0.0016s ]
SQL: SELECT * FROM `cloud_hotel` WHERE `h_scode` = '3ChvkTZq8Aa7RMUHYpOy0tw24XoidQES' LIMIT 1   [ RunTime:0.0002s ]
SQL: SELECT * FROM `cloud_hotel` WHERE `id` = 13 LIMIT 1   [ RunTime:0.0002s ]
SQL: SELECT * FROM cloud_ads where adverify_time > 1512198577 AND adverify_time<= 1515568765 AND adverify=1 AND is_delete=0 ORDER BY adnum DESC [ RunTime:0.0003s ]

[ 2018-01-10T15:58:55+08:00 ] 127.0.0.1 /Cloud/SynData/Ads/synAd
INFO: [ app_init ] --START--
INFO: Run Behavior\BuildLiteBehavior [ RunTime:0.000013s ]
INFO: [ app_init ] --END-- [ RunTime:0.000415s ]
INFO: [ app_begin ] --START--
INFO: Run Behavior\ReadHtmlCacheBehavior [ RunTime:0.000988s ]
INFO: [ app_begin ] --END-- [ RunTime:0.001097s ]
SQL: SHOW COLUMNS FROM `cloud_hotel` [ RunTime:0.0018s ]
SQL: SELECT * FROM `cloud_hotel` WHERE `h_scode` = '3ChvkTZq8Aa7RMUHYpOy0tw24XoidQES' LIMIT 1   [ RunTime:0.0002s ]
SQL: SELECT * FROM `cloud_hotel` WHERE `id` = 13 LIMIT 1   [ RunTime:0.0002s ]
SQL: SELECT * FROM cloud_ads where adverify_time > 1512198577 AND adverify_time<= 1515568765 AND adverify=1 AND is_delete=0 ORDER BY adnum DESC [ RunTime:0.0004s ]

[ 2018-01-10T16:02:54+08:00 ] 127.0.0.1 /Cloud/SynData/Ads/synAd
INFO: [ app_init ] --START--
INFO: Run Behavior\BuildLiteBehavior [ RunTime:0.000011s ]
INFO: [ app_init ] --END-- [ RunTime:0.000318s ]
INFO: [ app_begin ] --START--
INFO: Run Behavior\ReadHtmlCacheBehavior [ RunTime:0.000556s ]
INFO: [ app_begin ] --END-- [ RunTime:0.000598s ]
SQL: SHOW COLUMNS FROM `cloud_hotel` [ RunTime:0.0019s ]
SQL: SELECT * FROM `cloud_hotel` WHERE `h_scode` = '3ChvkTZq8Aa7RMUHYpOy0tw24XoidQES' LIMIT 1   [ RunTime:0.0007s ]
SQL: SELECT * FROM `cloud_hotel` WHERE `id` = 13 LIMIT 1   [ RunTime:0.0004s ]
SQL: SELECT * FROM cloud_ads where adverify_time > 1512198577 AND adverify_time<= 1515568765 AND adverify=1 AND is_delete=0 ORDER BY adnum DESC [ RunTime:0.0007s ]

[ 2018-01-10T16:03:09+08:00 ] 127.0.0.1 /Cloud/SynData/Ads/synAd
INFO: [ app_init ] --START--
INFO: Run Behavior\BuildLiteBehavior [ RunTime:0.000022s ]
INFO: [ app_init ] --END-- [ RunTime:0.000732s ]
INFO: [ app_begin ] --START--
INFO: Run Behavior\ReadHtmlCacheBehavior [ RunTime:0.000862s ]
INFO: [ app_begin ] --END-- [ RunTime:0.000939s ]
SQL: SHOW COLUMNS FROM `cloud_hotel` [ RunTime:0.0016s ]
SQL: SELECT * FROM `cloud_hotel` WHERE `h_scode` = '3ChvkTZq8Aa7RMUHYpOy0tw24XoidQES' LIMIT 1   [ RunTime:0.0002s ]
SQL: SELECT * FROM `cloud_hotel` WHERE `id` = 13 LIMIT 1   [ RunTime:0.0002s ]
SQL: SELECT * FROM cloud_ads where adverify_time > 1512198577 AND adverify_time<= 1515568765 AND adverify=1 AND is_delete=0 ORDER BY adnum DESC [ RunTime:0.0003s ]

[ 2018-01-10T16:04:30+08:00 ] 127.0.0.1 /Cloud/SynData/Ads/synAd
INFO: [ app_init ] --START--
INFO: Run Behavior\BuildLiteBehavior [ RunTime:0.000011s ]
INFO: [ app_init ] --END-- [ RunTime:0.000350s ]
INFO: [ app_begin ] --START--
INFO: Run Behavior\ReadHtmlCacheBehavior [ RunTime:0.000527s ]
INFO: [ app_begin ] --END-- [ RunTime:0.000582s ]
SQL: SHOW COLUMNS FROM `cloud_hotel` [ RunTime:0.0018s ]
SQL: SELECT * FROM `cloud_hotel` WHERE `h_scode` = '3ChvkTZq8Aa7RMUHYpOy0tw24XoidQES' LIMIT 1   [ RunTime:0.0002s ]
SQL: SELECT * FROM `cloud_hotel` WHERE `id` = 13 LIMIT 1   [ RunTime:0.0002s ]
SQL: SELECT * FROM cloud_ads where adverify_time > 1512198577 AND adverify_time<= 1515571470 AND adverify=1 AND is_delete=0 ORDER BY adnum DESC [ RunTime:0.0003s ]

[ 2018-01-10T16:08:20+08:00 ] 127.0.0.1 /Cloud/SynData/Ads/synAd
INFO: [ app_init ] --START--
INFO: Run Behavior\BuildLiteBehavior [ RunTime:0.000011s ]
INFO: [ app_init ] --END-- [ RunTime:0.000326s ]
INFO: [ app_begin ] --START--
INFO: Run Behavior\ReadHtmlCacheBehavior [ RunTime:0.000423s ]
INFO: [ app_begin ] --END-- [ RunTime:0.000462s ]
SQL: SHOW COLUMNS FROM `cloud_hotel` [ RunTime:0.0022s ]
SQL: SELECT * FROM `cloud_hotel` WHERE `h_scode` = '3ChvkTZq8Aa7RMUHYpOy0tw24XoidQES' LIMIT 1   [ RunTime:0.0003s ]
SQL: SELECT * FROM `cloud_hotel` WHERE `id` = 13 LIMIT 1   [ RunTime:0.0002s ]
SQL: SELECT * FROM cloud_ads where adverify_time > 1512198577 AND adverify_time<= 1515571700 AND adverify=1 AND is_delete=0 ORDER BY adnum DESC [ RunTime:0.0003s ]

[ 2018-01-10T16:33:55+08:00 ] 127.0.0.1 /Cloud/SynData/Ads/synAd
INFO: [ app_init ] --START--
INFO: Run Behavior\BuildLiteBehavior [ RunTime:0.000014s ]
INFO: [ app_init ] --END-- [ RunTime:0.000339s ]
INFO: [ app_begin ] --START--
INFO: Run Behavior\ReadHtmlCacheBehavior [ RunTime:0.000868s ]
INFO: [ app_begin ] --END-- [ RunTime:0.000947s ]
SQL: SHOW COLUMNS FROM `cloud_hotel` [ RunTime:0.0017s ]
SQL: SELECT * FROM `cloud_hotel` WHERE `h_scode` = '3ChvkTZq8Aa7RMUHYpOy0tw24XoidQES' LIMIT 1   [ RunTime:0.0002s ]
SQL: SELECT * FROM `cloud_hotel` WHERE `id` = 13 LIMIT 1   [ RunTime:0.0001s ]
SQL: SELECT * FROM cloud_ads where adverify_time > 1512198577 AND adverify_time<= 1515573119 AND adverify=1 AND is_delete=0 ORDER BY adnum DESC [ RunTime:0.0004s ]

[ 2018-01-10T16:36:07+08:00 ] 127.0.0.1 /Cloud/SynData/Ads/synAd
INFO: [ app_init ] --START--
INFO: Run Behavior\BuildLiteBehavior [ RunTime:0.000010s ]
INFO: [ app_init ] --END-- [ RunTime:0.000344s ]
INFO: [ app_begin ] --START--
INFO: Run Behavior\ReadHtmlCacheBehavior [ RunTime:0.000503s ]
INFO: [ app_begin ] --END-- [ RunTime:0.000541s ]
SQL: SHOW COLUMNS FROM `cloud_hotel` [ RunTime:0.0033s ]
SQL: SELECT * FROM `cloud_hotel` WHERE `h_scode` = '3ChvkTZq8Aa7RMUHYpOy0tw24XoidQES' LIMIT 1   [ RunTime:0.0003s ]
SQL: SELECT * FROM `cloud_hotel` WHERE `id` = 13 LIMIT 1   [ RunTime:0.0002s ]
SQL: SELECT * FROM cloud_ads where adverify_time > 1512198577 AND adverify_time<= 1515573119 AND adverify=1 AND is_delete=0 ORDER BY adnum DESC [ RunTime:0.0004s ]

[ 2018-01-10T16:36:32+08:00 ] 127.0.0.1 /Cloud/SynData/Ads/synAd
INFO: [ app_init ] --START--
INFO: Run Behavior\BuildLiteBehavior [ RunTime:0.000018s ]
INFO: [ app_init ] --END-- [ RunTime:0.000390s ]
INFO: [ app_begin ] --START--
INFO: Run Behavior\ReadHtmlCacheBehavior [ RunTime:0.000518s ]
INFO: [ app_begin ] --END-- [ RunTime:0.000555s ]
SQL: SHOW COLUMNS FROM `cloud_hotel` [ RunTime:0.0019s ]
SQL: SELECT * FROM `cloud_hotel` WHERE `h_scode` = '3ChvkTZq8Aa7RMUHYpOy0tw24XoidQES' LIMIT 1   [ RunTime:0.0003s ]
SQL: SELECT * FROM `cloud_hotel` WHERE `id` = 13 LIMIT 1   [ RunTime:0.0002s ]
SQL: SELECT * FROM cloud_ads where adverify_time > 1512198577 AND adverify_time<= 1515573119 AND adverify=1 AND is_delete=0 ORDER BY adnum DESC [ RunTime:0.0004s ]

[ 2018-01-10T16:37:04+08:00 ] 127.0.0.1 /Cloud/SynData/Ads/synAd
INFO: [ app_init ] --START--
INFO: Run Behavior\BuildLiteBehavior [ RunTime:0.000012s ]
INFO: [ app_init ] --END-- [ RunTime:0.000387s ]
INFO: [ app_begin ] --START--
INFO: Run Behavior\ReadHtmlCacheBehavior [ RunTime:0.000514s ]
INFO: [ app_begin ] --END-- [ RunTime:0.000555s ]
SQL: SHOW COLUMNS FROM `cloud_hotel` [ RunTime:0.0020s ]
SQL: SELECT * FROM `cloud_hotel` WHERE `h_scode` = '3ChvkTZq8Aa7RMUHYpOy0tw24XoidQES' LIMIT 1   [ RunTime:0.0002s ]
SQL: SELECT * FROM `cloud_hotel` WHERE `id` = 13 LIMIT 1   [ RunTime:0.0002s ]
SQL: SELECT * FROM cloud_ads where adverify_time > 1512198577 AND adverify_time<= 1515573119 AND adverify=1 AND is_delete=0 ORDER BY adnum DESC [ RunTime:0.0003s ]

[ 2018-01-10T16:38:19+08:00 ] 127.0.0.1 /Cloud/SynData/Ads/synAd
INFO: [ app_init ] --START--
INFO: Run Behavior\BuildLiteBehavior [ RunTime:0.000010s ]
INFO: [ app_init ] --END-- [ RunTime:0.000333s ]
INFO: [ app_begin ] --START--
INFO: Run Behavior\ReadHtmlCacheBehavior [ RunTime:0.000475s ]
INFO: [ app_begin ] --END-- [ RunTime:0.000517s ]
SQL: SHOW COLUMNS FROM `cloud_hotel` [ RunTime:0.0041s ]
SQL: SELECT * FROM `cloud_hotel` WHERE `h_scode` = '3ChvkTZq8Aa7RMUHYpOy0tw24XoidQES' LIMIT 1   [ RunTime:0.0003s ]
SQL: SELECT * FROM `cloud_hotel` WHERE `id` = 13 LIMIT 1   [ RunTime:0.0002s ]
SQL: SELECT * FROM cloud_ads where adverify_time > 1512198577 AND adverify_time<= 1515573119 AND adverify=1 AND is_delete=0 ORDER BY adnum DESC [ RunTime:0.0007s ]

[ 2018-01-10T16:39:17+08:00 ] 127.0.0.1 /Cloud/SynData/Ads/synAd
INFO: [ app_init ] --START--
INFO: Run Behavior\BuildLiteBehavior [ RunTime:0.000010s ]
INFO: [ app_init ] --END-- [ RunTime:0.000283s ]
INFO: [ app_begin ] --START--
INFO: Run Behavior\ReadHtmlCacheBehavior [ RunTime:0.000420s ]
INFO: [ app_begin ] --END-- [ RunTime:0.000456s ]
SQL: SHOW COLUMNS FROM `cloud_hotel` [ RunTime:0.0022s ]
SQL: SELECT * FROM `cloud_hotel` WHERE `h_scode` = '3ChvkTZq8Aa7RMUHYpOy0tw24XoidQES' LIMIT 1   [ RunTime:0.0003s ]
SQL: SELECT * FROM `cloud_hotel` WHERE `id` = 13 LIMIT 1   [ RunTime:0.0002s ]
SQL: SELECT * FROM cloud_ads where adverify_time > 1512198577 AND adverify_time<= 1515573119 AND adverify=1 AND is_delete=0 ORDER BY adnum DESC [ RunTime:0.0004s ]

[ 2018-01-10T16:39:53+08:00 ] 127.0.0.1 /Cloud/SynData/Ads/synAd
INFO: [ app_init ] --START--
INFO: Run Behavior\BuildLiteBehavior [ RunTime:0.000017s ]
INFO: [ app_init ] --END-- [ RunTime:0.000554s ]
INFO: [ app_begin ] --START--
INFO: Run Behavior\ReadHtmlCacheBehavior [ RunTime:0.000716s ]
INFO: [ app_begin ] --END-- [ RunTime:0.000782s ]
SQL: SHOW COLUMNS FROM `cloud_hotel` [ RunTime:0.0019s ]
SQL: SELECT * FROM `cloud_hotel` WHERE `h_scode` = '3ChvkTZq8Aa7RMUHYpOy0tw24XoidQES' LIMIT 1   [ RunTime:0.0003s ]
SQL: SELECT * FROM `cloud_hotel` WHERE `id` = 13 LIMIT 1   [ RunTime:0.0002s ]
SQL: SELECT * FROM cloud_ads where adverify_time > 1512198577 AND adverify_time<= 1515573119 AND adverify=1 AND is_delete=0 ORDER BY adnum DESC [ RunTime:0.0004s ]

[ 2018-01-10T16:40:48+08:00 ] 127.0.0.1 /Cloud/SynData/Ads/synAd
INFO: [ app_init ] --START--
INFO: Run Behavior\BuildLiteBehavior [ RunTime:0.000011s ]
INFO: [ app_init ] --END-- [ RunTime:0.000333s ]
INFO: [ app_begin ] --START--
INFO: Run Behavior\ReadHtmlCacheBehavior [ RunTime:0.000480s ]
INFO: [ app_begin ] --END-- [ RunTime:0.000518s ]
SQL: SHOW COLUMNS FROM `cloud_hotel` [ RunTime:0.0022s ]
SQL: SELECT * FROM `cloud_hotel` WHERE `h_scode` = '3ChvkTZq8Aa7RMUHYpOy0tw24XoidQES' LIMIT 1   [ RunTime:0.0003s ]
SQL: SELECT * FROM `cloud_hotel` WHERE `id` = 13 LIMIT 1   [ RunTime:0.0004s ]
SQL: SELECT * FROM cloud_ads where adverify_time > 1512198577 AND adverify_time<= 1515573119 AND adverify=1 AND is_delete=0 ORDER BY adnum DESC [ RunTime:0.0006s ]

[ 2018-01-10T16:40:50+08:00 ] 127.0.0.1 /Cloud/SynData/Ads/synAd
INFO: [ app_init ] --START--
INFO: Run Behavior\BuildLiteBehavior [ RunTime:0.000020s ]
INFO: [ app_init ] --END-- [ RunTime:0.000449s ]
INFO: [ app_begin ] --START--
INFO: Run Behavior\ReadHtmlCacheBehavior [ RunTime:0.000434s ]
INFO: [ app_begin ] --END-- [ RunTime:0.000490s ]
SQL: SHOW COLUMNS FROM `cloud_hotel` [ RunTime:0.0017s ]
SQL: SELECT * FROM `cloud_hotel` WHERE `h_scode` = '3ChvkTZq8Aa7RMUHYpOy0tw24XoidQES' LIMIT 1   [ RunTime:0.0002s ]
SQL: SELECT * FROM `cloud_hotel` WHERE `id` = 13 LIMIT 1   [ RunTime:0.0002s ]
SQL: SELECT * FROM cloud_ads where adverify_time > 1512198577 AND adverify_time<= 1515573119 AND adverify=1 AND is_delete=0 ORDER BY adnum DESC [ RunTime:0.0003s ]

[ 2018-01-10T16:41:24+08:00 ] 127.0.0.1 /Cloud/SynData/Ads/synAd
INFO: [ app_init ] --START--
INFO: Run Behavior\BuildLiteBehavior [ RunTime:0.000015s ]
INFO: [ app_init ] --END-- [ RunTime:0.000341s ]
INFO: [ app_begin ] --START--
INFO: Run Behavior\ReadHtmlCacheBehavior [ RunTime:0.000469s ]
INFO: [ app_begin ] --END-- [ RunTime:0.000514s ]
SQL: SHOW COLUMNS FROM `cloud_hotel` [ RunTime:0.0023s ]
SQL: SELECT * FROM `cloud_hotel` WHERE `h_scode` = '3ChvkTZq8Aa7RMUHYpOy0tw24XoidQES' LIMIT 1   [ RunTime:0.0010s ]
SQL: SELECT * FROM `cloud_hotel` WHERE `id` = 13 LIMIT 1   [ RunTime:0.0003s ]
SQL: SELECT * FROM cloud_ads where adverify_time > 1512198577 AND adverify_time<= 1515573119 AND adverify=1 AND is_delete=0 ORDER BY adnum DESC [ RunTime:0.0004s ]

[ 2018-01-10T16:43:31+08:00 ] 127.0.0.1 /Cloud/SynData/Ads/synAd
INFO: [ app_init ] --START--
INFO: Run Behavior\BuildLiteBehavior [ RunTime:0.000009s ]
INFO: [ app_init ] --END-- [ RunTime:0.000301s ]
INFO: [ app_begin ] --START--
INFO: Run Behavior\ReadHtmlCacheBehavior [ RunTime:0.000441s ]
INFO: [ app_begin ] --END-- [ RunTime:0.000477s ]
SQL: SHOW COLUMNS FROM `cloud_hotel` [ RunTime:0.0019s ]
SQL: SELECT * FROM `cloud_hotel` WHERE `h_scode` = '3ChvkTZq8Aa7RMUHYpOy0tw24XoidQES' LIMIT 1   [ RunTime:0.0002s ]
SQL: SELECT * FROM `cloud_hotel` WHERE `id` = 13 LIMIT 1   [ RunTime:0.0002s ]

[ 2018-01-10T16:44:46+08:00 ] 127.0.0.1 /Cloud/SynData/Ads/synAd
INFO: [ app_init ] --START--
INFO: Run Behavior\BuildLiteBehavior [ RunTime:0.000010s ]
INFO: [ app_init ] --END-- [ RunTime:0.000293s ]
INFO: [ app_begin ] --START--
INFO: Run Behavior\ReadHtmlCacheBehavior [ RunTime:0.000440s ]
INFO: [ app_begin ] --END-- [ RunTime:0.000478s ]
SQL: SHOW COLUMNS FROM `cloud_hotel` [ RunTime:0.0038s ]
SQL: SELECT * FROM `cloud_hotel` WHERE `h_scode` = '3ChvkTZq8Aa7RMUHYpOy0tw24XoidQES' LIMIT 1   [ RunTime:0.0003s ]
SQL: SELECT * FROM `cloud_hotel` WHERE `id` = 13 LIMIT 1   [ RunTime:0.0002s ]
SQL: SELECT * FROM cloud_ads where adverify_time > 1515568232 AND adverify_time<= 1515573119 AND adverify=1 AND is_delete=0 ORDER BY adnum DESC [ RunTime:0.0003s ]

[ 2018-01-10T16:46:50+08:00 ] 127.0.0.1 /Cloud/SynData/Ads/synAd
INFO: [ app_init ] --START--
INFO: Run Behavior\BuildLiteBehavior [ RunTime:0.000010s ]
INFO: [ app_init ] --END-- [ RunTime:0.000352s ]
INFO: [ app_begin ] --START--
INFO: Run Behavior\ReadHtmlCacheBehavior [ RunTime:0.000476s ]
INFO: [ app_begin ] --END-- [ RunTime:0.000512s ]
SQL: SHOW COLUMNS FROM `cloud_hotel` [ RunTime:0.0017s ]
SQL: SELECT * FROM `cloud_hotel` WHERE `h_scode` = '3ChvkTZq8Aa7RMUHYpOy0tw24XoidQES' LIMIT 1   [ RunTime:0.0002s ]
SQL: SELECT * FROM `cloud_hotel` WHERE `id` = 13 LIMIT 1   [ RunTime:0.0001s ]

[ 2018-01-10T16:47:56+08:00 ] 127.0.0.1 /Cloud/SynData/Ads/synAd
INFO: [ app_init ] --START--
INFO: Run Behavior\BuildLiteBehavior [ RunTime:0.000020s ]
INFO: [ app_init ] --END-- [ RunTime:0.000491s ]
INFO: [ app_begin ] --START--
INFO: Run Behavior\ReadHtmlCacheBehavior [ RunTime:0.000417s ]
INFO: [ app_begin ] --END-- [ RunTime:0.000451s ]
SQL: SHOW COLUMNS FROM `cloud_hotel` [ RunTime:0.0017s ]
SQL: SELECT * FROM `cloud_hotel` WHERE `h_scode` = '3ChvkTZq8Aa7RMUHYpOy0tw24XoidQES' LIMIT 1   [ RunTime:0.0002s ]
SQL: SELECT * FROM `cloud_hotel` WHERE `id` = 13 LIMIT 1   [ RunTime:0.0002s ]

[ 2018-01-10T16:47:57+08:00 ] 127.0.0.1 /Cloud/SynData/Ads/synAd
INFO: [ app_init ] --START--
INFO: Run Behavior\BuildLiteBehavior [ RunTime:0.000021s ]
INFO: [ app_init ] --END-- [ RunTime:0.000461s ]
INFO: [ app_begin ] --START--
INFO: Run Behavior\ReadHtmlCacheBehavior [ RunTime:0.000833s ]
INFO: [ app_begin ] --END-- [ RunTime:0.000917s ]
SQL: SHOW COLUMNS FROM `cloud_hotel` [ RunTime:0.0017s ]
SQL: SELECT * FROM `cloud_hotel` WHERE `h_scode` = '3ChvkTZq8Aa7RMUHYpOy0tw24XoidQES' LIMIT 1   [ RunTime:0.0002s ]
SQL: SELECT * FROM `cloud_hotel` WHERE `id` = 13 LIMIT 1   [ RunTime:0.0001s ]

[ 2018-01-10T16:48:39+08:00 ] 127.0.0.1 /Cloud/SynData/Ads/synAd
INFO: [ app_init ] --START--
INFO: Run Behavior\BuildLiteBehavior [ RunTime:0.000010s ]
INFO: [ app_init ] --END-- [ RunTime:0.000309s ]
INFO: [ app_begin ] --START--
INFO: Run Behavior\ReadHtmlCacheBehavior [ RunTime:0.000427s ]
INFO: [ app_begin ] --END-- [ RunTime:0.000461s ]
SQL: SHOW COLUMNS FROM `cloud_hotel` [ RunTime:0.0036s ]
SQL: SELECT * FROM `cloud_hotel` WHERE `h_scode` = '3ChvkTZq8Aa7RMUHYpOy0tw24XoidQES' LIMIT 1   [ RunTime:0.0003s ]
SQL: SELECT * FROM `cloud_hotel` WHERE `id` = 13 LIMIT 1   [ RunTime:0.0002s ]
SQL: SELECT * FROM cloud_ads where adverify_time > 1515568232 AND adverify_time<= 1515573119 AND adverify=1 AND is_delete=0 ORDER BY adnum DESC [ RunTime:0.0004s ]

[ 2018-01-10T16:49:28+08:00 ] 127.0.0.1 /Cloud/SynData/Ads/synAd
INFO: [ app_init ] --START--
INFO: Run Behavior\BuildLiteBehavior [ RunTime:0.000020s ]
INFO: [ app_init ] --END-- [ RunTime:0.000366s ]
INFO: [ app_begin ] --START--
INFO: Run Behavior\ReadHtmlCacheBehavior [ RunTime:0.000723s ]
INFO: [ app_begin ] --END-- [ RunTime:0.000780s ]
SQL: SHOW COLUMNS FROM `cloud_hotel` [ RunTime:0.0017s ]
SQL: SELECT * FROM `cloud_hotel` WHERE `h_scode` = '3ChvkTZq8Aa7RMUHYpOy0tw24XoidQES' LIMIT 1   [ RunTime:0.0002s ]
SQL: SELECT * FROM `cloud_hotel` WHERE `id` = 13 LIMIT 1   [ RunTime:0.0002s ]
SQL: SELECT * FROM cloud_ads where adverify_time > 1515568232 AND adverify_time<= 1515573119 AND adverify=1 AND is_delete=0 ORDER BY adnum DESC [ RunTime:0.0003s ]

[ 2018-01-10T16:51:29+08:00 ] 127.0.0.1 /Cloud/SynData/Ads/synAd
INFO: [ app_init ] --START--
INFO: Run Behavior\BuildLiteBehavior [ RunTime:0.000013s ]
INFO: [ app_init ] --END-- [ RunTime:0.000542s ]
INFO: [ app_begin ] --START--
INFO: Run Behavior\ReadHtmlCacheBehavior [ RunTime:0.000574s ]
INFO: [ app_begin ] --END-- [ RunTime:0.000629s ]
SQL: SHOW COLUMNS FROM `cloud_hotel` [ RunTime:0.0226s ]
SQL: SELECT * FROM `cloud_hotel` WHERE `h_scode` = '3ChvkTZq8Aa7RMUHYpOy0tw24XoidQES' LIMIT 1   [ RunTime:0.0003s ]
SQL: SELECT * FROM `cloud_hotel` WHERE `id` = 13 LIMIT 1   [ RunTime:0.0002s ]
SQL: SELECT * FROM cloud_ads where adverify_time > 1515568232 AND adverify_time<= 1515573119 AND adverify=1 AND is_delete=0 ORDER BY adnum DESC [ RunTime:0.0004s ]

[ 2018-01-10T16:52:49+08:00 ] 127.0.0.1 /Cloud/SynData/Ads/synAd
INFO: [ app_init ] --START--
INFO: Run Behavior\BuildLiteBehavior [ RunTime:0.000011s ]
INFO: [ app_init ] --END-- [ RunTime:0.000336s ]
INFO: [ app_begin ] --START--
INFO: Run Behavior\ReadHtmlCacheBehavior [ RunTime:0.000480s ]
INFO: [ app_begin ] --END-- [ RunTime:0.000525s ]
SQL: SHOW COLUMNS FROM `cloud_hotel` [ RunTime:0.0019s ]
SQL: SELECT * FROM `cloud_hotel` WHERE `h_scode` = '3ChvkTZq8Aa7RMUHYpOy0tw24XoidQES' LIMIT 1   [ RunTime:0.0003s ]
SQL: SELECT * FROM `cloud_hotel` WHERE `id` = 13 LIMIT 1   [ RunTime:0.0002s ]
SQL: SELECT * FROM cloud_ads where adverify_time > 1515568232 AND adverify_time<= 1515573119 AND adverify=1 AND is_delete=0 ORDER BY adnum DESC [ RunTime:0.0003s ]

[ 2018-01-10T16:57:33+08:00 ] 127.0.0.1 /Cloud/SynData/Ads/synAd
INFO: [ app_init ] --START--
INFO: Run Behavior\BuildLiteBehavior [ RunTime:0.000012s ]
INFO: [ app_init ] --END-- [ RunTime:0.000472s ]
INFO: [ app_begin ] --START--
INFO: Run Behavior\ReadHtmlCacheBehavior [ RunTime:0.000622s ]
INFO: [ app_begin ] --END-- [ RunTime:0.000680s ]
SQL: SHOW COLUMNS FROM `cloud_hotel` [ RunTime:0.0017s ]
SQL: SELECT * FROM `cloud_hotel` WHERE `h_scode` = '3ChvkTZq8Aa7RMUHYpOy0tw24XoidQES' LIMIT 1   [ RunTime:0.0002s ]
SQL: SELECT * FROM `cloud_hotel` WHERE `id` = 13 LIMIT 1   [ RunTime:0.0002s ]
SQL: SELECT * FROM cloud_ads where adverify_time > 1515568232 AND adverify_time<= 1515573119 AND adverify=1 AND is_delete=0 ORDER BY adnum DESC [ RunTime:0.0003s ]

[ 2018-01-10T17:00:26+08:00 ] 127.0.0.1 /Cloud/SynData/Ads/synAd
INFO: [ app_init ] --START--
INFO: Run Behavior\BuildLiteBehavior [ RunTime:0.000009s ]
INFO: [ app_init ] --END-- [ RunTime:0.000326s ]
INFO: [ app_begin ] --START--
INFO: Run Behavior\ReadHtmlCacheBehavior [ RunTime:0.000444s ]
INFO: [ app_begin ] --END-- [ RunTime:0.000480s ]
SQL: SHOW COLUMNS FROM `cloud_hotel` [ RunTime:0.0041s ]
SQL: SELECT * FROM `cloud_hotel` WHERE `h_scode` = '3ChvkTZq8Aa7RMUHYpOy0tw24XoidQES' LIMIT 1   [ RunTime:0.0003s ]
SQL: SELECT * FROM `cloud_hotel` WHERE `id` = 13 LIMIT 1   [ RunTime:0.0002s ]
SQL: SELECT * FROM cloud_ads where adverify_time > 1515568232 AND adverify_time<= 1515573119 AND adverify=1 AND is_delete=0 ORDER BY adnum DESC [ RunTime:0.0005s ]

[ 2018-01-10T17:01:12+08:00 ] 127.0.0.1 /Cloud/SynData/Ads/synAd
INFO: [ app_init ] --START--
INFO: Run Behavior\BuildLiteBehavior [ RunTime:0.000012s ]
INFO: [ app_init ] --END-- [ RunTime:0.000386s ]
INFO: [ app_begin ] --START--
INFO: Run Behavior\ReadHtmlCacheBehavior [ RunTime:0.000396s ]
INFO: [ app_begin ] --END-- [ RunTime:0.000438s ]
SQL: SHOW COLUMNS FROM `cloud_hotel` [ RunTime:0.0023s ]
SQL: SELECT * FROM `cloud_hotel` WHERE `h_scode` = '3ChvkTZq8Aa7RMUHYpOy0tw24XoidQES' LIMIT 1   [ RunTime:0.0002s ]
SQL: SELECT * FROM `cloud_hotel` WHERE `id` = 13 LIMIT 1   [ RunTime:0.0002s ]
SQL: SELECT * FROM cloud_ads where adverify_time > 1515568232 AND adverify_time<= 1515573119 AND adverify=1 AND is_delete=0 ORDER BY adnum DESC [ RunTime:0.0003s ]

[ 2018-01-10T17:02:53+08:00 ] 127.0.0.1 /Cloud/SynData/Ads/synAd
INFO: [ app_init ] --START--
INFO: Run Behavior\BuildLiteBehavior [ RunTime:0.000018s ]
INFO: [ app_init ] --END-- [ RunTime:0.000369s ]
INFO: [ app_begin ] --START--
INFO: Run Behavior\ReadHtmlCacheBehavior [ RunTime:0.000648s ]
INFO: [ app_begin ] --END-- [ RunTime:0.000732s ]
SQL: SHOW COLUMNS FROM `cloud_hotel` [ RunTime:0.0024s ]
SQL: SELECT * FROM `cloud_hotel` WHERE `h_scode` = '3ChvkTZq8Aa7RMUHYpOy0tw24XoidQES' LIMIT 1   [ RunTime:0.0002s ]
SQL: SELECT * FROM `cloud_hotel` WHERE `id` = 13 LIMIT 1   [ RunTime:0.0001s ]
SQL: SELECT * FROM cloud_ads where adverify_time > 1515568232 AND adverify_time<= 1515573119 AND adverify=1 AND is_delete=0 ORDER BY adnum DESC [ RunTime:0.0003s ]

[ 2018-01-10T17:03:23+08:00 ] 127.0.0.1 /Cloud/SynData/Ads/synAd
INFO: [ app_init ] --START--
INFO: Run Behavior\BuildLiteBehavior [ RunTime:0.000032s ]
INFO: [ app_init ] --END-- [ RunTime:0.000532s ]
INFO: [ app_begin ] --START--
INFO: Run Behavior\ReadHtmlCacheBehavior [ RunTime:0.000797s ]
INFO: [ app_begin ] --END-- [ RunTime:0.000879s ]
SQL: SHOW COLUMNS FROM `cloud_hotel` [ RunTime:0.0016s ]
SQL: SELECT * FROM `cloud_hotel` WHERE `h_scode` = '3ChvkTZq8Aa7RMUHYpOy0tw24XoidQES' LIMIT 1   [ RunTime:0.0002s ]
SQL: SELECT * FROM `cloud_hotel` WHERE `id` = 13 LIMIT 1   [ RunTime:0.0001s ]
SQL: SELECT * FROM cloud_ads where adverify_time > 1515573119 AND adverify_time<= 1515575003 AND adverify=1 AND is_delete=0 ORDER BY adnum DESC [ RunTime:0.0002s ]

[ 2018-01-10T17:04:13+08:00 ] 127.0.0.1 /Cloud/SynData/Ads/synAd
INFO: [ app_init ] --START--
INFO: Run Behavior\BuildLiteBehavior [ RunTime:0.000010s ]
INFO: [ app_init ] --END-- [ RunTime:0.000373s ]
INFO: [ app_begin ] --START--
INFO: Run Behavior\ReadHtmlCacheBehavior [ RunTime:0.000548s ]
INFO: [ app_begin ] --END-- [ RunTime:0.000585s ]
SQL: SHOW COLUMNS FROM `cloud_hotel` [ RunTime:0.0028s ]
SQL: SELECT * FROM `cloud_hotel` WHERE `h_scode` = '3ChvkTZq8Aa7RMUHYpOy0tw24XoidQES' LIMIT 1   [ RunTime:0.0003s ]
SQL: SELECT * FROM `cloud_hotel` WHERE `id` = 13 LIMIT 1   [ RunTime:0.0002s ]
SQL: SELECT * FROM cloud_ads where adverify_time > 1515575003 AND adverify_time<= 1515575052 AND adverify=1 AND is_delete=0 ORDER BY adnum DESC [ RunTime:0.0002s ]

[ 2018-01-10T17:04:32+08:00 ] 127.0.0.1 /Cloud/SynData/Ads/synAd
INFO: [ app_init ] --START--
INFO: Run Behavior\BuildLiteBehavior [ RunTime:0.000009s ]
INFO: [ app_init ] --END-- [ RunTime:0.000317s ]
INFO: [ app_begin ] --START--
INFO: Run Behavior\ReadHtmlCacheBehavior [ RunTime:0.000433s ]
INFO: [ app_begin ] --END-- [ RunTime:0.000472s ]
SQL: SHOW COLUMNS FROM `cloud_hotel` [ RunTime:0.0029s ]
SQL: SELECT * FROM `cloud_hotel` WHERE `h_scode` = '3ChvkTZq8Aa7RMUHYpOy0tw24XoidQES' LIMIT 1   [ RunTime:0.0003s ]
SQL: SELECT * FROM `cloud_hotel` WHERE `id` = 13 LIMIT 1   [ RunTime:0.0002s ]

[ 2018-01-10T17:08:52+08:00 ] 127.0.0.1 /Cloud/SynData/Ads/synAd
INFO: [ app_init ] --START--
INFO: Run Behavior\BuildLiteBehavior [ RunTime:0.000010s ]
INFO: [ app_init ] --END-- [ RunTime:0.000321s ]
INFO: [ app_begin ] --START--
INFO: Run Behavior\ReadHtmlCacheBehavior [ RunTime:0.000463s ]
INFO: [ app_begin ] --END-- [ RunTime:0.000500s ]
SQL: SHOW COLUMNS FROM `cloud_hotel` [ RunTime:0.0018s ]
SQL: SELECT * FROM `cloud_hotel` WHERE `h_scode` = '3ChvkTZq8Aa7RMUHYpOy0tw24XoidQES' LIMIT 1   [ RunTime:0.0003s ]
SQL: SELECT * FROM `cloud_hotel` WHERE `id` = 13 LIMIT 1   [ RunTime:0.0001s ]
SQL: SELECT * FROM cloud_ads where adverify_time > 1515568232 AND adverify_time<= 1515575052 AND adverify=1 AND is_delete=0 ORDER BY adnum DESC [ RunTime:0.0003s ]

[ 2018-01-10T17:15:44+08:00 ] 127.0.0.1 /Cloud/SynData/Ads/synAd
INFO: [ app_init ] --START--
INFO: Run Behavior\BuildLiteBehavior [ RunTime:0.000009s ]
INFO: [ app_init ] --END-- [ RunTime:0.000318s ]
INFO: [ app_begin ] --START--
INFO: Run Behavior\ReadHtmlCacheBehavior [ RunTime:0.000421s ]
INFO: [ app_begin ] --END-- [ RunTime:0.000458s ]
SQL: SHOW COLUMNS FROM `cloud_hotel` [ RunTime:0.0042s ]
SQL: SELECT * FROM `cloud_hotel` WHERE `h_scode` = '3ChvkTZq8Aa7RMUHYpOy0tw24XoidQES' LIMIT 1   [ RunTime:0.0003s ]
SQL: SELECT * FROM `cloud_hotel` WHERE `id` = 13 LIMIT 1   [ RunTime:0.0002s ]
SQL: SELECT * FROM cloud_ads where adverify_time > 1515575052 AND adverify_time<= 1515575744 AND adverify=1 AND is_delete=0 ORDER BY adnum DESC [ RunTime:0.0004s ]

[ 2018-01-10T17:16:21+08:00 ] 127.0.0.1 /Cloud/SynData/Ads/synAd
INFO: [ app_init ] --START--
INFO: Run Behavior\BuildLiteBehavior [ RunTime:0.000009s ]
INFO: [ app_init ] --END-- [ RunTime:0.000330s ]
INFO: [ app_begin ] --START--
INFO: Run Behavior\ReadHtmlCacheBehavior [ RunTime:0.000456s ]
INFO: [ app_begin ] --END-- [ RunTime:0.000493s ]
SQL: SHOW COLUMNS FROM `cloud_hotel` [ RunTime:0.0019s ]
SQL: SELECT * FROM `cloud_hotel` WHERE `h_scode` = '3ChvkTZq8Aa7RMUHYpOy0tw24XoidQES' LIMIT 1   [ RunTime:0.0002s ]
SQL: SELECT * FROM `cloud_hotel` WHERE `id` = 13 LIMIT 1   [ RunTime:0.0002s ]
SQL: SELECT * FROM cloud_ads where adverify_time > 1515575744 AND adverify_time<= 1515575781 AND adverify=1 AND is_delete=0 ORDER BY adnum DESC [ RunTime:0.0002s ]

[ 2018-01-10T17:27:58+08:00 ] 127.0.0.1 /Cloud/SynData/Ads/synAd
INFO: [ app_init ] --START--
INFO: Run Behavior\BuildLiteBehavior [ RunTime:0.000009s ]
INFO: [ app_init ] --END-- [ RunTime:0.000311s ]
INFO: [ app_begin ] --START--
INFO: Run Behavior\ReadHtmlCacheBehavior [ RunTime:0.000460s ]
INFO: [ app_begin ] --END-- [ RunTime:0.000498s ]
SQL: SHOW COLUMNS FROM `cloud_hotel` [ RunTime:0.0088s ]
SQL: SELECT * FROM `cloud_hotel` WHERE `h_scode` = '3ChvkTZq8Aa7RMUHYpOy0tw24XoidQES' LIMIT 1   [ RunTime:0.0003s ]
SQL: SELECT * FROM `cloud_hotel` WHERE `id` = 13 LIMIT 1   [ RunTime:0.0002s ]
SQL: SELECT * FROM cloud_ads where adverify_time > 1515568232 AND adverify_time<= 1515575781 AND adverify=1 AND is_delete=0 ORDER BY adnum DESC [ RunTime:0.0004s ]

[ 2018-01-10T17:33:19+08:00 ] 127.0.0.1 /Cloud/SynData/Ads/synAd
INFO: [ app_init ] --START--
INFO: Run Behavior\BuildLiteBehavior [ RunTime:0.000024s ]
INFO: [ app_init ] --END-- [ RunTime:0.000624s ]
INFO: [ app_begin ] --START--
INFO: Run Behavior\ReadHtmlCacheBehavior [ RunTime:0.000583s ]
INFO: [ app_begin ] --END-- [ RunTime:0.000643s ]
SQL: SHOW COLUMNS FROM `cloud_hotel` [ RunTime:0.0095s ]
SQL: SELECT * FROM `cloud_hotel` WHERE `h_scode` = '3ChvkTZq8Aa7RMUHYpOy0tw24XoidQES' LIMIT 1   [ RunTime:0.0002s ]
SQL: SELECT * FROM `cloud_hotel` WHERE `id` = 13 LIMIT 1   [ RunTime:0.0001s ]
SQL: SELECT * FROM cloud_ads where adverify_time > 1515575781 AND adverify_time<= 1515576799 AND adverify=1 AND is_delete=0 ORDER BY adnum DESC [ RunTime:0.0002s ]

[ 2018-01-10T18:01:40+08:00 ] 127.0.0.1 /Cloud/SynData/Ads/synAd
INFO: [ app_init ] --START--
INFO: Run Behavior\BuildLiteBehavior [ RunTime:0.000009s ]
INFO: [ app_init ] --END-- [ RunTime:0.000307s ]
INFO: [ app_begin ] --START--
INFO: Run Behavior\ReadHtmlCacheBehavior [ RunTime:0.000414s ]
INFO: [ app_begin ] --END-- [ RunTime:0.000450s ]
SQL: SHOW COLUMNS FROM `cloud_hotel` [ RunTime:0.0094s ]
SQL: SELECT * FROM `cloud_hotel` WHERE `h_scode` = '3ChvkTZq8Aa7RMUHYpOy0tw24XoidQES' LIMIT 1   [ RunTime:0.0004s ]
SQL: SELECT * FROM `cloud_hotel` WHERE `id` = 13 LIMIT 1   [ RunTime:0.0002s ]
SQL: SELECT * FROM cloud_ads where adverify_time > 0 AND adverify_time<= 1515578499 AND adverify=1 AND is_delete=0 ORDER BY adnum DESC [ RunTime:0.0004s ]

[ 2018-01-10T18:07:15+08:00 ] 127.0.0.1 /Cloud/SynData/Ads/synAd
INFO: [ app_init ] --START--
INFO: Run Behavior\BuildLiteBehavior [ RunTime:0.000009s ]
INFO: [ app_init ] --END-- [ RunTime:0.000306s ]
INFO: [ app_begin ] --START--
INFO: Run Behavior\ReadHtmlCacheBehavior [ RunTime:0.000399s ]
INFO: [ app_begin ] --END-- [ RunTime:0.000433s ]
SQL: SHOW COLUMNS FROM `cloud_hotel` [ RunTime:0.0016s ]
SQL: SELECT * FROM `cloud_hotel` WHERE `h_scode` = '3ChvkTZq8Aa7RMUHYpOy0tw24XoidQES' LIMIT 1   [ RunTime:0.0002s ]
SQL: SELECT * FROM `cloud_hotel` WHERE `id` = 13 LIMIT 1   [ RunTime:0.0002s ]
SQL: SELECT * FROM cloud_ads where adverify_time > 0 AND adverify_time<= 1515578834 AND adverify=1 AND is_delete=0 ORDER BY adnum DESC [ RunTime:0.0003s ]

