[ 2018-01-20T13:42:19+08:00 ] 127.0.0.1 /Cloud/SynData/Ads/synAd
INFO: [ app_init ] --START--
INFO: Run Behavior\BuildLiteBehavior [ RunTime:0.000012s ]
INFO: [ app_init ] --END-- [ RunTime:0.000343s ]
INFO: [ app_begin ] --START--
INFO: Run Behavior\ReadHtmlCacheBehavior [ RunTime:0.000450s ]
INFO: [ app_begin ] --END-- [ RunTime:0.000487s ]
SQL: SHOW COLUMNS FROM `cloud_hotel` [ RunTime:0.0052s ]
SQL: SELECT * FROM `cloud_hotel` WHERE `h_scode` = '3ChvkTZq8Aa7RMUHYpOy0tw24XoidQES' LIMIT 1   [ RunTime:0.0002s ]
SQL: SELECT * FROM `cloud_hotel` WHERE `id` = 13 LIMIT 1   [ RunTime:0.0002s ]
SQL: SELECT * FROM cloud_ads where adverify_time > 1515578834 AND adverify_time<= 1516426938 AND adverify=1 AND is_delete=0 ORDER BY adnum DESC [ RunTime:0.0056s ]

[ 2018-01-20T13:42:35+08:00 ] 127.0.0.1 /Cloud/SynData/Ads/synAd
INFO: [ app_init ] --START--
INFO: Run Behavior\BuildLiteBehavior [ RunTime:0.000107s ]
INFO: [ app_init ] --END-- [ RunTime:0.000453s ]
INFO: [ app_begin ] --START--
INFO: Run Behavior\ReadHtmlCacheBehavior [ RunTime:0.000509s ]
INFO: [ app_begin ] --END-- [ RunTime:0.000552s ]
SQL: SHOW COLUMNS FROM `cloud_hotel` [ RunTime:0.0112s ]
SQL: SELECT * FROM `cloud_hotel` WHERE `h_scode` = '3ChvkTZq8Aa7RMUHYpOy0tw24XoidQES' LIMIT 1   [ RunTime:0.0003s ]
SQL: SELECT * FROM `cloud_hotel` WHERE `id` = 13 LIMIT 1   [ RunTime:0.0002s ]
SQL: SELECT * FROM cloud_ads where adverify_time > 1516426938 AND adverify_time<= 1516426955 AND adverify=1 AND is_delete=0 ORDER BY adnum DESC [ RunTime:0.0022s ]

[ 2018-01-20T13:42:38+08:00 ] 127.0.0.1 /Cloud/SynData/Ads/synAd
INFO: [ app_init ] --START--
INFO: Run Behavior\BuildLiteBehavior [ RunTime:0.000009s ]
INFO: [ app_init ] --END-- [ RunTime:0.000337s ]
INFO: [ app_begin ] --START--
INFO: Run Behavior\ReadHtmlCacheBehavior [ RunTime:0.000406s ]
INFO: [ app_begin ] --END-- [ RunTime:0.000439s ]
SQL: SHOW COLUMNS FROM `cloud_hotel` [ RunTime:0.0023s ]
SQL: SELECT * FROM `cloud_hotel` WHERE `h_scode` = '3ChvkTZq8Aa7RMUHYpOy0tw24XoidQES' LIMIT 1   [ RunTime:0.0003s ]
SQL: SELECT * FROM `cloud_hotel` WHERE `id` = 13 LIMIT 1   [ RunTime:0.0002s ]
SQL: SELECT * FROM cloud_ads where adverify_time > 1516426955 AND adverify_time<= 1516426958 AND adverify=1 AND is_delete=0 ORDER BY adnum DESC [ RunTime:0.0003s ]

[ 2018-01-20T13:43:09+08:00 ] 127.0.0.1 /Cloud/SynData/Ads/synAd
INFO: [ app_init ] --START--
INFO: Run Behavior\BuildLiteBehavior [ RunTime:0.000011s ]
INFO: [ app_init ] --END-- [ RunTime:0.000325s ]
INFO: [ app_begin ] --START--
INFO: Run Behavior\ReadHtmlCacheBehavior [ RunTime:0.000433s ]
INFO: [ app_begin ] --END-- [ RunTime:0.000468s ]
SQL: SHOW COLUMNS FROM `cloud_hotel` [ RunTime:0.0079s ]
SQL: SELECT * FROM `cloud_hotel` WHERE `h_scode` = '3ChvkTZq8Aa7RMUHYpOy0tw24XoidQES' LIMIT 1   [ RunTime:0.0003s ]
SQL: SELECT * FROM `cloud_hotel` WHERE `id` = 13 LIMIT 1   [ RunTime:0.0002s ]
SQL: SELECT * FROM cloud_ads where adverify_time > 1516426958 AND adverify_time<= 1516426988 AND adverify=1 AND is_delete=0 ORDER BY adnum DESC [ RunTime:0.0003s ]

[ 2018-01-20T13:45:27+08:00 ] 127.0.0.1 /Cloud/SynData/Ads/synAd
INFO: [ app_init ] --START--
INFO: Run Behavior\BuildLiteBehavior [ RunTime:0.000011s ]
INFO: [ app_init ] --END-- [ RunTime:0.000338s ]
INFO: [ app_begin ] --START--
INFO: Run Behavior\ReadHtmlCacheBehavior [ RunTime:0.000425s ]
INFO: [ app_begin ] --END-- [ RunTime:0.000459s ]
SQL: SHOW COLUMNS FROM `cloud_hotel` [ RunTime:0.0023s ]
SQL: SELECT * FROM `cloud_hotel` WHERE `h_scode` = '3ChvkTZq8Aa7RMUHYpOy0tw24XoidQES' LIMIT 1   [ RunTime:0.0002s ]
SQL: SELECT * FROM `cloud_hotel` WHERE `id` = 13 LIMIT 1   [ RunTime:0.0002s ]
SQL: SELECT * FROM cloud_ads where adverify_time > 1516426988 AND adverify_time<= 1516427126 AND adverify=1 AND is_delete=0 ORDER BY adnum DESC [ RunTime:0.0002s ]

[ 2018-01-20T13:46:00+08:00 ] 127.0.0.1 /Cloud/SynData/Ads/synAd
INFO: [ app_init ] --START--
INFO: Run Behavior\BuildLiteBehavior [ RunTime:0.000011s ]
INFO: [ app_init ] --END-- [ RunTime:0.000331s ]
INFO: [ app_begin ] --START--
INFO: Run Behavior\ReadHtmlCacheBehavior [ RunTime:0.000472s ]
INFO: [ app_begin ] --END-- [ RunTime:0.000510s ]
SQL: SHOW COLUMNS FROM `cloud_hotel` [ RunTime:0.0093s ]
SQL: SELECT * FROM `cloud_hotel` WHERE `h_scode` = '3ChvkTZq8Aa7RMUHYpOy0tw24XoidQES' LIMIT 1   [ RunTime:0.0002s ]
SQL: SELECT * FROM `cloud_hotel` WHERE `id` = 13 LIMIT 1   [ RunTime:0.0002s ]
SQL: SELECT * FROM cloud_ads where adverify_time > 1516427126 AND adverify_time<= 1516427159 AND adverify=1 AND is_delete=0 ORDER BY adnum DESC [ RunTime:0.0002s ]

[ 2018-01-20T13:46:05+08:00 ] 127.0.0.1 /Cloud/SynData/Ads/synAd
INFO: [ app_init ] --START--
INFO: Run Behavior\BuildLiteBehavior [ RunTime:0.000008s ]
INFO: [ app_init ] --END-- [ RunTime:0.000284s ]
INFO: [ app_begin ] --START--
INFO: Run Behavior\ReadHtmlCacheBehavior [ RunTime:0.000358s ]
INFO: [ app_begin ] --END-- [ RunTime:0.000391s ]
SQL: SHOW COLUMNS FROM `cloud_hotel` [ RunTime:0.0022s ]
SQL: SELECT * FROM `cloud_hotel` WHERE `h_scode` = '3ChvkTZq8Aa7RMUHYpOy0tw24XoidQES' LIMIT 1   [ RunTime:0.0003s ]
SQL: SELECT * FROM `cloud_hotel` WHERE `id` = 13 LIMIT 1   [ RunTime:0.0002s ]
SQL: SELECT * FROM cloud_ads where adverify_time > 1516427159 AND adverify_time<= 1516427165 AND adverify=1 AND is_delete=0 ORDER BY adnum DESC [ RunTime:0.0003s ]

