[ 2018-01-07T11:21:59+08:00 ] 127.0.0.1 /Cloud/SynData/Order/synOrder
INFO: [ app_init ] --START--
INFO: Run Behavior\BuildLiteBehavior [ RunTime:0.000016s ]
INFO: [ app_init ] --END-- [ RunTime:0.007197s ]
INFO: [ app_begin ] --START--
INFO: Run Behavior\ReadHtmlCacheBehavior [ RunTime:0.008885s ]
INFO: [ app_begin ] --END-- [ RunTime:0.008959s ]
SQL: SHOW COLUMNS FROM `cloud_hotel` [ RunTime:0.0252s ]
SQL: SELECT * FROM `cloud_hotel` WHERE `h_scode` = '3ChvkTZq8Aa7RMUHYpOy0tw24XoidQES' LIMIT 1   [ RunTime:0.0004s ]
SQL: SELECT * FROM `cloud_hotel` WHERE `h_scode` = '3ChvkTZq8Aa7RMUHYpOy0tw24XoidQES' LIMIT 1   [ RunTime:0.0003s ]
NOTIC: [2] Invalid argument supplied for foreach() D:\xampp\htdocs\Cloud\App\SynData\Controller\OrderController.class.php 第 44 行.

[ 2018-01-07T11:22:05+08:00 ] 127.0.0.1 /Cloud/SynData/Order/synOrder
INFO: [ app_init ] --START--
INFO: Run Behavior\BuildLiteBehavior [ RunTime:0.000013s ]
INFO: [ app_init ] --END-- [ RunTime:0.000416s ]
INFO: [ app_begin ] --START--
INFO: Run Behavior\ReadHtmlCacheBehavior [ RunTime:0.000566s ]
INFO: [ app_begin ] --END-- [ RunTime:0.000630s ]
SQL: SHOW COLUMNS FROM `cloud_hotel` [ RunTime:0.0036s ]
SQL: SELECT * FROM `cloud_hotel` WHERE `h_scode` = '3ChvkTZq8Aa7RMUHYpOy0tw24XoidQES' LIMIT 1   [ RunTime:0.0005s ]
SQL: SELECT * FROM `cloud_hotel` WHERE `h_scode` = '3ChvkTZq8Aa7RMUHYpOy0tw24XoidQES' LIMIT 1   [ RunTime:0.0005s ]
NOTIC: [2] Invalid argument supplied for foreach() D:\xampp\htdocs\Cloud\App\SynData\Controller\OrderController.class.php 第 44 行.

[ 2018-01-07T11:23:10+08:00 ] 127.0.0.1 /Cloud/SynData/Order/synOrder
INFO: [ app_init ] --START--
INFO: Run Behavior\BuildLiteBehavior [ RunTime:0.000017s ]
INFO: [ app_init ] --END-- [ RunTime:0.000488s ]
INFO: [ app_begin ] --START--
INFO: Run Behavior\ReadHtmlCacheBehavior [ RunTime:0.000654s ]
INFO: [ app_begin ] --END-- [ RunTime:0.000709s ]
SQL: SHOW COLUMNS FROM `cloud_hotel` [ RunTime:0.0138s ]
SQL: SELECT * FROM `cloud_hotel` WHERE `h_scode` = '3ChvkTZq8Aa7RMUHYpOy0tw24XoidQES' LIMIT 1   [ RunTime:0.0005s ]
SQL: SELECT * FROM `cloud_hotel` WHERE `h_scode` = '3ChvkTZq8Aa7RMUHYpOy0tw24XoidQES' LIMIT 1   [ RunTime:0.0003s ]
NOTIC: [2] Invalid argument supplied for foreach() D:\xampp\htdocs\Cloud\App\SynData\Controller\OrderController.class.php 第 44 行.

[ 2018-01-07T11:23:33+08:00 ] 127.0.0.1 /Cloud/SynData/Order/synOrder
INFO: [ app_init ] --START--
INFO: Run Behavior\BuildLiteBehavior [ RunTime:0.000019s ]
INFO: [ app_init ] --END-- [ RunTime:0.000706s ]
INFO: [ app_begin ] --START--
INFO: Run Behavior\ReadHtmlCacheBehavior [ RunTime:0.001155s ]
INFO: [ app_begin ] --END-- [ RunTime:0.001247s ]
SQL: SHOW COLUMNS FROM `cloud_hotel` [ RunTime:0.0047s ]
SQL: SELECT * FROM `cloud_hotel` WHERE `h_scode` = '3ChvkTZq8Aa7RMUHYpOy0tw24XoidQES' LIMIT 1   [ RunTime:0.0005s ]
SQL: SELECT * FROM `cloud_hotel` WHERE `h_scode` = '3ChvkTZq8Aa7RMUHYpOy0tw24XoidQES' LIMIT 1   [ RunTime:0.0004s ]
NOTIC: [2] Invalid argument supplied for foreach() D:\xampp\htdocs\Cloud\App\SynData\Controller\OrderController.class.php 第 44 行.

[ 2018-01-07T11:36:05+08:00 ] 127.0.0.1 /Cloud/SynData/Order/synOrder
INFO: [ app_init ] --START--
INFO: Run Behavior\BuildLiteBehavior [ RunTime:0.000012s ]
INFO: [ app_init ] --END-- [ RunTime:0.000446s ]
INFO: [ app_begin ] --START--
INFO: Run Behavior\ReadHtmlCacheBehavior [ RunTime:0.000790s ]
INFO: [ app_begin ] --END-- [ RunTime:0.000850s ]
SQL: SHOW COLUMNS FROM `cloud_hotel` [ RunTime:0.0075s ]
SQL: SELECT * FROM `cloud_hotel` WHERE `h_scode` = '3ChvkTZq8Aa7RMUHYpOy0tw24XoidQES' LIMIT 1   [ RunTime:0.0004s ]
SQL: SELECT * FROM `cloud_hotel` WHERE `h_scode` = '3ChvkTZq8Aa7RMUHYpOy0tw24XoidQES' LIMIT 1   [ RunTime:0.0003s ]
NOTIC: [2] Invalid argument supplied for foreach() D:\xampp\htdocs\Cloud\App\SynData\Controller\OrderController.class.php 第 44 行.

[ 2018-01-07T12:05:33+08:00 ] 127.0.0.1 /Cloud/SynData/Order/synOrder
INFO: [ app_init ] --START--
INFO: Run Behavior\BuildLiteBehavior [ RunTime:0.000015s ]
INFO: [ app_init ] --END-- [ RunTime:0.001015s ]
INFO: [ app_begin ] --START--
INFO: Run Behavior\ReadHtmlCacheBehavior [ RunTime:0.006626s ]
INFO: [ app_begin ] --END-- [ RunTime:0.006728s ]
SQL: SHOW COLUMNS FROM `cloud_hotel` [ RunTime:0.0041s ]
SQL: SELECT * FROM `cloud_hotel` WHERE `h_scode` = '3ChvkTZq8Aa7RMUHYpOy0tw24XoidQES' LIMIT 1   [ RunTime:0.0004s ]
SQL: SELECT * FROM `cloud_hotel` WHERE `h_scode` = '3ChvkTZq8Aa7RMUHYpOy0tw24XoidQES' LIMIT 1   [ RunTime:0.0003s ]
NOTIC: [2] Invalid argument supplied for foreach() D:\xampp\htdocs\Cloud\App\SynData\Controller\OrderController.class.php 第 44 行.

[ 2018-01-07T12:25:19+08:00 ] 127.0.0.1 /Cloud/SynData/Order/synOrder
INFO: [ app_init ] --START--
INFO: Run Behavior\BuildLiteBehavior [ RunTime:0.000012s ]
INFO: [ app_init ] --END-- [ RunTime:0.000466s ]
INFO: [ app_begin ] --START--
INFO: Run Behavior\ReadHtmlCacheBehavior [ RunTime:0.000720s ]
INFO: [ app_begin ] --END-- [ RunTime:0.000781s ]
SQL: SHOW COLUMNS FROM `cloud_hotel` [ RunTime:0.0032s ]
SQL: SELECT * FROM `cloud_hotel` WHERE `h_scode` = '3ChvkTZq8Aa7RMUHYpOy0tw24XoidQES' LIMIT 1   [ RunTime:0.0004s ]
SQL: SELECT * FROM `cloud_hotel` WHERE `h_scode` = '3ChvkTZq8Aa7RMUHYpOy0tw24XoidQES' LIMIT 1   [ RunTime:0.0003s ]
SQL: SHOW COLUMNS FROM `cloud_order` [ RunTime:0.0181s ]
SQL: INSERT INTO `cloud_order` (`org_id`,`h_id`,`order_time`,`syn_time`,`pay_time`,`pay_type`,`total_money`,`real_money`,`evaluate`) VALUES ('2','13','1497337904','1515299119','0','','4799.00','0.00','') [ RunTime:0.0649s ]
SQL: SHOW COLUMNS FROM `cloud_order_sub` [ RunTime:0.0276s ]
SQL: INSERT INTO `cloud_order_sub` (`price`,`num`,`taste`,`menu_id`,`oid`) VALUES ('70','1','','40','97') [ RunTime:0.0412s ]
SQL: INSERT INTO `cloud_order_sub` (`price`,`num`,`taste`,`menu_id`,`oid`) VALUES ('40','1','','37','97') [ RunTime:0.0369s ]
SQL: INSERT INTO `cloud_order_sub` (`price`,`num`,`taste`,`menu_id`,`oid`) VALUES ('89','1','','39','97') [ RunTime:0.0329s ]
SQL: INSERT INTO `cloud_order_sub` (`price`,`num`,`taste`,`menu_id`,`oid`) VALUES ('50','92','','14','97') [ RunTime:0.0219s ]

[ 2018-01-07T12:25:23+08:00 ] 127.0.0.1 /Cloud/SynData/Order/synOrder
INFO: [ app_init ] --START--
INFO: Run Behavior\BuildLiteBehavior [ RunTime:0.000018s ]
INFO: [ app_init ] --END-- [ RunTime:0.000572s ]
INFO: [ app_begin ] --START--
INFO: Run Behavior\ReadHtmlCacheBehavior [ RunTime:0.000726s ]
INFO: [ app_begin ] --END-- [ RunTime:0.000802s ]
SQL: SHOW COLUMNS FROM `cloud_hotel` [ RunTime:0.0030s ]
SQL: SELECT * FROM `cloud_hotel` WHERE `h_scode` = '3ChvkTZq8Aa7RMUHYpOy0tw24XoidQES' LIMIT 1   [ RunTime:0.0004s ]
SQL: SELECT * FROM `cloud_hotel` WHERE `h_scode` = '3ChvkTZq8Aa7RMUHYpOy0tw24XoidQES' LIMIT 1   [ RunTime:0.0003s ]
NOTIC: [2] Invalid argument supplied for foreach() D:\xampp\htdocs\Cloud\App\SynData\Controller\OrderController.class.php 第 44 行.

[ 2018-01-07T12:26:03+08:00 ] 127.0.0.1 /Cloud/SynData/Order/synOrder
INFO: [ app_init ] --START--
INFO: Run Behavior\BuildLiteBehavior [ RunTime:0.000013s ]
INFO: [ app_init ] --END-- [ RunTime:0.000496s ]
INFO: [ app_begin ] --START--
INFO: Run Behavior\ReadHtmlCacheBehavior [ RunTime:0.000678s ]
INFO: [ app_begin ] --END-- [ RunTime:0.000733s ]
SQL: SHOW COLUMNS FROM `cloud_hotel` [ RunTime:0.0044s ]
SQL: SELECT * FROM `cloud_hotel` WHERE `h_scode` = '3ChvkTZq8Aa7RMUHYpOy0tw24XoidQES' LIMIT 1   [ RunTime:0.0005s ]
SQL: SELECT * FROM `cloud_hotel` WHERE `h_scode` = '3ChvkTZq8Aa7RMUHYpOy0tw24XoidQES' LIMIT 1   [ RunTime:0.0003s ]
SQL: SHOW COLUMNS FROM `cloud_order` [ RunTime:0.0037s ]
SQL: INSERT INTO `cloud_order` (`org_id`,`h_id`,`order_time`,`syn_time`,`pay_time`,`pay_type`,`total_money`,`real_money`,`evaluate`) VALUES ('2','13','1497337904','1515299163','0','','4799.00','0.00','') [ RunTime:0.0493s ]
SQL: SHOW COLUMNS FROM `cloud_order_sub` [ RunTime:0.0035s ]
SQL: INSERT INTO `cloud_order_sub` (`price`,`num`,`taste`,`menu_id`,`oid`) VALUES ('70','1','','40','98') [ RunTime:0.0471s ]
SQL: INSERT INTO `cloud_order_sub` (`price`,`num`,`taste`,`menu_id`,`oid`) VALUES ('40','1','','37','98') [ RunTime:0.0219s ]
SQL: INSERT INTO `cloud_order_sub` (`price`,`num`,`taste`,`menu_id`,`oid`) VALUES ('89','1','','39','98') [ RunTime:0.0219s ]
SQL: INSERT INTO `cloud_order_sub` (`price`,`num`,`taste`,`menu_id`,`oid`) VALUES ('50','92','','14','98') [ RunTime:0.0218s ]

[ 2018-01-07T14:21:49+08:00 ] 127.0.0.1 /Cloud/SynData/Order/synOrder
INFO: [ app_init ] --START--
INFO: Run Behavior\BuildLiteBehavior [ RunTime:0.000015s ]
INFO: [ app_init ] --END-- [ RunTime:0.000701s ]
INFO: [ app_begin ] --START--
INFO: Run Behavior\ReadHtmlCacheBehavior [ RunTime:0.007449s ]
INFO: [ app_begin ] --END-- [ RunTime:0.007523s ]
SQL: SHOW COLUMNS FROM `cloud_hotel` [ RunTime:0.0154s ]
SQL: SELECT * FROM `cloud_hotel` WHERE `h_scode` = '3ChvkTZq8Aa7RMUHYpOy0tw24XoidQES' LIMIT 1   [ RunTime:0.0004s ]
SQL: SELECT * FROM `cloud_hotel` WHERE `h_scode` = '3ChvkTZq8Aa7RMUHYpOy0tw24XoidQES' LIMIT 1   [ RunTime:0.0003s ]
SQL: SHOW COLUMNS FROM `cloud_order` [ RunTime:0.0033s ]
SQL: INSERT INTO `cloud_order` (`org_id`,`h_id`,`order_time`,`syn_time`,`pay_time`,`pay_type`,`total_money`,`real_money`,`evaluate`) VALUES ('2','13','1497337904','1515306109','0','','4799.00','0.00','') [ RunTime:0.0591s ]
SQL: SHOW COLUMNS FROM `cloud_order_sub` [ RunTime:0.0040s ]
SQL: INSERT INTO `cloud_order_sub` (`price`,`num`,`taste`,`menu_id`,`oid`) VALUES ('70','1','','40','99') [ RunTime:0.0322s ]
SQL: INSERT INTO `cloud_order_sub` (`price`,`num`,`taste`,`menu_id`,`oid`) VALUES ('40','1','','37','99') [ RunTime:0.0330s ]
SQL: INSERT INTO `cloud_order_sub` (`price`,`num`,`taste`,`menu_id`,`oid`) VALUES ('89','1','','39','99') [ RunTime:0.0219s ]
SQL: INSERT INTO `cloud_order_sub` (`price`,`num`,`taste`,`menu_id`,`oid`) VALUES ('50','92','','14','99') [ RunTime:0.0330s ]

