[ 2017-12-23T10:12:44+08:00 ] ::1 /cloud/index.php/Admin/login/index.html
INFO: [ app_init ] --START--
INFO: Run Behavior\BuildLiteBehavior [ RunTime:0.000021s ]
INFO: [ app_init ] --END-- [ RunTime:0.000337s ]
INFO: [ app_begin ] --START--
INFO: Run Behavior\ReadHtmlCacheBehavior [ RunTime:0.000447s ]
INFO: [ app_begin ] --END-- [ RunTime:0.000493s ]
NOTIC: [8] A session had already been started - ignoring session_start() D:\xampp\htdocs\Cloud\App\Admin\Controller\ComController.class.php 第 119 行.
INFO: [ view_parse ] --START--
INFO: [ template_filter ] --START--
INFO: Run Behavior\ContentReplaceBehavior [ RunTime:0.000054s ]
INFO: [ template_filter ] --END-- [ RunTime:0.000097s ]
NOTIC: [8] Undefined variable: current D:\xampp\htdocs\Cloud\App\Runtime\Cache\Admin\f0f0edaa955fd2857dedea53d1ab9ca3.php 第 7 行.
INFO: Run Behavior\ParseTemplateBehavior [ RunTime:0.108761s ]
INFO: [ view_parse ] --END-- [ RunTime:0.108829s ]
INFO: [ view_filter ] --START--
INFO: Run Behavior\WriteHtmlCacheBehavior [ RunTime:0.000421s ]
INFO: [ view_filter ] --END-- [ RunTime:0.000450s ]
INFO: [ app_end ] --START--
INFO: Run Behavior\ShowPageTraceBehavior [ RunTime:0.000499s ]
INFO: [ app_end ] --END-- [ RunTime:0.000550s ]

[ 2017-12-23T10:12:45+08:00 ] ::1 /cloud/index.php/Admin/login/verify.html
INFO: [ app_init ] --START--
INFO: Run Behavior\BuildLiteBehavior [ RunTime:0.000012s ]
INFO: [ app_init ] --END-- [ RunTime:0.000378s ]
INFO: [ app_begin ] --START--
INFO: Run Behavior\ReadHtmlCacheBehavior [ RunTime:0.000463s ]
INFO: [ app_begin ] --END-- [ RunTime:0.000523s ]
INFO: [ app_end ] --START--
INFO: Run Behavior\ShowPageTraceBehavior [ RunTime:0.000510s ]
INFO: [ app_end ] --END-- [ RunTime:0.000572s ]

[ 2017-12-23T10:12:53+08:00 ] ::1 /cloud/index.php/Admin/login/login.html
INFO: [ app_init ] --START--
INFO: Run Behavior\BuildLiteBehavior [ RunTime:0.000010s ]
INFO: [ app_init ] --END-- [ RunTime:0.000295s ]
INFO: [ app_begin ] --START--
INFO: Run Behavior\ReadHtmlCacheBehavior [ RunTime:0.000359s ]
INFO: [ app_begin ] --END-- [ RunTime:0.000398s ]
SQL: SHOW COLUMNS FROM `cloud_member` [ RunTime:0.0223s ]
SQL: SELECT `uid`,`user`,`org_id`,`h_id` FROM `cloud_member` WHERE `user` = '1234' AND `password` = 'b3c89ea6161f66de5e2bfccfda5ed3e4' LIMIT 1   [ RunTime:0.0006s ]
NOTIC: [8] A session had already been started - ignoring session_start() D:\xampp\htdocs\Cloud\App\Admin\Controller\LoginController.class.php 第 51 行.
SQL: SHOW COLUMNS FROM `cloud_log` [ RunTime:0.0437s ]
NOTIC: [8] A session had already been started - ignoring session_start() D:\xampp\htdocs\Cloud\App\Admin\Common\function.php 第 12 行.
SQL: SHOW COLUMNS FROM `cloud_member` [ RunTime:0.0021s ]
SQL: SELECT `user` FROM `cloud_member` WHERE `uid` = 11 LIMIT 1   [ RunTime:0.0003s ]
SQL: INSERT INTO `cloud_log` (`name`,`t`,`ip`,`log`) VALUES ('1234','1513995173','::1','登录成功。') [ RunTime:0.0004s ]

[ 2017-12-23T10:12:54+08:00 ] ::1 /cloud/index.php/Admin/index/index.html
INFO: [ app_init ] --START--
INFO: Run Behavior\BuildLiteBehavior [ RunTime:0.000009s ]
INFO: [ app_init ] --END-- [ RunTime:0.000339s ]
INFO: [ app_begin ] --START--
INFO: Run Behavior\ReadHtmlCacheBehavior [ RunTime:0.000413s ]
INFO: [ app_begin ] --END-- [ RunTime:0.000452s ]
NOTIC: [8] A session had already been started - ignoring session_start() D:\xampp\htdocs\Cloud\App\Admin\Controller\ComController.class.php 第 119 行.
SQL: SHOW COLUMNS FROM `cloud_member` [ RunTime:0.0023s ]
SQL: SELECT * FROM `cloud_member` WHERE `uid` = 11 LIMIT 1   [ RunTime:0.0003s ]
SQL: SELECT * FROM cloud_auth_group g left join cloud_auth_group_access a on g.id=a.group_id where a.uid=11 [ RunTime:0.0571s ]
SQL: SHOW COLUMNS FROM `cloud_member` [ RunTime:0.0024s ]
SQL: SELECT * FROM `cloud_member` WHERE `uid` = 11 LIMIT 1   [ RunTime:0.0004s ]
SQL: SELECT title FROM cloud_auth_group_access ga LEFT JOIN cloud_auth_group g ON ga.group_id=g.id where uid=11 [ RunTime:0.0003s ]
SQL: SELECT s.id,s.title,s.name,s.tips,s.pid,p.pid as ppid,p.title as ptitle FROM cloud_auth_rule s left join cloud_auth_rule p on p.id=s.pid where s.name='Index/index' [ RunTime:0.0347s ]
SQL: SHOW COLUMNS FROM `cloud_auth_rule` [ RunTime:0.0022s ]
SQL: SELECT `id`,`title`,`pid`,`name`,`icon` FROM `cloud_auth_rule` WHERE ( islink=1 AND id in (101,106,105,48,49,50,55)  ) ORDER BY o ASC  [ RunTime:0.0005s ]
SQL: SELECT SUM(s.num) AS nums, o.org_id, o.h_id, s.*, m.menu_name FROM cloud_order o INNER JOIN cloud_order_sub s ON s.oid = o.id INNER JOIN cloud_cook_menu m ON m.id=s.menu_id WHERE o.org_id = 2 Group by menu_id ORDER BY nums DESC [ RunTime:0.0897s ]
SQL: SELECT SUM(nums) nums FROM(SELECT SUM(s.num) AS nums, o.org_id, o.h_id, s.*, m.menu_name FROM cloud_order o INNER JOIN cloud_order_sub s ON s.oid = o.id INNER JOIN cloud_cook_menu m ON m.id=s.menu_id WHERE o.org_id = 2 Group by menu_id ORDER BY nums DESC LIMIT 5,30) AS A [ RunTime:0.0013s ]
NOTIC: [2] Missing argument 1 for Admin\Model\StatisModel::getTotalByMonthByOrg(), called in D:\xampp\htdocs\Cloud\App\Admin\Controller\IndexController.class.php on line 20 and defined D:\xampp\htdocs\Cloud\App\Admin\Model\StatisModel.class.php 第 71 行.
NOTIC: [8] Undefined variable: year D:\xampp\htdocs\Cloud\App\Admin\Model\StatisModel.class.php 第 72 行.
SQL: SELECT IFNULL(h_name,'合计') AS h_name,
      SUM(IF(year='201701',count,0)) AS month01,
      SUM(IF(year='201702',count,0)) AS month02,
      SUM(IF(year='201703',count,0)) AS month03,
      SUM(IF(year='201704',count,0)) AS month04,
      SUM(IF(year='201705',count,0)) AS month05,
      SUM(IF(year='201706',count,0)) AS month06,
      SUM(IF(year='201707',count,0)) AS month07,
      SUM(IF(year='201708',count,0)) AS month08,
      SUM(IF(year='201709',count,0)) AS month09,
      SUM(IF(year='201710',count,0)) AS month10,
      SUM(IF(year='{November}',count,0)) AS month11,
      SUM(IF(year='201712',count,0)) AS month12,
      SUM(IF(year='total',count,0)) AS total
      FROM(
          SELECT h_name,IFNULL(year,'total') AS year,SUM(count) AS count
          FROM(
            SELECT h_name,FROM_UNIXTIME(order_time,'%Y%m')as year,SUM(o.total_money) count
            FROM cloud_order o
            JOIN cloud_hotel h ON h.id = o.h_id
            WHERE FROM_UNIXTIME(order_time,'%Y') = 2017
            GROUP BY h_name,year
            ) AS A
          GROUP BY h_name,year
          WITH ROLLUP
          HAVING h_name IS NOT NULL
            )AS B
      GROUP BY h_name
      WITH ROLLUP [ RunTime:0.0392s ]
SQL: SELECT SUM(s.num) AS nums, o.org_id, o.h_id, s.*, m.menu_name FROM cloud_order o INNER JOIN cloud_order_sub s ON s.oid = o.id INNER JOIN cloud_cook_menu m ON m.id=s.menu_id WHERE o.org_id = 2 Group by menu_id ORDER BY nums DESC LIMIT 100 [ RunTime:0.0012s ]
SQL: SELECT SUM(total_money) AS money, h.org_id,h.h_name FROM cloud_hotel h INNER JOIN cloud_order o ON o.h_id = h.id  WHERE h.org_id = 2 GROUP BY o.h_id ORDER BY money DESC LIMIT 1 [ RunTime:0.0005s ]
SQL: SELECT COUNT(s.id) AS nums, o.org_id, o.h_id, s.* ,m.menu_name FROM cloud_order o INNER JOIN cloud_order_sub s ON s.oid = o.id INNER JOIN cloud_cook_menu m ON m.id=s.menu_id WHERE o.org_id = 2 Group by menu_id ORDER BY nums ASC LIMIT 1 [ RunTime:0.0010s ]
SQL: SELECT SUM(total_money) AS money, h.org_id,h.h_name FROM cloud_hotel h INNER JOIN cloud_order o ON o.h_id = h.id  WHERE h.org_id = 2 GROUP BY o.h_id ORDER BY money ASC LIMIT 1 [ RunTime:0.0005s ]
NOTIC: [2048] Declaration of Admin\Model\OrgModel::save() should be compatible with Think\Model::save($data = '', $options = Array) D:\xampp\htdocs\Cloud\App\Admin\Model\OrgModel.class.php 第 79 行.
NOTIC: [2048] Declaration of Admin\Model\OrgModel::delete() should be compatible with Think\Model::delete($options = Array) D:\xampp\htdocs\Cloud\App\Admin\Model\OrgModel.class.php 第 79 行.
SQL: SHOW COLUMNS FROM `cloud_org` [ RunTime:0.0292s ]
SQL: SHOW COLUMNS FROM `cloud_hotel` [ RunTime:0.0022s ]
SQL: SELECT * FROM `cloud_hotel` WHERE ( org_id=2 )  [ RunTime:0.0004s ]
SQL: SHOW COLUMNS FROM `cloud_auth_group_access` [ RunTime:0.0020s ]
SQL: SELECT * FROM `cloud_auth_group_access` WHERE ( uid = 11 ) LIMIT 1   [ RunTime:0.0003s ]
NOTIC: [8] Undefined variable: data D:\xampp\htdocs\Cloud\App\Admin\Controller\IndexController.class.php 第 60 行.

[ 2017-12-23T10:12:54+08:00 ] ::1 /cloud/index.php/Admin/Admanage/myadlist.html
INFO: [ app_init ] --START--
INFO: Run Behavior\BuildLiteBehavior [ RunTime:0.000009s ]
INFO: [ app_init ] --END-- [ RunTime:0.000291s ]
INFO: [ app_begin ] --START--
INFO: Run Behavior\ReadHtmlCacheBehavior [ RunTime:0.000390s ]
INFO: [ app_begin ] --END-- [ RunTime:0.000427s ]
NOTIC: [8] A session had already been started - ignoring session_start() D:\xampp\htdocs\Cloud\App\Admin\Controller\ComController.class.php 第 119 行.
SQL: SHOW COLUMNS FROM `cloud_member` [ RunTime:0.0025s ]
SQL: SELECT * FROM `cloud_member` WHERE `uid` = 11 LIMIT 1   [ RunTime:0.0003s ]
SQL: SELECT * FROM cloud_auth_group g left join cloud_auth_group_access a on g.id=a.group_id where a.uid=11 [ RunTime:0.0003s ]
SQL: SHOW COLUMNS FROM `cloud_member` [ RunTime:0.0022s ]
SQL: SELECT * FROM `cloud_member` WHERE `uid` = 11 LIMIT 1   [ RunTime:0.0004s ]
SQL: SELECT title FROM cloud_auth_group_access ga LEFT JOIN cloud_auth_group g ON ga.group_id=g.id where uid=11 [ RunTime:0.0003s ]
SQL: SELECT s.id,s.title,s.name,s.tips,s.pid,p.pid as ppid,p.title as ptitle FROM cloud_auth_rule s left join cloud_auth_rule p on p.id=s.pid where s.name='Admanage/myadlist' [ RunTime:0.0004s ]
SQL: SHOW COLUMNS FROM `cloud_auth_rule` [ RunTime:0.0036s ]
SQL: SELECT `id`,`title`,`pid`,`name`,`icon` FROM `cloud_auth_rule` WHERE ( islink=1 AND id in (101,106,105,48,49,50,55)  ) ORDER BY o ASC  [ RunTime:0.0005s ]
SQL: SHOW COLUMNS FROM `cloud_ads` [ RunTime:0.0294s ]
SQL: UPDATE `cloud_ads` SET `is_delete`='1' WHERE `endtime` < '2017-12-23' [ RunTime:0.0005s ]
SQL: UPDATE `cloud_ads` SET `is_delete`='0' WHERE `endtime` > '2017-12-23' [ RunTime:0.0003s ]
SQL: SELECT * FROM `cloud_ads` WHERE ( uid=11 )  [ RunTime:0.0004s ]
NOTIC: [8] Undefined index: ad_hotel D:\xampp\htdocs\Cloud\App\Admin\Controller\AdmanageController.class.php 第 127 行.
SQL: SHOW COLUMNS FROM `cloud_hotel` [ RunTime:0.0023s ]
SQL: SELECT `h_name` FROM `cloud_hotel` WHERE `id` IN ('')  [ RunTime:0.0003s ]
SQL: SELECT `h_name` FROM `cloud_hotel` WHERE `id` IN ('11','12')  [ RunTime:0.0003s ]
SQL: SELECT `h_name` FROM `cloud_hotel` WHERE `id` IN ('')  [ RunTime:0.0002s ]
SQL: SELECT `h_name` FROM `cloud_hotel` WHERE `id` IN ('')  [ RunTime:0.0003s ]
SQL: SELECT `h_name` FROM `cloud_hotel` WHERE `id` IN ('13')  [ RunTime:0.0002s ]
SQL: SELECT `h_name` FROM `cloud_hotel` WHERE `id` IN ('12','13','17')  [ RunTime:0.0003s ]
SQL: SELECT `h_name` FROM `cloud_hotel` WHERE `id` IN ('11','12')  [ RunTime:0.0004s ]
SQL: SELECT `h_name` FROM `cloud_hotel` WHERE `id` IN ('13','14','16')  [ RunTime:0.0004s ]
SQL: SELECT `h_name` FROM `cloud_hotel` WHERE `id` IN ('12','13')  [ RunTime:0.0003s ]
SQL: SELECT `h_name` FROM `cloud_hotel` WHERE `id` IN ('13')  [ RunTime:0.0003s ]
SQL: SELECT `h_name` FROM `cloud_hotel` WHERE `id` IN ('11','12','13','14')  [ RunTime:0.0003s ]
INFO: [ view_parse ] --START--
INFO: [ template_filter ] --START--
INFO: Run Behavior\ContentReplaceBehavior [ RunTime:0.000153s ]
INFO: [ template_filter ] --END-- [ RunTime:0.000193s ]
NOTIC: [8] Undefined variable: 1 D:\xampp\htdocs\Cloud\App\Runtime\Cache\Admin\a635a2b326dd7ff570395f73ee942bca.php 第 430 行.
NOTIC: [8] Undefined index: adshowcount D:\xampp\htdocs\Cloud\App\Runtime\Cache\Admin\a635a2b326dd7ff570395f73ee942bca.php 第 454 行.
NOTIC: [8] Undefined index: address D:\xampp\htdocs\Cloud\App\Runtime\Cache\Admin\a635a2b326dd7ff570395f73ee942bca.php 第 466 行.
NOTIC: [8] Undefined variable: 1 D:\xampp\htdocs\Cloud\App\Runtime\Cache\Admin\a635a2b326dd7ff570395f73ee942bca.php 第 430 行.
NOTIC: [8] Undefined index: adshowcount D:\xampp\htdocs\Cloud\App\Runtime\Cache\Admin\a635a2b326dd7ff570395f73ee942bca.php 第 454 行.
NOTIC: [8] Undefined index: address D:\xampp\htdocs\Cloud\App\Runtime\Cache\Admin\a635a2b326dd7ff570395f73ee942bca.php 第 466 行.
NOTIC: [8] Undefined variable: 1 D:\xampp\htdocs\Cloud\App\Runtime\Cache\Admin\a635a2b326dd7ff570395f73ee942bca.php 第 509 行.
NOTIC: [8] Undefined index: adshowcount D:\xampp\htdocs\Cloud\App\Runtime\Cache\Admin\a635a2b326dd7ff570395f73ee942bca.php 第 533 行.
NOTIC: [8] Undefined index: address D:\xampp\htdocs\Cloud\App\Runtime\Cache\Admin\a635a2b326dd7ff570395f73ee942bca.php 第 543 行.
NOTIC: [8] Undefined variable: 1 D:\xampp\htdocs\Cloud\App\Runtime\Cache\Admin\a635a2b326dd7ff570395f73ee942bca.php 第 509 行.
NOTIC: [8] Undefined index: adshowcount D:\xampp\htdocs\Cloud\App\Runtime\Cache\Admin\a635a2b326dd7ff570395f73ee942bca.php 第 533 行.
NOTIC: [8] Undefined index: address D:\xampp\htdocs\Cloud\App\Runtime\Cache\Admin\a635a2b326dd7ff570395f73ee942bca.php 第 543 行.
NOTIC: [8] Undefined variable: 1 D:\xampp\htdocs\Cloud\App\Runtime\Cache\Admin\a635a2b326dd7ff570395f73ee942bca.php 第 509 行.
NOTIC: [8] Undefined index: adshowcount D:\xampp\htdocs\Cloud\App\Runtime\Cache\Admin\a635a2b326dd7ff570395f73ee942bca.php 第 533 行.
NOTIC: [8] Undefined index: address D:\xampp\htdocs\Cloud\App\Runtime\Cache\Admin\a635a2b326dd7ff570395f73ee942bca.php 第 543 行.
NOTIC: [8] Undefined variable: 1 D:\xampp\htdocs\Cloud\App\Runtime\Cache\Admin\a635a2b326dd7ff570395f73ee942bca.php 第 509 行.
NOTIC: [8] Undefined index: adshowcount D:\xampp\htdocs\Cloud\App\Runtime\Cache\Admin\a635a2b326dd7ff570395f73ee942bca.php 第 533 行.
NOTIC: [8] Undefined index: address D:\xampp\htdocs\Cloud\App\Runtime\Cache\Admin\a635a2b326dd7ff570395f73ee942bca.php 第 543 行.
NOTIC: [8] Undefined variable: 1 D:\xampp\htdocs\Cloud\App\Runtime\Cache\Admin\a635a2b326dd7ff570395f73ee942bca.php 第 588 行.
NOTIC: [8] Undefined index: adshowcount D:\xampp\htdocs\Cloud\App\Runtime\Cache\Admin\a635a2b326dd7ff570395f73ee942bca.php 第 612 行.
NOTIC: [8] Undefined index: address D:\xampp\htdocs\Cloud\App\Runtime\Cache\Admin\a635a2b326dd7ff570395f73ee942bca.php 第 622 行.
NOTIC: [8] Undefined variable: 1 D:\xampp\htdocs\Cloud\App\Runtime\Cache\Admin\a635a2b326dd7ff570395f73ee942bca.php 第 588 行.
NOTIC: [8] Undefined index: adshowcount D:\xampp\htdocs\Cloud\App\Runtime\Cache\Admin\a635a2b326dd7ff570395f73ee942bca.php 第 612 行.
NOTIC: [8] Undefined index: address D:\xampp\htdocs\Cloud\App\Runtime\Cache\Admin\a635a2b326dd7ff570395f73ee942bca.php 第 622 行.
NOTIC: [8] Undefined variable: 1 D:\xampp\htdocs\Cloud\App\Runtime\Cache\Admin\a635a2b326dd7ff570395f73ee942bca.php 第 682 行.
NOTIC: [8] Undefined index: adshowcount D:\xampp\htdocs\Cloud\App\Runtime\Cache\Admin\a635a2b326dd7ff570395f73ee942bca.php 第 707 行.
NOTIC: [8] Undefined index: address D:\xampp\htdocs\Cloud\App\Runtime\Cache\Admin\a635a2b326dd7ff570395f73ee942bca.php 第 717 行.
NOTIC: [8] Undefined variable: 1 D:\xampp\htdocs\Cloud\App\Runtime\Cache\Admin\a635a2b326dd7ff570395f73ee942bca.php 第 682 行.
NOTIC: [8] Undefined index: adshowcount D:\xampp\htdocs\Cloud\App\Runtime\Cache\Admin\a635a2b326dd7ff570395f73ee942bca.php 第 707 行.
NOTIC: [8] Undefined index: address D:\xampp\htdocs\Cloud\App\Runtime\Cache\Admin\a635a2b326dd7ff570395f73ee942bca.php 第 717 行.
NOTIC: [8] Undefined variable: 1 D:\xampp\htdocs\Cloud\App\Runtime\Cache\Admin\a635a2b326dd7ff570395f73ee942bca.php 第 682 行.
NOTIC: [8] Undefined index: adshowcount D:\xampp\htdocs\Cloud\App\Runtime\Cache\Admin\a635a2b326dd7ff570395f73ee942bca.php 第 707 行.
NOTIC: [8] Undefined index: address D:\xampp\htdocs\Cloud\App\Runtime\Cache\Admin\a635a2b326dd7ff570395f73ee942bca.php 第 717 行.
INFO: Run Behavior\ParseTemplateBehavior [ RunTime:0.092620s ]
INFO: [ view_parse ] --END-- [ RunTime:0.092671s ]
INFO: [ view_filter ] --START--
INFO: Run Behavior\WriteHtmlCacheBehavior [ RunTime:0.000236s ]
INFO: [ view_filter ] --END-- [ RunTime:0.000264s ]
INFO: [ app_end ] --START--
INFO: Run Behavior\ShowPageTraceBehavior [ RunTime:0.000563s ]
INFO: [ app_end ] --END-- [ RunTime:0.000600s ]

[ 2017-12-23T10:16:12+08:00 ] ::1 /cloud/index.php/Admin/Admanage/myadlist.html
INFO: [ app_init ] --START--
INFO: Run Behavior\BuildLiteBehavior [ RunTime:0.000012s ]
INFO: [ app_init ] --END-- [ RunTime:0.000394s ]
INFO: [ app_begin ] --START--
INFO: Run Behavior\ReadHtmlCacheBehavior [ RunTime:0.000528s ]
INFO: [ app_begin ] --END-- [ RunTime:0.000585s ]
NOTIC: [8] A session had already been started - ignoring session_start() D:\xampp\htdocs\Cloud\App\Admin\Controller\ComController.class.php 第 119 行.
SQL: SHOW COLUMNS FROM `cloud_member` [ RunTime:0.0026s ]
SQL: SELECT * FROM `cloud_member` WHERE `uid` = 11 LIMIT 1   [ RunTime:0.0003s ]
SQL: SELECT * FROM cloud_auth_group g left join cloud_auth_group_access a on g.id=a.group_id where a.uid=11 [ RunTime:0.0003s ]
SQL: SHOW COLUMNS FROM `cloud_member` [ RunTime:0.0021s ]
SQL: SELECT * FROM `cloud_member` WHERE `uid` = 11 LIMIT 1   [ RunTime:0.0003s ]
SQL: SELECT title FROM cloud_auth_group_access ga LEFT JOIN cloud_auth_group g ON ga.group_id=g.id where uid=11 [ RunTime:0.0003s ]
SQL: SELECT s.id,s.title,s.name,s.tips,s.pid,p.pid as ppid,p.title as ptitle FROM cloud_auth_rule s left join cloud_auth_rule p on p.id=s.pid where s.name='Admanage/myadlist' [ RunTime:0.0003s ]
SQL: SHOW COLUMNS FROM `cloud_auth_rule` [ RunTime:0.0025s ]
SQL: SELECT `id`,`title`,`pid`,`name`,`icon` FROM `cloud_auth_rule` WHERE ( islink=1 AND id in (101,106,105,48,49,50,55)  ) ORDER BY o ASC  [ RunTime:0.0004s ]
SQL: SHOW COLUMNS FROM `cloud_ads` [ RunTime:0.0028s ]
SQL: UPDATE `cloud_ads` SET `is_delete`='1' WHERE `endtime` < '2017-12-23' [ RunTime:0.0004s ]
SQL: UPDATE `cloud_ads` SET `is_delete`='0' WHERE `endtime` > '2017-12-23' [ RunTime:0.0004s ]
SQL: SELECT * FROM `cloud_ads` WHERE ( uid=11 )  [ RunTime:0.0004s ]
NOTIC: [8] Undefined index: ad_hotel D:\xampp\htdocs\Cloud\App\Admin\Controller\AdmanageController.class.php 第 127 行.
SQL: SHOW COLUMNS FROM `cloud_hotel` [ RunTime:0.0022s ]
SQL: SELECT `h_name` FROM `cloud_hotel` WHERE `id` IN ('')  [ RunTime:0.0003s ]
SQL: SELECT `h_name` FROM `cloud_hotel` WHERE `id` IN ('11','12')  [ RunTime:0.0003s ]
SQL: SELECT `h_name` FROM `cloud_hotel` WHERE `id` IN ('')  [ RunTime:0.0002s ]
SQL: SELECT `h_name` FROM `cloud_hotel` WHERE `id` IN ('')  [ RunTime:0.0002s ]
SQL: SELECT `h_name` FROM `cloud_hotel` WHERE `id` IN ('13')  [ RunTime:0.0002s ]
SQL: SELECT `h_name` FROM `cloud_hotel` WHERE `id` IN ('12','13','17')  [ RunTime:0.0002s ]
SQL: SELECT `h_name` FROM `cloud_hotel` WHERE `id` IN ('11','12')  [ RunTime:0.0003s ]
SQL: SELECT `h_name` FROM `cloud_hotel` WHERE `id` IN ('13','14','16')  [ RunTime:0.0003s ]
SQL: SELECT `h_name` FROM `cloud_hotel` WHERE `id` IN ('12','13')  [ RunTime:0.0004s ]
SQL: SELECT `h_name` FROM `cloud_hotel` WHERE `id` IN ('13')  [ RunTime:0.0006s ]
SQL: SELECT `h_name` FROM `cloud_hotel` WHERE `id` IN ('11','12','13','14')  [ RunTime:0.0007s ]

[ 2017-12-23T10:17:47+08:00 ] ::1 /cloud/index.php/Admin/Admanage/myadlist.html
INFO: [ app_init ] --START--
INFO: Run Behavior\BuildLiteBehavior [ RunTime:0.000012s ]
INFO: [ app_init ] --END-- [ RunTime:0.000392s ]
INFO: [ app_begin ] --START--
INFO: Run Behavior\ReadHtmlCacheBehavior [ RunTime:0.000520s ]
INFO: [ app_begin ] --END-- [ RunTime:0.000570s ]
NOTIC: [8] A session had already been started - ignoring session_start() D:\xampp\htdocs\Cloud\App\Admin\Controller\ComController.class.php 第 119 行.
SQL: SHOW COLUMNS FROM `cloud_member` [ RunTime:0.0077s ]
SQL: SELECT * FROM `cloud_member` WHERE `uid` = 11 LIMIT 1   [ RunTime:0.0005s ]
SQL: SELECT * FROM cloud_auth_group g left join cloud_auth_group_access a on g.id=a.group_id where a.uid=11 [ RunTime:0.0003s ]
SQL: SHOW COLUMNS FROM `cloud_member` [ RunTime:0.0025s ]
SQL: SELECT * FROM `cloud_member` WHERE `uid` = 11 LIMIT 1   [ RunTime:0.0003s ]
SQL: SELECT title FROM cloud_auth_group_access ga LEFT JOIN cloud_auth_group g ON ga.group_id=g.id where uid=11 [ RunTime:0.0003s ]
SQL: SELECT s.id,s.title,s.name,s.tips,s.pid,p.pid as ppid,p.title as ptitle FROM cloud_auth_rule s left join cloud_auth_rule p on p.id=s.pid where s.name='Admanage/myadlist' [ RunTime:0.0003s ]
SQL: SHOW COLUMNS FROM `cloud_auth_rule` [ RunTime:0.0034s ]
SQL: SELECT `id`,`title`,`pid`,`name`,`icon` FROM `cloud_auth_rule` WHERE ( islink=1 AND id in (101,106,105,48,49,50,55)  ) ORDER BY o ASC  [ RunTime:0.0005s ]
SQL: SHOW COLUMNS FROM `cloud_ads` [ RunTime:0.0030s ]
SQL: UPDATE `cloud_ads` SET `is_delete`='1' WHERE `endtime` < '2017-12-23' [ RunTime:0.0006s ]
SQL: UPDATE `cloud_ads` SET `is_delete`='0' WHERE `endtime` > '2017-12-23' [ RunTime:0.0006s ]
SQL: SELECT * FROM `cloud_ads` WHERE ( uid=11 )  [ RunTime:0.0006s ]
NOTIC: [8] Undefined index: ad_hotel D:\xampp\htdocs\Cloud\App\Admin\Controller\AdmanageController.class.php 第 127 行.
SQL: SHOW COLUMNS FROM `cloud_hotel` [ RunTime:0.0023s ]
SQL: SELECT `h_name` FROM `cloud_hotel` WHERE `id` IN ('')  [ RunTime:0.0003s ]
SQL: SELECT `h_name` FROM `cloud_hotel` WHERE `id` IN ('11','12')  [ RunTime:0.0002s ]
SQL: SELECT `h_name` FROM `cloud_hotel` WHERE `id` IN ('')  [ RunTime:0.0002s ]
SQL: SELECT `h_name` FROM `cloud_hotel` WHERE `id` IN ('')  [ RunTime:0.0002s ]
SQL: SELECT `h_name` FROM `cloud_hotel` WHERE `id` IN ('13')  [ RunTime:0.0002s ]
SQL: SELECT `h_name` FROM `cloud_hotel` WHERE `id` IN ('12','13','17')  [ RunTime:0.0002s ]
SQL: SELECT `h_name` FROM `cloud_hotel` WHERE `id` IN ('11','12')  [ RunTime:0.0002s ]
SQL: SELECT `h_name` FROM `cloud_hotel` WHERE `id` IN ('13','14','16')  [ RunTime:0.0002s ]
SQL: SELECT `h_name` FROM `cloud_hotel` WHERE `id` IN ('12','13')  [ RunTime:0.0002s ]
SQL: SELECT `h_name` FROM `cloud_hotel` WHERE `id` IN ('13')  [ RunTime:0.0002s ]
SQL: SELECT `h_name` FROM `cloud_hotel` WHERE `id` IN ('11','12','13','14')  [ RunTime:0.0002s ]
INFO: [ view_parse ] --START--
INFO: [ template_filter ] --START--
INFO: Run Behavior\ContentReplaceBehavior [ RunTime:0.000280s ]
INFO: [ template_filter ] --END-- [ RunTime:0.000348s ]
NOTIC: [8] Undefined variable: 1 D:\xampp\htdocs\Cloud\App\Runtime\Cache\Admin\a635a2b326dd7ff570395f73ee942bca.php 第 430 行.
NOTIC: [8] Undefined index: adshowcount D:\xampp\htdocs\Cloud\App\Runtime\Cache\Admin\a635a2b326dd7ff570395f73ee942bca.php 第 454 行.
NOTIC: [8] Undefined index: address D:\xampp\htdocs\Cloud\App\Runtime\Cache\Admin\a635a2b326dd7ff570395f73ee942bca.php 第 466 行.
NOTIC: [8] Undefined variable: 1 D:\xampp\htdocs\Cloud\App\Runtime\Cache\Admin\a635a2b326dd7ff570395f73ee942bca.php 第 430 行.
NOTIC: [8] Undefined index: adshowcount D:\xampp\htdocs\Cloud\App\Runtime\Cache\Admin\a635a2b326dd7ff570395f73ee942bca.php 第 454 行.
NOTIC: [8] Undefined index: address D:\xampp\htdocs\Cloud\App\Runtime\Cache\Admin\a635a2b326dd7ff570395f73ee942bca.php 第 466 行.
NOTIC: [8] Undefined variable: 1 D:\xampp\htdocs\Cloud\App\Runtime\Cache\Admin\a635a2b326dd7ff570395f73ee942bca.php 第 509 行.
NOTIC: [8] Undefined index: adshowcount D:\xampp\htdocs\Cloud\App\Runtime\Cache\Admin\a635a2b326dd7ff570395f73ee942bca.php 第 533 行.
NOTIC: [8] Undefined index: address D:\xampp\htdocs\Cloud\App\Runtime\Cache\Admin\a635a2b326dd7ff570395f73ee942bca.php 第 543 行.
NOTIC: [8] Undefined variable: 1 D:\xampp\htdocs\Cloud\App\Runtime\Cache\Admin\a635a2b326dd7ff570395f73ee942bca.php 第 509 行.
NOTIC: [8] Undefined index: adshowcount D:\xampp\htdocs\Cloud\App\Runtime\Cache\Admin\a635a2b326dd7ff570395f73ee942bca.php 第 533 行.
NOTIC: [8] Undefined index: address D:\xampp\htdocs\Cloud\App\Runtime\Cache\Admin\a635a2b326dd7ff570395f73ee942bca.php 第 543 行.
NOTIC: [8] Undefined variable: 1 D:\xampp\htdocs\Cloud\App\Runtime\Cache\Admin\a635a2b326dd7ff570395f73ee942bca.php 第 509 行.
NOTIC: [8] Undefined index: adshowcount D:\xampp\htdocs\Cloud\App\Runtime\Cache\Admin\a635a2b326dd7ff570395f73ee942bca.php 第 533 行.
NOTIC: [8] Undefined index: address D:\xampp\htdocs\Cloud\App\Runtime\Cache\Admin\a635a2b326dd7ff570395f73ee942bca.php 第 543 行.
NOTIC: [8] Undefined variable: 1 D:\xampp\htdocs\Cloud\App\Runtime\Cache\Admin\a635a2b326dd7ff570395f73ee942bca.php 第 509 行.
NOTIC: [8] Undefined index: adshowcount D:\xampp\htdocs\Cloud\App\Runtime\Cache\Admin\a635a2b326dd7ff570395f73ee942bca.php 第 533 行.
NOTIC: [8] Undefined index: address D:\xampp\htdocs\Cloud\App\Runtime\Cache\Admin\a635a2b326dd7ff570395f73ee942bca.php 第 543 行.
NOTIC: [8] Undefined variable: 1 D:\xampp\htdocs\Cloud\App\Runtime\Cache\Admin\a635a2b326dd7ff570395f73ee942bca.php 第 588 行.
NOTIC: [8] Undefined index: adshowcount D:\xampp\htdocs\Cloud\App\Runtime\Cache\Admin\a635a2b326dd7ff570395f73ee942bca.php 第 612 行.
NOTIC: [8] Undefined index: address D:\xampp\htdocs\Cloud\App\Runtime\Cache\Admin\a635a2b326dd7ff570395f73ee942bca.php 第 622 行.
NOTIC: [8] Undefined variable: 1 D:\xampp\htdocs\Cloud\App\Runtime\Cache\Admin\a635a2b326dd7ff570395f73ee942bca.php 第 588 行.
NOTIC: [8] Undefined index: adshowcount D:\xampp\htdocs\Cloud\App\Runtime\Cache\Admin\a635a2b326dd7ff570395f73ee942bca.php 第 612 行.
NOTIC: [8] Undefined index: address D:\xampp\htdocs\Cloud\App\Runtime\Cache\Admin\a635a2b326dd7ff570395f73ee942bca.php 第 622 行.
NOTIC: [8] Undefined variable: 1 D:\xampp\htdocs\Cloud\App\Runtime\Cache\Admin\a635a2b326dd7ff570395f73ee942bca.php 第 682 行.
NOTIC: [8] Undefined index: adshowcount D:\xampp\htdocs\Cloud\App\Runtime\Cache\Admin\a635a2b326dd7ff570395f73ee942bca.php 第 707 行.
NOTIC: [8] Undefined index: address D:\xampp\htdocs\Cloud\App\Runtime\Cache\Admin\a635a2b326dd7ff570395f73ee942bca.php 第 717 行.
NOTIC: [8] Undefined variable: 1 D:\xampp\htdocs\Cloud\App\Runtime\Cache\Admin\a635a2b326dd7ff570395f73ee942bca.php 第 682 行.
NOTIC: [8] Undefined index: adshowcount D:\xampp\htdocs\Cloud\App\Runtime\Cache\Admin\a635a2b326dd7ff570395f73ee942bca.php 第 707 行.
NOTIC: [8] Undefined index: address D:\xampp\htdocs\Cloud\App\Runtime\Cache\Admin\a635a2b326dd7ff570395f73ee942bca.php 第 717 行.
NOTIC: [8] Undefined variable: 1 D:\xampp\htdocs\Cloud\App\Runtime\Cache\Admin\a635a2b326dd7ff570395f73ee942bca.php 第 682 行.
NOTIC: [8] Undefined index: adshowcount D:\xampp\htdocs\Cloud\App\Runtime\Cache\Admin\a635a2b326dd7ff570395f73ee942bca.php 第 707 行.
NOTIC: [8] Undefined index: address D:\xampp\htdocs\Cloud\App\Runtime\Cache\Admin\a635a2b326dd7ff570395f73ee942bca.php 第 717 行.
INFO: Run Behavior\ParseTemplateBehavior [ RunTime:0.040556s ]
INFO: [ view_parse ] --END-- [ RunTime:0.040621s ]
INFO: [ view_filter ] --START--
INFO: Run Behavior\WriteHtmlCacheBehavior [ RunTime:0.000747s ]
INFO: [ view_filter ] --END-- [ RunTime:0.000811s ]
INFO: [ app_end ] --START--
INFO: Run Behavior\ShowPageTraceBehavior [ RunTime:0.001032s ]
INFO: [ app_end ] --END-- [ RunTime:0.001118s ]

[ 2017-12-23T10:18:46+08:00 ] ::1 /cloud/index.php/Admin/Admanage/myadlist.html
INFO: [ app_init ] --START--
INFO: Run Behavior\BuildLiteBehavior [ RunTime:0.000011s ]
INFO: [ app_init ] --END-- [ RunTime:0.000515s ]
INFO: [ app_begin ] --START--
INFO: Run Behavior\ReadHtmlCacheBehavior [ RunTime:0.000592s ]
INFO: [ app_begin ] --END-- [ RunTime:0.000634s ]
NOTIC: [8] A session had already been started - ignoring session_start() D:\xampp\htdocs\Cloud\App\Admin\Controller\ComController.class.php 第 119 行.
SQL: SHOW COLUMNS FROM `cloud_member` [ RunTime:0.0029s ]
SQL: SELECT * FROM `cloud_member` WHERE `uid` = 11 LIMIT 1   [ RunTime:0.0004s ]
SQL: SELECT * FROM cloud_auth_group g left join cloud_auth_group_access a on g.id=a.group_id where a.uid=11 [ RunTime:0.0003s ]
SQL: SHOW COLUMNS FROM `cloud_member` [ RunTime:0.0026s ]
SQL: SELECT * FROM `cloud_member` WHERE `uid` = 11 LIMIT 1   [ RunTime:0.0004s ]
SQL: SELECT title FROM cloud_auth_group_access ga LEFT JOIN cloud_auth_group g ON ga.group_id=g.id where uid=11 [ RunTime:0.0003s ]
SQL: SELECT s.id,s.title,s.name,s.tips,s.pid,p.pid as ppid,p.title as ptitle FROM cloud_auth_rule s left join cloud_auth_rule p on p.id=s.pid where s.name='Admanage/myadlist' [ RunTime:0.0004s ]
SQL: SHOW COLUMNS FROM `cloud_auth_rule` [ RunTime:0.0024s ]
SQL: SELECT `id`,`title`,`pid`,`name`,`icon` FROM `cloud_auth_rule` WHERE ( islink=1 AND id in (101,106,105,48,49,50,55)  ) ORDER BY o ASC  [ RunTime:0.0004s ]
SQL: SHOW COLUMNS FROM `cloud_ads` [ RunTime:0.0029s ]
SQL: UPDATE `cloud_ads` SET `is_delete`='1' WHERE `endtime` < '2017-12-23' [ RunTime:0.0007s ]
SQL: UPDATE `cloud_ads` SET `is_delete`='0' WHERE `endtime` > '2017-12-23' [ RunTime:0.0004s ]
SQL: SELECT * FROM `cloud_ads` WHERE ( uid=11 )  [ RunTime:0.0004s ]
NOTIC: [8] Undefined index: ad_hotel D:\xampp\htdocs\Cloud\App\Admin\Controller\AdmanageController.class.php 第 127 行.
SQL: SHOW COLUMNS FROM `cloud_hotel` [ RunTime:0.0027s ]
SQL: SELECT `h_name` FROM `cloud_hotel` WHERE `id` IN ('')  [ RunTime:0.0003s ]
SQL: SELECT `h_name` FROM `cloud_hotel` WHERE `id` IN ('11','12')  [ RunTime:0.0003s ]
SQL: SELECT `h_name` FROM `cloud_hotel` WHERE `id` IN ('')  [ RunTime:0.0002s ]
SQL: SELECT `h_name` FROM `cloud_hotel` WHERE `id` IN ('')  [ RunTime:0.0002s ]
SQL: SELECT `h_name` FROM `cloud_hotel` WHERE `id` IN ('13')  [ RunTime:0.0003s ]
SQL: SELECT `h_name` FROM `cloud_hotel` WHERE `id` IN ('12','13','17')  [ RunTime:0.0003s ]
SQL: SELECT `h_name` FROM `cloud_hotel` WHERE `id` IN ('11','12')  [ RunTime:0.0003s ]
SQL: SELECT `h_name` FROM `cloud_hotel` WHERE `id` IN ('13','14','16')  [ RunTime:0.0003s ]
SQL: SELECT `h_name` FROM `cloud_hotel` WHERE `id` IN ('12','13')  [ RunTime:0.0003s ]
SQL: SELECT `h_name` FROM `cloud_hotel` WHERE `id` IN ('13')  [ RunTime:0.0002s ]
SQL: SELECT `h_name` FROM `cloud_hotel` WHERE `id` IN ('11','12','13','14')  [ RunTime:0.0003s ]
INFO: [ view_parse ] --START--
INFO: [ template_filter ] --START--
INFO: Run Behavior\ContentReplaceBehavior [ RunTime:0.000213s ]
INFO: [ template_filter ] --END-- [ RunTime:0.000263s ]
NOTIC: [8] Undefined variable: 1 D:\xampp\htdocs\Cloud\App\Runtime\Cache\Admin\a635a2b326dd7ff570395f73ee942bca.php 第 430 行.
NOTIC: [8] Undefined index: adshowcount D:\xampp\htdocs\Cloud\App\Runtime\Cache\Admin\a635a2b326dd7ff570395f73ee942bca.php 第 454 行.
NOTIC: [8] Undefined index: address D:\xampp\htdocs\Cloud\App\Runtime\Cache\Admin\a635a2b326dd7ff570395f73ee942bca.php 第 466 行.
NOTIC: [8] Undefined variable: 1 D:\xampp\htdocs\Cloud\App\Runtime\Cache\Admin\a635a2b326dd7ff570395f73ee942bca.php 第 430 行.
NOTIC: [8] Undefined index: adshowcount D:\xampp\htdocs\Cloud\App\Runtime\Cache\Admin\a635a2b326dd7ff570395f73ee942bca.php 第 454 行.
NOTIC: [8] Undefined index: address D:\xampp\htdocs\Cloud\App\Runtime\Cache\Admin\a635a2b326dd7ff570395f73ee942bca.php 第 466 行.
NOTIC: [8] Undefined variable: 1 D:\xampp\htdocs\Cloud\App\Runtime\Cache\Admin\a635a2b326dd7ff570395f73ee942bca.php 第 509 行.
NOTIC: [8] Undefined index: adshowcount D:\xampp\htdocs\Cloud\App\Runtime\Cache\Admin\a635a2b326dd7ff570395f73ee942bca.php 第 533 行.
NOTIC: [8] Undefined index: address D:\xampp\htdocs\Cloud\App\Runtime\Cache\Admin\a635a2b326dd7ff570395f73ee942bca.php 第 543 行.
NOTIC: [8] Undefined variable: 1 D:\xampp\htdocs\Cloud\App\Runtime\Cache\Admin\a635a2b326dd7ff570395f73ee942bca.php 第 509 行.
NOTIC: [8] Undefined index: adshowcount D:\xampp\htdocs\Cloud\App\Runtime\Cache\Admin\a635a2b326dd7ff570395f73ee942bca.php 第 533 行.
NOTIC: [8] Undefined index: address D:\xampp\htdocs\Cloud\App\Runtime\Cache\Admin\a635a2b326dd7ff570395f73ee942bca.php 第 543 行.
NOTIC: [8] Undefined variable: 1 D:\xampp\htdocs\Cloud\App\Runtime\Cache\Admin\a635a2b326dd7ff570395f73ee942bca.php 第 509 行.
NOTIC: [8] Undefined index: adshowcount D:\xampp\htdocs\Cloud\App\Runtime\Cache\Admin\a635a2b326dd7ff570395f73ee942bca.php 第 533 行.
NOTIC: [8] Undefined index: address D:\xampp\htdocs\Cloud\App\Runtime\Cache\Admin\a635a2b326dd7ff570395f73ee942bca.php 第 543 行.
NOTIC: [8] Undefined variable: 1 D:\xampp\htdocs\Cloud\App\Runtime\Cache\Admin\a635a2b326dd7ff570395f73ee942bca.php 第 509 行.
NOTIC: [8] Undefined index: adshowcount D:\xampp\htdocs\Cloud\App\Runtime\Cache\Admin\a635a2b326dd7ff570395f73ee942bca.php 第 533 行.
NOTIC: [8] Undefined index: address D:\xampp\htdocs\Cloud\App\Runtime\Cache\Admin\a635a2b326dd7ff570395f73ee942bca.php 第 543 行.
NOTIC: [8] Undefined variable: 1 D:\xampp\htdocs\Cloud\App\Runtime\Cache\Admin\a635a2b326dd7ff570395f73ee942bca.php 第 588 行.
NOTIC: [8] Undefined index: adshowcount D:\xampp\htdocs\Cloud\App\Runtime\Cache\Admin\a635a2b326dd7ff570395f73ee942bca.php 第 612 行.
NOTIC: [8] Undefined index: address D:\xampp\htdocs\Cloud\App\Runtime\Cache\Admin\a635a2b326dd7ff570395f73ee942bca.php 第 622 行.
NOTIC: [8] Undefined variable: 1 D:\xampp\htdocs\Cloud\App\Runtime\Cache\Admin\a635a2b326dd7ff570395f73ee942bca.php 第 588 行.
NOTIC: [8] Undefined index: adshowcount D:\xampp\htdocs\Cloud\App\Runtime\Cache\Admin\a635a2b326dd7ff570395f73ee942bca.php 第 612 行.
NOTIC: [8] Undefined index: address D:\xampp\htdocs\Cloud\App\Runtime\Cache\Admin\a635a2b326dd7ff570395f73ee942bca.php 第 622 行.
NOTIC: [8] Undefined variable: 1 D:\xampp\htdocs\Cloud\App\Runtime\Cache\Admin\a635a2b326dd7ff570395f73ee942bca.php 第 682 行.
NOTIC: [8] Undefined index: adshowcount D:\xampp\htdocs\Cloud\App\Runtime\Cache\Admin\a635a2b326dd7ff570395f73ee942bca.php 第 707 行.
NOTIC: [8] Undefined index: address D:\xampp\htdocs\Cloud\App\Runtime\Cache\Admin\a635a2b326dd7ff570395f73ee942bca.php 第 717 行.
NOTIC: [8] Undefined variable: 1 D:\xampp\htdocs\Cloud\App\Runtime\Cache\Admin\a635a2b326dd7ff570395f73ee942bca.php 第 682 行.
NOTIC: [8] Undefined index: adshowcount D:\xampp\htdocs\Cloud\App\Runtime\Cache\Admin\a635a2b326dd7ff570395f73ee942bca.php 第 707 行.
NOTIC: [8] Undefined index: address D:\xampp\htdocs\Cloud\App\Runtime\Cache\Admin\a635a2b326dd7ff570395f73ee942bca.php 第 717 行.
NOTIC: [8] Undefined variable: 1 D:\xampp\htdocs\Cloud\App\Runtime\Cache\Admin\a635a2b326dd7ff570395f73ee942bca.php 第 682 行.
NOTIC: [8] Undefined index: adshowcount D:\xampp\htdocs\Cloud\App\Runtime\Cache\Admin\a635a2b326dd7ff570395f73ee942bca.php 第 707 行.
NOTIC: [8] Undefined index: address D:\xampp\htdocs\Cloud\App\Runtime\Cache\Admin\a635a2b326dd7ff570395f73ee942bca.php 第 717 行.
INFO: Run Behavior\ParseTemplateBehavior [ RunTime:0.030593s ]
INFO: [ view_parse ] --END-- [ RunTime:0.030636s ]
INFO: [ view_filter ] --START--
INFO: Run Behavior\WriteHtmlCacheBehavior [ RunTime:0.000369s ]
INFO: [ view_filter ] --END-- [ RunTime:0.000398s ]
INFO: [ app_end ] --START--
INFO: Run Behavior\ShowPageTraceBehavior [ RunTime:0.000613s ]
INFO: [ app_end ] --END-- [ RunTime:0.000665s ]

[ 2017-12-23T10:31:19+08:00 ] ::1 /cloud/index.php/Admin/Admanage/add.html
INFO: [ app_init ] --START--
INFO: Run Behavior\BuildLiteBehavior [ RunTime:0.000009s ]
INFO: [ app_init ] --END-- [ RunTime:0.000444s ]
INFO: [ app_begin ] --START--
INFO: Run Behavior\ReadHtmlCacheBehavior [ RunTime:0.000577s ]
INFO: [ app_begin ] --END-- [ RunTime:0.000620s ]
NOTIC: [8] A session had already been started - ignoring session_start() D:\xampp\htdocs\Cloud\App\Admin\Controller\ComController.class.php 第 119 行.
SQL: SHOW COLUMNS FROM `cloud_member` [ RunTime:0.0474s ]
SQL: SELECT * FROM `cloud_member` WHERE `uid` = 11 LIMIT 1   [ RunTime:0.0004s ]
SQL: SELECT * FROM cloud_auth_group g left join cloud_auth_group_access a on g.id=a.group_id where a.uid=11 [ RunTime:0.0003s ]
SQL: SHOW COLUMNS FROM `cloud_member` [ RunTime:0.0021s ]
SQL: SELECT * FROM `cloud_member` WHERE `uid` = 11 LIMIT 1   [ RunTime:0.0004s ]
SQL: SELECT title FROM cloud_auth_group_access ga LEFT JOIN cloud_auth_group g ON ga.group_id=g.id where uid=11 [ RunTime:0.0003s ]
SQL: SELECT s.id,s.title,s.name,s.tips,s.pid,p.pid as ppid,p.title as ptitle FROM cloud_auth_rule s left join cloud_auth_rule p on p.id=s.pid where s.name='Admanage/add' [ RunTime:0.0004s ]
SQL: SHOW COLUMNS FROM `cloud_auth_rule` [ RunTime:0.0022s ]
SQL: SELECT `id`,`title`,`pid`,`name`,`icon` FROM `cloud_auth_rule` WHERE ( islink=1 AND id in (101,106,105,48,49,50,55)  ) ORDER BY o ASC  [ RunTime:0.0005s ]
NOTIC: [8] Use of undefined constant uniqid - assumed 'uniqid' D:\xampp\htdocs\Cloud\App\Admin\Controller\AdmanageController.class.php 第 195 行.
SQL: SHOW COLUMNS FROM `cloud_ads_type` [ RunTime:0.0240s ]
SQL: SHOW COLUMNS FROM `cloud_org` [ RunTime:0.0021s ]
SQL: SELECT * FROM `cloud_org` WHERE ( id>0 )  [ RunTime:0.0004s ]
SQL: SELECT * FROM `cloud_ads_type`  [ RunTime:0.0003s ]
INFO: [ view_parse ] --START--
INFO: [ template_filter ] --START--
INFO: Run Behavior\ContentReplaceBehavior [ RunTime:0.000135s ]
INFO: [ template_filter ] --END-- [ RunTime:0.000176s ]
NOTIC: [8] Undefined index: typename D:\xampp\htdocs\Cloud\App\Runtime\Cache\Admin\9bd46574c58ffeb34d93a834ddb9847e.php 第 451 行.
INFO: Run Behavior\ParseTemplateBehavior [ RunTime:0.027686s ]
INFO: [ view_parse ] --END-- [ RunTime:0.027728s ]
INFO: [ view_filter ] --START--
INFO: Run Behavior\WriteHtmlCacheBehavior [ RunTime:0.000527s ]
INFO: [ view_filter ] --END-- [ RunTime:0.000559s ]
INFO: [ app_end ] --START--
INFO: Run Behavior\ShowPageTraceBehavior [ RunTime:0.000615s ]
INFO: [ app_end ] --END-- [ RunTime:0.000672s ]

[ 2017-12-23T10:31:39+08:00 ] ::1 /cloud/index.php/Admin/Admanage/myadlist.html
INFO: [ app_init ] --START--
INFO: Run Behavior\BuildLiteBehavior [ RunTime:0.000013s ]
INFO: [ app_init ] --END-- [ RunTime:0.000461s ]
INFO: [ app_begin ] --START--
INFO: Run Behavior\ReadHtmlCacheBehavior [ RunTime:0.000469s ]
INFO: [ app_begin ] --END-- [ RunTime:0.000526s ]
NOTIC: [8] A session had already been started - ignoring session_start() D:\xampp\htdocs\Cloud\App\Admin\Controller\ComController.class.php 第 119 行.
SQL: SHOW COLUMNS FROM `cloud_member` [ RunTime:0.0075s ]
SQL: SELECT * FROM `cloud_member` WHERE `uid` = 11 LIMIT 1   [ RunTime:0.0016s ]
SQL: SELECT * FROM cloud_auth_group g left join cloud_auth_group_access a on g.id=a.group_id where a.uid=11 [ RunTime:0.0004s ]
SQL: SHOW COLUMNS FROM `cloud_member` [ RunTime:0.0027s ]
SQL: SELECT * FROM `cloud_member` WHERE `uid` = 11 LIMIT 1   [ RunTime:0.0003s ]
SQL: SELECT title FROM cloud_auth_group_access ga LEFT JOIN cloud_auth_group g ON ga.group_id=g.id where uid=11 [ RunTime:0.0003s ]
SQL: SELECT s.id,s.title,s.name,s.tips,s.pid,p.pid as ppid,p.title as ptitle FROM cloud_auth_rule s left join cloud_auth_rule p on p.id=s.pid where s.name='Admanage/myadlist' [ RunTime:0.0004s ]
SQL: SHOW COLUMNS FROM `cloud_auth_rule` [ RunTime:0.0022s ]
SQL: SELECT `id`,`title`,`pid`,`name`,`icon` FROM `cloud_auth_rule` WHERE ( islink=1 AND id in (101,106,105,48,49,50,55)  ) ORDER BY o ASC  [ RunTime:0.0005s ]
SQL: SHOW COLUMNS FROM `cloud_ads` [ RunTime:0.0024s ]
SQL: UPDATE `cloud_ads` SET `is_delete`='1' WHERE `endtime` < '2017-12-23' [ RunTime:0.0004s ]
SQL: UPDATE `cloud_ads` SET `is_delete`='0' WHERE `endtime` > '2017-12-23' [ RunTime:0.0003s ]
SQL: SELECT * FROM `cloud_ads` WHERE ( uid=11 )  [ RunTime:0.0004s ]
NOTIC: [8] Undefined index: ad_hotel D:\xampp\htdocs\Cloud\App\Admin\Controller\AdmanageController.class.php 第 127 行.
SQL: SHOW COLUMNS FROM `cloud_hotel` [ RunTime:0.0025s ]
SQL: SELECT `h_name` FROM `cloud_hotel` WHERE `id` IN ('')  [ RunTime:0.0004s ]
SQL: SELECT `h_name` FROM `cloud_hotel` WHERE `id` IN ('11','12')  [ RunTime:0.0003s ]
SQL: SELECT `h_name` FROM `cloud_hotel` WHERE `id` IN ('')  [ RunTime:0.0003s ]
SQL: SELECT `h_name` FROM `cloud_hotel` WHERE `id` IN ('')  [ RunTime:0.0002s ]
SQL: SELECT `h_name` FROM `cloud_hotel` WHERE `id` IN ('13')  [ RunTime:0.0002s ]
SQL: SELECT `h_name` FROM `cloud_hotel` WHERE `id` IN ('12','13','17')  [ RunTime:0.0003s ]
SQL: SELECT `h_name` FROM `cloud_hotel` WHERE `id` IN ('11','12')  [ RunTime:0.0003s ]
SQL: SELECT `h_name` FROM `cloud_hotel` WHERE `id` IN ('13','14','16')  [ RunTime:0.0003s ]
SQL: SELECT `h_name` FROM `cloud_hotel` WHERE `id` IN ('12','13')  [ RunTime:0.0003s ]
SQL: SELECT `h_name` FROM `cloud_hotel` WHERE `id` IN ('13')  [ RunTime:0.0002s ]
SQL: SELECT `h_name` FROM `cloud_hotel` WHERE `id` IN ('11','12','13','14')  [ RunTime:0.0003s ]
INFO: [ view_parse ] --START--
INFO: [ template_filter ] --START--
INFO: Run Behavior\ContentReplaceBehavior [ RunTime:0.000161s ]
INFO: [ template_filter ] --END-- [ RunTime:0.000203s ]
NOTIC: [8] Undefined variable: 1 D:\xampp\htdocs\Cloud\App\Runtime\Cache\Admin\a635a2b326dd7ff570395f73ee942bca.php 第 430 行.
NOTIC: [8] Undefined index: adshowcount D:\xampp\htdocs\Cloud\App\Runtime\Cache\Admin\a635a2b326dd7ff570395f73ee942bca.php 第 454 行.
NOTIC: [8] Undefined index: address D:\xampp\htdocs\Cloud\App\Runtime\Cache\Admin\a635a2b326dd7ff570395f73ee942bca.php 第 466 行.
NOTIC: [8] Undefined variable: 1 D:\xampp\htdocs\Cloud\App\Runtime\Cache\Admin\a635a2b326dd7ff570395f73ee942bca.php 第 430 行.
NOTIC: [8] Undefined index: adshowcount D:\xampp\htdocs\Cloud\App\Runtime\Cache\Admin\a635a2b326dd7ff570395f73ee942bca.php 第 454 行.
NOTIC: [8] Undefined index: address D:\xampp\htdocs\Cloud\App\Runtime\Cache\Admin\a635a2b326dd7ff570395f73ee942bca.php 第 466 行.
NOTIC: [8] Undefined variable: 1 D:\xampp\htdocs\Cloud\App\Runtime\Cache\Admin\a635a2b326dd7ff570395f73ee942bca.php 第 509 行.
NOTIC: [8] Undefined index: adshowcount D:\xampp\htdocs\Cloud\App\Runtime\Cache\Admin\a635a2b326dd7ff570395f73ee942bca.php 第 533 行.
NOTIC: [8] Undefined index: address D:\xampp\htdocs\Cloud\App\Runtime\Cache\Admin\a635a2b326dd7ff570395f73ee942bca.php 第 543 行.
NOTIC: [8] Undefined variable: 1 D:\xampp\htdocs\Cloud\App\Runtime\Cache\Admin\a635a2b326dd7ff570395f73ee942bca.php 第 509 行.
NOTIC: [8] Undefined index: adshowcount D:\xampp\htdocs\Cloud\App\Runtime\Cache\Admin\a635a2b326dd7ff570395f73ee942bca.php 第 533 行.
NOTIC: [8] Undefined index: address D:\xampp\htdocs\Cloud\App\Runtime\Cache\Admin\a635a2b326dd7ff570395f73ee942bca.php 第 543 行.
NOTIC: [8] Undefined variable: 1 D:\xampp\htdocs\Cloud\App\Runtime\Cache\Admin\a635a2b326dd7ff570395f73ee942bca.php 第 509 行.
NOTIC: [8] Undefined index: adshowcount D:\xampp\htdocs\Cloud\App\Runtime\Cache\Admin\a635a2b326dd7ff570395f73ee942bca.php 第 533 行.
NOTIC: [8] Undefined index: address D:\xampp\htdocs\Cloud\App\Runtime\Cache\Admin\a635a2b326dd7ff570395f73ee942bca.php 第 543 行.
NOTIC: [8] Undefined variable: 1 D:\xampp\htdocs\Cloud\App\Runtime\Cache\Admin\a635a2b326dd7ff570395f73ee942bca.php 第 509 行.
NOTIC: [8] Undefined index: adshowcount D:\xampp\htdocs\Cloud\App\Runtime\Cache\Admin\a635a2b326dd7ff570395f73ee942bca.php 第 533 行.
NOTIC: [8] Undefined index: address D:\xampp\htdocs\Cloud\App\Runtime\Cache\Admin\a635a2b326dd7ff570395f73ee942bca.php 第 543 行.
NOTIC: [8] Undefined variable: 1 D:\xampp\htdocs\Cloud\App\Runtime\Cache\Admin\a635a2b326dd7ff570395f73ee942bca.php 第 588 行.
NOTIC: [8] Undefined index: adshowcount D:\xampp\htdocs\Cloud\App\Runtime\Cache\Admin\a635a2b326dd7ff570395f73ee942bca.php 第 612 行.
NOTIC: [8] Undefined index: address D:\xampp\htdocs\Cloud\App\Runtime\Cache\Admin\a635a2b326dd7ff570395f73ee942bca.php 第 622 行.
NOTIC: [8] Undefined variable: 1 D:\xampp\htdocs\Cloud\App\Runtime\Cache\Admin\a635a2b326dd7ff570395f73ee942bca.php 第 588 行.
NOTIC: [8] Undefined index: adshowcount D:\xampp\htdocs\Cloud\App\Runtime\Cache\Admin\a635a2b326dd7ff570395f73ee942bca.php 第 612 行.
NOTIC: [8] Undefined index: address D:\xampp\htdocs\Cloud\App\Runtime\Cache\Admin\a635a2b326dd7ff570395f73ee942bca.php 第 622 行.
NOTIC: [8] Undefined variable: 1 D:\xampp\htdocs\Cloud\App\Runtime\Cache\Admin\a635a2b326dd7ff570395f73ee942bca.php 第 682 行.
NOTIC: [8] Undefined index: adshowcount D:\xampp\htdocs\Cloud\App\Runtime\Cache\Admin\a635a2b326dd7ff570395f73ee942bca.php 第 707 行.
NOTIC: [8] Undefined index: address D:\xampp\htdocs\Cloud\App\Runtime\Cache\Admin\a635a2b326dd7ff570395f73ee942bca.php 第 717 行.
NOTIC: [8] Undefined variable: 1 D:\xampp\htdocs\Cloud\App\Runtime\Cache\Admin\a635a2b326dd7ff570395f73ee942bca.php 第 682 行.
NOTIC: [8] Undefined index: adshowcount D:\xampp\htdocs\Cloud\App\Runtime\Cache\Admin\a635a2b326dd7ff570395f73ee942bca.php 第 707 行.
NOTIC: [8] Undefined index: address D:\xampp\htdocs\Cloud\App\Runtime\Cache\Admin\a635a2b326dd7ff570395f73ee942bca.php 第 717 行.
NOTIC: [8] Undefined variable: 1 D:\xampp\htdocs\Cloud\App\Runtime\Cache\Admin\a635a2b326dd7ff570395f73ee942bca.php 第 682 行.
NOTIC: [8] Undefined index: adshowcount D:\xampp\htdocs\Cloud\App\Runtime\Cache\Admin\a635a2b326dd7ff570395f73ee942bca.php 第 707 行.
NOTIC: [8] Undefined index: address D:\xampp\htdocs\Cloud\App\Runtime\Cache\Admin\a635a2b326dd7ff570395f73ee942bca.php 第 717 行.
INFO: Run Behavior\ParseTemplateBehavior [ RunTime:0.029631s ]
INFO: [ view_parse ] --END-- [ RunTime:0.029674s ]
INFO: [ view_filter ] --START--
INFO: Run Behavior\WriteHtmlCacheBehavior [ RunTime:0.000371s ]
INFO: [ view_filter ] --END-- [ RunTime:0.000403s ]
INFO: [ app_end ] --START--
INFO: Run Behavior\ShowPageTraceBehavior [ RunTime:0.000721s ]
INFO: [ app_end ] --END-- [ RunTime:0.000778s ]

[ 2017-12-23T12:49:37+08:00 ] ::1 /Cloud/index.php/Admin/
INFO: [ app_init ] --START--
INFO: Run Behavior\BuildLiteBehavior [ RunTime:0.000020s ]
INFO: [ app_init ] --END-- [ RunTime:0.002506s ]
INFO: [ app_begin ] --START--
INFO: Run Behavior\ReadHtmlCacheBehavior [ RunTime:0.000798s ]
INFO: [ app_begin ] --END-- [ RunTime:0.000888s ]
NOTIC: [8] A session had already been started - ignoring session_start() D:\xampp\htdocs\Cloud\App\Admin\Controller\ComController.class.php 第 119 行.
SQL: SHOW COLUMNS FROM `cloud_member` [ RunTime:0.0088s ]
SQL: SELECT * FROM `cloud_member` WHERE `uid` = 11 LIMIT 1   [ RunTime:0.0005s ]
SQL: SELECT * FROM cloud_auth_group g left join cloud_auth_group_access a on g.id=a.group_id where a.uid=11 [ RunTime:0.0004s ]
SQL: SHOW COLUMNS FROM `cloud_member` [ RunTime:0.0032s ]
SQL: SELECT * FROM `cloud_member` WHERE `uid` = 11 LIMIT 1   [ RunTime:0.0005s ]
SQL: SELECT title FROM cloud_auth_group_access ga LEFT JOIN cloud_auth_group g ON ga.group_id=g.id where uid=11 [ RunTime:0.0004s ]
SQL: SELECT s.id,s.title,s.name,s.tips,s.pid,p.pid as ppid,p.title as ptitle FROM cloud_auth_rule s left join cloud_auth_rule p on p.id=s.pid where s.name='Index/index' [ RunTime:0.0005s ]
SQL: SHOW COLUMNS FROM `cloud_auth_rule` [ RunTime:0.0058s ]
SQL: SELECT `id`,`title`,`pid`,`name`,`icon` FROM `cloud_auth_rule` WHERE ( islink=1 AND id in (101,106,105,48,49,50,55)  ) ORDER BY o ASC  [ RunTime:0.0008s ]
SQL: SELECT SUM(s.num) AS nums, o.org_id, o.h_id, s.*, m.menu_name FROM cloud_order o INNER JOIN cloud_order_sub s ON s.oid = o.id INNER JOIN cloud_cook_menu m ON m.id=s.menu_id WHERE o.org_id = 2 Group by menu_id ORDER BY nums DESC [ RunTime:0.0022s ]
SQL: SELECT SUM(nums) nums FROM(SELECT SUM(s.num) AS nums, o.org_id, o.h_id, s.*, m.menu_name FROM cloud_order o INNER JOIN cloud_order_sub s ON s.oid = o.id INNER JOIN cloud_cook_menu m ON m.id=s.menu_id WHERE o.org_id = 2 Group by menu_id ORDER BY nums DESC LIMIT 5,30) AS A [ RunTime:0.0020s ]
NOTIC: [2] Missing argument 1 for Admin\Model\StatisModel::getTotalByMonthByOrg(), called in D:\xampp\htdocs\Cloud\App\Admin\Controller\IndexController.class.php on line 20 and defined D:\xampp\htdocs\Cloud\App\Admin\Model\StatisModel.class.php 第 71 行.
NOTIC: [8] Undefined variable: year D:\xampp\htdocs\Cloud\App\Admin\Model\StatisModel.class.php 第 72 行.
SQL: SELECT IFNULL(h_name,'合计') AS h_name,
      SUM(IF(year='201701',count,0)) AS month01,
      SUM(IF(year='201702',count,0)) AS month02,
      SUM(IF(year='201703',count,0)) AS month03,
      SUM(IF(year='201704',count,0)) AS month04,
      SUM(IF(year='201705',count,0)) AS month05,
      SUM(IF(year='201706',count,0)) AS month06,
      SUM(IF(year='201707',count,0)) AS month07,
      SUM(IF(year='201708',count,0)) AS month08,
      SUM(IF(year='201709',count,0)) AS month09,
      SUM(IF(year='201710',count,0)) AS month10,
      SUM(IF(year='{November}',count,0)) AS month11,
      SUM(IF(year='201712',count,0)) AS month12,
      SUM(IF(year='total',count,0)) AS total
      FROM(
          SELECT h_name,IFNULL(year,'total') AS year,SUM(count) AS count
          FROM(
            SELECT h_name,FROM_UNIXTIME(order_time,'%Y%m')as year,SUM(o.total_money) count
            FROM cloud_order o
            JOIN cloud_hotel h ON h.id = o.h_id
            WHERE FROM_UNIXTIME(order_time,'%Y') = 2017
            GROUP BY h_name,year
            ) AS A
          GROUP BY h_name,year
          WITH ROLLUP
          HAVING h_name IS NOT NULL
            )AS B
      GROUP BY h_name
      WITH ROLLUP [ RunTime:0.0015s ]
SQL: SELECT SUM(s.num) AS nums, o.org_id, o.h_id, s.*, m.menu_name FROM cloud_order o INNER JOIN cloud_order_sub s ON s.oid = o.id INNER JOIN cloud_cook_menu m ON m.id=s.menu_id WHERE o.org_id = 2 Group by menu_id ORDER BY nums DESC LIMIT 100 [ RunTime:0.0021s ]
SQL: SELECT SUM(total_money) AS money, h.org_id,h.h_name FROM cloud_hotel h INNER JOIN cloud_order o ON o.h_id = h.id  WHERE h.org_id = 2 GROUP BY o.h_id ORDER BY money DESC LIMIT 1 [ RunTime:0.0009s ]
SQL: SELECT COUNT(s.id) AS nums, o.org_id, o.h_id, s.* ,m.menu_name FROM cloud_order o INNER JOIN cloud_order_sub s ON s.oid = o.id INNER JOIN cloud_cook_menu m ON m.id=s.menu_id WHERE o.org_id = 2 Group by menu_id ORDER BY nums ASC LIMIT 1 [ RunTime:0.0056s ]
SQL: SELECT SUM(total_money) AS money, h.org_id,h.h_name FROM cloud_hotel h INNER JOIN cloud_order o ON o.h_id = h.id  WHERE h.org_id = 2 GROUP BY o.h_id ORDER BY money ASC LIMIT 1 [ RunTime:0.0017s ]
NOTIC: [2048] Declaration of Admin\Model\OrgModel::save() should be compatible with Think\Model::save($data = '', $options = Array) D:\xampp\htdocs\Cloud\App\Admin\Model\OrgModel.class.php 第 79 行.
NOTIC: [2048] Declaration of Admin\Model\OrgModel::delete() should be compatible with Think\Model::delete($options = Array) D:\xampp\htdocs\Cloud\App\Admin\Model\OrgModel.class.php 第 79 行.
SQL: SHOW COLUMNS FROM `cloud_org` [ RunTime:0.0033s ]
SQL: SHOW COLUMNS FROM `cloud_hotel` [ RunTime:0.0031s ]
SQL: SELECT * FROM `cloud_hotel` WHERE ( org_id=2 )  [ RunTime:0.0007s ]
SQL: SHOW COLUMNS FROM `cloud_auth_group_access` [ RunTime:0.0064s ]
SQL: SELECT * FROM `cloud_auth_group_access` WHERE ( uid = 11 ) LIMIT 1   [ RunTime:0.0004s ]
NOTIC: [8] Undefined variable: data D:\xampp\htdocs\Cloud\App\Admin\Controller\IndexController.class.php 第 60 行.

[ 2017-12-23T12:49:37+08:00 ] ::1 /Cloud/index.php/Admin/Admanage/myadlist.html
INFO: [ app_init ] --START--
INFO: Run Behavior\BuildLiteBehavior [ RunTime:0.000015s ]
INFO: [ app_init ] --END-- [ RunTime:0.000523s ]
INFO: [ app_begin ] --START--
INFO: Run Behavior\ReadHtmlCacheBehavior [ RunTime:0.000614s ]
INFO: [ app_begin ] --END-- [ RunTime:0.000683s ]
NOTIC: [8] A session had already been started - ignoring session_start() D:\xampp\htdocs\Cloud\App\Admin\Controller\ComController.class.php 第 119 行.
SQL: SHOW COLUMNS FROM `cloud_member` [ RunTime:0.0031s ]
SQL: SELECT * FROM `cloud_member` WHERE `uid` = 11 LIMIT 1   [ RunTime:0.0004s ]
SQL: SELECT * FROM cloud_auth_group g left join cloud_auth_group_access a on g.id=a.group_id where a.uid=11 [ RunTime:0.0004s ]
SQL: SHOW COLUMNS FROM `cloud_member` [ RunTime:0.0045s ]
SQL: SELECT * FROM `cloud_member` WHERE `uid` = 11 LIMIT 1   [ RunTime:0.0005s ]
SQL: SELECT title FROM cloud_auth_group_access ga LEFT JOIN cloud_auth_group g ON ga.group_id=g.id where uid=11 [ RunTime:0.0004s ]
SQL: SELECT s.id,s.title,s.name,s.tips,s.pid,p.pid as ppid,p.title as ptitle FROM cloud_auth_rule s left join cloud_auth_rule p on p.id=s.pid where s.name='Admanage/myadlist' [ RunTime:0.0005s ]
SQL: SHOW COLUMNS FROM `cloud_auth_rule` [ RunTime:0.0033s ]
SQL: SELECT `id`,`title`,`pid`,`name`,`icon` FROM `cloud_auth_rule` WHERE ( islink=1 AND id in (101,106,105,48,49,50,55)  ) ORDER BY o ASC  [ RunTime:0.0006s ]
SQL: SHOW COLUMNS FROM `cloud_ads` [ RunTime:0.0032s ]
SQL: UPDATE `cloud_ads` SET `is_delete`='1' WHERE `endtime` < '2017-12-23' [ RunTime:0.0005s ]
SQL: UPDATE `cloud_ads` SET `is_delete`='0' WHERE `endtime` > '2017-12-23' [ RunTime:0.0005s ]
SQL: SELECT * FROM `cloud_ads` WHERE ( uid=11 )  [ RunTime:0.0006s ]
NOTIC: [8] Undefined index: ad_hotel D:\xampp\htdocs\Cloud\App\Admin\Controller\AdmanageController.class.php 第 127 行.
SQL: SHOW COLUMNS FROM `cloud_hotel` [ RunTime:0.0031s ]
SQL: SELECT `h_name` FROM `cloud_hotel` WHERE `id` IN ('')  [ RunTime:0.0003s ]
SQL: SELECT `h_name` FROM `cloud_hotel` WHERE `id` IN ('11','12')  [ RunTime:0.0003s ]
SQL: SELECT `h_name` FROM `cloud_hotel` WHERE `id` IN ('')  [ RunTime:0.0003s ]
SQL: SELECT `h_name` FROM `cloud_hotel` WHERE `id` IN ('')  [ RunTime:0.0002s ]
SQL: SELECT `h_name` FROM `cloud_hotel` WHERE `id` IN ('13')  [ RunTime:0.0002s ]
SQL: SELECT `h_name` FROM `cloud_hotel` WHERE `id` IN ('12','13','17')  [ RunTime:0.0004s ]
SQL: SELECT `h_name` FROM `cloud_hotel` WHERE `id` IN ('11','12')  [ RunTime:0.0004s ]
SQL: SELECT `h_name` FROM `cloud_hotel` WHERE `id` IN ('13','14','16')  [ RunTime:0.0004s ]
SQL: SELECT `h_name` FROM `cloud_hotel` WHERE `id` IN ('12','13')  [ RunTime:0.0004s ]
SQL: SELECT `h_name` FROM `cloud_hotel` WHERE `id` IN ('13')  [ RunTime:0.0003s ]
SQL: SELECT `h_name` FROM `cloud_hotel` WHERE `id` IN ('11','12','13','14')  [ RunTime:0.0003s ]
INFO: [ view_parse ] --START--
INFO: [ template_filter ] --START--
INFO: Run Behavior\ContentReplaceBehavior [ RunTime:0.000282s ]
INFO: [ template_filter ] --END-- [ RunTime:0.000349s ]
NOTIC: [8] Undefined variable: 1 D:\xampp\htdocs\Cloud\App\Runtime\Cache\Admin\a635a2b326dd7ff570395f73ee942bca.php 第 430 行.
NOTIC: [8] Undefined index: adshowcount D:\xampp\htdocs\Cloud\App\Runtime\Cache\Admin\a635a2b326dd7ff570395f73ee942bca.php 第 454 行.
NOTIC: [8] Undefined index: address D:\xampp\htdocs\Cloud\App\Runtime\Cache\Admin\a635a2b326dd7ff570395f73ee942bca.php 第 466 行.
NOTIC: [8] Undefined variable: 1 D:\xampp\htdocs\Cloud\App\Runtime\Cache\Admin\a635a2b326dd7ff570395f73ee942bca.php 第 430 行.
NOTIC: [8] Undefined index: adshowcount D:\xampp\htdocs\Cloud\App\Runtime\Cache\Admin\a635a2b326dd7ff570395f73ee942bca.php 第 454 行.
NOTIC: [8] Undefined index: address D:\xampp\htdocs\Cloud\App\Runtime\Cache\Admin\a635a2b326dd7ff570395f73ee942bca.php 第 466 行.
NOTIC: [8] Undefined variable: 1 D:\xampp\htdocs\Cloud\App\Runtime\Cache\Admin\a635a2b326dd7ff570395f73ee942bca.php 第 509 行.
NOTIC: [8] Undefined index: adshowcount D:\xampp\htdocs\Cloud\App\Runtime\Cache\Admin\a635a2b326dd7ff570395f73ee942bca.php 第 533 行.
NOTIC: [8] Undefined index: address D:\xampp\htdocs\Cloud\App\Runtime\Cache\Admin\a635a2b326dd7ff570395f73ee942bca.php 第 543 行.
NOTIC: [8] Undefined variable: 1 D:\xampp\htdocs\Cloud\App\Runtime\Cache\Admin\a635a2b326dd7ff570395f73ee942bca.php 第 509 行.
NOTIC: [8] Undefined index: adshowcount D:\xampp\htdocs\Cloud\App\Runtime\Cache\Admin\a635a2b326dd7ff570395f73ee942bca.php 第 533 行.
NOTIC: [8] Undefined index: address D:\xampp\htdocs\Cloud\App\Runtime\Cache\Admin\a635a2b326dd7ff570395f73ee942bca.php 第 543 行.
NOTIC: [8] Undefined variable: 1 D:\xampp\htdocs\Cloud\App\Runtime\Cache\Admin\a635a2b326dd7ff570395f73ee942bca.php 第 509 行.
NOTIC: [8] Undefined index: adshowcount D:\xampp\htdocs\Cloud\App\Runtime\Cache\Admin\a635a2b326dd7ff570395f73ee942bca.php 第 533 行.
NOTIC: [8] Undefined index: address D:\xampp\htdocs\Cloud\App\Runtime\Cache\Admin\a635a2b326dd7ff570395f73ee942bca.php 第 543 行.
NOTIC: [8] Undefined variable: 1 D:\xampp\htdocs\Cloud\App\Runtime\Cache\Admin\a635a2b326dd7ff570395f73ee942bca.php 第 509 行.
NOTIC: [8] Undefined index: adshowcount D:\xampp\htdocs\Cloud\App\Runtime\Cache\Admin\a635a2b326dd7ff570395f73ee942bca.php 第 533 行.
NOTIC: [8] Undefined index: address D:\xampp\htdocs\Cloud\App\Runtime\Cache\Admin\a635a2b326dd7ff570395f73ee942bca.php 第 543 行.
NOTIC: [8] Undefined variable: 1 D:\xampp\htdocs\Cloud\App\Runtime\Cache\Admin\a635a2b326dd7ff570395f73ee942bca.php 第 588 行.
NOTIC: [8] Undefined index: adshowcount D:\xampp\htdocs\Cloud\App\Runtime\Cache\Admin\a635a2b326dd7ff570395f73ee942bca.php 第 612 行.
NOTIC: [8] Undefined index: address D:\xampp\htdocs\Cloud\App\Runtime\Cache\Admin\a635a2b326dd7ff570395f73ee942bca.php 第 622 行.
NOTIC: [8] Undefined variable: 1 D:\xampp\htdocs\Cloud\App\Runtime\Cache\Admin\a635a2b326dd7ff570395f73ee942bca.php 第 588 行.
NOTIC: [8] Undefined index: adshowcount D:\xampp\htdocs\Cloud\App\Runtime\Cache\Admin\a635a2b326dd7ff570395f73ee942bca.php 第 612 行.
NOTIC: [8] Undefined index: address D:\xampp\htdocs\Cloud\App\Runtime\Cache\Admin\a635a2b326dd7ff570395f73ee942bca.php 第 622 行.
NOTIC: [8] Undefined variable: 1 D:\xampp\htdocs\Cloud\App\Runtime\Cache\Admin\a635a2b326dd7ff570395f73ee942bca.php 第 682 行.
NOTIC: [8] Undefined index: adshowcount D:\xampp\htdocs\Cloud\App\Runtime\Cache\Admin\a635a2b326dd7ff570395f73ee942bca.php 第 707 行.
NOTIC: [8] Undefined index: address D:\xampp\htdocs\Cloud\App\Runtime\Cache\Admin\a635a2b326dd7ff570395f73ee942bca.php 第 717 行.
NOTIC: [8] Undefined variable: 1 D:\xampp\htdocs\Cloud\App\Runtime\Cache\Admin\a635a2b326dd7ff570395f73ee942bca.php 第 682 行.
NOTIC: [8] Undefined index: adshowcount D:\xampp\htdocs\Cloud\App\Runtime\Cache\Admin\a635a2b326dd7ff570395f73ee942bca.php 第 707 行.
NOTIC: [8] Undefined index: address D:\xampp\htdocs\Cloud\App\Runtime\Cache\Admin\a635a2b326dd7ff570395f73ee942bca.php 第 717 行.
NOTIC: [8] Undefined variable: 1 D:\xampp\htdocs\Cloud\App\Runtime\Cache\Admin\a635a2b326dd7ff570395f73ee942bca.php 第 682 行.
NOTIC: [8] Undefined index: adshowcount D:\xampp\htdocs\Cloud\App\Runtime\Cache\Admin\a635a2b326dd7ff570395f73ee942bca.php 第 707 行.
NOTIC: [8] Undefined index: address D:\xampp\htdocs\Cloud\App\Runtime\Cache\Admin\a635a2b326dd7ff570395f73ee942bca.php 第 717 行.
INFO: Run Behavior\ParseTemplateBehavior [ RunTime:0.049751s ]
INFO: [ view_parse ] --END-- [ RunTime:0.049818s ]
INFO: [ view_filter ] --START--
INFO: Run Behavior\WriteHtmlCacheBehavior [ RunTime:0.000510s ]
INFO: [ view_filter ] --END-- [ RunTime:0.000557s ]
INFO: [ app_end ] --START--
INFO: Run Behavior\ShowPageTraceBehavior [ RunTime:0.001260s ]
INFO: [ app_end ] --END-- [ RunTime:0.001334s ]

[ 2017-12-23T14:10:07+08:00 ] ::1 /cloud/index.php/Admin/logout/index.html
INFO: [ app_init ] --START--
INFO: Run Behavior\BuildLiteBehavior [ RunTime:0.000016s ]
INFO: [ app_init ] --END-- [ RunTime:0.001407s ]
INFO: [ app_begin ] --START--
INFO: Run Behavior\ReadHtmlCacheBehavior [ RunTime:0.000707s ]
INFO: [ app_begin ] --END-- [ RunTime:0.000752s ]
NOTIC: [8] A session had already been started - ignoring session_start() D:\xampp\htdocs\Cloud\App\Admin\Controller\ComController.class.php 第 119 行.
SQL: SHOW COLUMNS FROM `cloud_member` [ RunTime:0.0031s ]
SQL: SELECT * FROM `cloud_member` WHERE `uid` = 11 LIMIT 1   [ RunTime:0.0004s ]
SQL: SELECT * FROM cloud_auth_group g left join cloud_auth_group_access a on g.id=a.group_id where a.uid=11 [ RunTime:0.0003s ]
SQL: SHOW COLUMNS FROM `cloud_member` [ RunTime:0.0038s ]
SQL: SELECT * FROM `cloud_member` WHERE `uid` = 11 LIMIT 1   [ RunTime:0.0003s ]
SQL: SELECT title FROM cloud_auth_group_access ga LEFT JOIN cloud_auth_group g ON ga.group_id=g.id where uid=11 [ RunTime:0.0003s ]
SQL: SELECT s.id,s.title,s.name,s.tips,s.pid,p.pid as ppid,p.title as ptitle FROM cloud_auth_rule s left join cloud_auth_rule p on p.id=s.pid where s.name='Logout/index' [ RunTime:0.0004s ]
SQL: SHOW COLUMNS FROM `cloud_auth_rule` [ RunTime:0.0027s ]
SQL: SELECT `id`,`title`,`pid`,`name`,`icon` FROM `cloud_auth_rule` WHERE ( islink=1 AND id in (101,106,105,48,49,50,55)  ) ORDER BY o ASC  [ RunTime:0.0005s ]

[ 2017-12-23T14:10:07+08:00 ] ::1 /cloud/index.php/Admin/login/index.html
INFO: [ app_init ] --START--
INFO: Run Behavior\BuildLiteBehavior [ RunTime:0.000012s ]
INFO: [ app_init ] --END-- [ RunTime:0.000473s ]
INFO: [ app_begin ] --START--
INFO: Run Behavior\ReadHtmlCacheBehavior [ RunTime:0.000717s ]
INFO: [ app_begin ] --END-- [ RunTime:0.000756s ]
NOTIC: [8] A session had already been started - ignoring session_start() D:\xampp\htdocs\Cloud\App\Admin\Controller\ComController.class.php 第 119 行.
INFO: [ view_parse ] --START--
INFO: [ template_filter ] --START--
INFO: Run Behavior\ContentReplaceBehavior [ RunTime:0.000051s ]
INFO: [ template_filter ] --END-- [ RunTime:0.000088s ]
NOTIC: [8] Undefined variable: current D:\xampp\htdocs\Cloud\App\Runtime\Cache\Admin\f0f0edaa955fd2857dedea53d1ab9ca3.php 第 7 行.
INFO: Run Behavior\ParseTemplateBehavior [ RunTime:0.006613s ]
INFO: [ view_parse ] --END-- [ RunTime:0.006661s ]
INFO: [ view_filter ] --START--
INFO: Run Behavior\WriteHtmlCacheBehavior [ RunTime:0.000525s ]
INFO: [ view_filter ] --END-- [ RunTime:0.000556s ]
INFO: [ app_end ] --START--
INFO: Run Behavior\ShowPageTraceBehavior [ RunTime:0.000656s ]
INFO: [ app_end ] --END-- [ RunTime:0.000703s ]

[ 2017-12-23T14:10:07+08:00 ] ::1 /cloud/index.php/Admin/login/verify.html
INFO: [ app_init ] --START--
INFO: Run Behavior\BuildLiteBehavior [ RunTime:0.000012s ]
INFO: [ app_init ] --END-- [ RunTime:0.000411s ]
INFO: [ app_begin ] --START--
INFO: Run Behavior\ReadHtmlCacheBehavior [ RunTime:0.000552s ]
INFO: [ app_begin ] --END-- [ RunTime:0.000611s ]
INFO: [ app_end ] --START--
INFO: Run Behavior\ShowPageTraceBehavior [ RunTime:0.000838s ]
INFO: [ app_end ] --END-- [ RunTime:0.000911s ]

[ 2017-12-23T14:10:20+08:00 ] ::1 /cloud/index.php/Admin/login/login.html
INFO: [ app_init ] --START--
INFO: Run Behavior\BuildLiteBehavior [ RunTime:0.000021s ]
INFO: [ app_init ] --END-- [ RunTime:0.000584s ]
INFO: [ app_begin ] --START--
INFO: Run Behavior\ReadHtmlCacheBehavior [ RunTime:0.000621s ]
INFO: [ app_begin ] --END-- [ RunTime:0.000671s ]
SQL: SHOW COLUMNS FROM `cloud_member` [ RunTime:0.0223s ]
SQL: SELECT `uid`,`user`,`org_id`,`h_id` FROM `cloud_member` WHERE `user` = 'admin' AND `password` = '66d6a1c8748025462128dc75bf5ae8d1' LIMIT 1   [ RunTime:0.0003s ]
NOTIC: [8] A session had already been started - ignoring session_start() D:\xampp\htdocs\Cloud\App\Admin\Controller\LoginController.class.php 第 51 行.
SQL: SHOW COLUMNS FROM `cloud_log` [ RunTime:0.0428s ]
NOTIC: [8] A session had already been started - ignoring session_start() D:\xampp\htdocs\Cloud\App\Admin\Common\function.php 第 12 行.
SQL: SHOW COLUMNS FROM `cloud_member` [ RunTime:0.0371s ]
SQL: SELECT `user` FROM `cloud_member` WHERE `uid` = 1 LIMIT 1   [ RunTime:0.0003s ]
SQL: INSERT INTO `cloud_log` (`name`,`t`,`ip`,`log`) VALUES ('admin','1514009420','::1','登录成功。') [ RunTime:0.0003s ]

[ 2017-12-23T14:10:21+08:00 ] ::1 /cloud/index.php/Admin/index/index.html
INFO: [ app_init ] --START--
INFO: Run Behavior\BuildLiteBehavior [ RunTime:0.000020s ]
INFO: [ app_init ] --END-- [ RunTime:0.000520s ]
INFO: [ app_begin ] --START--
INFO: Run Behavior\ReadHtmlCacheBehavior [ RunTime:0.000628s ]
INFO: [ app_begin ] --END-- [ RunTime:0.000669s ]
NOTIC: [8] A session had already been started - ignoring session_start() D:\xampp\htdocs\Cloud\App\Admin\Controller\ComController.class.php 第 119 行.
SQL: SHOW COLUMNS FROM `cloud_member` [ RunTime:0.0029s ]
SQL: SELECT * FROM `cloud_member` WHERE `uid` = 1 LIMIT 1   [ RunTime:0.0004s ]
SQL: SELECT * FROM cloud_auth_group g left join cloud_auth_group_access a on g.id=a.group_id where a.uid=1 [ RunTime:0.0003s ]
SQL: SHOW COLUMNS FROM `cloud_member` [ RunTime:0.0029s ]
SQL: SELECT * FROM `cloud_member` WHERE `uid` = 1 LIMIT 1   [ RunTime:0.0004s ]
SQL: SELECT title FROM cloud_auth_group_access ga LEFT JOIN cloud_auth_group g ON ga.group_id=g.id where uid=1 [ RunTime:0.0005s ]
SQL: SELECT s.id,s.title,s.name,s.tips,s.pid,p.pid as ppid,p.title as ptitle FROM cloud_auth_rule s left join cloud_auth_rule p on p.id=s.pid where s.name='Index/index' [ RunTime:0.0005s ]
SQL: SHOW COLUMNS FROM `cloud_auth_rule` [ RunTime:0.0040s ]
SQL: SELECT `id`,`title`,`pid`,`name`,`icon` FROM `cloud_auth_rule` WHERE ( islink=1 AND id in (1,2,3,4,5,7,8,9,11,12,13,14,15,16,17,18,19,20,21,22,23,58,68,69,70,97,98,99,101,102,103,104,105,108)  ) ORDER BY o ASC  [ RunTime:0.0006s ]
SQL: SELECT SUM(s.num) AS nums, o.org_id, o.h_id, s.*, m.menu_name FROM cloud_order o INNER JOIN cloud_order_sub s ON s.oid = o.id INNER JOIN cloud_cook_menu m ON m.id=s.menu_id WHERE o.org_id = 0 Group by menu_id ORDER BY nums DESC [ RunTime:0.0008s ]
SQL: SELECT SUM(nums) nums FROM(SELECT SUM(s.num) AS nums, o.org_id, o.h_id, s.*, m.menu_name FROM cloud_order o INNER JOIN cloud_order_sub s ON s.oid = o.id INNER JOIN cloud_cook_menu m ON m.id=s.menu_id WHERE o.org_id = 0 Group by menu_id ORDER BY nums DESC LIMIT 5,0) AS A [ RunTime:0.0006s ]
NOTIC: [2] Missing argument 1 for Admin\Model\StatisModel::getTotalByMonthByOrg(), called in D:\xampp\htdocs\Cloud\App\Admin\Controller\IndexController.class.php on line 20 and defined D:\xampp\htdocs\Cloud\App\Admin\Model\StatisModel.class.php 第 71 行.
NOTIC: [8] Undefined variable: year D:\xampp\htdocs\Cloud\App\Admin\Model\StatisModel.class.php 第 72 行.
SQL: SELECT IFNULL(h_name,'合计') AS h_name,
      SUM(IF(year='201701',count,0)) AS month01,
      SUM(IF(year='201702',count,0)) AS month02,
      SUM(IF(year='201703',count,0)) AS month03,
      SUM(IF(year='201704',count,0)) AS month04,
      SUM(IF(year='201705',count,0)) AS month05,
      SUM(IF(year='201706',count,0)) AS month06,
      SUM(IF(year='201707',count,0)) AS month07,
      SUM(IF(year='201708',count,0)) AS month08,
      SUM(IF(year='201709',count,0)) AS month09,
      SUM(IF(year='201710',count,0)) AS month10,
      SUM(IF(year='{November}',count,0)) AS month11,
      SUM(IF(year='201712',count,0)) AS month12,
      SUM(IF(year='total',count,0)) AS total
      FROM(
          SELECT h_name,IFNULL(year,'total') AS year,SUM(count) AS count
          FROM(
            SELECT h_name,FROM_UNIXTIME(order_time,'%Y%m')as year,SUM(o.total_money) count
            FROM cloud_order o
            JOIN cloud_hotel h ON h.id = o.h_id
            WHERE FROM_UNIXTIME(order_time,'%Y') = 2017
            GROUP BY h_name,year
            ) AS A
          GROUP BY h_name,year
          WITH ROLLUP
          HAVING h_name IS NOT NULL
            )AS B
      GROUP BY h_name
      WITH ROLLUP [ RunTime:0.0009s ]
SQL: SELECT SUM(s.num) AS nums, o.org_id, o.h_id, s.*, m.menu_name FROM cloud_order o INNER JOIN cloud_order_sub s ON s.oid = o.id INNER JOIN cloud_cook_menu m ON m.id=s.menu_id WHERE o.org_id = 0 Group by menu_id ORDER BY nums DESC LIMIT 100 [ RunTime:0.0006s ]
SQL: SELECT SUM(total_money) AS money, h.org_id,h.h_name FROM cloud_hotel h INNER JOIN cloud_order o ON o.h_id = h.id  WHERE h.org_id = 0 GROUP BY o.h_id ORDER BY money DESC LIMIT 1 [ RunTime:0.0004s ]
SQL: SELECT COUNT(s.id) AS nums, o.org_id, o.h_id, s.* ,m.menu_name FROM cloud_order o INNER JOIN cloud_order_sub s ON s.oid = o.id INNER JOIN cloud_cook_menu m ON m.id=s.menu_id WHERE o.org_id = 0 Group by menu_id ORDER BY nums ASC LIMIT 1 [ RunTime:0.0006s ]
SQL: SELECT SUM(total_money) AS money, h.org_id,h.h_name FROM cloud_hotel h INNER JOIN cloud_order o ON o.h_id = h.id  WHERE h.org_id = 0 GROUP BY o.h_id ORDER BY money ASC LIMIT 1 [ RunTime:0.0004s ]
NOTIC: [2048] Declaration of Admin\Model\OrgModel::save() should be compatible with Think\Model::save($data = '', $options = Array) D:\xampp\htdocs\Cloud\App\Admin\Model\OrgModel.class.php 第 79 行.
NOTIC: [2048] Declaration of Admin\Model\OrgModel::delete() should be compatible with Think\Model::delete($options = Array) D:\xampp\htdocs\Cloud\App\Admin\Model\OrgModel.class.php 第 79 行.
SQL: SHOW COLUMNS FROM `cloud_org` [ RunTime:0.0029s ]
SQL: SHOW COLUMNS FROM `cloud_hotel` [ RunTime:0.0040s ]
SQL: SELECT * FROM `cloud_hotel` WHERE ( org_id=0 )  [ RunTime:0.0003s ]
SQL: SHOW COLUMNS FROM `cloud_auth_group_access` [ RunTime:0.0025s ]
SQL: SELECT * FROM `cloud_auth_group_access` WHERE ( uid = 1 ) LIMIT 1   [ RunTime:0.0003s ]
NOTIC: [8] Undefined variable: data D:\xampp\htdocs\Cloud\App\Admin\Controller\IndexController.class.php 第 55 行.
INFO: [ view_parse ] --START--
INFO: [ template_filter ] --START--
INFO: Run Behavior\ContentReplaceBehavior [ RunTime:0.000135s ]
INFO: [ template_filter ] --END-- [ RunTime:0.000175s ]
NOTIC: [8] Undefined variable: mysql D:\xampp\htdocs\Cloud\App\Runtime\Cache\Admin\f2e2f05010f1886c29d5afc0de6be789.php 第 414 行.
NOTIC: [8] Undefined variable: list D:\xampp\htdocs\Cloud\App\Runtime\Cache\Admin\f2e2f05010f1886c29d5afc0de6be789.php 第 507 行.
NOTIC: [8] Undefined variable: page D:\xampp\htdocs\Cloud\App\Runtime\Cache\Admin\f2e2f05010f1886c29d5afc0de6be789.php 第 516 行.
INFO: Run Behavior\ParseTemplateBehavior [ RunTime:0.043960s ]
INFO: [ view_parse ] --END-- [ RunTime:0.044004s ]
INFO: [ view_filter ] --START--
INFO: Run Behavior\WriteHtmlCacheBehavior [ RunTime:0.000648s ]
INFO: [ view_filter ] --END-- [ RunTime:0.000685s ]

[ 2017-12-23T14:10:25+08:00 ] ::1 /cloud/index.php/Admin/Admanage/add.html
INFO: [ app_init ] --START--
INFO: Run Behavior\BuildLiteBehavior [ RunTime:0.000010s ]
INFO: [ app_init ] --END-- [ RunTime:0.000488s ]
INFO: [ app_begin ] --START--
INFO: Run Behavior\ReadHtmlCacheBehavior [ RunTime:0.000605s ]
INFO: [ app_begin ] --END-- [ RunTime:0.000645s ]
NOTIC: [8] A session had already been started - ignoring session_start() D:\xampp\htdocs\Cloud\App\Admin\Controller\ComController.class.php 第 119 行.
SQL: SHOW COLUMNS FROM `cloud_member` [ RunTime:0.0029s ]
SQL: SELECT * FROM `cloud_member` WHERE `uid` = 1 LIMIT 1   [ RunTime:0.0004s ]
SQL: SELECT * FROM cloud_auth_group g left join cloud_auth_group_access a on g.id=a.group_id where a.uid=1 [ RunTime:0.0003s ]
SQL: SHOW COLUMNS FROM `cloud_member` [ RunTime:0.0030s ]
SQL: SELECT * FROM `cloud_member` WHERE `uid` = 1 LIMIT 1   [ RunTime:0.0004s ]
SQL: SELECT title FROM cloud_auth_group_access ga LEFT JOIN cloud_auth_group g ON ga.group_id=g.id where uid=1 [ RunTime:0.0004s ]
SQL: SELECT s.id,s.title,s.name,s.tips,s.pid,p.pid as ppid,p.title as ptitle FROM cloud_auth_rule s left join cloud_auth_rule p on p.id=s.pid where s.name='Admanage/add' [ RunTime:0.0004s ]
SQL: SHOW COLUMNS FROM `cloud_auth_rule` [ RunTime:0.0028s ]
SQL: SELECT `id`,`title`,`pid`,`name`,`icon` FROM `cloud_auth_rule` WHERE ( islink=1 AND id in (1,2,3,4,5,7,8,9,11,12,13,14,15,16,17,18,19,20,21,22,23,58,68,69,70,97,98,99,101,102,103,104,105,108)  ) ORDER BY o ASC  [ RunTime:0.0006s ]
NOTIC: [8] Use of undefined constant uniqid - assumed 'uniqid' D:\xampp\htdocs\Cloud\App\Admin\Controller\AdmanageController.class.php 第 195 行.
SQL: SHOW COLUMNS FROM `cloud_ads_type` [ RunTime:0.0029s ]
SQL: SHOW COLUMNS FROM `cloud_org` [ RunTime:0.0025s ]
SQL: SELECT * FROM `cloud_org` WHERE ( id>0 )  [ RunTime:0.0005s ]
SQL: SELECT * FROM `cloud_ads_type`  [ RunTime:0.0003s ]
INFO: [ view_parse ] --START--
INFO: [ template_filter ] --START--
INFO: Run Behavior\ContentReplaceBehavior [ RunTime:0.000137s ]
INFO: [ template_filter ] --END-- [ RunTime:0.000178s ]
NOTIC: [8] Undefined index: typename D:\xampp\htdocs\Cloud\App\Runtime\Cache\Admin\9bd46574c58ffeb34d93a834ddb9847e.php 第 451 行.
INFO: Run Behavior\ParseTemplateBehavior [ RunTime:0.018152s ]
INFO: [ view_parse ] --END-- [ RunTime:0.018201s ]
INFO: [ view_filter ] --START--
INFO: Run Behavior\WriteHtmlCacheBehavior [ RunTime:0.000471s ]
INFO: [ view_filter ] --END-- [ RunTime:0.000501s ]
INFO: [ app_end ] --START--
INFO: Run Behavior\ShowPageTraceBehavior [ RunTime:0.000720s ]
INFO: [ app_end ] --END-- [ RunTime:0.000763s ]

[ 2017-12-23T14:10:37+08:00 ] ::1 /cloud/index.php/Admin/Admanage/adlist.html
INFO: [ app_init ] --START--
INFO: Run Behavior\BuildLiteBehavior [ RunTime:0.000011s ]
INFO: [ app_init ] --END-- [ RunTime:0.000468s ]
INFO: [ app_begin ] --START--
INFO: Run Behavior\ReadHtmlCacheBehavior [ RunTime:0.000626s ]
INFO: [ app_begin ] --END-- [ RunTime:0.000666s ]
NOTIC: [8] A session had already been started - ignoring session_start() D:\xampp\htdocs\Cloud\App\Admin\Controller\ComController.class.php 第 119 行.
SQL: SHOW COLUMNS FROM `cloud_member` [ RunTime:0.0032s ]
SQL: SELECT * FROM `cloud_member` WHERE `uid` = 1 LIMIT 1   [ RunTime:0.0003s ]
SQL: SELECT * FROM cloud_auth_group g left join cloud_auth_group_access a on g.id=a.group_id where a.uid=1 [ RunTime:0.0003s ]
SQL: SHOW COLUMNS FROM `cloud_member` [ RunTime:0.0029s ]
SQL: SELECT * FROM `cloud_member` WHERE `uid` = 1 LIMIT 1   [ RunTime:0.0003s ]
SQL: SELECT title FROM cloud_auth_group_access ga LEFT JOIN cloud_auth_group g ON ga.group_id=g.id where uid=1 [ RunTime:0.0003s ]
SQL: SELECT s.id,s.title,s.name,s.tips,s.pid,p.pid as ppid,p.title as ptitle FROM cloud_auth_rule s left join cloud_auth_rule p on p.id=s.pid where s.name='Admanage/adlist' [ RunTime:0.0004s ]
SQL: SHOW COLUMNS FROM `cloud_auth_rule` [ RunTime:0.0026s ]
SQL: SELECT `id`,`title`,`pid`,`name`,`icon` FROM `cloud_auth_rule` WHERE ( islink=1 AND id in (1,2,3,4,5,7,8,9,11,12,13,14,15,16,17,18,19,20,21,22,23,58,68,69,70,97,98,99,101,102,103,104,105,108)  ) ORDER BY o ASC  [ RunTime:0.0005s ]
SQL: SHOW COLUMNS FROM `cloud_ads` [ RunTime:0.0037s ]
SQL: UPDATE `cloud_ads` SET `is_delete`='1' WHERE `endtime` < '2017-12-23' [ RunTime:0.0004s ]
SQL: UPDATE `cloud_ads` SET `is_delete`='0' WHERE `endtime` > '2017-12-23' [ RunTime:0.0003s ]
SQL: SELECT * FROM `cloud_ads`  [ RunTime:0.0004s ]
INFO: [ view_parse ] --START--
INFO: [ template_filter ] --START--
INFO: Run Behavior\ContentReplaceBehavior [ RunTime:0.000137s ]
INFO: [ template_filter ] --END-- [ RunTime:0.000180s ]
NOTIC: [8] Undefined variable: 1 D:\xampp\htdocs\Cloud\App\Runtime\Cache\Admin\d8c0ee2df3ee613774dba82d6d3420f5.php 第 433 行.
NOTIC: [8] Undefined index: adshowcount D:\xampp\htdocs\Cloud\App\Runtime\Cache\Admin\d8c0ee2df3ee613774dba82d6d3420f5.php 第 458 行.
NOTIC: [8] Undefined index: address D:\xampp\htdocs\Cloud\App\Runtime\Cache\Admin\d8c0ee2df3ee613774dba82d6d3420f5.php 第 468 行.
NOTIC: [8] Undefined variable: 1 D:\xampp\htdocs\Cloud\App\Runtime\Cache\Admin\d8c0ee2df3ee613774dba82d6d3420f5.php 第 433 行.
NOTIC: [8] Undefined index: adshowcount D:\xampp\htdocs\Cloud\App\Runtime\Cache\Admin\d8c0ee2df3ee613774dba82d6d3420f5.php 第 458 行.
NOTIC: [8] Undefined index: address D:\xampp\htdocs\Cloud\App\Runtime\Cache\Admin\d8c0ee2df3ee613774dba82d6d3420f5.php 第 468 行.
NOTIC: [8] Undefined variable: 1 D:\xampp\htdocs\Cloud\App\Runtime\Cache\Admin\d8c0ee2df3ee613774dba82d6d3420f5.php 第 433 行.
NOTIC: [8] Undefined index: adshowcount D:\xampp\htdocs\Cloud\App\Runtime\Cache\Admin\d8c0ee2df3ee613774dba82d6d3420f5.php 第 458 行.
NOTIC: [8] Undefined index: address D:\xampp\htdocs\Cloud\App\Runtime\Cache\Admin\d8c0ee2df3ee613774dba82d6d3420f5.php 第 468 行.
NOTIC: [8] Undefined variable: 1 D:\xampp\htdocs\Cloud\App\Runtime\Cache\Admin\d8c0ee2df3ee613774dba82d6d3420f5.php 第 433 行.
NOTIC: [8] Undefined index: adshowcount D:\xampp\htdocs\Cloud\App\Runtime\Cache\Admin\d8c0ee2df3ee613774dba82d6d3420f5.php 第 458 行.
NOTIC: [8] Undefined index: address D:\xampp\htdocs\Cloud\App\Runtime\Cache\Admin\d8c0ee2df3ee613774dba82d6d3420f5.php 第 468 行.
NOTIC: [8] Undefined variable: 1 D:\xampp\htdocs\Cloud\App\Runtime\Cache\Admin\d8c0ee2df3ee613774dba82d6d3420f5.php 第 433 行.
NOTIC: [8] Undefined index: adshowcount D:\xampp\htdocs\Cloud\App\Runtime\Cache\Admin\d8c0ee2df3ee613774dba82d6d3420f5.php 第 458 行.
NOTIC: [8] Undefined index: address D:\xampp\htdocs\Cloud\App\Runtime\Cache\Admin\d8c0ee2df3ee613774dba82d6d3420f5.php 第 468 行.
NOTIC: [8] Undefined variable: 1 D:\xampp\htdocs\Cloud\App\Runtime\Cache\Admin\d8c0ee2df3ee613774dba82d6d3420f5.php 第 433 行.
NOTIC: [8] Undefined index: adshowcount D:\xampp\htdocs\Cloud\App\Runtime\Cache\Admin\d8c0ee2df3ee613774dba82d6d3420f5.php 第 458 行.
NOTIC: [8] Undefined index: address D:\xampp\htdocs\Cloud\App\Runtime\Cache\Admin\d8c0ee2df3ee613774dba82d6d3420f5.php 第 468 行.
NOTIC: [8] Undefined variable: 1 D:\xampp\htdocs\Cloud\App\Runtime\Cache\Admin\d8c0ee2df3ee613774dba82d6d3420f5.php 第 511 行.
NOTIC: [8] Undefined index: adshowcount D:\xampp\htdocs\Cloud\App\Runtime\Cache\Admin\d8c0ee2df3ee613774dba82d6d3420f5.php 第 536 行.
NOTIC: [8] Undefined index: address D:\xampp\htdocs\Cloud\App\Runtime\Cache\Admin\d8c0ee2df3ee613774dba82d6d3420f5.php 第 546 行.
NOTIC: [8] Undefined variable: 1 D:\xampp\htdocs\Cloud\App\Runtime\Cache\Admin\d8c0ee2df3ee613774dba82d6d3420f5.php 第 511 行.
NOTIC: [8] Undefined index: adshowcount D:\xampp\htdocs\Cloud\App\Runtime\Cache\Admin\d8c0ee2df3ee613774dba82d6d3420f5.php 第 536 行.
NOTIC: [8] Undefined index: address D:\xampp\htdocs\Cloud\App\Runtime\Cache\Admin\d8c0ee2df3ee613774dba82d6d3420f5.php 第 546 行.
NOTIC: [8] Undefined variable: 1 D:\xampp\htdocs\Cloud\App\Runtime\Cache\Admin\d8c0ee2df3ee613774dba82d6d3420f5.php 第 511 行.
NOTIC: [8] Undefined index: adshowcount D:\xampp\htdocs\Cloud\App\Runtime\Cache\Admin\d8c0ee2df3ee613774dba82d6d3420f5.php 第 536 行.
NOTIC: [8] Undefined index: address D:\xampp\htdocs\Cloud\App\Runtime\Cache\Admin\d8c0ee2df3ee613774dba82d6d3420f5.php 第 546 行.
NOTIC: [8] Undefined variable: 1 D:\xampp\htdocs\Cloud\App\Runtime\Cache\Admin\d8c0ee2df3ee613774dba82d6d3420f5.php 第 590 行.
NOTIC: [8] Undefined index: adshowcount D:\xampp\htdocs\Cloud\App\Runtime\Cache\Admin\d8c0ee2df3ee613774dba82d6d3420f5.php 第 615 行.
NOTIC: [8] Undefined index: address D:\xampp\htdocs\Cloud\App\Runtime\Cache\Admin\d8c0ee2df3ee613774dba82d6d3420f5.php 第 625 行.
NOTIC: [8] Undefined variable: 1 D:\xampp\htdocs\Cloud\App\Runtime\Cache\Admin\d8c0ee2df3ee613774dba82d6d3420f5.php 第 590 行.
NOTIC: [8] Undefined index: adshowcount D:\xampp\htdocs\Cloud\App\Runtime\Cache\Admin\d8c0ee2df3ee613774dba82d6d3420f5.php 第 615 行.
NOTIC: [8] Undefined index: address D:\xampp\htdocs\Cloud\App\Runtime\Cache\Admin\d8c0ee2df3ee613774dba82d6d3420f5.php 第 625 行.
NOTIC: [8] Undefined variable: 1 D:\xampp\htdocs\Cloud\App\Runtime\Cache\Admin\d8c0ee2df3ee613774dba82d6d3420f5.php 第 590 行.
NOTIC: [8] Undefined index: adshowcount D:\xampp\htdocs\Cloud\App\Runtime\Cache\Admin\d8c0ee2df3ee613774dba82d6d3420f5.php 第 615 行.
NOTIC: [8] Undefined index: address D:\xampp\htdocs\Cloud\App\Runtime\Cache\Admin\d8c0ee2df3ee613774dba82d6d3420f5.php 第 625 行.
NOTIC: [8] Undefined variable: 1 D:\xampp\htdocs\Cloud\App\Runtime\Cache\Admin\d8c0ee2df3ee613774dba82d6d3420f5.php 第 590 行.
NOTIC: [8] Undefined index: adshowcount D:\xampp\htdocs\Cloud\App\Runtime\Cache\Admin\d8c0ee2df3ee613774dba82d6d3420f5.php 第 615 行.
NOTIC: [8] Undefined index: address D:\xampp\htdocs\Cloud\App\Runtime\Cache\Admin\d8c0ee2df3ee613774dba82d6d3420f5.php 第 625 行.
NOTIC: [8] Undefined variable: 1 D:\xampp\htdocs\Cloud\App\Runtime\Cache\Admin\d8c0ee2df3ee613774dba82d6d3420f5.php 第 590 行.
NOTIC: [8] Undefined index: adshowcount D:\xampp\htdocs\Cloud\App\Runtime\Cache\Admin\d8c0ee2df3ee613774dba82d6d3420f5.php 第 615 行.
NOTIC: [8] Undefined index: address D:\xampp\htdocs\Cloud\App\Runtime\Cache\Admin\d8c0ee2df3ee613774dba82d6d3420f5.php 第 625 行.
INFO: Run Behavior\ParseTemplateBehavior [ RunTime:0.077782s ]
INFO: [ view_parse ] --END-- [ RunTime:0.077822s ]
INFO: [ view_filter ] --START--
INFO: Run Behavior\WriteHtmlCacheBehavior [ RunTime:0.000491s ]
INFO: [ view_filter ] --END-- [ RunTime:0.000522s ]
INFO: [ app_end ] --START--
INFO: Run Behavior\ShowPageTraceBehavior [ RunTime:0.000963s ]
INFO: [ app_end ] --END-- [ RunTime:0.001138s ]

