[ 2017-12-20T14:06:39+08:00 ] ::1 /cloud/index.php/Admin/login/index.html
INFO: [ app_init ] --START--
INFO: Run Behavior\BuildLiteBehavior [ RunTime:0.000011s ]
INFO: [ app_init ] --END-- [ RunTime:0.000514s ]
INFO: [ app_begin ] --START--
INFO: Run Behavior\ReadHtmlCacheBehavior [ RunTime:0.001061s ]
INFO: [ app_begin ] --END-- [ RunTime:0.001118s ]
NOTIC: [8] A session had already been started - ignoring session_start() D:\xampp\htdocs\Cloud\App\Admin\Controller\ComController.class.php 第 119 行.
INFO: [ view_parse ] --START--
INFO: [ template_filter ] --START--
INFO: Run Behavior\ContentReplaceBehavior [ RunTime:0.000059s ]
INFO: [ template_filter ] --END-- [ RunTime:0.000109s ]
NOTIC: [8] Undefined variable: current D:\xampp\htdocs\Cloud\App\Runtime\Cache\Admin\f0f0edaa955fd2857dedea53d1ab9ca3.php 第 7 行.
INFO: Run Behavior\ParseTemplateBehavior [ RunTime:0.114717s ]
INFO: [ view_parse ] --END-- [ RunTime:0.114779s ]
INFO: [ view_filter ] --START--
INFO: Run Behavior\WriteHtmlCacheBehavior [ RunTime:0.001321s ]
INFO: [ view_filter ] --END-- [ RunTime:0.001368s ]
INFO: [ app_end ] --START--
INFO: Run Behavior\ShowPageTraceBehavior [ RunTime:0.001731s ]
INFO: [ app_end ] --END-- [ RunTime:0.001818s ]

[ 2017-12-20T14:06:40+08:00 ] ::1 /cloud/index.php/Admin/login/verify.html
INFO: [ app_init ] --START--
INFO: Run Behavior\BuildLiteBehavior [ RunTime:0.000013s ]
INFO: [ app_init ] --END-- [ RunTime:0.000614s ]
INFO: [ app_begin ] --START--
INFO: Run Behavior\ReadHtmlCacheBehavior [ RunTime:0.001056s ]
INFO: [ app_begin ] --END-- [ RunTime:0.001104s ]
INFO: [ app_end ] --START--
INFO: Run Behavior\ShowPageTraceBehavior [ RunTime:0.001301s ]
INFO: [ app_end ] --END-- [ RunTime:0.001398s ]

[ 2017-12-20T14:06:48+08:00 ] ::1 /cloud/index.php/Admin/login/login.html
INFO: [ app_init ] --START--
INFO: Run Behavior\BuildLiteBehavior [ RunTime:0.000011s ]
INFO: [ app_init ] --END-- [ RunTime:0.000583s ]
INFO: [ app_begin ] --START--
INFO: Run Behavior\ReadHtmlCacheBehavior [ RunTime:0.000938s ]
INFO: [ app_begin ] --END-- [ RunTime:0.000984s ]
INFO: [ view_parse ] --START--
INFO: [ template_filter ] --START--
INFO: Run Behavior\ContentReplaceBehavior [ RunTime:0.000027s ]
INFO: [ template_filter ] --END-- [ RunTime:0.000071s ]
INFO: Run Behavior\ParseTemplateBehavior [ RunTime:0.070756s ]
INFO: [ view_parse ] --END-- [ RunTime:0.070812s ]
INFO: [ view_filter ] --START--
INFO: Run Behavior\WriteHtmlCacheBehavior [ RunTime:0.000876s ]
INFO: [ view_filter ] --END-- [ RunTime:0.000908s ]

[ 2017-12-20T14:06:50+08:00 ] ::1 /cloud/index.php/Admin/login/index.html
INFO: [ app_init ] --START--
INFO: Run Behavior\BuildLiteBehavior [ RunTime:0.000011s ]
INFO: [ app_init ] --END-- [ RunTime:0.000586s ]
INFO: [ app_begin ] --START--
INFO: Run Behavior\ReadHtmlCacheBehavior [ RunTime:0.000977s ]
INFO: [ app_begin ] --END-- [ RunTime:0.001019s ]
NOTIC: [8] A session had already been started - ignoring session_start() D:\xampp\htdocs\Cloud\App\Admin\Controller\ComController.class.php 第 119 行.
INFO: [ view_parse ] --START--
INFO: [ template_filter ] --START--
INFO: Run Behavior\ContentReplaceBehavior [ RunTime:0.000055s ]
INFO: [ template_filter ] --END-- [ RunTime:0.000097s ]
NOTIC: [8] Undefined variable: current D:\xampp\htdocs\Cloud\App\Runtime\Cache\Admin\f0f0edaa955fd2857dedea53d1ab9ca3.php 第 7 行.
INFO: Run Behavior\ParseTemplateBehavior [ RunTime:0.007869s ]
INFO: [ view_parse ] --END-- [ RunTime:0.007921s ]
INFO: [ view_filter ] --START--
INFO: Run Behavior\WriteHtmlCacheBehavior [ RunTime:0.000863s ]
INFO: [ view_filter ] --END-- [ RunTime:0.000895s ]
INFO: [ app_end ] --START--
INFO: Run Behavior\ShowPageTraceBehavior [ RunTime:0.001193s ]
INFO: [ app_end ] --END-- [ RunTime:0.001260s ]

[ 2017-12-20T14:06:50+08:00 ] ::1 /cloud/index.php/Admin/login/verify.html
INFO: [ app_init ] --START--
INFO: Run Behavior\BuildLiteBehavior [ RunTime:0.000023s ]
INFO: [ app_init ] --END-- [ RunTime:0.000888s ]
INFO: [ app_begin ] --START--
INFO: Run Behavior\ReadHtmlCacheBehavior [ RunTime:0.001498s ]
INFO: [ app_begin ] --END-- [ RunTime:0.001819s ]
INFO: [ app_end ] --START--
INFO: Run Behavior\ShowPageTraceBehavior [ RunTime:0.001099s ]
INFO: [ app_end ] --END-- [ RunTime:0.001161s ]

[ 2017-12-20T14:06:55+08:00 ] ::1 /cloud/index.php/Admin/login/login.html
INFO: [ app_init ] --START--
INFO: Run Behavior\BuildLiteBehavior [ RunTime:0.000012s ]
INFO: [ app_init ] --END-- [ RunTime:0.000570s ]
INFO: [ app_begin ] --START--
INFO: Run Behavior\ReadHtmlCacheBehavior [ RunTime:0.000977s ]
INFO: [ app_begin ] --END-- [ RunTime:0.001022s ]
SQL: SHOW COLUMNS FROM `cloud_member` [ RunTime:0.0208s ]
SQL: SELECT `uid`,`user`,`org_id`,`h_id` FROM `cloud_member` WHERE `user` = 'admin' AND `password` = '66d6a1c8748025462128dc75bf5ae8d1' LIMIT 1   [ RunTime:0.0004s ]
NOTIC: [8] A session had already been started - ignoring session_start() D:\xampp\htdocs\Cloud\App\Admin\Controller\LoginController.class.php 第 51 行.
SQL: SHOW COLUMNS FROM `cloud_log` [ RunTime:0.0621s ]
NOTIC: [8] A session had already been started - ignoring session_start() D:\xampp\htdocs\Cloud\App\Admin\Common\function.php 第 12 行.
SQL: SHOW COLUMNS FROM `cloud_member` [ RunTime:0.0021s ]
SQL: SELECT `user` FROM `cloud_member` WHERE `uid` = 1 LIMIT 1   [ RunTime:0.0003s ]
SQL: INSERT INTO `cloud_log` (`name`,`t`,`ip`,`log`) VALUES ('admin','1513750015','::1','登录成功。') [ RunTime:0.0003s ]

[ 2017-12-20T14:06:56+08:00 ] ::1 /cloud/index.php/Admin/index/index.html
INFO: [ app_init ] --START--
INFO: Run Behavior\BuildLiteBehavior [ RunTime:0.000011s ]
INFO: [ app_init ] --END-- [ RunTime:0.000557s ]
INFO: [ app_begin ] --START--
INFO: Run Behavior\ReadHtmlCacheBehavior [ RunTime:0.000999s ]
INFO: [ app_begin ] --END-- [ RunTime:0.001043s ]
NOTIC: [8] A session had already been started - ignoring session_start() D:\xampp\htdocs\Cloud\App\Admin\Controller\ComController.class.php 第 119 行.
SQL: SHOW COLUMNS FROM `cloud_member` [ RunTime:0.0023s ]
SQL: SELECT * FROM `cloud_member` WHERE `uid` = 1 LIMIT 1   [ RunTime:0.0003s ]
SQL: SELECT * FROM cloud_auth_group g left join cloud_auth_group_access a on g.id=a.group_id where a.uid=1 [ RunTime:0.0194s ]
SQL: SHOW COLUMNS FROM `cloud_member` [ RunTime:0.0022s ]
SQL: SELECT * FROM `cloud_member` WHERE `uid` = 1 LIMIT 1   [ RunTime:0.0004s ]
SQL: SELECT title FROM cloud_auth_group_access ga LEFT JOIN cloud_auth_group g ON ga.group_id=g.id where uid=1 [ RunTime:0.0003s ]
SQL: SELECT s.id,s.title,s.name,s.tips,s.pid,p.pid as ppid,p.title as ptitle FROM cloud_auth_rule s left join cloud_auth_rule p on p.id=s.pid where s.name='Index/index' [ RunTime:0.0217s ]
SQL: SHOW COLUMNS FROM `cloud_auth_rule` [ RunTime:0.0024s ]
SQL: SELECT `id`,`title`,`pid`,`name`,`icon` FROM `cloud_auth_rule` WHERE ( islink=1 AND id in (1,2,3,4,5,7,8,9,11,12,13,14,15,16,17,18,19,20,21,22,23,58,68,69,70,97,98,99,101,102,103,104,105,108)  ) ORDER BY o ASC  [ RunTime:0.0006s ]
SQL: SELECT SUM(s.num) AS nums, o.org_id, o.h_id, s.*, m.menu_name FROM cloud_order o INNER JOIN cloud_order_sub s ON s.oid = o.id INNER JOIN cloud_cook_menu m ON m.id=s.menu_id WHERE o.org_id = 0 Group by menu_id ORDER BY nums DESC [ RunTime:0.0562s ]
SQL: SELECT SUM(nums) nums FROM(SELECT SUM(s.num) AS nums, o.org_id, o.h_id, s.*, m.menu_name FROM cloud_order o INNER JOIN cloud_order_sub s ON s.oid = o.id INNER JOIN cloud_cook_menu m ON m.id=s.menu_id WHERE o.org_id = 0 Group by menu_id ORDER BY nums DESC LIMIT 5,0) AS A [ RunTime:0.0007s ]
NOTIC: [2] Missing argument 1 for Admin\Model\StatisModel::getTotalByMonthByOrg(), called in D:\xampp\htdocs\Cloud\App\Admin\Controller\IndexController.class.php on line 20 and defined D:\xampp\htdocs\Cloud\App\Admin\Model\StatisModel.class.php 第 71 行.
NOTIC: [8] Undefined variable: year D:\xampp\htdocs\Cloud\App\Admin\Model\StatisModel.class.php 第 72 行.
SQL: SELECT IFNULL(h_name,'合计') AS h_name,
      SUM(IF(year='201701',count,0)) AS month01,
      SUM(IF(year='201702',count,0)) AS month02,
      SUM(IF(year='201703',count,0)) AS month03,
      SUM(IF(year='201704',count,0)) AS month04,
      SUM(IF(year='201705',count,0)) AS month05,
      SUM(IF(year='201706',count,0)) AS month06,
      SUM(IF(year='201707',count,0)) AS month07,
      SUM(IF(year='201708',count,0)) AS month08,
      SUM(IF(year='201709',count,0)) AS month09,
      SUM(IF(year='201710',count,0)) AS month10,
      SUM(IF(year='{November}',count,0)) AS month11,
      SUM(IF(year='201712',count,0)) AS month12,
      SUM(IF(year='total',count,0)) AS total
      FROM(
          SELECT h_name,IFNULL(year,'total') AS year,SUM(count) AS count
          FROM(
            SELECT h_name,FROM_UNIXTIME(order_time,'%Y%m')as year,SUM(o.total_money) count
            FROM cloud_order o
            JOIN cloud_hotel h ON h.id = o.h_id
            WHERE FROM_UNIXTIME(order_time,'%Y') = 2017
            GROUP BY h_name,year
            ) AS A
          GROUP BY h_name,year
          WITH ROLLUP
          HAVING h_name IS NOT NULL
            )AS B
      GROUP BY h_name
      WITH ROLLUP [ RunTime:0.0075s ]
SQL: SELECT SUM(s.num) AS nums, o.org_id, o.h_id, s.*, m.menu_name FROM cloud_order o INNER JOIN cloud_order_sub s ON s.oid = o.id INNER JOIN cloud_cook_menu m ON m.id=s.menu_id WHERE o.org_id = 0 Group by menu_id ORDER BY nums DESC LIMIT 100 [ RunTime:0.0006s ]
SQL: SELECT SUM(total_money) AS money, h.org_id,h.h_name FROM cloud_hotel h INNER JOIN cloud_order o ON o.h_id = h.id  WHERE h.org_id = 0 GROUP BY o.h_id ORDER BY money DESC LIMIT 1 [ RunTime:0.0004s ]
SQL: SELECT COUNT(s.id) AS nums, o.org_id, o.h_id, s.* ,m.menu_name FROM cloud_order o INNER JOIN cloud_order_sub s ON s.oid = o.id INNER JOIN cloud_cook_menu m ON m.id=s.menu_id WHERE o.org_id = 0 Group by menu_id ORDER BY nums ASC LIMIT 1 [ RunTime:0.0006s ]
SQL: SELECT SUM(total_money) AS money, h.org_id,h.h_name FROM cloud_hotel h INNER JOIN cloud_order o ON o.h_id = h.id  WHERE h.org_id = 0 GROUP BY o.h_id ORDER BY money ASC LIMIT 1 [ RunTime:0.0003s ]
NOTIC: [2048] Declaration of Admin\Model\OrgModel::save() should be compatible with Think\Model::save($data = '', $options = Array) D:\xampp\htdocs\Cloud\App\Admin\Model\OrgModel.class.php 第 79 行.
NOTIC: [2048] Declaration of Admin\Model\OrgModel::delete() should be compatible with Think\Model::delete($options = Array) D:\xampp\htdocs\Cloud\App\Admin\Model\OrgModel.class.php 第 79 行.
SQL: SHOW COLUMNS FROM `cloud_org` [ RunTime:0.0023s ]
SQL: SHOW COLUMNS FROM `cloud_hotel` [ RunTime:0.0021s ]
SQL: SELECT * FROM `cloud_hotel` WHERE ( org_id=0 )  [ RunTime:0.0003s ]
SQL: SHOW COLUMNS FROM `cloud_auth_group_access` [ RunTime:0.0020s ]
SQL: SELECT * FROM `cloud_auth_group_access` WHERE ( uid = 1 ) LIMIT 1   [ RunTime:0.0003s ]
NOTIC: [8] Undefined variable: data D:\xampp\htdocs\Cloud\App\Admin\Controller\IndexController.class.php 第 55 行.
INFO: [ view_parse ] --START--
INFO: [ template_filter ] --START--
INFO: Run Behavior\ContentReplaceBehavior [ RunTime:0.000139s ]
INFO: [ template_filter ] --END-- [ RunTime:0.000178s ]
NOTIC: [8] Undefined variable: mysql D:\xampp\htdocs\Cloud\App\Runtime\Cache\Admin\f2e2f05010f1886c29d5afc0de6be789.php 第 414 行.
NOTIC: [8] Undefined variable: list D:\xampp\htdocs\Cloud\App\Runtime\Cache\Admin\f2e2f05010f1886c29d5afc0de6be789.php 第 507 行.
NOTIC: [8] Undefined variable: page D:\xampp\htdocs\Cloud\App\Runtime\Cache\Admin\f2e2f05010f1886c29d5afc0de6be789.php 第 516 行.
INFO: Run Behavior\ParseTemplateBehavior [ RunTime:0.097897s ]
INFO: [ view_parse ] --END-- [ RunTime:0.097941s ]
INFO: [ view_filter ] --START--
INFO: Run Behavior\WriteHtmlCacheBehavior [ RunTime:0.000897s ]
INFO: [ view_filter ] --END-- [ RunTime:0.000928s ]

[ 2017-12-20T14:06:59+08:00 ] ::1 /cloud/index.php/Admin/Admanage/add.html
INFO: [ app_init ] --START--
INFO: Run Behavior\BuildLiteBehavior [ RunTime:0.000011s ]
INFO: [ app_init ] --END-- [ RunTime:0.000521s ]
INFO: [ app_begin ] --START--
INFO: Run Behavior\ReadHtmlCacheBehavior [ RunTime:0.000740s ]
INFO: [ app_begin ] --END-- [ RunTime:0.000789s ]
NOTIC: [8] A session had already been started - ignoring session_start() D:\xampp\htdocs\Cloud\App\Admin\Controller\ComController.class.php 第 119 行.
SQL: SHOW COLUMNS FROM `cloud_member` [ RunTime:0.0022s ]
SQL: SELECT * FROM `cloud_member` WHERE `uid` = 1 LIMIT 1   [ RunTime:0.0008s ]
SQL: SELECT * FROM cloud_auth_group g left join cloud_auth_group_access a on g.id=a.group_id where a.uid=1 [ RunTime:0.0003s ]
SQL: SHOW COLUMNS FROM `cloud_member` [ RunTime:0.0022s ]
SQL: SELECT * FROM `cloud_member` WHERE `uid` = 1 LIMIT 1   [ RunTime:0.0003s ]
SQL: SELECT title FROM cloud_auth_group_access ga LEFT JOIN cloud_auth_group g ON ga.group_id=g.id where uid=1 [ RunTime:0.0003s ]
SQL: SELECT s.id,s.title,s.name,s.tips,s.pid,p.pid as ppid,p.title as ptitle FROM cloud_auth_rule s left join cloud_auth_rule p on p.id=s.pid where s.name='Admanage/add' [ RunTime:0.0004s ]
SQL: SHOW COLUMNS FROM `cloud_auth_rule` [ RunTime:0.0024s ]
SQL: SELECT `id`,`title`,`pid`,`name`,`icon` FROM `cloud_auth_rule` WHERE ( islink=1 AND id in (1,2,3,4,5,7,8,9,11,12,13,14,15,16,17,18,19,20,21,22,23,58,68,69,70,97,98,99,101,102,103,104,105,108)  ) ORDER BY o ASC  [ RunTime:0.0006s ]
NOTIC: [8] Use of undefined constant uniqid - assumed 'uniqid' D:\xampp\htdocs\Cloud\App\Admin\Controller\AdmanageController.class.php 第 190 行.
SQL: SHOW COLUMNS FROM `cloud_ads_type` [ RunTime:0.0187s ]
SQL: SHOW COLUMNS FROM `cloud_org` [ RunTime:0.0021s ]
SQL: SELECT * FROM `cloud_org`  [ RunTime:0.0003s ]
SQL: SELECT * FROM `cloud_ads_type`  [ RunTime:0.0003s ]

[ 2017-12-20T14:08:21+08:00 ] ::1 /cloud/index.php/Admin/Admanage/add.html
INFO: [ app_init ] --START--
INFO: Run Behavior\BuildLiteBehavior [ RunTime:0.000010s ]
INFO: [ app_init ] --END-- [ RunTime:0.000459s ]
INFO: [ app_begin ] --START--
INFO: Run Behavior\ReadHtmlCacheBehavior [ RunTime:0.000683s ]
INFO: [ app_begin ] --END-- [ RunTime:0.000725s ]
NOTIC: [8] A session had already been started - ignoring session_start() D:\xampp\htdocs\Cloud\App\Admin\Controller\ComController.class.php 第 119 行.
SQL: SHOW COLUMNS FROM `cloud_member` [ RunTime:0.0024s ]
SQL: SELECT * FROM `cloud_member` WHERE `uid` = 1 LIMIT 1   [ RunTime:0.0004s ]
SQL: SELECT * FROM cloud_auth_group g left join cloud_auth_group_access a on g.id=a.group_id where a.uid=1 [ RunTime:0.0004s ]
SQL: SHOW COLUMNS FROM `cloud_member` [ RunTime:0.0022s ]
SQL: SELECT * FROM `cloud_member` WHERE `uid` = 1 LIMIT 1   [ RunTime:0.0003s ]
SQL: SELECT title FROM cloud_auth_group_access ga LEFT JOIN cloud_auth_group g ON ga.group_id=g.id where uid=1 [ RunTime:0.0003s ]
SQL: SELECT s.id,s.title,s.name,s.tips,s.pid,p.pid as ppid,p.title as ptitle FROM cloud_auth_rule s left join cloud_auth_rule p on p.id=s.pid where s.name='Admanage/add' [ RunTime:0.0004s ]
SQL: SHOW COLUMNS FROM `cloud_auth_rule` [ RunTime:0.0029s ]
SQL: SELECT `id`,`title`,`pid`,`name`,`icon` FROM `cloud_auth_rule` WHERE ( islink=1 AND id in (1,2,3,4,5,7,8,9,11,12,13,14,15,16,17,18,19,20,21,22,23,58,68,69,70,97,98,99,101,102,103,104,105,108)  ) ORDER BY o ASC  [ RunTime:0.0006s ]
NOTIC: [8] Use of undefined constant uniqid - assumed 'uniqid' D:\xampp\htdocs\Cloud\App\Admin\Controller\AdmanageController.class.php 第 190 行.
SQL: SHOW COLUMNS FROM `cloud_ads_type` [ RunTime:0.0023s ]
SQL: SHOW COLUMNS FROM `cloud_org` [ RunTime:0.0023s ]
SQL: SELECT * FROM `cloud_org` WHERE ( id>0 )  [ RunTime:0.0004s ]
SQL: SELECT * FROM `cloud_ads_type`  [ RunTime:0.0003s ]

