[ 2017-12-21T18:07:28+08:00 ] ::1 /cloud/index.php/Admin/login/index.html
INFO: [ app_init ] --START--
INFO: Run Behavior\BuildLiteBehavior [ RunTime:0.000016s ]
INFO: [ app_init ] --END-- [ RunTime:0.000541s ]
INFO: [ app_begin ] --START--
INFO: Run Behavior\ReadHtmlCacheBehavior [ RunTime:0.000634s ]
INFO: [ app_begin ] --END-- [ RunTime:0.000693s ]
NOTIC: [8] A session had already been started - ignoring session_start() D:\xampp\htdocs\Cloud\App\Admin\Controller\ComController.class.php 第 119 行.
INFO: [ view_parse ] --START--
INFO: [ template_filter ] --START--
INFO: Run Behavior\ContentReplaceBehavior [ RunTime:0.000092s ]
INFO: [ template_filter ] --END-- [ RunTime:0.000160s ]
NOTIC: [8] Undefined variable: current D:\xampp\htdocs\Cloud\App\Runtime\Cache\Admin\f0f0edaa955fd2857dedea53d1ab9ca3.php 第 7 行.
INFO: Run Behavior\ParseTemplateBehavior [ RunTime:0.062784s ]
INFO: [ view_parse ] --END-- [ RunTime:0.062858s ]
INFO: [ view_filter ] --START--
INFO: Run Behavior\WriteHtmlCacheBehavior [ RunTime:0.000645s ]
INFO: [ view_filter ] --END-- [ RunTime:0.000687s ]
INFO: [ app_end ] --START--
INFO: Run Behavior\ShowPageTraceBehavior [ RunTime:0.000738s ]
INFO: [ app_end ] --END-- [ RunTime:0.000803s ]

[ 2017-12-21T18:07:29+08:00 ] ::1 /cloud/index.php/Admin/login/verify.html
INFO: [ app_init ] --START--
INFO: Run Behavior\BuildLiteBehavior [ RunTime:0.000013s ]
INFO: [ app_init ] --END-- [ RunTime:0.000628s ]
INFO: [ app_begin ] --START--
INFO: Run Behavior\ReadHtmlCacheBehavior [ RunTime:0.000672s ]
INFO: [ app_begin ] --END-- [ RunTime:0.000730s ]
INFO: [ app_end ] --START--
INFO: Run Behavior\ShowPageTraceBehavior [ RunTime:0.000795s ]
INFO: [ app_end ] --END-- [ RunTime:0.000866s ]

[ 2017-12-21T18:07:36+08:00 ] ::1 /cloud/index.php/Admin/login/login.html
INFO: [ app_init ] --START--
INFO: Run Behavior\BuildLiteBehavior [ RunTime:0.000011s ]
INFO: [ app_init ] --END-- [ RunTime:0.000469s ]
INFO: [ app_begin ] --START--
INFO: Run Behavior\ReadHtmlCacheBehavior [ RunTime:0.000558s ]
INFO: [ app_begin ] --END-- [ RunTime:0.000615s ]
SQL: SHOW COLUMNS FROM `cloud_member` [ RunTime:0.0338s ]
SQL: SELECT `uid`,`user`,`org_id`,`h_id` FROM `cloud_member` WHERE `user` = 'admin' AND `password` = '66d6a1c8748025462128dc75bf5ae8d1' LIMIT 1   [ RunTime:0.0006s ]
NOTIC: [8] A session had already been started - ignoring session_start() D:\xampp\htdocs\Cloud\App\Admin\Controller\LoginController.class.php 第 51 行.
SQL: SHOW COLUMNS FROM `cloud_log` [ RunTime:0.0436s ]
NOTIC: [8] A session had already been started - ignoring session_start() D:\xampp\htdocs\Cloud\App\Admin\Common\function.php 第 12 行.
SQL: SHOW COLUMNS FROM `cloud_member` [ RunTime:0.0030s ]
SQL: SELECT `user` FROM `cloud_member` WHERE `uid` = 1 LIMIT 1   [ RunTime:0.0003s ]
SQL: INSERT INTO `cloud_log` (`name`,`t`,`ip`,`log`) VALUES ('admin','1513850856','::1','登录成功。') [ RunTime:0.0004s ]

[ 2017-12-21T18:07:36+08:00 ] ::1 /cloud/index.php/Admin/index/index.html
INFO: [ app_init ] --START--
INFO: Run Behavior\BuildLiteBehavior [ RunTime:0.000011s ]
INFO: [ app_init ] --END-- [ RunTime:0.000450s ]
INFO: [ app_begin ] --START--
INFO: Run Behavior\ReadHtmlCacheBehavior [ RunTime:0.000538s ]
INFO: [ app_begin ] --END-- [ RunTime:0.000577s ]
NOTIC: [8] A session had already been started - ignoring session_start() D:\xampp\htdocs\Cloud\App\Admin\Controller\ComController.class.php 第 119 行.
SQL: SHOW COLUMNS FROM `cloud_member` [ RunTime:0.0030s ]
SQL: SELECT * FROM `cloud_member` WHERE `uid` = 1 LIMIT 1   [ RunTime:0.0004s ]
SQL: SELECT * FROM cloud_auth_group g left join cloud_auth_group_access a on g.id=a.group_id where a.uid=1 [ RunTime:0.0437s ]
SQL: SHOW COLUMNS FROM `cloud_member` [ RunTime:0.0028s ]
SQL: SELECT * FROM `cloud_member` WHERE `uid` = 1 LIMIT 1   [ RunTime:0.0003s ]
SQL: SELECT title FROM cloud_auth_group_access ga LEFT JOIN cloud_auth_group g ON ga.group_id=g.id where uid=1 [ RunTime:0.0003s ]
SQL: SELECT s.id,s.title,s.name,s.tips,s.pid,p.pid as ppid,p.title as ptitle FROM cloud_auth_rule s left join cloud_auth_rule p on p.id=s.pid where s.name='Index/index' [ RunTime:0.0126s ]
SQL: SHOW COLUMNS FROM `cloud_auth_rule` [ RunTime:0.0026s ]
SQL: SELECT `id`,`title`,`pid`,`name`,`icon` FROM `cloud_auth_rule` WHERE ( islink=1 AND id in (1,2,3,4,5,7,8,9,11,12,13,14,15,16,17,18,19,20,21,22,23,58,68,69,70,97,98,99,101,102,103,104,105,108)  ) ORDER BY o ASC  [ RunTime:0.0006s ]
SQL: SELECT SUM(s.num) AS nums, o.org_id, o.h_id, s.*, m.menu_name FROM cloud_order o INNER JOIN cloud_order_sub s ON s.oid = o.id INNER JOIN cloud_cook_menu m ON m.id=s.menu_id WHERE o.org_id = 0 Group by menu_id ORDER BY nums DESC [ RunTime:0.0778s ]
SQL: SELECT SUM(nums) nums FROM(SELECT SUM(s.num) AS nums, o.org_id, o.h_id, s.*, m.menu_name FROM cloud_order o INNER JOIN cloud_order_sub s ON s.oid = o.id INNER JOIN cloud_cook_menu m ON m.id=s.menu_id WHERE o.org_id = 0 Group by menu_id ORDER BY nums DESC LIMIT 5,0) AS A [ RunTime:0.0007s ]
NOTIC: [2] Missing argument 1 for Admin\Model\StatisModel::getTotalByMonthByOrg(), called in D:\xampp\htdocs\Cloud\App\Admin\Controller\IndexController.class.php on line 20 and defined D:\xampp\htdocs\Cloud\App\Admin\Model\StatisModel.class.php 第 71 行.
NOTIC: [8] Undefined variable: year D:\xampp\htdocs\Cloud\App\Admin\Model\StatisModel.class.php 第 72 行.
SQL: SELECT IFNULL(h_name,'合计') AS h_name,
      SUM(IF(year='201701',count,0)) AS month01,
      SUM(IF(year='201702',count,0)) AS month02,
      SUM(IF(year='201703',count,0)) AS month03,
      SUM(IF(year='201704',count,0)) AS month04,
      SUM(IF(year='201705',count,0)) AS month05,
      SUM(IF(year='201706',count,0)) AS month06,
      SUM(IF(year='201707',count,0)) AS month07,
      SUM(IF(year='201708',count,0)) AS month08,
      SUM(IF(year='201709',count,0)) AS month09,
      SUM(IF(year='201710',count,0)) AS month10,
      SUM(IF(year='{November}',count,0)) AS month11,
      SUM(IF(year='201712',count,0)) AS month12,
      SUM(IF(year='total',count,0)) AS total
      FROM(
          SELECT h_name,IFNULL(year,'total') AS year,SUM(count) AS count
          FROM(
            SELECT h_name,FROM_UNIXTIME(order_time,'%Y%m')as year,SUM(o.total_money) count
            FROM cloud_order o
            JOIN cloud_hotel h ON h.id = o.h_id
            WHERE FROM_UNIXTIME(order_time,'%Y') = 2017
            GROUP BY h_name,year
            ) AS A
          GROUP BY h_name,year
          WITH ROLLUP
          HAVING h_name IS NOT NULL
            )AS B
      GROUP BY h_name
      WITH ROLLUP [ RunTime:0.0405s ]
SQL: SELECT SUM(s.num) AS nums, o.org_id, o.h_id, s.*, m.menu_name FROM cloud_order o INNER JOIN cloud_order_sub s ON s.oid = o.id INNER JOIN cloud_cook_menu m ON m.id=s.menu_id WHERE o.org_id = 0 Group by menu_id ORDER BY nums DESC LIMIT 100 [ RunTime:0.0008s ]
SQL: SELECT SUM(total_money) AS money, h.org_id,h.h_name FROM cloud_hotel h INNER JOIN cloud_order o ON o.h_id = h.id  WHERE h.org_id = 0 GROUP BY o.h_id ORDER BY money DESC LIMIT 1 [ RunTime:0.0006s ]
SQL: SELECT COUNT(s.id) AS nums, o.org_id, o.h_id, s.* ,m.menu_name FROM cloud_order o INNER JOIN cloud_order_sub s ON s.oid = o.id INNER JOIN cloud_cook_menu m ON m.id=s.menu_id WHERE o.org_id = 0 Group by menu_id ORDER BY nums ASC LIMIT 1 [ RunTime:0.0006s ]
SQL: SELECT SUM(total_money) AS money, h.org_id,h.h_name FROM cloud_hotel h INNER JOIN cloud_order o ON o.h_id = h.id  WHERE h.org_id = 0 GROUP BY o.h_id ORDER BY money ASC LIMIT 1 [ RunTime:0.0004s ]
NOTIC: [2048] Declaration of Admin\Model\OrgModel::save() should be compatible with Think\Model::save($data = '', $options = Array) D:\xampp\htdocs\Cloud\App\Admin\Model\OrgModel.class.php 第 79 行.
NOTIC: [2048] Declaration of Admin\Model\OrgModel::delete() should be compatible with Think\Model::delete($options = Array) D:\xampp\htdocs\Cloud\App\Admin\Model\OrgModel.class.php 第 79 行.
SQL: SHOW COLUMNS FROM `cloud_org` [ RunTime:0.0404s ]
SQL: SHOW COLUMNS FROM `cloud_hotel` [ RunTime:0.0026s ]
SQL: SELECT * FROM `cloud_hotel` WHERE ( org_id=0 )  [ RunTime:0.0005s ]
SQL: SHOW COLUMNS FROM `cloud_auth_group_access` [ RunTime:0.0027s ]
SQL: SELECT * FROM `cloud_auth_group_access` WHERE ( uid = 1 ) LIMIT 1   [ RunTime:0.0003s ]
NOTIC: [8] Undefined variable: data D:\xampp\htdocs\Cloud\App\Admin\Controller\IndexController.class.php 第 55 行.
INFO: [ view_parse ] --START--
INFO: [ template_filter ] --START--
INFO: Run Behavior\ContentReplaceBehavior [ RunTime:0.000209s ]
INFO: [ template_filter ] --END-- [ RunTime:0.000278s ]
NOTIC: [8] Undefined variable: mysql D:\xampp\htdocs\Cloud\App\Runtime\Cache\Admin\f2e2f05010f1886c29d5afc0de6be789.php 第 414 行.
NOTIC: [8] Undefined variable: list D:\xampp\htdocs\Cloud\App\Runtime\Cache\Admin\f2e2f05010f1886c29d5afc0de6be789.php 第 507 行.
NOTIC: [8] Undefined variable: page D:\xampp\htdocs\Cloud\App\Runtime\Cache\Admin\f2e2f05010f1886c29d5afc0de6be789.php 第 516 行.
INFO: Run Behavior\ParseTemplateBehavior [ RunTime:0.153109s ]
INFO: [ view_parse ] --END-- [ RunTime:0.153151s ]
INFO: [ view_filter ] --START--
INFO: Run Behavior\WriteHtmlCacheBehavior [ RunTime:0.000429s ]
INFO: [ view_filter ] --END-- [ RunTime:0.000462s ]

[ 2017-12-21T18:07:39+08:00 ] ::1 /cloud/index.php/Admin/Index/index.html
INFO: [ app_init ] --START--
INFO: Run Behavior\BuildLiteBehavior [ RunTime:0.000015s ]
INFO: [ app_init ] --END-- [ RunTime:0.001250s ]
INFO: [ app_begin ] --START--
INFO: Run Behavior\ReadHtmlCacheBehavior [ RunTime:0.000576s ]
INFO: [ app_begin ] --END-- [ RunTime:0.000619s ]
NOTIC: [8] A session had already been started - ignoring session_start() D:\xampp\htdocs\Cloud\App\Admin\Controller\ComController.class.php 第 119 行.
SQL: SHOW COLUMNS FROM `cloud_member` [ RunTime:0.0031s ]
SQL: SELECT * FROM `cloud_member` WHERE `uid` = 1 LIMIT 1   [ RunTime:0.0012s ]
SQL: SELECT * FROM cloud_auth_group g left join cloud_auth_group_access a on g.id=a.group_id where a.uid=1 [ RunTime:0.0003s ]
SQL: SHOW COLUMNS FROM `cloud_member` [ RunTime:0.0030s ]
SQL: SELECT * FROM `cloud_member` WHERE `uid` = 1 LIMIT 1   [ RunTime:0.0003s ]
SQL: SELECT title FROM cloud_auth_group_access ga LEFT JOIN cloud_auth_group g ON ga.group_id=g.id where uid=1 [ RunTime:0.0003s ]
SQL: SELECT s.id,s.title,s.name,s.tips,s.pid,p.pid as ppid,p.title as ptitle FROM cloud_auth_rule s left join cloud_auth_rule p on p.id=s.pid where s.name='Index/index' [ RunTime:0.0004s ]
SQL: SHOW COLUMNS FROM `cloud_auth_rule` [ RunTime:0.0027s ]
SQL: SELECT `id`,`title`,`pid`,`name`,`icon` FROM `cloud_auth_rule` WHERE ( islink=1 AND id in (1,2,3,4,5,7,8,9,11,12,13,14,15,16,17,18,19,20,21,22,23,58,68,69,70,97,98,99,101,102,103,104,105,108)  ) ORDER BY o ASC  [ RunTime:0.0006s ]
SQL: SELECT SUM(s.num) AS nums, o.org_id, o.h_id, s.*, m.menu_name FROM cloud_order o INNER JOIN cloud_order_sub s ON s.oid = o.id INNER JOIN cloud_cook_menu m ON m.id=s.menu_id WHERE o.org_id = 0 Group by menu_id ORDER BY nums DESC [ RunTime:0.0007s ]
SQL: SELECT SUM(nums) nums FROM(SELECT SUM(s.num) AS nums, o.org_id, o.h_id, s.*, m.menu_name FROM cloud_order o INNER JOIN cloud_order_sub s ON s.oid = o.id INNER JOIN cloud_cook_menu m ON m.id=s.menu_id WHERE o.org_id = 0 Group by menu_id ORDER BY nums DESC LIMIT 5,0) AS A [ RunTime:0.0006s ]
NOTIC: [2] Missing argument 1 for Admin\Model\StatisModel::getTotalByMonthByOrg(), called in D:\xampp\htdocs\Cloud\App\Admin\Controller\IndexController.class.php on line 20 and defined D:\xampp\htdocs\Cloud\App\Admin\Model\StatisModel.class.php 第 71 行.
NOTIC: [8] Undefined variable: year D:\xampp\htdocs\Cloud\App\Admin\Model\StatisModel.class.php 第 72 行.
SQL: SELECT IFNULL(h_name,'合计') AS h_name,
      SUM(IF(year='201701',count,0)) AS month01,
      SUM(IF(year='201702',count,0)) AS month02,
      SUM(IF(year='201703',count,0)) AS month03,
      SUM(IF(year='201704',count,0)) AS month04,
      SUM(IF(year='201705',count,0)) AS month05,
      SUM(IF(year='201706',count,0)) AS month06,
      SUM(IF(year='201707',count,0)) AS month07,
      SUM(IF(year='201708',count,0)) AS month08,
      SUM(IF(year='201709',count,0)) AS month09,
      SUM(IF(year='201710',count,0)) AS month10,
      SUM(IF(year='{November}',count,0)) AS month11,
      SUM(IF(year='201712',count,0)) AS month12,
      SUM(IF(year='total',count,0)) AS total
      FROM(
          SELECT h_name,IFNULL(year,'total') AS year,SUM(count) AS count
          FROM(
            SELECT h_name,FROM_UNIXTIME(order_time,'%Y%m')as year,SUM(o.total_money) count
            FROM cloud_order o
            JOIN cloud_hotel h ON h.id = o.h_id
            WHERE FROM_UNIXTIME(order_time,'%Y') = 2017
            GROUP BY h_name,year
            ) AS A
          GROUP BY h_name,year
          WITH ROLLUP
          HAVING h_name IS NOT NULL
            )AS B
      GROUP BY h_name
      WITH ROLLUP [ RunTime:0.0009s ]
SQL: SELECT SUM(s.num) AS nums, o.org_id, o.h_id, s.*, m.menu_name FROM cloud_order o INNER JOIN cloud_order_sub s ON s.oid = o.id INNER JOIN cloud_cook_menu m ON m.id=s.menu_id WHERE o.org_id = 0 Group by menu_id ORDER BY nums DESC LIMIT 100 [ RunTime:0.0006s ]
SQL: SELECT SUM(total_money) AS money, h.org_id,h.h_name FROM cloud_hotel h INNER JOIN cloud_order o ON o.h_id = h.id  WHERE h.org_id = 0 GROUP BY o.h_id ORDER BY money DESC LIMIT 1 [ RunTime:0.0004s ]
SQL: SELECT COUNT(s.id) AS nums, o.org_id, o.h_id, s.* ,m.menu_name FROM cloud_order o INNER JOIN cloud_order_sub s ON s.oid = o.id INNER JOIN cloud_cook_menu m ON m.id=s.menu_id WHERE o.org_id = 0 Group by menu_id ORDER BY nums ASC LIMIT 1 [ RunTime:0.0006s ]
SQL: SELECT SUM(total_money) AS money, h.org_id,h.h_name FROM cloud_hotel h INNER JOIN cloud_order o ON o.h_id = h.id  WHERE h.org_id = 0 GROUP BY o.h_id ORDER BY money ASC LIMIT 1 [ RunTime:0.0004s ]
NOTIC: [2048] Declaration of Admin\Model\OrgModel::save() should be compatible with Think\Model::save($data = '', $options = Array) D:\xampp\htdocs\Cloud\App\Admin\Model\OrgModel.class.php 第 79 行.
NOTIC: [2048] Declaration of Admin\Model\OrgModel::delete() should be compatible with Think\Model::delete($options = Array) D:\xampp\htdocs\Cloud\App\Admin\Model\OrgModel.class.php 第 79 行.
SQL: SHOW COLUMNS FROM `cloud_org` [ RunTime:0.0033s ]
SQL: SHOW COLUMNS FROM `cloud_hotel` [ RunTime:0.0025s ]
SQL: SELECT * FROM `cloud_hotel` WHERE ( org_id=0 )  [ RunTime:0.0004s ]
SQL: SHOW COLUMNS FROM `cloud_auth_group_access` [ RunTime:0.0024s ]
SQL: SELECT * FROM `cloud_auth_group_access` WHERE ( uid = 1 ) LIMIT 1   [ RunTime:0.0003s ]
NOTIC: [8] Undefined variable: data D:\xampp\htdocs\Cloud\App\Admin\Controller\IndexController.class.php 第 55 行.
INFO: [ view_parse ] --START--
INFO: [ template_filter ] --START--
INFO: Run Behavior\ContentReplaceBehavior [ RunTime:0.000138s ]
INFO: [ template_filter ] --END-- [ RunTime:0.000179s ]
NOTIC: [8] Undefined variable: mysql D:\xampp\htdocs\Cloud\App\Runtime\Cache\Admin\f2e2f05010f1886c29d5afc0de6be789.php 第 414 行.
NOTIC: [8] Undefined variable: list D:\xampp\htdocs\Cloud\App\Runtime\Cache\Admin\f2e2f05010f1886c29d5afc0de6be789.php 第 507 行.
NOTIC: [8] Undefined variable: page D:\xampp\htdocs\Cloud\App\Runtime\Cache\Admin\f2e2f05010f1886c29d5afc0de6be789.php 第 516 行.
INFO: Run Behavior\ParseTemplateBehavior [ RunTime:0.017401s ]
INFO: [ view_parse ] --END-- [ RunTime:0.017451s ]
INFO: [ view_filter ] --START--
INFO: Run Behavior\WriteHtmlCacheBehavior [ RunTime:0.000429s ]
INFO: [ view_filter ] --END-- [ RunTime:0.000460s ]

[ 2017-12-21T18:07:41+08:00 ] ::1 /cloud/index.php/Admin/Admanage/typemana.html
INFO: [ app_init ] --START--
INFO: Run Behavior\BuildLiteBehavior [ RunTime:0.000011s ]
INFO: [ app_init ] --END-- [ RunTime:0.000479s ]
INFO: [ app_begin ] --START--
INFO: Run Behavior\ReadHtmlCacheBehavior [ RunTime:0.000568s ]
INFO: [ app_begin ] --END-- [ RunTime:0.000618s ]
NOTIC: [8] A session had already been started - ignoring session_start() D:\xampp\htdocs\Cloud\App\Admin\Controller\ComController.class.php 第 119 行.
SQL: SHOW COLUMNS FROM `cloud_member` [ RunTime:0.0029s ]
SQL: SELECT * FROM `cloud_member` WHERE `uid` = 1 LIMIT 1   [ RunTime:0.0004s ]
SQL: SELECT * FROM cloud_auth_group g left join cloud_auth_group_access a on g.id=a.group_id where a.uid=1 [ RunTime:0.0003s ]
SQL: SHOW COLUMNS FROM `cloud_member` [ RunTime:0.0027s ]
SQL: SELECT * FROM `cloud_member` WHERE `uid` = 1 LIMIT 1   [ RunTime:0.0003s ]
SQL: SELECT title FROM cloud_auth_group_access ga LEFT JOIN cloud_auth_group g ON ga.group_id=g.id where uid=1 [ RunTime:0.0003s ]
SQL: SELECT s.id,s.title,s.name,s.tips,s.pid,p.pid as ppid,p.title as ptitle FROM cloud_auth_rule s left join cloud_auth_rule p on p.id=s.pid where s.name='Admanage/typemana' [ RunTime:0.0003s ]
SQL: SHOW COLUMNS FROM `cloud_auth_rule` [ RunTime:0.0031s ]
SQL: SELECT `id`,`title`,`pid`,`name`,`icon` FROM `cloud_auth_rule` WHERE ( islink=1 AND id in (1,2,3,4,5,7,8,9,11,12,13,14,15,16,17,18,19,20,21,22,23,58,68,69,70,97,98,99,101,102,103,104,105,108)  ) ORDER BY o ASC  [ RunTime:0.0006s ]
SQL: SHOW COLUMNS FROM `cloud_ads_type` [ RunTime:0.0271s ]
SQL: SELECT * FROM `cloud_ads_type`  [ RunTime:0.0004s ]
INFO: [ view_parse ] --START--
INFO: [ template_filter ] --START--
INFO: Run Behavior\ContentReplaceBehavior [ RunTime:0.000112s ]
INFO: [ template_filter ] --END-- [ RunTime:0.000153s ]
INFO: Run Behavior\ParseTemplateBehavior [ RunTime:0.051508s ]
INFO: [ view_parse ] --END-- [ RunTime:0.051580s ]
INFO: [ view_filter ] --START--
INFO: Run Behavior\WriteHtmlCacheBehavior [ RunTime:0.000387s ]
INFO: [ view_filter ] --END-- [ RunTime:0.000418s ]
INFO: [ app_end ] --START--
INFO: Run Behavior\ShowPageTraceBehavior [ RunTime:0.000515s ]
INFO: [ app_end ] --END-- [ RunTime:0.000558s ]

[ 2017-12-21T18:07:43+08:00 ] ::1 /cloud/index.php/Admin/Admanage/addtype.html
INFO: [ app_init ] --START--
INFO: Run Behavior\BuildLiteBehavior [ RunTime:0.000013s ]
INFO: [ app_init ] --END-- [ RunTime:0.000395s ]
INFO: [ app_begin ] --START--
INFO: Run Behavior\ReadHtmlCacheBehavior [ RunTime:0.000582s ]
INFO: [ app_begin ] --END-- [ RunTime:0.000636s ]
NOTIC: [8] A session had already been started - ignoring session_start() D:\xampp\htdocs\Cloud\App\Admin\Controller\ComController.class.php 第 119 行.
SQL: SHOW COLUMNS FROM `cloud_member` [ RunTime:0.0030s ]
SQL: SELECT * FROM `cloud_member` WHERE `uid` = 1 LIMIT 1   [ RunTime:0.0004s ]
SQL: SELECT * FROM cloud_auth_group g left join cloud_auth_group_access a on g.id=a.group_id where a.uid=1 [ RunTime:0.0005s ]
SQL: SHOW COLUMNS FROM `cloud_member` [ RunTime:0.0039s ]
SQL: SELECT * FROM `cloud_member` WHERE `uid` = 1 LIMIT 1   [ RunTime:0.0003s ]
SQL: SELECT title FROM cloud_auth_group_access ga LEFT JOIN cloud_auth_group g ON ga.group_id=g.id where uid=1 [ RunTime:0.0003s ]
SQL: SELECT s.id,s.title,s.name,s.tips,s.pid,p.pid as ppid,p.title as ptitle FROM cloud_auth_rule s left join cloud_auth_rule p on p.id=s.pid where s.name='Admanage/addtype' [ RunTime:0.0004s ]
SQL: SHOW COLUMNS FROM `cloud_auth_rule` [ RunTime:0.0029s ]
SQL: SELECT `id`,`title`,`pid`,`name`,`icon` FROM `cloud_auth_rule` WHERE ( islink=1 AND id in (1,2,3,4,5,7,8,9,11,12,13,14,15,16,17,18,19,20,21,22,23,58,68,69,70,97,98,99,101,102,103,104,105,108)  ) ORDER BY o ASC  [ RunTime:0.0006s ]
INFO: [ view_parse ] --START--
INFO: [ template_filter ] --START--
INFO: Run Behavior\ContentReplaceBehavior [ RunTime:0.000127s ]
INFO: [ template_filter ] --END-- [ RunTime:0.000193s ]
INFO: Run Behavior\ParseTemplateBehavior [ RunTime:0.027034s ]
INFO: [ view_parse ] --END-- [ RunTime:0.027092s ]
INFO: [ view_filter ] --START--
INFO: Run Behavior\WriteHtmlCacheBehavior [ RunTime:0.000369s ]
INFO: [ view_filter ] --END-- [ RunTime:0.000400s ]
INFO: [ app_end ] --START--
INFO: Run Behavior\ShowPageTraceBehavior [ RunTime:0.000595s ]
INFO: [ app_end ] --END-- [ RunTime:0.000640s ]

[ 2017-12-21T18:07:45+08:00 ] ::1 /cloud/index.php/Admin/Admanage/add.html
INFO: [ app_init ] --START--
INFO: Run Behavior\BuildLiteBehavior [ RunTime:0.000011s ]
INFO: [ app_init ] --END-- [ RunTime:0.000447s ]
INFO: [ app_begin ] --START--
INFO: Run Behavior\ReadHtmlCacheBehavior [ RunTime:0.000514s ]
INFO: [ app_begin ] --END-- [ RunTime:0.000554s ]
NOTIC: [8] A session had already been started - ignoring session_start() D:\xampp\htdocs\Cloud\App\Admin\Controller\ComController.class.php 第 119 行.
SQL: SHOW COLUMNS FROM `cloud_member` [ RunTime:0.0339s ]
SQL: SELECT * FROM `cloud_member` WHERE `uid` = 1 LIMIT 1   [ RunTime:0.0003s ]
SQL: SELECT * FROM cloud_auth_group g left join cloud_auth_group_access a on g.id=a.group_id where a.uid=1 [ RunTime:0.0003s ]
SQL: SHOW COLUMNS FROM `cloud_member` [ RunTime:0.0041s ]
SQL: SELECT * FROM `cloud_member` WHERE `uid` = 1 LIMIT 1   [ RunTime:0.0003s ]
SQL: SELECT title FROM cloud_auth_group_access ga LEFT JOIN cloud_auth_group g ON ga.group_id=g.id where uid=1 [ RunTime:0.0003s ]
SQL: SELECT s.id,s.title,s.name,s.tips,s.pid,p.pid as ppid,p.title as ptitle FROM cloud_auth_rule s left join cloud_auth_rule p on p.id=s.pid where s.name='Admanage/add' [ RunTime:0.0004s ]
SQL: SHOW COLUMNS FROM `cloud_auth_rule` [ RunTime:0.0027s ]
SQL: SELECT `id`,`title`,`pid`,`name`,`icon` FROM `cloud_auth_rule` WHERE ( islink=1 AND id in (1,2,3,4,5,7,8,9,11,12,13,14,15,16,17,18,19,20,21,22,23,58,68,69,70,97,98,99,101,102,103,104,105,108)  ) ORDER BY o ASC  [ RunTime:0.0007s ]
NOTIC: [8] Use of undefined constant uniqid - assumed 'uniqid' D:\xampp\htdocs\Cloud\App\Admin\Controller\AdmanageController.class.php 第 190 行.
SQL: SHOW COLUMNS FROM `cloud_ads_type` [ RunTime:0.0026s ]
SQL: SHOW COLUMNS FROM `cloud_org` [ RunTime:0.0025s ]
SQL: SELECT * FROM `cloud_org` WHERE ( id>0 )  [ RunTime:0.0004s ]
SQL: SELECT * FROM `cloud_ads_type`  [ RunTime:0.0003s ]
INFO: [ view_parse ] --START--
INFO: [ template_filter ] --START--
INFO: Run Behavior\ContentReplaceBehavior [ RunTime:0.000204s ]
INFO: [ template_filter ] --END-- [ RunTime:0.000256s ]
NOTIC: [8] Undefined index: typename D:\xampp\htdocs\Cloud\App\Runtime\Cache\Admin\9bd46574c58ffeb34d93a834ddb9847e.php 第 451 行.
INFO: Run Behavior\ParseTemplateBehavior [ RunTime:0.024560s ]
INFO: [ view_parse ] --END-- [ RunTime:0.024615s ]
INFO: [ view_filter ] --START--
INFO: Run Behavior\WriteHtmlCacheBehavior [ RunTime:0.000392s ]
INFO: [ view_filter ] --END-- [ RunTime:0.000424s ]
INFO: [ app_end ] --START--
INFO: Run Behavior\ShowPageTraceBehavior [ RunTime:0.000526s ]
INFO: [ app_end ] --END-- [ RunTime:0.000571s ]

[ 2017-12-21T18:08:10+08:00 ] ::1 /cloud/index.php/Admin/Admanage/getMatchedHotel
INFO: [ app_init ] --START--
INFO: Run Behavior\BuildLiteBehavior [ RunTime:0.000014s ]
INFO: [ app_init ] --END-- [ RunTime:0.000433s ]
INFO: [ app_begin ] --START--
INFO: Run Behavior\ReadHtmlCacheBehavior [ RunTime:0.000514s ]
INFO: [ app_begin ] --END-- [ RunTime:0.000553s ]
NOTIC: [8] A session had already been started - ignoring session_start() D:\xampp\htdocs\Cloud\App\Admin\Controller\ComController.class.php 第 119 行.
SQL: SHOW COLUMNS FROM `cloud_member` [ RunTime:0.0103s ]
SQL: SELECT * FROM `cloud_member` WHERE `uid` = 1 LIMIT 1   [ RunTime:0.0003s ]
SQL: SELECT * FROM cloud_auth_group g left join cloud_auth_group_access a on g.id=a.group_id where a.uid=1 [ RunTime:0.0003s ]
SQL: SHOW COLUMNS FROM `cloud_member` [ RunTime:0.0025s ]
SQL: SELECT * FROM `cloud_member` WHERE `uid` = 1 LIMIT 1   [ RunTime:0.0003s ]
SQL: SELECT title FROM cloud_auth_group_access ga LEFT JOIN cloud_auth_group g ON ga.group_id=g.id where uid=1 [ RunTime:0.0003s ]
SQL: SELECT s.id,s.title,s.name,s.tips,s.pid,p.pid as ppid,p.title as ptitle FROM cloud_auth_rule s left join cloud_auth_rule p on p.id=s.pid where s.name='Admanage/getMatchedHotel' [ RunTime:0.0003s ]
NOTIC: [8] Undefined offset: 0 D:\xampp\htdocs\Cloud\App\Admin\Controller\ComController.class.php 第 67 行.
SQL: SHOW COLUMNS FROM `cloud_auth_rule` [ RunTime:0.0034s ]
SQL: SELECT `id`,`title`,`pid`,`name`,`icon` FROM `cloud_auth_rule` WHERE ( islink=1 AND id in (1,2,3,4,5,7,8,9,11,12,13,14,15,16,17,18,19,20,21,22,23,58,68,69,70,97,98,99,101,102,103,104,105,108)  ) ORDER BY o ASC  [ RunTime:0.0008s ]
SQL: SHOW COLUMNS FROM `cloud_hotel` [ RunTime:0.0029s ]
SQL: SELECT `id`,`h_name` FROM `cloud_hotel` WHERE `h_province` = '北京市' AND `h_city` = '市辖区' AND `h_district` = '东城区'  [ RunTime:0.0003s ]

[ 2017-12-21T18:08:11+08:00 ] ::1 /cloud/index.php/Admin/Admanage/getMatchedHotel
INFO: [ app_init ] --START--
INFO: Run Behavior\BuildLiteBehavior [ RunTime:0.000010s ]
INFO: [ app_init ] --END-- [ RunTime:0.000466s ]
INFO: [ app_begin ] --START--
INFO: Run Behavior\ReadHtmlCacheBehavior [ RunTime:0.000531s ]
INFO: [ app_begin ] --END-- [ RunTime:0.000569s ]
NOTIC: [8] A session had already been started - ignoring session_start() D:\xampp\htdocs\Cloud\App\Admin\Controller\ComController.class.php 第 119 行.
SQL: SHOW COLUMNS FROM `cloud_member` [ RunTime:0.0088s ]
SQL: SELECT * FROM `cloud_member` WHERE `uid` = 1 LIMIT 1   [ RunTime:0.0006s ]
SQL: SELECT * FROM cloud_auth_group g left join cloud_auth_group_access a on g.id=a.group_id where a.uid=1 [ RunTime:0.0007s ]
SQL: SHOW COLUMNS FROM `cloud_member` [ RunTime:0.0055s ]
SQL: SELECT * FROM `cloud_member` WHERE `uid` = 1 LIMIT 1   [ RunTime:0.0004s ]
SQL: SELECT title FROM cloud_auth_group_access ga LEFT JOIN cloud_auth_group g ON ga.group_id=g.id where uid=1 [ RunTime:0.0003s ]
SQL: SELECT s.id,s.title,s.name,s.tips,s.pid,p.pid as ppid,p.title as ptitle FROM cloud_auth_rule s left join cloud_auth_rule p on p.id=s.pid where s.name='Admanage/getMatchedHotel' [ RunTime:0.0003s ]
NOTIC: [8] Undefined offset: 0 D:\xampp\htdocs\Cloud\App\Admin\Controller\ComController.class.php 第 67 行.
SQL: SHOW COLUMNS FROM `cloud_auth_rule` [ RunTime:0.0028s ]
SQL: SELECT `id`,`title`,`pid`,`name`,`icon` FROM `cloud_auth_rule` WHERE ( islink=1 AND id in (1,2,3,4,5,7,8,9,11,12,13,14,15,16,17,18,19,20,21,22,23,58,68,69,70,97,98,99,101,102,103,104,105,108)  ) ORDER BY o ASC  [ RunTime:0.0006s ]
SQL: SHOW COLUMNS FROM `cloud_hotel` [ RunTime:0.0030s ]
SQL: SELECT `id`,`h_name` FROM `cloud_hotel` WHERE `h_province` = '北京市' AND `h_city` = '市辖区' AND `h_district` = '东城区'  [ RunTime:0.0004s ]

[ 2017-12-21T18:43:33+08:00 ] ::1 /cloud/index.php/Admin/login/index.html
INFO: [ app_init ] --START--
INFO: Run Behavior\BuildLiteBehavior [ RunTime:0.000011s ]
INFO: [ app_init ] --END-- [ RunTime:0.000880s ]
INFO: [ app_begin ] --START--
INFO: Run Behavior\ReadHtmlCacheBehavior [ RunTime:0.000541s ]
INFO: [ app_begin ] --END-- [ RunTime:0.000588s ]
NOTIC: [8] A session had already been started - ignoring session_start() D:\xampp\htdocs\Cloud\App\Admin\Controller\ComController.class.php 第 119 行.
INFO: [ view_parse ] --START--
INFO: [ template_filter ] --START--
INFO: Run Behavior\ContentReplaceBehavior [ RunTime:0.000064s ]
INFO: [ template_filter ] --END-- [ RunTime:0.000123s ]
NOTIC: [8] Undefined variable: current D:\xampp\htdocs\Cloud\App\Runtime\Cache\Admin\f0f0edaa955fd2857dedea53d1ab9ca3.php 第 7 行.
INFO: Run Behavior\ParseTemplateBehavior [ RunTime:0.006681s ]
INFO: [ view_parse ] --END-- [ RunTime:0.006733s ]
INFO: [ view_filter ] --START--
INFO: Run Behavior\WriteHtmlCacheBehavior [ RunTime:0.000389s ]
INFO: [ view_filter ] --END-- [ RunTime:0.000422s ]
INFO: [ app_end ] --START--
INFO: Run Behavior\ShowPageTraceBehavior [ RunTime:0.000547s ]
INFO: [ app_end ] --END-- [ RunTime:0.000607s ]

[ 2017-12-21T18:43:33+08:00 ] ::1 /cloud/index.php/Admin/login/verify.html
INFO: [ app_init ] --START--
INFO: Run Behavior\BuildLiteBehavior [ RunTime:0.000016s ]
INFO: [ app_init ] --END-- [ RunTime:0.000640s ]
INFO: [ app_begin ] --START--
INFO: Run Behavior\ReadHtmlCacheBehavior [ RunTime:0.000756s ]
INFO: [ app_begin ] --END-- [ RunTime:0.000833s ]
INFO: [ app_end ] --START--
INFO: Run Behavior\ShowPageTraceBehavior [ RunTime:0.000870s ]
INFO: [ app_end ] --END-- [ RunTime:0.000948s ]

[ 2017-12-21T18:43:42+08:00 ] ::1 /cloud/index.php/Admin/login/verify.html?1513853021935
INFO: [ app_init ] --START--
INFO: Run Behavior\BuildLiteBehavior [ RunTime:0.000010s ]
INFO: [ app_init ] --END-- [ RunTime:0.000461s ]
INFO: [ app_begin ] --START--
INFO: Run Behavior\ReadHtmlCacheBehavior [ RunTime:0.000523s ]
INFO: [ app_begin ] --END-- [ RunTime:0.000564s ]
INFO: [ app_end ] --START--
INFO: Run Behavior\ShowPageTraceBehavior [ RunTime:0.000701s ]
INFO: [ app_end ] --END-- [ RunTime:0.000752s ]

[ 2017-12-21T18:43:46+08:00 ] ::1 /cloud/index.php/Admin/login/login.html
INFO: [ app_init ] --START--
INFO: Run Behavior\BuildLiteBehavior [ RunTime:0.000010s ]
INFO: [ app_init ] --END-- [ RunTime:0.000409s ]
INFO: [ app_begin ] --START--
INFO: Run Behavior\ReadHtmlCacheBehavior [ RunTime:0.000518s ]
INFO: [ app_begin ] --END-- [ RunTime:0.000558s ]
SQL: SHOW COLUMNS FROM `cloud_member` [ RunTime:0.0707s ]
SQL: SELECT `uid`,`user`,`org_id`,`h_id` FROM `cloud_member` WHERE `user` = '1234' AND `password` = 'b3c89ea6161f66de5e2bfccfda5ed3e4' LIMIT 1   [ RunTime:0.0004s ]
NOTIC: [8] A session had already been started - ignoring session_start() D:\xampp\htdocs\Cloud\App\Admin\Controller\LoginController.class.php 第 51 行.
SQL: SHOW COLUMNS FROM `cloud_log` [ RunTime:0.0846s ]
NOTIC: [8] A session had already been started - ignoring session_start() D:\xampp\htdocs\Cloud\App\Admin\Common\function.php 第 12 行.
SQL: SHOW COLUMNS FROM `cloud_member` [ RunTime:0.0697s ]
SQL: SELECT `user` FROM `cloud_member` WHERE `uid` = 11 LIMIT 1   [ RunTime:0.0003s ]
SQL: INSERT INTO `cloud_log` (`name`,`t`,`ip`,`log`) VALUES ('1234','1513853026','::1','登录成功。') [ RunTime:0.0004s ]

[ 2017-12-21T18:43:46+08:00 ] ::1 /cloud/index.php/Admin/index/index.html
INFO: [ app_init ] --START--
INFO: Run Behavior\BuildLiteBehavior [ RunTime:0.000011s ]
INFO: [ app_init ] --END-- [ RunTime:0.000405s ]
INFO: [ app_begin ] --START--
INFO: Run Behavior\ReadHtmlCacheBehavior [ RunTime:0.000503s ]
INFO: [ app_begin ] --END-- [ RunTime:0.000562s ]
NOTIC: [8] A session had already been started - ignoring session_start() D:\xampp\htdocs\Cloud\App\Admin\Controller\ComController.class.php 第 119 行.
SQL: SHOW COLUMNS FROM `cloud_member` [ RunTime:0.0335s ]
SQL: SELECT * FROM `cloud_member` WHERE `uid` = 11 LIMIT 1   [ RunTime:0.0004s ]
SQL: SELECT * FROM cloud_auth_group g left join cloud_auth_group_access a on g.id=a.group_id where a.uid=11 [ RunTime:0.0017s ]
SQL: SHOW COLUMNS FROM `cloud_member` [ RunTime:0.0267s ]
SQL: SELECT * FROM `cloud_member` WHERE `uid` = 11 LIMIT 1   [ RunTime:0.0004s ]
SQL: SELECT title FROM cloud_auth_group_access ga LEFT JOIN cloud_auth_group g ON ga.group_id=g.id where uid=11 [ RunTime:0.0003s ]
SQL: SELECT s.id,s.title,s.name,s.tips,s.pid,p.pid as ppid,p.title as ptitle FROM cloud_auth_rule s left join cloud_auth_rule p on p.id=s.pid where s.name='Index/index' [ RunTime:0.0012s ]
SQL: SHOW COLUMNS FROM `cloud_auth_rule` [ RunTime:0.0271s ]
SQL: SELECT `id`,`title`,`pid`,`name`,`icon` FROM `cloud_auth_rule` WHERE ( islink=1 AND id in (101,106,105,48,49,50,55)  ) ORDER BY o ASC  [ RunTime:0.0005s ]
SQL: SELECT SUM(s.num) AS nums, o.org_id, o.h_id, s.*, m.menu_name FROM cloud_order o INNER JOIN cloud_order_sub s ON s.oid = o.id INNER JOIN cloud_cook_menu m ON m.id=s.menu_id WHERE o.org_id = 2 Group by menu_id ORDER BY nums DESC [ RunTime:0.0895s ]
SQL: SELECT SUM(nums) nums FROM(SELECT SUM(s.num) AS nums, o.org_id, o.h_id, s.*, m.menu_name FROM cloud_order o INNER JOIN cloud_order_sub s ON s.oid = o.id INNER JOIN cloud_cook_menu m ON m.id=s.menu_id WHERE o.org_id = 2 Group by menu_id ORDER BY nums DESC LIMIT 5,30) AS A [ RunTime:0.0013s ]
NOTIC: [2] Missing argument 1 for Admin\Model\StatisModel::getTotalByMonthByOrg(), called in D:\xampp\htdocs\Cloud\App\Admin\Controller\IndexController.class.php on line 20 and defined D:\xampp\htdocs\Cloud\App\Admin\Model\StatisModel.class.php 第 71 行.
NOTIC: [8] Undefined variable: year D:\xampp\htdocs\Cloud\App\Admin\Model\StatisModel.class.php 第 72 行.
SQL: SELECT IFNULL(h_name,'合计') AS h_name,
      SUM(IF(year='201701',count,0)) AS month01,
      SUM(IF(year='201702',count,0)) AS month02,
      SUM(IF(year='201703',count,0)) AS month03,
      SUM(IF(year='201704',count,0)) AS month04,
      SUM(IF(year='201705',count,0)) AS month05,
      SUM(IF(year='201706',count,0)) AS month06,
      SUM(IF(year='201707',count,0)) AS month07,
      SUM(IF(year='201708',count,0)) AS month08,
      SUM(IF(year='201709',count,0)) AS month09,
      SUM(IF(year='201710',count,0)) AS month10,
      SUM(IF(year='{November}',count,0)) AS month11,
      SUM(IF(year='201712',count,0)) AS month12,
      SUM(IF(year='total',count,0)) AS total
      FROM(
          SELECT h_name,IFNULL(year,'total') AS year,SUM(count) AS count
          FROM(
            SELECT h_name,FROM_UNIXTIME(order_time,'%Y%m')as year,SUM(o.total_money) count
            FROM cloud_order o
            JOIN cloud_hotel h ON h.id = o.h_id
            WHERE FROM_UNIXTIME(order_time,'%Y') = 2017
            GROUP BY h_name,year
            ) AS A
          GROUP BY h_name,year
          WITH ROLLUP
          HAVING h_name IS NOT NULL
            )AS B
      GROUP BY h_name
      WITH ROLLUP [ RunTime:0.0281s ]
SQL: SELECT SUM(s.num) AS nums, o.org_id, o.h_id, s.*, m.menu_name FROM cloud_order o INNER JOIN cloud_order_sub s ON s.oid = o.id INNER JOIN cloud_cook_menu m ON m.id=s.menu_id WHERE o.org_id = 2 Group by menu_id ORDER BY nums DESC LIMIT 100 [ RunTime:0.0012s ]
SQL: SELECT SUM(total_money) AS money, h.org_id,h.h_name FROM cloud_hotel h INNER JOIN cloud_order o ON o.h_id = h.id  WHERE h.org_id = 2 GROUP BY o.h_id ORDER BY money DESC LIMIT 1 [ RunTime:0.0005s ]
SQL: SELECT COUNT(s.id) AS nums, o.org_id, o.h_id, s.* ,m.menu_name FROM cloud_order o INNER JOIN cloud_order_sub s ON s.oid = o.id INNER JOIN cloud_cook_menu m ON m.id=s.menu_id WHERE o.org_id = 2 Group by menu_id ORDER BY nums ASC LIMIT 1 [ RunTime:0.0010s ]
SQL: SELECT SUM(total_money) AS money, h.org_id,h.h_name FROM cloud_hotel h INNER JOIN cloud_order o ON o.h_id = h.id  WHERE h.org_id = 2 GROUP BY o.h_id ORDER BY money ASC LIMIT 1 [ RunTime:0.0004s ]
NOTIC: [2048] Declaration of Admin\Model\OrgModel::save() should be compatible with Think\Model::save($data = '', $options = Array) D:\xampp\htdocs\Cloud\App\Admin\Model\OrgModel.class.php 第 79 行.
NOTIC: [2048] Declaration of Admin\Model\OrgModel::delete() should be compatible with Think\Model::delete($options = Array) D:\xampp\htdocs\Cloud\App\Admin\Model\OrgModel.class.php 第 79 行.
SQL: SHOW COLUMNS FROM `cloud_org` [ RunTime:0.0650s ]
SQL: SHOW COLUMNS FROM `cloud_hotel` [ RunTime:0.0025s ]
SQL: SELECT * FROM `cloud_hotel` WHERE ( org_id=2 )  [ RunTime:0.0004s ]
SQL: SHOW COLUMNS FROM `cloud_auth_group_access` [ RunTime:0.0031s ]
SQL: SELECT * FROM `cloud_auth_group_access` WHERE ( uid = 11 ) LIMIT 1   [ RunTime:0.0003s ]
NOTIC: [8] Undefined variable: data D:\xampp\htdocs\Cloud\App\Admin\Controller\IndexController.class.php 第 60 行.

[ 2017-12-21T18:43:46+08:00 ] ::1 /cloud/index.php/Admin/Admanage/myadlist.html
INFO: [ app_init ] --START--
INFO: Run Behavior\BuildLiteBehavior [ RunTime:0.000009s ]
INFO: [ app_init ] --END-- [ RunTime:0.000441s ]
INFO: [ app_begin ] --START--
INFO: Run Behavior\ReadHtmlCacheBehavior [ RunTime:0.000531s ]
INFO: [ app_begin ] --END-- [ RunTime:0.000583s ]
NOTIC: [8] A session had already been started - ignoring session_start() D:\xampp\htdocs\Cloud\App\Admin\Controller\ComController.class.php 第 119 行.
SQL: SHOW COLUMNS FROM `cloud_member` [ RunTime:0.0028s ]
SQL: SELECT * FROM `cloud_member` WHERE `uid` = 11 LIMIT 1   [ RunTime:0.0003s ]
SQL: SELECT * FROM cloud_auth_group g left join cloud_auth_group_access a on g.id=a.group_id where a.uid=11 [ RunTime:0.0004s ]
SQL: SHOW COLUMNS FROM `cloud_member` [ RunTime:0.0031s ]
SQL: SELECT * FROM `cloud_member` WHERE `uid` = 11 LIMIT 1   [ RunTime:0.0003s ]
SQL: SELECT title FROM cloud_auth_group_access ga LEFT JOIN cloud_auth_group g ON ga.group_id=g.id where uid=11 [ RunTime:0.0003s ]
SQL: SELECT s.id,s.title,s.name,s.tips,s.pid,p.pid as ppid,p.title as ptitle FROM cloud_auth_rule s left join cloud_auth_rule p on p.id=s.pid where s.name='Admanage/myadlist' [ RunTime:0.0003s ]
SQL: SHOW COLUMNS FROM `cloud_auth_rule` [ RunTime:0.0025s ]
SQL: SELECT `id`,`title`,`pid`,`name`,`icon` FROM `cloud_auth_rule` WHERE ( islink=1 AND id in (101,106,105,48,49,50,55)  ) ORDER BY o ASC  [ RunTime:0.0004s ]
SQL: SHOW COLUMNS FROM `cloud_ads` [ RunTime:0.0337s ]
SQL: UPDATE `cloud_ads` SET `is_delete`='1' WHERE `endtime` < '2017-12-21' [ RunTime:0.0004s ]
SQL: UPDATE `cloud_ads` SET `is_delete`='0' WHERE `endtime` > '2017-12-21' [ RunTime:0.0003s ]
SQL: SELECT * FROM `cloud_ads` WHERE ( uid=11 )  [ RunTime:0.0004s ]
NOTIC: [8] Undefined index: ad_hotel D:\xampp\htdocs\Cloud\App\Admin\Controller\AdmanageController.class.php 第 128 行.
INFO: [ view_parse ] --START--
INFO: [ template_filter ] --START--
INFO: Run Behavior\ContentReplaceBehavior [ RunTime:0.000150s ]
INFO: [ template_filter ] --END-- [ RunTime:0.000193s ]
NOTIC: [8] Undefined variable: 1 D:\xampp\htdocs\Cloud\App\Runtime\Cache\Admin\a635a2b326dd7ff570395f73ee942bca.php 第 430 行.
NOTIC: [8] Undefined index: adshowcount D:\xampp\htdocs\Cloud\App\Runtime\Cache\Admin\a635a2b326dd7ff570395f73ee942bca.php 第 454 行.
NOTIC: [8] Undefined index: address D:\xampp\htdocs\Cloud\App\Runtime\Cache\Admin\a635a2b326dd7ff570395f73ee942bca.php 第 464 行.
NOTIC: [8] Undefined variable: 1 D:\xampp\htdocs\Cloud\App\Runtime\Cache\Admin\a635a2b326dd7ff570395f73ee942bca.php 第 507 行.
NOTIC: [8] Undefined index: adshowcount D:\xampp\htdocs\Cloud\App\Runtime\Cache\Admin\a635a2b326dd7ff570395f73ee942bca.php 第 531 行.
NOTIC: [8] Undefined index: address D:\xampp\htdocs\Cloud\App\Runtime\Cache\Admin\a635a2b326dd7ff570395f73ee942bca.php 第 541 行.
NOTIC: [8] Undefined variable: 1 D:\xampp\htdocs\Cloud\App\Runtime\Cache\Admin\a635a2b326dd7ff570395f73ee942bca.php 第 507 行.
NOTIC: [8] Undefined index: adshowcount D:\xampp\htdocs\Cloud\App\Runtime\Cache\Admin\a635a2b326dd7ff570395f73ee942bca.php 第 531 行.
NOTIC: [8] Undefined index: address D:\xampp\htdocs\Cloud\App\Runtime\Cache\Admin\a635a2b326dd7ff570395f73ee942bca.php 第 541 行.
NOTIC: [8] Undefined variable: 1 D:\xampp\htdocs\Cloud\App\Runtime\Cache\Admin\a635a2b326dd7ff570395f73ee942bca.php 第 507 行.
NOTIC: [8] Undefined index: adshowcount D:\xampp\htdocs\Cloud\App\Runtime\Cache\Admin\a635a2b326dd7ff570395f73ee942bca.php 第 531 行.
NOTIC: [8] Undefined index: address D:\xampp\htdocs\Cloud\App\Runtime\Cache\Admin\a635a2b326dd7ff570395f73ee942bca.php 第 541 行.
NOTIC: [8] Undefined variable: 1 D:\xampp\htdocs\Cloud\App\Runtime\Cache\Admin\a635a2b326dd7ff570395f73ee942bca.php 第 507 行.
NOTIC: [8] Undefined index: adshowcount D:\xampp\htdocs\Cloud\App\Runtime\Cache\Admin\a635a2b326dd7ff570395f73ee942bca.php 第 531 行.
NOTIC: [8] Undefined index: address D:\xampp\htdocs\Cloud\App\Runtime\Cache\Admin\a635a2b326dd7ff570395f73ee942bca.php 第 541 行.
NOTIC: [8] Undefined variable: 1 D:\xampp\htdocs\Cloud\App\Runtime\Cache\Admin\a635a2b326dd7ff570395f73ee942bca.php 第 507 行.
NOTIC: [8] Undefined index: adshowcount D:\xampp\htdocs\Cloud\App\Runtime\Cache\Admin\a635a2b326dd7ff570395f73ee942bca.php 第 531 行.
NOTIC: [8] Undefined index: address D:\xampp\htdocs\Cloud\App\Runtime\Cache\Admin\a635a2b326dd7ff570395f73ee942bca.php 第 541 行.
NOTIC: [8] Undefined variable: 1 D:\xampp\htdocs\Cloud\App\Runtime\Cache\Admin\a635a2b326dd7ff570395f73ee942bca.php 第 586 行.
NOTIC: [8] Undefined index: adshowcount D:\xampp\htdocs\Cloud\App\Runtime\Cache\Admin\a635a2b326dd7ff570395f73ee942bca.php 第 610 行.
NOTIC: [8] Undefined index: address D:\xampp\htdocs\Cloud\App\Runtime\Cache\Admin\a635a2b326dd7ff570395f73ee942bca.php 第 620 行.
NOTIC: [8] Undefined variable: 1 D:\xampp\htdocs\Cloud\App\Runtime\Cache\Admin\a635a2b326dd7ff570395f73ee942bca.php 第 586 行.
NOTIC: [8] Undefined index: adshowcount D:\xampp\htdocs\Cloud\App\Runtime\Cache\Admin\a635a2b326dd7ff570395f73ee942bca.php 第 610 行.
NOTIC: [8] Undefined index: address D:\xampp\htdocs\Cloud\App\Runtime\Cache\Admin\a635a2b326dd7ff570395f73ee942bca.php 第 620 行.
NOTIC: [8] Undefined variable: 1 D:\xampp\htdocs\Cloud\App\Runtime\Cache\Admin\a635a2b326dd7ff570395f73ee942bca.php 第 586 行.
NOTIC: [8] Undefined index: adshowcount D:\xampp\htdocs\Cloud\App\Runtime\Cache\Admin\a635a2b326dd7ff570395f73ee942bca.php 第 610 行.
NOTIC: [8] Undefined index: address D:\xampp\htdocs\Cloud\App\Runtime\Cache\Admin\a635a2b326dd7ff570395f73ee942bca.php 第 620 行.
NOTIC: [8] Undefined variable: 1 D:\xampp\htdocs\Cloud\App\Runtime\Cache\Admin\a635a2b326dd7ff570395f73ee942bca.php 第 680 行.
NOTIC: [8] Undefined index: adshowcount D:\xampp\htdocs\Cloud\App\Runtime\Cache\Admin\a635a2b326dd7ff570395f73ee942bca.php 第 705 行.
NOTIC: [8] Undefined index: address D:\xampp\htdocs\Cloud\App\Runtime\Cache\Admin\a635a2b326dd7ff570395f73ee942bca.php 第 715 行.
INFO: Run Behavior\ParseTemplateBehavior [ RunTime:0.035982s ]
INFO: [ view_parse ] --END-- [ RunTime:0.036023s ]
INFO: [ view_filter ] --START--
INFO: Run Behavior\WriteHtmlCacheBehavior [ RunTime:0.000486s ]
INFO: [ view_filter ] --END-- [ RunTime:0.000517s ]
INFO: [ app_end ] --START--
INFO: Run Behavior\ShowPageTraceBehavior [ RunTime:0.000589s ]
INFO: [ app_end ] --END-- [ RunTime:0.000630s ]

[ 2017-12-21T19:37:01+08:00 ] ::1 /cloud/index.php/Admin/Admanage/myadlist.html
INFO: [ app_init ] --START--
INFO: Run Behavior\BuildLiteBehavior [ RunTime:0.000012s ]
INFO: [ app_init ] --END-- [ RunTime:0.000399s ]
INFO: [ app_begin ] --START--
INFO: Run Behavior\ReadHtmlCacheBehavior [ RunTime:0.000574s ]
INFO: [ app_begin ] --END-- [ RunTime:0.000625s ]
NOTIC: [8] A session had already been started - ignoring session_start() D:\xampp\htdocs\Cloud\App\Admin\Controller\ComController.class.php 第 119 行.
SQL: SHOW COLUMNS FROM `cloud_member` [ RunTime:0.0033s ]
SQL: SELECT * FROM `cloud_member` WHERE `uid` = 11 LIMIT 1   [ RunTime:0.0004s ]
SQL: SELECT * FROM cloud_auth_group g left join cloud_auth_group_access a on g.id=a.group_id where a.uid=11 [ RunTime:0.0004s ]
SQL: SHOW COLUMNS FROM `cloud_member` [ RunTime:0.0031s ]
SQL: SELECT * FROM `cloud_member` WHERE `uid` = 11 LIMIT 1   [ RunTime:0.0004s ]
SQL: SELECT title FROM cloud_auth_group_access ga LEFT JOIN cloud_auth_group g ON ga.group_id=g.id where uid=11 [ RunTime:0.0003s ]
SQL: SELECT s.id,s.title,s.name,s.tips,s.pid,p.pid as ppid,p.title as ptitle FROM cloud_auth_rule s left join cloud_auth_rule p on p.id=s.pid where s.name='Admanage/myadlist' [ RunTime:0.0009s ]
SQL: SHOW COLUMNS FROM `cloud_auth_rule` [ RunTime:0.0029s ]
SQL: SELECT `id`,`title`,`pid`,`name`,`icon` FROM `cloud_auth_rule` WHERE ( islink=1 AND id in (101,106,105,48,49,50,55)  ) ORDER BY o ASC  [ RunTime:0.0005s ]
SQL: SHOW COLUMNS FROM `cloud_ads` [ RunTime:0.0028s ]
SQL: UPDATE `cloud_ads` SET `is_delete`='1' WHERE `endtime` < '2017-12-21' [ RunTime:0.0004s ]
SQL: UPDATE `cloud_ads` SET `is_delete`='0' WHERE `endtime` > '2017-12-21' [ RunTime:0.0003s ]
SQL: SELECT * FROM `cloud_ads` WHERE ( uid=11 )  [ RunTime:0.0004s ]
NOTIC: [8] Undefined index: ad_hotel D:\xampp\htdocs\Cloud\App\Admin\Controller\AdmanageController.class.php 第 128 行.
INFO: [ view_parse ] --START--
INFO: [ template_filter ] --START--
INFO: Run Behavior\ContentReplaceBehavior [ RunTime:0.000168s ]
INFO: [ template_filter ] --END-- [ RunTime:0.000219s ]
NOTIC: [8] Undefined variable: 1 D:\xampp\htdocs\Cloud\App\Runtime\Cache\Admin\a635a2b326dd7ff570395f73ee942bca.php 第 430 行.
NOTIC: [8] Undefined index: adshowcount D:\xampp\htdocs\Cloud\App\Runtime\Cache\Admin\a635a2b326dd7ff570395f73ee942bca.php 第 454 行.
NOTIC: [8] Undefined index: address D:\xampp\htdocs\Cloud\App\Runtime\Cache\Admin\a635a2b326dd7ff570395f73ee942bca.php 第 464 行.
NOTIC: [8] Undefined variable: 1 D:\xampp\htdocs\Cloud\App\Runtime\Cache\Admin\a635a2b326dd7ff570395f73ee942bca.php 第 507 行.
NOTIC: [8] Undefined index: adshowcount D:\xampp\htdocs\Cloud\App\Runtime\Cache\Admin\a635a2b326dd7ff570395f73ee942bca.php 第 531 行.
NOTIC: [8] Undefined index: address D:\xampp\htdocs\Cloud\App\Runtime\Cache\Admin\a635a2b326dd7ff570395f73ee942bca.php 第 541 行.
NOTIC: [8] Undefined variable: 1 D:\xampp\htdocs\Cloud\App\Runtime\Cache\Admin\a635a2b326dd7ff570395f73ee942bca.php 第 507 行.
NOTIC: [8] Undefined index: adshowcount D:\xampp\htdocs\Cloud\App\Runtime\Cache\Admin\a635a2b326dd7ff570395f73ee942bca.php 第 531 行.
NOTIC: [8] Undefined index: address D:\xampp\htdocs\Cloud\App\Runtime\Cache\Admin\a635a2b326dd7ff570395f73ee942bca.php 第 541 行.
NOTIC: [8] Undefined variable: 1 D:\xampp\htdocs\Cloud\App\Runtime\Cache\Admin\a635a2b326dd7ff570395f73ee942bca.php 第 507 行.
NOTIC: [8] Undefined index: adshowcount D:\xampp\htdocs\Cloud\App\Runtime\Cache\Admin\a635a2b326dd7ff570395f73ee942bca.php 第 531 行.
NOTIC: [8] Undefined index: address D:\xampp\htdocs\Cloud\App\Runtime\Cache\Admin\a635a2b326dd7ff570395f73ee942bca.php 第 541 行.
NOTIC: [8] Undefined variable: 1 D:\xampp\htdocs\Cloud\App\Runtime\Cache\Admin\a635a2b326dd7ff570395f73ee942bca.php 第 507 行.
NOTIC: [8] Undefined index: adshowcount D:\xampp\htdocs\Cloud\App\Runtime\Cache\Admin\a635a2b326dd7ff570395f73ee942bca.php 第 531 行.
NOTIC: [8] Undefined index: address D:\xampp\htdocs\Cloud\App\Runtime\Cache\Admin\a635a2b326dd7ff570395f73ee942bca.php 第 541 行.
NOTIC: [8] Undefined variable: 1 D:\xampp\htdocs\Cloud\App\Runtime\Cache\Admin\a635a2b326dd7ff570395f73ee942bca.php 第 507 行.
NOTIC: [8] Undefined index: adshowcount D:\xampp\htdocs\Cloud\App\Runtime\Cache\Admin\a635a2b326dd7ff570395f73ee942bca.php 第 531 行.
NOTIC: [8] Undefined index: address D:\xampp\htdocs\Cloud\App\Runtime\Cache\Admin\a635a2b326dd7ff570395f73ee942bca.php 第 541 行.
NOTIC: [8] Undefined variable: 1 D:\xampp\htdocs\Cloud\App\Runtime\Cache\Admin\a635a2b326dd7ff570395f73ee942bca.php 第 586 行.
NOTIC: [8] Undefined index: adshowcount D:\xampp\htdocs\Cloud\App\Runtime\Cache\Admin\a635a2b326dd7ff570395f73ee942bca.php 第 610 行.
NOTIC: [8] Undefined index: address D:\xampp\htdocs\Cloud\App\Runtime\Cache\Admin\a635a2b326dd7ff570395f73ee942bca.php 第 620 行.
NOTIC: [8] Undefined variable: 1 D:\xampp\htdocs\Cloud\App\Runtime\Cache\Admin\a635a2b326dd7ff570395f73ee942bca.php 第 586 行.
NOTIC: [8] Undefined index: adshowcount D:\xampp\htdocs\Cloud\App\Runtime\Cache\Admin\a635a2b326dd7ff570395f73ee942bca.php 第 610 行.
NOTIC: [8] Undefined index: address D:\xampp\htdocs\Cloud\App\Runtime\Cache\Admin\a635a2b326dd7ff570395f73ee942bca.php 第 620 行.
NOTIC: [8] Undefined variable: 1 D:\xampp\htdocs\Cloud\App\Runtime\Cache\Admin\a635a2b326dd7ff570395f73ee942bca.php 第 586 行.
NOTIC: [8] Undefined index: adshowcount D:\xampp\htdocs\Cloud\App\Runtime\Cache\Admin\a635a2b326dd7ff570395f73ee942bca.php 第 610 行.
NOTIC: [8] Undefined index: address D:\xampp\htdocs\Cloud\App\Runtime\Cache\Admin\a635a2b326dd7ff570395f73ee942bca.php 第 620 行.
NOTIC: [8] Undefined variable: 1 D:\xampp\htdocs\Cloud\App\Runtime\Cache\Admin\a635a2b326dd7ff570395f73ee942bca.php 第 680 行.
NOTIC: [8] Undefined index: adshowcount D:\xampp\htdocs\Cloud\App\Runtime\Cache\Admin\a635a2b326dd7ff570395f73ee942bca.php 第 705 行.
NOTIC: [8] Undefined index: address D:\xampp\htdocs\Cloud\App\Runtime\Cache\Admin\a635a2b326dd7ff570395f73ee942bca.php 第 715 行.
INFO: Run Behavior\ParseTemplateBehavior [ RunTime:0.030114s ]
INFO: [ view_parse ] --END-- [ RunTime:0.030157s ]
INFO: [ view_filter ] --START--
INFO: Run Behavior\WriteHtmlCacheBehavior [ RunTime:0.000386s ]
INFO: [ view_filter ] --END-- [ RunTime:0.000422s ]
INFO: [ app_end ] --START--
INFO: Run Behavior\ShowPageTraceBehavior [ RunTime:0.000783s ]
INFO: [ app_end ] --END-- [ RunTime:0.000846s ]

[ 2017-12-21T19:37:13+08:00 ] ::1 /cloud/index.php/Admin/Admanage/myadlist.html
INFO: [ app_init ] --START--
INFO: Run Behavior\BuildLiteBehavior [ RunTime:0.000011s ]
INFO: [ app_init ] --END-- [ RunTime:0.000406s ]
INFO: [ app_begin ] --START--
INFO: Run Behavior\ReadHtmlCacheBehavior [ RunTime:0.000467s ]
INFO: [ app_begin ] --END-- [ RunTime:0.000523s ]
NOTIC: [8] A session had already been started - ignoring session_start() D:\xampp\htdocs\Cloud\App\Admin\Controller\ComController.class.php 第 119 行.
SQL: SHOW COLUMNS FROM `cloud_member` [ RunTime:0.0041s ]
SQL: SELECT * FROM `cloud_member` WHERE `uid` = 11 LIMIT 1   [ RunTime:0.0004s ]
SQL: SELECT * FROM cloud_auth_group g left join cloud_auth_group_access a on g.id=a.group_id where a.uid=11 [ RunTime:0.0003s ]
SQL: SHOW COLUMNS FROM `cloud_member` [ RunTime:0.0044s ]
SQL: SELECT * FROM `cloud_member` WHERE `uid` = 11 LIMIT 1   [ RunTime:0.0003s ]
SQL: SELECT title FROM cloud_auth_group_access ga LEFT JOIN cloud_auth_group g ON ga.group_id=g.id where uid=11 [ RunTime:0.0003s ]
SQL: SELECT s.id,s.title,s.name,s.tips,s.pid,p.pid as ppid,p.title as ptitle FROM cloud_auth_rule s left join cloud_auth_rule p on p.id=s.pid where s.name='Admanage/myadlist' [ RunTime:0.0004s ]
SQL: SHOW COLUMNS FROM `cloud_auth_rule` [ RunTime:0.0029s ]
SQL: SELECT `id`,`title`,`pid`,`name`,`icon` FROM `cloud_auth_rule` WHERE ( islink=1 AND id in (101,106,105,48,49,50,55)  ) ORDER BY o ASC  [ RunTime:0.0004s ]
SQL: SHOW COLUMNS FROM `cloud_ads` [ RunTime:0.0025s ]
SQL: UPDATE `cloud_ads` SET `is_delete`='1' WHERE `endtime` < '2017-12-21' [ RunTime:0.0003s ]
SQL: UPDATE `cloud_ads` SET `is_delete`='0' WHERE `endtime` > '2017-12-21' [ RunTime:0.0003s ]
SQL: SELECT * FROM `cloud_ads` WHERE ( uid=11 )  [ RunTime:0.0004s ]
NOTIC: [8] Undefined index: ad_hotel D:\xampp\htdocs\Cloud\App\Admin\Controller\AdmanageController.class.php 第 128 行.
INFO: [ view_parse ] --START--
INFO: [ template_filter ] --START--
INFO: Run Behavior\ContentReplaceBehavior [ RunTime:0.000191s ]
INFO: [ template_filter ] --END-- [ RunTime:0.000257s ]
NOTIC: [8] Undefined variable: 1 D:\xampp\htdocs\Cloud\App\Runtime\Cache\Admin\a635a2b326dd7ff570395f73ee942bca.php 第 430 行.
NOTIC: [8] Undefined index: adshowcount D:\xampp\htdocs\Cloud\App\Runtime\Cache\Admin\a635a2b326dd7ff570395f73ee942bca.php 第 454 行.
NOTIC: [8] Undefined index: address D:\xampp\htdocs\Cloud\App\Runtime\Cache\Admin\a635a2b326dd7ff570395f73ee942bca.php 第 464 行.
NOTIC: [8] Undefined variable: 1 D:\xampp\htdocs\Cloud\App\Runtime\Cache\Admin\a635a2b326dd7ff570395f73ee942bca.php 第 507 行.
NOTIC: [8] Undefined index: adshowcount D:\xampp\htdocs\Cloud\App\Runtime\Cache\Admin\a635a2b326dd7ff570395f73ee942bca.php 第 531 行.
NOTIC: [8] Undefined index: address D:\xampp\htdocs\Cloud\App\Runtime\Cache\Admin\a635a2b326dd7ff570395f73ee942bca.php 第 541 行.
NOTIC: [8] Undefined variable: 1 D:\xampp\htdocs\Cloud\App\Runtime\Cache\Admin\a635a2b326dd7ff570395f73ee942bca.php 第 507 行.
NOTIC: [8] Undefined index: adshowcount D:\xampp\htdocs\Cloud\App\Runtime\Cache\Admin\a635a2b326dd7ff570395f73ee942bca.php 第 531 行.
NOTIC: [8] Undefined index: address D:\xampp\htdocs\Cloud\App\Runtime\Cache\Admin\a635a2b326dd7ff570395f73ee942bca.php 第 541 行.
NOTIC: [8] Undefined variable: 1 D:\xampp\htdocs\Cloud\App\Runtime\Cache\Admin\a635a2b326dd7ff570395f73ee942bca.php 第 507 行.
NOTIC: [8] Undefined index: adshowcount D:\xampp\htdocs\Cloud\App\Runtime\Cache\Admin\a635a2b326dd7ff570395f73ee942bca.php 第 531 行.
NOTIC: [8] Undefined index: address D:\xampp\htdocs\Cloud\App\Runtime\Cache\Admin\a635a2b326dd7ff570395f73ee942bca.php 第 541 行.
NOTIC: [8] Undefined variable: 1 D:\xampp\htdocs\Cloud\App\Runtime\Cache\Admin\a635a2b326dd7ff570395f73ee942bca.php 第 507 行.
NOTIC: [8] Undefined index: adshowcount D:\xampp\htdocs\Cloud\App\Runtime\Cache\Admin\a635a2b326dd7ff570395f73ee942bca.php 第 531 行.
NOTIC: [8] Undefined index: address D:\xampp\htdocs\Cloud\App\Runtime\Cache\Admin\a635a2b326dd7ff570395f73ee942bca.php 第 541 行.
NOTIC: [8] Undefined variable: 1 D:\xampp\htdocs\Cloud\App\Runtime\Cache\Admin\a635a2b326dd7ff570395f73ee942bca.php 第 507 行.
NOTIC: [8] Undefined index: adshowcount D:\xampp\htdocs\Cloud\App\Runtime\Cache\Admin\a635a2b326dd7ff570395f73ee942bca.php 第 531 行.
NOTIC: [8] Undefined index: address D:\xampp\htdocs\Cloud\App\Runtime\Cache\Admin\a635a2b326dd7ff570395f73ee942bca.php 第 541 行.
NOTIC: [8] Undefined variable: 1 D:\xampp\htdocs\Cloud\App\Runtime\Cache\Admin\a635a2b326dd7ff570395f73ee942bca.php 第 586 行.
NOTIC: [8] Undefined index: adshowcount D:\xampp\htdocs\Cloud\App\Runtime\Cache\Admin\a635a2b326dd7ff570395f73ee942bca.php 第 610 行.
NOTIC: [8] Undefined index: address D:\xampp\htdocs\Cloud\App\Runtime\Cache\Admin\a635a2b326dd7ff570395f73ee942bca.php 第 620 行.
NOTIC: [8] Undefined variable: 1 D:\xampp\htdocs\Cloud\App\Runtime\Cache\Admin\a635a2b326dd7ff570395f73ee942bca.php 第 586 行.
NOTIC: [8] Undefined index: adshowcount D:\xampp\htdocs\Cloud\App\Runtime\Cache\Admin\a635a2b326dd7ff570395f73ee942bca.php 第 610 行.
NOTIC: [8] Undefined index: address D:\xampp\htdocs\Cloud\App\Runtime\Cache\Admin\a635a2b326dd7ff570395f73ee942bca.php 第 620 行.
NOTIC: [8] Undefined variable: 1 D:\xampp\htdocs\Cloud\App\Runtime\Cache\Admin\a635a2b326dd7ff570395f73ee942bca.php 第 586 行.
NOTIC: [8] Undefined index: adshowcount D:\xampp\htdocs\Cloud\App\Runtime\Cache\Admin\a635a2b326dd7ff570395f73ee942bca.php 第 610 行.
NOTIC: [8] Undefined index: address D:\xampp\htdocs\Cloud\App\Runtime\Cache\Admin\a635a2b326dd7ff570395f73ee942bca.php 第 620 行.
NOTIC: [8] Undefined variable: 1 D:\xampp\htdocs\Cloud\App\Runtime\Cache\Admin\a635a2b326dd7ff570395f73ee942bca.php 第 680 行.
NOTIC: [8] Undefined index: adshowcount D:\xampp\htdocs\Cloud\App\Runtime\Cache\Admin\a635a2b326dd7ff570395f73ee942bca.php 第 705 行.
NOTIC: [8] Undefined index: address D:\xampp\htdocs\Cloud\App\Runtime\Cache\Admin\a635a2b326dd7ff570395f73ee942bca.php 第 715 行.
INFO: Run Behavior\ParseTemplateBehavior [ RunTime:0.031379s ]
INFO: [ view_parse ] --END-- [ RunTime:0.031421s ]
INFO: [ view_filter ] --START--
INFO: Run Behavior\WriteHtmlCacheBehavior [ RunTime:0.000322s ]
INFO: [ view_filter ] --END-- [ RunTime:0.000352s ]
INFO: [ app_end ] --START--
INFO: Run Behavior\ShowPageTraceBehavior [ RunTime:0.000526s ]
INFO: [ app_end ] --END-- [ RunTime:0.000577s ]

[ 2017-12-21T19:37:15+08:00 ] ::1 /cloud/index.php/Admin/Admanage/myadlist.html
INFO: [ app_init ] --START--
INFO: Run Behavior\BuildLiteBehavior [ RunTime:0.000011s ]
INFO: [ app_init ] --END-- [ RunTime:0.000374s ]
INFO: [ app_begin ] --START--
INFO: Run Behavior\ReadHtmlCacheBehavior [ RunTime:0.000432s ]
INFO: [ app_begin ] --END-- [ RunTime:0.000476s ]
NOTIC: [8] A session had already been started - ignoring session_start() D:\xampp\htdocs\Cloud\App\Admin\Controller\ComController.class.php 第 119 行.
SQL: SHOW COLUMNS FROM `cloud_member` [ RunTime:0.0048s ]
SQL: SELECT * FROM `cloud_member` WHERE `uid` = 11 LIMIT 1   [ RunTime:0.0004s ]
SQL: SELECT * FROM cloud_auth_group g left join cloud_auth_group_access a on g.id=a.group_id where a.uid=11 [ RunTime:0.0004s ]
SQL: SHOW COLUMNS FROM `cloud_member` [ RunTime:0.0031s ]
SQL: SELECT * FROM `cloud_member` WHERE `uid` = 11 LIMIT 1   [ RunTime:0.0003s ]
SQL: SELECT title FROM cloud_auth_group_access ga LEFT JOIN cloud_auth_group g ON ga.group_id=g.id where uid=11 [ RunTime:0.0004s ]
SQL: SELECT s.id,s.title,s.name,s.tips,s.pid,p.pid as ppid,p.title as ptitle FROM cloud_auth_rule s left join cloud_auth_rule p on p.id=s.pid where s.name='Admanage/myadlist' [ RunTime:0.0004s ]
SQL: SHOW COLUMNS FROM `cloud_auth_rule` [ RunTime:0.0040s ]
SQL: SELECT `id`,`title`,`pid`,`name`,`icon` FROM `cloud_auth_rule` WHERE ( islink=1 AND id in (101,106,105,48,49,50,55)  ) ORDER BY o ASC  [ RunTime:0.0005s ]
SQL: SHOW COLUMNS FROM `cloud_ads` [ RunTime:0.0038s ]
SQL: UPDATE `cloud_ads` SET `is_delete`='1' WHERE `endtime` < '2017-12-21' [ RunTime:0.0004s ]
SQL: UPDATE `cloud_ads` SET `is_delete`='0' WHERE `endtime` > '2017-12-21' [ RunTime:0.0003s ]
SQL: SELECT * FROM `cloud_ads` WHERE ( uid=11 )  [ RunTime:0.0005s ]
NOTIC: [8] Undefined index: ad_hotel D:\xampp\htdocs\Cloud\App\Admin\Controller\AdmanageController.class.php 第 128 行.
INFO: [ view_parse ] --START--
INFO: [ template_filter ] --START--
INFO: Run Behavior\ContentReplaceBehavior [ RunTime:0.000163s ]
INFO: [ template_filter ] --END-- [ RunTime:0.000209s ]
NOTIC: [8] Undefined variable: 1 D:\xampp\htdocs\Cloud\App\Runtime\Cache\Admin\a635a2b326dd7ff570395f73ee942bca.php 第 430 行.
NOTIC: [8] Undefined index: adshowcount D:\xampp\htdocs\Cloud\App\Runtime\Cache\Admin\a635a2b326dd7ff570395f73ee942bca.php 第 454 行.
NOTIC: [8] Undefined index: address D:\xampp\htdocs\Cloud\App\Runtime\Cache\Admin\a635a2b326dd7ff570395f73ee942bca.php 第 464 行.
NOTIC: [8] Undefined variable: 1 D:\xampp\htdocs\Cloud\App\Runtime\Cache\Admin\a635a2b326dd7ff570395f73ee942bca.php 第 507 行.
NOTIC: [8] Undefined index: adshowcount D:\xampp\htdocs\Cloud\App\Runtime\Cache\Admin\a635a2b326dd7ff570395f73ee942bca.php 第 531 行.
NOTIC: [8] Undefined index: address D:\xampp\htdocs\Cloud\App\Runtime\Cache\Admin\a635a2b326dd7ff570395f73ee942bca.php 第 541 行.
NOTIC: [8] Undefined variable: 1 D:\xampp\htdocs\Cloud\App\Runtime\Cache\Admin\a635a2b326dd7ff570395f73ee942bca.php 第 507 行.
NOTIC: [8] Undefined index: adshowcount D:\xampp\htdocs\Cloud\App\Runtime\Cache\Admin\a635a2b326dd7ff570395f73ee942bca.php 第 531 行.
NOTIC: [8] Undefined index: address D:\xampp\htdocs\Cloud\App\Runtime\Cache\Admin\a635a2b326dd7ff570395f73ee942bca.php 第 541 行.
NOTIC: [8] Undefined variable: 1 D:\xampp\htdocs\Cloud\App\Runtime\Cache\Admin\a635a2b326dd7ff570395f73ee942bca.php 第 507 行.
NOTIC: [8] Undefined index: adshowcount D:\xampp\htdocs\Cloud\App\Runtime\Cache\Admin\a635a2b326dd7ff570395f73ee942bca.php 第 531 行.
NOTIC: [8] Undefined index: address D:\xampp\htdocs\Cloud\App\Runtime\Cache\Admin\a635a2b326dd7ff570395f73ee942bca.php 第 541 行.
NOTIC: [8] Undefined variable: 1 D:\xampp\htdocs\Cloud\App\Runtime\Cache\Admin\a635a2b326dd7ff570395f73ee942bca.php 第 507 行.
NOTIC: [8] Undefined index: adshowcount D:\xampp\htdocs\Cloud\App\Runtime\Cache\Admin\a635a2b326dd7ff570395f73ee942bca.php 第 531 行.
NOTIC: [8] Undefined index: address D:\xampp\htdocs\Cloud\App\Runtime\Cache\Admin\a635a2b326dd7ff570395f73ee942bca.php 第 541 行.
NOTIC: [8] Undefined variable: 1 D:\xampp\htdocs\Cloud\App\Runtime\Cache\Admin\a635a2b326dd7ff570395f73ee942bca.php 第 507 行.
NOTIC: [8] Undefined index: adshowcount D:\xampp\htdocs\Cloud\App\Runtime\Cache\Admin\a635a2b326dd7ff570395f73ee942bca.php 第 531 行.
NOTIC: [8] Undefined index: address D:\xampp\htdocs\Cloud\App\Runtime\Cache\Admin\a635a2b326dd7ff570395f73ee942bca.php 第 541 行.
NOTIC: [8] Undefined variable: 1 D:\xampp\htdocs\Cloud\App\Runtime\Cache\Admin\a635a2b326dd7ff570395f73ee942bca.php 第 586 行.
NOTIC: [8] Undefined index: adshowcount D:\xampp\htdocs\Cloud\App\Runtime\Cache\Admin\a635a2b326dd7ff570395f73ee942bca.php 第 610 行.
NOTIC: [8] Undefined index: address D:\xampp\htdocs\Cloud\App\Runtime\Cache\Admin\a635a2b326dd7ff570395f73ee942bca.php 第 620 行.
NOTIC: [8] Undefined variable: 1 D:\xampp\htdocs\Cloud\App\Runtime\Cache\Admin\a635a2b326dd7ff570395f73ee942bca.php 第 586 行.
NOTIC: [8] Undefined index: adshowcount D:\xampp\htdocs\Cloud\App\Runtime\Cache\Admin\a635a2b326dd7ff570395f73ee942bca.php 第 610 行.
NOTIC: [8] Undefined index: address D:\xampp\htdocs\Cloud\App\Runtime\Cache\Admin\a635a2b326dd7ff570395f73ee942bca.php 第 620 行.
NOTIC: [8] Undefined variable: 1 D:\xampp\htdocs\Cloud\App\Runtime\Cache\Admin\a635a2b326dd7ff570395f73ee942bca.php 第 586 行.
NOTIC: [8] Undefined index: adshowcount D:\xampp\htdocs\Cloud\App\Runtime\Cache\Admin\a635a2b326dd7ff570395f73ee942bca.php 第 610 行.
NOTIC: [8] Undefined index: address D:\xampp\htdocs\Cloud\App\Runtime\Cache\Admin\a635a2b326dd7ff570395f73ee942bca.php 第 620 行.
NOTIC: [8] Undefined variable: 1 D:\xampp\htdocs\Cloud\App\Runtime\Cache\Admin\a635a2b326dd7ff570395f73ee942bca.php 第 680 行.
NOTIC: [8] Undefined index: adshowcount D:\xampp\htdocs\Cloud\App\Runtime\Cache\Admin\a635a2b326dd7ff570395f73ee942bca.php 第 705 行.
NOTIC: [8] Undefined index: address D:\xampp\htdocs\Cloud\App\Runtime\Cache\Admin\a635a2b326dd7ff570395f73ee942bca.php 第 715 行.
INFO: Run Behavior\ParseTemplateBehavior [ RunTime:0.033474s ]
INFO: [ view_parse ] --END-- [ RunTime:0.033524s ]
INFO: [ view_filter ] --START--
INFO: Run Behavior\WriteHtmlCacheBehavior [ RunTime:0.000304s ]
INFO: [ view_filter ] --END-- [ RunTime:0.000334s ]
INFO: [ app_end ] --START--
INFO: Run Behavior\ShowPageTraceBehavior [ RunTime:0.000653s ]
INFO: [ app_end ] --END-- [ RunTime:0.000704s ]

[ 2017-12-21T19:37:37+08:00 ] ::1 /cloud/index.php/Admin/index/index.html
INFO: [ app_init ] --START--
INFO: Run Behavior\BuildLiteBehavior [ RunTime:0.000011s ]
INFO: [ app_init ] --END-- [ RunTime:0.000340s ]
INFO: [ app_begin ] --START--
INFO: Run Behavior\ReadHtmlCacheBehavior [ RunTime:0.000413s ]
INFO: [ app_begin ] --END-- [ RunTime:0.000455s ]
NOTIC: [8] A session had already been started - ignoring session_start() D:\xampp\htdocs\Cloud\App\Admin\Controller\ComController.class.php 第 119 行.
SQL: SHOW COLUMNS FROM `cloud_member` [ RunTime:0.0032s ]
SQL: SELECT * FROM `cloud_member` WHERE `uid` = 11 LIMIT 1   [ RunTime:0.0004s ]
SQL: SELECT * FROM cloud_auth_group g left join cloud_auth_group_access a on g.id=a.group_id where a.uid=11 [ RunTime:0.0003s ]
SQL: SHOW COLUMNS FROM `cloud_member` [ RunTime:0.0029s ]
SQL: SELECT * FROM `cloud_member` WHERE `uid` = 11 LIMIT 1   [ RunTime:0.0003s ]
SQL: SELECT title FROM cloud_auth_group_access ga LEFT JOIN cloud_auth_group g ON ga.group_id=g.id where uid=11 [ RunTime:0.0003s ]
SQL: SELECT s.id,s.title,s.name,s.tips,s.pid,p.pid as ppid,p.title as ptitle FROM cloud_auth_rule s left join cloud_auth_rule p on p.id=s.pid where s.name='Index/index' [ RunTime:0.0004s ]
SQL: SHOW COLUMNS FROM `cloud_auth_rule` [ RunTime:0.0032s ]
SQL: SELECT `id`,`title`,`pid`,`name`,`icon` FROM `cloud_auth_rule` WHERE ( islink=1 AND id in (101,106,105,48,49,50,55)  ) ORDER BY o ASC  [ RunTime:0.0004s ]
SQL: SELECT SUM(s.num) AS nums, o.org_id, o.h_id, s.*, m.menu_name FROM cloud_order o INNER JOIN cloud_order_sub s ON s.oid = o.id INNER JOIN cloud_cook_menu m ON m.id=s.menu_id WHERE o.org_id = 2 Group by menu_id ORDER BY nums DESC [ RunTime:0.0019s ]
SQL: SELECT SUM(nums) nums FROM(SELECT SUM(s.num) AS nums, o.org_id, o.h_id, s.*, m.menu_name FROM cloud_order o INNER JOIN cloud_order_sub s ON s.oid = o.id INNER JOIN cloud_cook_menu m ON m.id=s.menu_id WHERE o.org_id = 2 Group by menu_id ORDER BY nums DESC LIMIT 5,30) AS A [ RunTime:0.0012s ]
NOTIC: [2] Missing argument 1 for Admin\Model\StatisModel::getTotalByMonthByOrg(), called in D:\xampp\htdocs\Cloud\App\Admin\Controller\IndexController.class.php on line 20 and defined D:\xampp\htdocs\Cloud\App\Admin\Model\StatisModel.class.php 第 71 行.
NOTIC: [8] Undefined variable: year D:\xampp\htdocs\Cloud\App\Admin\Model\StatisModel.class.php 第 72 行.
SQL: SELECT IFNULL(h_name,'合计') AS h_name,
      SUM(IF(year='201701',count,0)) AS month01,
      SUM(IF(year='201702',count,0)) AS month02,
      SUM(IF(year='201703',count,0)) AS month03,
      SUM(IF(year='201704',count,0)) AS month04,
      SUM(IF(year='201705',count,0)) AS month05,
      SUM(IF(year='201706',count,0)) AS month06,
      SUM(IF(year='201707',count,0)) AS month07,
      SUM(IF(year='201708',count,0)) AS month08,
      SUM(IF(year='201709',count,0)) AS month09,
      SUM(IF(year='201710',count,0)) AS month10,
      SUM(IF(year='{November}',count,0)) AS month11,
      SUM(IF(year='201712',count,0)) AS month12,
      SUM(IF(year='total',count,0)) AS total
      FROM(
          SELECT h_name,IFNULL(year,'total') AS year,SUM(count) AS count
          FROM(
            SELECT h_name,FROM_UNIXTIME(order_time,'%Y%m')as year,SUM(o.total_money) count
            FROM cloud_order o
            JOIN cloud_hotel h ON h.id = o.h_id
            WHERE FROM_UNIXTIME(order_time,'%Y') = 2017
            GROUP BY h_name,year
            ) AS A
          GROUP BY h_name,year
          WITH ROLLUP
          HAVING h_name IS NOT NULL
            )AS B
      GROUP BY h_name
      WITH ROLLUP [ RunTime:0.0009s ]
SQL: SELECT SUM(s.num) AS nums, o.org_id, o.h_id, s.*, m.menu_name FROM cloud_order o INNER JOIN cloud_order_sub s ON s.oid = o.id INNER JOIN cloud_cook_menu m ON m.id=s.menu_id WHERE o.org_id = 2 Group by menu_id ORDER BY nums DESC LIMIT 100 [ RunTime:0.0012s ]
SQL: SELECT SUM(total_money) AS money, h.org_id,h.h_name FROM cloud_hotel h INNER JOIN cloud_order o ON o.h_id = h.id  WHERE h.org_id = 2 GROUP BY o.h_id ORDER BY money DESC LIMIT 1 [ RunTime:0.0004s ]
SQL: SELECT COUNT(s.id) AS nums, o.org_id, o.h_id, s.* ,m.menu_name FROM cloud_order o INNER JOIN cloud_order_sub s ON s.oid = o.id INNER JOIN cloud_cook_menu m ON m.id=s.menu_id WHERE o.org_id = 2 Group by menu_id ORDER BY nums ASC LIMIT 1 [ RunTime:0.0010s ]
SQL: SELECT SUM(total_money) AS money, h.org_id,h.h_name FROM cloud_hotel h INNER JOIN cloud_order o ON o.h_id = h.id  WHERE h.org_id = 2 GROUP BY o.h_id ORDER BY money ASC LIMIT 1 [ RunTime:0.0005s ]
NOTIC: [2048] Declaration of Admin\Model\OrgModel::save() should be compatible with Think\Model::save($data = '', $options = Array) D:\xampp\htdocs\Cloud\App\Admin\Model\OrgModel.class.php 第 79 行.
NOTIC: [2048] Declaration of Admin\Model\OrgModel::delete() should be compatible with Think\Model::delete($options = Array) D:\xampp\htdocs\Cloud\App\Admin\Model\OrgModel.class.php 第 79 行.
SQL: SHOW COLUMNS FROM `cloud_org` [ RunTime:0.0029s ]
SQL: SHOW COLUMNS FROM `cloud_hotel` [ RunTime:0.0037s ]
SQL: SELECT * FROM `cloud_hotel` WHERE ( org_id=2 )  [ RunTime:0.0004s ]
SQL: SHOW COLUMNS FROM `cloud_auth_group_access` [ RunTime:0.0043s ]
SQL: SELECT * FROM `cloud_auth_group_access` WHERE ( uid = 11 ) LIMIT 1   [ RunTime:0.0003s ]
NOTIC: [8] Undefined variable: data D:\xampp\htdocs\Cloud\App\Admin\Controller\IndexController.class.php 第 60 行.

[ 2017-12-21T19:37:37+08:00 ] ::1 /cloud/index.php/Admin/Admanage/myadlist.html
INFO: [ app_init ] --START--
INFO: Run Behavior\BuildLiteBehavior [ RunTime:0.000012s ]
INFO: [ app_init ] --END-- [ RunTime:0.000355s ]
INFO: [ app_begin ] --START--
INFO: Run Behavior\ReadHtmlCacheBehavior [ RunTime:0.000424s ]
INFO: [ app_begin ] --END-- [ RunTime:0.000472s ]
NOTIC: [8] A session had already been started - ignoring session_start() D:\xampp\htdocs\Cloud\App\Admin\Controller\ComController.class.php 第 119 行.
SQL: SHOW COLUMNS FROM `cloud_member` [ RunTime:0.0027s ]
SQL: SELECT * FROM `cloud_member` WHERE `uid` = 11 LIMIT 1   [ RunTime:0.0004s ]
SQL: SELECT * FROM cloud_auth_group g left join cloud_auth_group_access a on g.id=a.group_id where a.uid=11 [ RunTime:0.0003s ]
SQL: SHOW COLUMNS FROM `cloud_member` [ RunTime:0.0027s ]
SQL: SELECT * FROM `cloud_member` WHERE `uid` = 11 LIMIT 1   [ RunTime:0.0004s ]
SQL: SELECT title FROM cloud_auth_group_access ga LEFT JOIN cloud_auth_group g ON ga.group_id=g.id where uid=11 [ RunTime:0.0003s ]
SQL: SELECT s.id,s.title,s.name,s.tips,s.pid,p.pid as ppid,p.title as ptitle FROM cloud_auth_rule s left join cloud_auth_rule p on p.id=s.pid where s.name='Admanage/myadlist' [ RunTime:0.0003s ]
SQL: SHOW COLUMNS FROM `cloud_auth_rule` [ RunTime:0.0026s ]
SQL: SELECT `id`,`title`,`pid`,`name`,`icon` FROM `cloud_auth_rule` WHERE ( islink=1 AND id in (101,106,105,48,49,50,55)  ) ORDER BY o ASC  [ RunTime:0.0005s ]
SQL: SHOW COLUMNS FROM `cloud_ads` [ RunTime:0.0028s ]
SQL: UPDATE `cloud_ads` SET `is_delete`='1' WHERE `endtime` < '2017-12-21' [ RunTime:0.0004s ]
SQL: UPDATE `cloud_ads` SET `is_delete`='0' WHERE `endtime` > '2017-12-21' [ RunTime:0.0004s ]
SQL: SELECT * FROM `cloud_ads` WHERE ( uid=11 )  [ RunTime:0.0005s ]
NOTIC: [8] Undefined index: ad_hotel D:\xampp\htdocs\Cloud\App\Admin\Controller\AdmanageController.class.php 第 128 行.
INFO: [ view_parse ] --START--
INFO: [ template_filter ] --START--
INFO: Run Behavior\ContentReplaceBehavior [ RunTime:0.000166s ]
INFO: [ template_filter ] --END-- [ RunTime:0.000215s ]
NOTIC: [8] Undefined variable: 1 D:\xampp\htdocs\Cloud\App\Runtime\Cache\Admin\a635a2b326dd7ff570395f73ee942bca.php 第 430 行.
NOTIC: [8] Undefined index: adshowcount D:\xampp\htdocs\Cloud\App\Runtime\Cache\Admin\a635a2b326dd7ff570395f73ee942bca.php 第 454 行.
NOTIC: [8] Undefined index: address D:\xampp\htdocs\Cloud\App\Runtime\Cache\Admin\a635a2b326dd7ff570395f73ee942bca.php 第 464 行.
NOTIC: [8] Undefined variable: 1 D:\xampp\htdocs\Cloud\App\Runtime\Cache\Admin\a635a2b326dd7ff570395f73ee942bca.php 第 507 行.
NOTIC: [8] Undefined index: adshowcount D:\xampp\htdocs\Cloud\App\Runtime\Cache\Admin\a635a2b326dd7ff570395f73ee942bca.php 第 531 行.
NOTIC: [8] Undefined index: address D:\xampp\htdocs\Cloud\App\Runtime\Cache\Admin\a635a2b326dd7ff570395f73ee942bca.php 第 541 行.
NOTIC: [8] Undefined variable: 1 D:\xampp\htdocs\Cloud\App\Runtime\Cache\Admin\a635a2b326dd7ff570395f73ee942bca.php 第 507 行.
NOTIC: [8] Undefined index: adshowcount D:\xampp\htdocs\Cloud\App\Runtime\Cache\Admin\a635a2b326dd7ff570395f73ee942bca.php 第 531 行.
NOTIC: [8] Undefined index: address D:\xampp\htdocs\Cloud\App\Runtime\Cache\Admin\a635a2b326dd7ff570395f73ee942bca.php 第 541 行.
NOTIC: [8] Undefined variable: 1 D:\xampp\htdocs\Cloud\App\Runtime\Cache\Admin\a635a2b326dd7ff570395f73ee942bca.php 第 507 行.
NOTIC: [8] Undefined index: adshowcount D:\xampp\htdocs\Cloud\App\Runtime\Cache\Admin\a635a2b326dd7ff570395f73ee942bca.php 第 531 行.
NOTIC: [8] Undefined index: address D:\xampp\htdocs\Cloud\App\Runtime\Cache\Admin\a635a2b326dd7ff570395f73ee942bca.php 第 541 行.
NOTIC: [8] Undefined variable: 1 D:\xampp\htdocs\Cloud\App\Runtime\Cache\Admin\a635a2b326dd7ff570395f73ee942bca.php 第 507 行.
NOTIC: [8] Undefined index: adshowcount D:\xampp\htdocs\Cloud\App\Runtime\Cache\Admin\a635a2b326dd7ff570395f73ee942bca.php 第 531 行.
NOTIC: [8] Undefined index: address D:\xampp\htdocs\Cloud\App\Runtime\Cache\Admin\a635a2b326dd7ff570395f73ee942bca.php 第 541 行.
NOTIC: [8] Undefined variable: 1 D:\xampp\htdocs\Cloud\App\Runtime\Cache\Admin\a635a2b326dd7ff570395f73ee942bca.php 第 507 行.
NOTIC: [8] Undefined index: adshowcount D:\xampp\htdocs\Cloud\App\Runtime\Cache\Admin\a635a2b326dd7ff570395f73ee942bca.php 第 531 行.
NOTIC: [8] Undefined index: address D:\xampp\htdocs\Cloud\App\Runtime\Cache\Admin\a635a2b326dd7ff570395f73ee942bca.php 第 541 行.
NOTIC: [8] Undefined variable: 1 D:\xampp\htdocs\Cloud\App\Runtime\Cache\Admin\a635a2b326dd7ff570395f73ee942bca.php 第 586 行.
NOTIC: [8] Undefined index: adshowcount D:\xampp\htdocs\Cloud\App\Runtime\Cache\Admin\a635a2b326dd7ff570395f73ee942bca.php 第 610 行.
NOTIC: [8] Undefined index: address D:\xampp\htdocs\Cloud\App\Runtime\Cache\Admin\a635a2b326dd7ff570395f73ee942bca.php 第 620 行.
NOTIC: [8] Undefined variable: 1 D:\xampp\htdocs\Cloud\App\Runtime\Cache\Admin\a635a2b326dd7ff570395f73ee942bca.php 第 586 行.
NOTIC: [8] Undefined index: adshowcount D:\xampp\htdocs\Cloud\App\Runtime\Cache\Admin\a635a2b326dd7ff570395f73ee942bca.php 第 610 行.
NOTIC: [8] Undefined index: address D:\xampp\htdocs\Cloud\App\Runtime\Cache\Admin\a635a2b326dd7ff570395f73ee942bca.php 第 620 行.
NOTIC: [8] Undefined variable: 1 D:\xampp\htdocs\Cloud\App\Runtime\Cache\Admin\a635a2b326dd7ff570395f73ee942bca.php 第 586 行.
NOTIC: [8] Undefined index: adshowcount D:\xampp\htdocs\Cloud\App\Runtime\Cache\Admin\a635a2b326dd7ff570395f73ee942bca.php 第 610 行.
NOTIC: [8] Undefined index: address D:\xampp\htdocs\Cloud\App\Runtime\Cache\Admin\a635a2b326dd7ff570395f73ee942bca.php 第 620 行.
NOTIC: [8] Undefined variable: 1 D:\xampp\htdocs\Cloud\App\Runtime\Cache\Admin\a635a2b326dd7ff570395f73ee942bca.php 第 680 行.
NOTIC: [8] Undefined index: adshowcount D:\xampp\htdocs\Cloud\App\Runtime\Cache\Admin\a635a2b326dd7ff570395f73ee942bca.php 第 705 行.
NOTIC: [8] Undefined index: address D:\xampp\htdocs\Cloud\App\Runtime\Cache\Admin\a635a2b326dd7ff570395f73ee942bca.php 第 715 行.
INFO: Run Behavior\ParseTemplateBehavior [ RunTime:0.029126s ]
INFO: [ view_parse ] --END-- [ RunTime:0.029170s ]
INFO: [ view_filter ] --START--
INFO: Run Behavior\WriteHtmlCacheBehavior [ RunTime:0.000342s ]
INFO: [ view_filter ] --END-- [ RunTime:0.000371s ]
INFO: [ app_end ] --START--
INFO: Run Behavior\ShowPageTraceBehavior [ RunTime:0.000522s ]
INFO: [ app_end ] --END-- [ RunTime:0.000571s ]

