[ 2018-01-12T21:30:47+08:00 ] ::1 /Cloud/index.php/Admin/Admanage/myadlist.html
INFO: [ app_init ] --START--
INFO: Run Behavior\BuildLiteBehavior [ RunTime:0.000000s ]
INFO: [ app_init ] --END-- [ RunTime:0.000000s ]
INFO: [ app_begin ] --START--
INFO: Run Behavior\ReadHtmlCacheBehavior [ RunTime:0.001000s ]
INFO: [ app_begin ] --END-- [ RunTime:0.001000s ]
NOTIC: [8] A session had already been started - ignoring session_start() E:\xampp\htdocs\Cloud\App\Admin\Controller\ComController.class.php 第 119 行.
SQL: SHOW COLUMNS FROM `cloud_member` [ RunTime:0.0040s ]
SQL: SELECT * FROM `cloud_member` WHERE `uid` = 10 LIMIT 1   [ RunTime:0.0010s ]
SQL: SELECT * FROM cloud_auth_group g left join cloud_auth_group_access a on g.id=a.group_id where a.uid=10 [ RunTime:0.0000s ]
SQL: SHOW COLUMNS FROM `cloud_member` [ RunTime:0.0040s ]
SQL: SELECT * FROM `cloud_member` WHERE `uid` = 10 LIMIT 1   [ RunTime:0.0010s ]
SQL: SELECT title FROM cloud_auth_group_access ga LEFT JOIN cloud_auth_group g ON ga.group_id=g.id where uid=10 [ RunTime:0.0000s ]
SQL: SELECT s.id,s.title,s.name,s.tips,s.pid,p.pid as ppid,p.title as ptitle FROM cloud_auth_rule s left join cloud_auth_rule p on p.id=s.pid where s.name='Admanage/myadlist' [ RunTime:0.0010s ]
SQL: SHOW COLUMNS FROM `cloud_auth_rule` [ RunTime:0.0030s ]
SQL: SELECT `id`,`title`,`pid`,`name`,`icon` FROM `cloud_auth_rule` WHERE ( islink=1 AND id in (48,49,50,55,100,105,104)  ) ORDER BY o ASC  [ RunTime:0.0010s ]
SQL: SHOW COLUMNS FROM `cloud_ads` [ RunTime:0.0040s ]
SQL: UPDATE `cloud_ads` SET `is_delete`='1' WHERE `endtime` < '2018-01-12' [ RunTime:0.0010s ]
SQL: UPDATE `cloud_ads` SET `is_delete`='0' WHERE `endtime` > '2018-01-12' [ RunTime:0.0000s ]
SQL: SELECT * FROM `cloud_ads` WHERE ( uid=10 )  [ RunTime:0.0000s ]
NOTIC: [8] Undefined index: ad_hotel E:\xampp\htdocs\Cloud\App\Admin\Controller\AdmanageController.class.php 第 127 行.
INFO: [ view_parse ] --START--
INFO: [ template_filter ] --START--
INFO: Run Behavior\ContentReplaceBehavior [ RunTime:0.001001s ]
INFO: [ template_filter ] --END-- [ RunTime:0.001001s ]
INFO: Run Behavior\ParseTemplateBehavior [ RunTime:0.051003s ]
INFO: [ view_parse ] --END-- [ RunTime:0.051003s ]
INFO: [ view_filter ] --START--
INFO: Run Behavior\WriteHtmlCacheBehavior [ RunTime:0.000000s ]
INFO: [ view_filter ] --END-- [ RunTime:0.000000s ]
INFO: [ app_end ] --START--
INFO: Run Behavior\ShowPageTraceBehavior [ RunTime:0.001000s ]
INFO: [ app_end ] --END-- [ RunTime:0.001000s ]

[ 2018-01-12T21:30:49+08:00 ] ::1 /Cloud/index.php/Admin/Admanage/add.html
INFO: [ app_init ] --START--
INFO: Run Behavior\BuildLiteBehavior [ RunTime:0.000000s ]
INFO: [ app_init ] --END-- [ RunTime:0.000000s ]
INFO: [ app_begin ] --START--
INFO: Run Behavior\ReadHtmlCacheBehavior [ RunTime:0.001000s ]
INFO: [ app_begin ] --END-- [ RunTime:0.001000s ]
NOTIC: [8] A session had already been started - ignoring session_start() E:\xampp\htdocs\Cloud\App\Admin\Controller\ComController.class.php 第 119 行.
SQL: SHOW COLUMNS FROM `cloud_member` [ RunTime:0.0220s ]
SQL: SELECT * FROM `cloud_member` WHERE `uid` = 10 LIMIT 1   [ RunTime:0.0010s ]
SQL: SELECT * FROM cloud_auth_group g left join cloud_auth_group_access a on g.id=a.group_id where a.uid=10 [ RunTime:0.0010s ]
SQL: SHOW COLUMNS FROM `cloud_member` [ RunTime:0.0040s ]
SQL: SELECT * FROM `cloud_member` WHERE `uid` = 10 LIMIT 1   [ RunTime:0.0010s ]
SQL: SELECT title FROM cloud_auth_group_access ga LEFT JOIN cloud_auth_group g ON ga.group_id=g.id where uid=10 [ RunTime:0.0010s ]
SQL: SELECT s.id,s.title,s.name,s.tips,s.pid,p.pid as ppid,p.title as ptitle FROM cloud_auth_rule s left join cloud_auth_rule p on p.id=s.pid where s.name='Admanage/add' [ RunTime:0.0000s ]
SQL: SHOW COLUMNS FROM `cloud_auth_rule` [ RunTime:0.0040s ]
SQL: SELECT `id`,`title`,`pid`,`name`,`icon` FROM `cloud_auth_rule` WHERE ( islink=1 AND id in (48,49,50,55,100,105,104)  ) ORDER BY o ASC  [ RunTime:0.0010s ]
NOTIC: [8] Use of undefined constant uniqid - assumed 'uniqid' E:\xampp\htdocs\Cloud\App\Admin\Controller\AdmanageController.class.php 第 256 行.
SQL: SHOW COLUMNS FROM `cloud_ads_type` [ RunTime:0.0030s ]
SQL: SHOW COLUMNS FROM `cloud_org` [ RunTime:0.0040s ]
SQL: SELECT * FROM `cloud_ads_type`  [ RunTime:0.0010s ]
SQL: SELECT * FROM `cloud_org` WHERE ( id!=0 )  [ RunTime:0.0010s ]
INFO: [ view_parse ] --START--
INFO: [ template_filter ] --START--
INFO: Run Behavior\ContentReplaceBehavior [ RunTime:0.000000s ]
INFO: [ template_filter ] --END-- [ RunTime:0.000000s ]
NOTIC: [8] Undefined index: typename E:\xampp\htdocs\Cloud\App\Runtime\Cache\Admin\9bd46574c58ffeb34d93a834ddb9847e.php 第 452 行.
INFO: Run Behavior\ParseTemplateBehavior [ RunTime:0.054003s ]
INFO: [ view_parse ] --END-- [ RunTime:0.054003s ]
INFO: [ view_filter ] --START--
INFO: Run Behavior\WriteHtmlCacheBehavior [ RunTime:0.000000s ]
INFO: [ view_filter ] --END-- [ RunTime:0.001000s ]
INFO: [ app_end ] --START--
INFO: Run Behavior\ShowPageTraceBehavior [ RunTime:0.000000s ]
INFO: [ app_end ] --END-- [ RunTime:0.000000s ]

[ 2018-01-12T21:30:49+08:00 ] ::1 /Cloud/index.php/Admin/Admanage/getAllOrg
INFO: [ app_init ] --START--
INFO: Run Behavior\BuildLiteBehavior [ RunTime:0.000000s ]
INFO: [ app_init ] --END-- [ RunTime:0.001000s ]
INFO: [ app_begin ] --START--
INFO: Run Behavior\ReadHtmlCacheBehavior [ RunTime:0.000000s ]
INFO: [ app_begin ] --END-- [ RunTime:0.000000s ]
NOTIC: [8] A session had already been started - ignoring session_start() E:\xampp\htdocs\Cloud\App\Admin\Controller\ComController.class.php 第 119 行.
SQL: SHOW COLUMNS FROM `cloud_member` [ RunTime:0.0040s ]
SQL: SELECT * FROM `cloud_member` WHERE `uid` = 10 LIMIT 1   [ RunTime:0.0010s ]
SQL: SELECT * FROM cloud_auth_group g left join cloud_auth_group_access a on g.id=a.group_id where a.uid=10 [ RunTime:0.0010s ]
SQL: SHOW COLUMNS FROM `cloud_member` [ RunTime:0.0040s ]
SQL: SELECT * FROM `cloud_member` WHERE `uid` = 10 LIMIT 1   [ RunTime:0.0000s ]
SQL: SELECT title FROM cloud_auth_group_access ga LEFT JOIN cloud_auth_group g ON ga.group_id=g.id where uid=10 [ RunTime:0.0000s ]
SQL: SELECT s.id,s.title,s.name,s.tips,s.pid,p.pid as ppid,p.title as ptitle FROM cloud_auth_rule s left join cloud_auth_rule p on p.id=s.pid where s.name='Admanage/getAllOrg' [ RunTime:0.0000s ]
NOTIC: [8] Undefined offset: 0 E:\xampp\htdocs\Cloud\App\Admin\Controller\ComController.class.php 第 67 行.
SQL: SHOW COLUMNS FROM `cloud_auth_rule` [ RunTime:0.0030s ]
SQL: SELECT `id`,`title`,`pid`,`name`,`icon` FROM `cloud_auth_rule` WHERE ( islink=1 AND id in (48,49,50,55,100,105,104)  ) ORDER BY o ASC  [ RunTime:0.0000s ]
SQL: SHOW COLUMNS FROM `cloud_org` [ RunTime:0.0030s ]
SQL: SELECT `id`,`org_name` FROM `cloud_org` WHERE ( id>0 )  [ RunTime:0.0010s ]

[ 2018-01-12T21:30:52+08:00 ] ::1 /Cloud/index.php/Admin/Admanage/getHotel
INFO: [ app_init ] --START--
INFO: Run Behavior\BuildLiteBehavior [ RunTime:0.000000s ]
INFO: [ app_init ] --END-- [ RunTime:0.001000s ]
INFO: [ app_begin ] --START--
INFO: Run Behavior\ReadHtmlCacheBehavior [ RunTime:0.001000s ]
INFO: [ app_begin ] --END-- [ RunTime:0.001000s ]
NOTIC: [8] A session had already been started - ignoring session_start() E:\xampp\htdocs\Cloud\App\Admin\Controller\ComController.class.php 第 119 行.
SQL: SHOW COLUMNS FROM `cloud_member` [ RunTime:0.0030s ]
SQL: SELECT * FROM `cloud_member` WHERE `uid` = 10 LIMIT 1   [ RunTime:0.0010s ]
SQL: SELECT * FROM cloud_auth_group g left join cloud_auth_group_access a on g.id=a.group_id where a.uid=10 [ RunTime:0.0000s ]
SQL: SHOW COLUMNS FROM `cloud_member` [ RunTime:0.0040s ]
SQL: SELECT * FROM `cloud_member` WHERE `uid` = 10 LIMIT 1   [ RunTime:0.0010s ]
SQL: SELECT title FROM cloud_auth_group_access ga LEFT JOIN cloud_auth_group g ON ga.group_id=g.id where uid=10 [ RunTime:0.0010s ]
SQL: SELECT s.id,s.title,s.name,s.tips,s.pid,p.pid as ppid,p.title as ptitle FROM cloud_auth_rule s left join cloud_auth_rule p on p.id=s.pid where s.name='Admanage/getHotel' [ RunTime:0.0000s ]
NOTIC: [8] Undefined offset: 0 E:\xampp\htdocs\Cloud\App\Admin\Controller\ComController.class.php 第 67 行.
SQL: SHOW COLUMNS FROM `cloud_auth_rule` [ RunTime:0.0030s ]
SQL: SELECT `id`,`title`,`pid`,`name`,`icon` FROM `cloud_auth_rule` WHERE ( islink=1 AND id in (48,49,50,55,100,105,104)  ) ORDER BY o ASC  [ RunTime:0.0010s ]
SQL: SHOW COLUMNS FROM `cloud_hotel` [ RunTime:0.0040s ]
SQL: SELECT `id`,`h_name` FROM `cloud_hotel` WHERE `org_id` IN ('2','3','6','7','8','9','10','11','12')  [ RunTime:0.0000s ]

[ 2018-01-12T21:30:57+08:00 ] ::1 /Cloud/index.php/Admin/Admanage/getAllOrg
INFO: [ app_init ] --START--
INFO: Run Behavior\BuildLiteBehavior [ RunTime:0.000000s ]
INFO: [ app_init ] --END-- [ RunTime:0.000000s ]
INFO: [ app_begin ] --START--
INFO: Run Behavior\ReadHtmlCacheBehavior [ RunTime:0.001000s ]
INFO: [ app_begin ] --END-- [ RunTime:0.002000s ]
NOTIC: [8] A session had already been started - ignoring session_start() E:\xampp\htdocs\Cloud\App\Admin\Controller\ComController.class.php 第 119 行.
SQL: SHOW COLUMNS FROM `cloud_member` [ RunTime:0.0040s ]
SQL: SELECT * FROM `cloud_member` WHERE `uid` = 10 LIMIT 1   [ RunTime:0.0010s ]
SQL: SELECT * FROM cloud_auth_group g left join cloud_auth_group_access a on g.id=a.group_id where a.uid=10 [ RunTime:0.0030s ]
SQL: SHOW COLUMNS FROM `cloud_member` [ RunTime:0.0050s ]
SQL: SELECT * FROM `cloud_member` WHERE `uid` = 10 LIMIT 1   [ RunTime:0.0010s ]
SQL: SELECT title FROM cloud_auth_group_access ga LEFT JOIN cloud_auth_group g ON ga.group_id=g.id where uid=10 [ RunTime:0.0000s ]
SQL: SELECT s.id,s.title,s.name,s.tips,s.pid,p.pid as ppid,p.title as ptitle FROM cloud_auth_rule s left join cloud_auth_rule p on p.id=s.pid where s.name='Admanage/getAllOrg' [ RunTime:0.0010s ]
NOTIC: [8] Undefined offset: 0 E:\xampp\htdocs\Cloud\App\Admin\Controller\ComController.class.php 第 67 行.
SQL: SHOW COLUMNS FROM `cloud_auth_rule` [ RunTime:0.0040s ]
SQL: SELECT `id`,`title`,`pid`,`name`,`icon` FROM `cloud_auth_rule` WHERE ( islink=1 AND id in (48,49,50,55,100,105,104)  ) ORDER BY o ASC  [ RunTime:0.0010s ]
SQL: SHOW COLUMNS FROM `cloud_org` [ RunTime:0.0060s ]
SQL: SELECT `id`,`org_name` FROM `cloud_org` WHERE ( id>0 )  [ RunTime:0.0010s ]

[ 2018-01-12T21:30:57+08:00 ] ::1 /Cloud/index.php/Admin/Admanage/getAllOrg
INFO: [ app_init ] --START--
INFO: Run Behavior\BuildLiteBehavior [ RunTime:0.000000s ]
INFO: [ app_init ] --END-- [ RunTime:0.000000s ]
INFO: [ app_begin ] --START--
INFO: Run Behavior\ReadHtmlCacheBehavior [ RunTime:0.000000s ]
INFO: [ app_begin ] --END-- [ RunTime:0.000000s ]
NOTIC: [8] A session had already been started - ignoring session_start() E:\xampp\htdocs\Cloud\App\Admin\Controller\ComController.class.php 第 119 行.
SQL: SHOW COLUMNS FROM `cloud_member` [ RunTime:0.0120s ]
SQL: SELECT * FROM `cloud_member` WHERE `uid` = 10 LIMIT 1   [ RunTime:0.0020s ]
SQL: SELECT * FROM cloud_auth_group g left join cloud_auth_group_access a on g.id=a.group_id where a.uid=10 [ RunTime:0.0010s ]
SQL: SHOW COLUMNS FROM `cloud_member` [ RunTime:0.0030s ]
SQL: SELECT * FROM `cloud_member` WHERE `uid` = 10 LIMIT 1   [ RunTime:0.0010s ]
SQL: SELECT title FROM cloud_auth_group_access ga LEFT JOIN cloud_auth_group g ON ga.group_id=g.id where uid=10 [ RunTime:0.0010s ]
SQL: SELECT s.id,s.title,s.name,s.tips,s.pid,p.pid as ppid,p.title as ptitle FROM cloud_auth_rule s left join cloud_auth_rule p on p.id=s.pid where s.name='Admanage/getAllOrg' [ RunTime:0.0020s ]
NOTIC: [8] Undefined offset: 0 E:\xampp\htdocs\Cloud\App\Admin\Controller\ComController.class.php 第 67 行.
SQL: SHOW COLUMNS FROM `cloud_auth_rule` [ RunTime:0.0060s ]
SQL: SELECT `id`,`title`,`pid`,`name`,`icon` FROM `cloud_auth_rule` WHERE ( islink=1 AND id in (48,49,50,55,100,105,104)  ) ORDER BY o ASC  [ RunTime:0.0010s ]
SQL: SHOW COLUMNS FROM `cloud_org` [ RunTime:0.0050s ]
SQL: SELECT `id`,`org_name` FROM `cloud_org` WHERE ( id>0 )  [ RunTime:0.0010s ]

[ 2018-01-12T21:31:02+08:00 ] ::1 /Cloud/index.php/Admin/Admanage/getHotel
INFO: [ app_init ] --START--
INFO: Run Behavior\BuildLiteBehavior [ RunTime:0.000000s ]
INFO: [ app_init ] --END-- [ RunTime:0.000000s ]
INFO: [ app_begin ] --START--
INFO: Run Behavior\ReadHtmlCacheBehavior [ RunTime:0.001000s ]
INFO: [ app_begin ] --END-- [ RunTime:0.001000s ]
NOTIC: [8] A session had already been started - ignoring session_start() E:\xampp\htdocs\Cloud\App\Admin\Controller\ComController.class.php 第 119 行.
SQL: SHOW COLUMNS FROM `cloud_member` [ RunTime:0.0040s ]
SQL: SELECT * FROM `cloud_member` WHERE `uid` = 10 LIMIT 1   [ RunTime:0.0010s ]
SQL: SELECT * FROM cloud_auth_group g left join cloud_auth_group_access a on g.id=a.group_id where a.uid=10 [ RunTime:0.0000s ]
SQL: SHOW COLUMNS FROM `cloud_member` [ RunTime:0.0030s ]
SQL: SELECT * FROM `cloud_member` WHERE `uid` = 10 LIMIT 1   [ RunTime:0.0010s ]
SQL: SELECT title FROM cloud_auth_group_access ga LEFT JOIN cloud_auth_group g ON ga.group_id=g.id where uid=10 [ RunTime:0.0010s ]
SQL: SELECT s.id,s.title,s.name,s.tips,s.pid,p.pid as ppid,p.title as ptitle FROM cloud_auth_rule s left join cloud_auth_rule p on p.id=s.pid where s.name='Admanage/getHotel' [ RunTime:0.0000s ]
NOTIC: [8] Undefined offset: 0 E:\xampp\htdocs\Cloud\App\Admin\Controller\ComController.class.php 第 67 行.
SQL: SHOW COLUMNS FROM `cloud_auth_rule` [ RunTime:0.0040s ]
SQL: SELECT `id`,`title`,`pid`,`name`,`icon` FROM `cloud_auth_rule` WHERE ( islink=1 AND id in (48,49,50,55,100,105,104)  ) ORDER BY o ASC  [ RunTime:0.0010s ]
SQL: SHOW COLUMNS FROM `cloud_hotel` [ RunTime:0.0040s ]
SQL: SELECT `id`,`h_name` FROM `cloud_hotel` WHERE `org_id` IN ('2','3','6','8','9','10','11','12')  [ RunTime:0.0000s ]

[ 2018-01-12T21:31:03+08:00 ] ::1 /Cloud/index.php/Admin/Admanage/getAllOrg
INFO: [ app_init ] --START--
INFO: Run Behavior\BuildLiteBehavior [ RunTime:0.000000s ]
INFO: [ app_init ] --END-- [ RunTime:0.000000s ]
INFO: [ app_begin ] --START--
INFO: Run Behavior\ReadHtmlCacheBehavior [ RunTime:0.001000s ]
INFO: [ app_begin ] --END-- [ RunTime:0.002000s ]
NOTIC: [8] A session had already been started - ignoring session_start() E:\xampp\htdocs\Cloud\App\Admin\Controller\ComController.class.php 第 119 行.
SQL: SHOW COLUMNS FROM `cloud_member` [ RunTime:0.0040s ]
SQL: SELECT * FROM `cloud_member` WHERE `uid` = 10 LIMIT 1   [ RunTime:0.0010s ]
SQL: SELECT * FROM cloud_auth_group g left join cloud_auth_group_access a on g.id=a.group_id where a.uid=10 [ RunTime:0.0010s ]
SQL: SHOW COLUMNS FROM `cloud_member` [ RunTime:0.0060s ]
SQL: SELECT * FROM `cloud_member` WHERE `uid` = 10 LIMIT 1   [ RunTime:0.0010s ]
SQL: SELECT title FROM cloud_auth_group_access ga LEFT JOIN cloud_auth_group g ON ga.group_id=g.id where uid=10 [ RunTime:0.0010s ]
SQL: SELECT s.id,s.title,s.name,s.tips,s.pid,p.pid as ppid,p.title as ptitle FROM cloud_auth_rule s left join cloud_auth_rule p on p.id=s.pid where s.name='Admanage/getAllOrg' [ RunTime:0.0000s ]
NOTIC: [8] Undefined offset: 0 E:\xampp\htdocs\Cloud\App\Admin\Controller\ComController.class.php 第 67 行.
SQL: SHOW COLUMNS FROM `cloud_auth_rule` [ RunTime:0.0040s ]
SQL: SELECT `id`,`title`,`pid`,`name`,`icon` FROM `cloud_auth_rule` WHERE ( islink=1 AND id in (48,49,50,55,100,105,104)  ) ORDER BY o ASC  [ RunTime:0.0010s ]
SQL: SHOW COLUMNS FROM `cloud_org` [ RunTime:0.0040s ]
SQL: SELECT `id`,`org_name` FROM `cloud_org` WHERE ( id>0 )  [ RunTime:0.0010s ]

[ 2018-01-12T21:31:09+08:00 ] ::1 /Cloud/index.php/Admin/Admanage/getHotel
INFO: [ app_init ] --START--
INFO: Run Behavior\BuildLiteBehavior [ RunTime:0.000000s ]
INFO: [ app_init ] --END-- [ RunTime:0.001000s ]
INFO: [ app_begin ] --START--
INFO: Run Behavior\ReadHtmlCacheBehavior [ RunTime:0.000000s ]
INFO: [ app_begin ] --END-- [ RunTime:0.000000s ]
NOTIC: [8] A session had already been started - ignoring session_start() E:\xampp\htdocs\Cloud\App\Admin\Controller\ComController.class.php 第 119 行.
SQL: SHOW COLUMNS FROM `cloud_member` [ RunTime:0.0030s ]
SQL: SELECT * FROM `cloud_member` WHERE `uid` = 10 LIMIT 1   [ RunTime:0.0000s ]
SQL: SELECT * FROM cloud_auth_group g left join cloud_auth_group_access a on g.id=a.group_id where a.uid=10 [ RunTime:0.0000s ]
SQL: SHOW COLUMNS FROM `cloud_member` [ RunTime:0.0050s ]
SQL: SELECT * FROM `cloud_member` WHERE `uid` = 10 LIMIT 1   [ RunTime:0.0010s ]
SQL: SELECT title FROM cloud_auth_group_access ga LEFT JOIN cloud_auth_group g ON ga.group_id=g.id where uid=10 [ RunTime:0.0010s ]
SQL: SELECT s.id,s.title,s.name,s.tips,s.pid,p.pid as ppid,p.title as ptitle FROM cloud_auth_rule s left join cloud_auth_rule p on p.id=s.pid where s.name='Admanage/getHotel' [ RunTime:0.0000s ]
NOTIC: [8] Undefined offset: 0 E:\xampp\htdocs\Cloud\App\Admin\Controller\ComController.class.php 第 67 行.
SQL: SHOW COLUMNS FROM `cloud_auth_rule` [ RunTime:0.0040s ]
SQL: SELECT `id`,`title`,`pid`,`name`,`icon` FROM `cloud_auth_rule` WHERE ( islink=1 AND id in (48,49,50,55,100,105,104)  ) ORDER BY o ASC  [ RunTime:0.0010s ]
SQL: SHOW COLUMNS FROM `cloud_hotel` [ RunTime:0.0030s ]
SQL: SELECT `id`,`h_name` FROM `cloud_hotel` WHERE `org_id` IN ('2','9','10','11','12')  [ RunTime:0.0010s ]

[ 2018-01-12T21:31:11+08:00 ] ::1 /Cloud/index.php/Admin/Admanage/getAllOrg
INFO: [ app_init ] --START--
INFO: Run Behavior\BuildLiteBehavior [ RunTime:0.000000s ]
INFO: [ app_init ] --END-- [ RunTime:0.001000s ]
INFO: [ app_begin ] --START--
INFO: Run Behavior\ReadHtmlCacheBehavior [ RunTime:0.001000s ]
INFO: [ app_begin ] --END-- [ RunTime:0.001000s ]
NOTIC: [8] A session had already been started - ignoring session_start() E:\xampp\htdocs\Cloud\App\Admin\Controller\ComController.class.php 第 119 行.
SQL: SHOW COLUMNS FROM `cloud_member` [ RunTime:0.0070s ]
SQL: SELECT * FROM `cloud_member` WHERE `uid` = 10 LIMIT 1   [ RunTime:0.0010s ]
SQL: SELECT * FROM cloud_auth_group g left join cloud_auth_group_access a on g.id=a.group_id where a.uid=10 [ RunTime:0.0010s ]
SQL: SHOW COLUMNS FROM `cloud_member` [ RunTime:0.0040s ]
SQL: SELECT * FROM `cloud_member` WHERE `uid` = 10 LIMIT 1   [ RunTime:0.0010s ]
SQL: SELECT title FROM cloud_auth_group_access ga LEFT JOIN cloud_auth_group g ON ga.group_id=g.id where uid=10 [ RunTime:0.0010s ]
SQL: SELECT s.id,s.title,s.name,s.tips,s.pid,p.pid as ppid,p.title as ptitle FROM cloud_auth_rule s left join cloud_auth_rule p on p.id=s.pid where s.name='Admanage/getAllOrg' [ RunTime:0.0010s ]
NOTIC: [8] Undefined offset: 0 E:\xampp\htdocs\Cloud\App\Admin\Controller\ComController.class.php 第 67 行.
SQL: SHOW COLUMNS FROM `cloud_auth_rule` [ RunTime:0.0050s ]
SQL: SELECT `id`,`title`,`pid`,`name`,`icon` FROM `cloud_auth_rule` WHERE ( islink=1 AND id in (48,49,50,55,100,105,104)  ) ORDER BY o ASC  [ RunTime:0.0010s ]
SQL: SHOW COLUMNS FROM `cloud_org` [ RunTime:0.0040s ]
SQL: SELECT `id`,`org_name` FROM `cloud_org` WHERE ( id>0 )  [ RunTime:0.0010s ]

[ 2018-01-12T21:31:14+08:00 ] ::1 /Cloud/index.php/Admin/Admanage/getHotel
INFO: [ app_init ] --START--
INFO: Run Behavior\BuildLiteBehavior [ RunTime:0.000000s ]
INFO: [ app_init ] --END-- [ RunTime:0.001000s ]
INFO: [ app_begin ] --START--
INFO: Run Behavior\ReadHtmlCacheBehavior [ RunTime:0.000000s ]
INFO: [ app_begin ] --END-- [ RunTime:0.001000s ]
NOTIC: [8] A session had already been started - ignoring session_start() E:\xampp\htdocs\Cloud\App\Admin\Controller\ComController.class.php 第 119 行.
SQL: SHOW COLUMNS FROM `cloud_member` [ RunTime:0.0040s ]
SQL: SELECT * FROM `cloud_member` WHERE `uid` = 10 LIMIT 1   [ RunTime:0.0010s ]
SQL: SELECT * FROM cloud_auth_group g left join cloud_auth_group_access a on g.id=a.group_id where a.uid=10 [ RunTime:0.0000s ]
SQL: SHOW COLUMNS FROM `cloud_member` [ RunTime:0.0030s ]
SQL: SELECT * FROM `cloud_member` WHERE `uid` = 10 LIMIT 1   [ RunTime:0.0010s ]
SQL: SELECT title FROM cloud_auth_group_access ga LEFT JOIN cloud_auth_group g ON ga.group_id=g.id where uid=10 [ RunTime:0.0000s ]
SQL: SELECT s.id,s.title,s.name,s.tips,s.pid,p.pid as ppid,p.title as ptitle FROM cloud_auth_rule s left join cloud_auth_rule p on p.id=s.pid where s.name='Admanage/getHotel' [ RunTime:0.0010s ]
NOTIC: [8] Undefined offset: 0 E:\xampp\htdocs\Cloud\App\Admin\Controller\ComController.class.php 第 67 行.
SQL: SHOW COLUMNS FROM `cloud_auth_rule` [ RunTime:0.0030s ]
SQL: SELECT `id`,`title`,`pid`,`name`,`icon` FROM `cloud_auth_rule` WHERE ( islink=1 AND id in (48,49,50,55,100,105,104)  ) ORDER BY o ASC  [ RunTime:0.0010s ]
SQL: SHOW COLUMNS FROM `cloud_hotel` [ RunTime:0.0040s ]
SQL: SELECT `id`,`h_name` FROM `cloud_hotel` WHERE `org_id` IN ('3','9','10','11','12')  [ RunTime:0.0000s ]

[ 2018-01-12T21:31:45+08:00 ] ::1 /Cloud/index.php/Admin/Admanage/add.html
INFO: [ app_init ] --START--
INFO: Run Behavior\BuildLiteBehavior [ RunTime:0.000000s ]
INFO: [ app_init ] --END-- [ RunTime:0.001000s ]
INFO: [ app_begin ] --START--
INFO: Run Behavior\ReadHtmlCacheBehavior [ RunTime:0.001000s ]
INFO: [ app_begin ] --END-- [ RunTime:0.001000s ]
NOTIC: [8] A session had already been started - ignoring session_start() E:\xampp\htdocs\Cloud\App\Admin\Controller\ComController.class.php 第 119 行.
SQL: SHOW COLUMNS FROM `cloud_member` [ RunTime:0.0050s ]
SQL: SELECT * FROM `cloud_member` WHERE `uid` = 10 LIMIT 1   [ RunTime:0.0000s ]
SQL: SELECT * FROM cloud_auth_group g left join cloud_auth_group_access a on g.id=a.group_id where a.uid=10 [ RunTime:0.0000s ]
SQL: SHOW COLUMNS FROM `cloud_member` [ RunTime:0.0050s ]
SQL: SELECT * FROM `cloud_member` WHERE `uid` = 10 LIMIT 1   [ RunTime:0.0010s ]
SQL: SELECT title FROM cloud_auth_group_access ga LEFT JOIN cloud_auth_group g ON ga.group_id=g.id where uid=10 [ RunTime:0.0000s ]
SQL: SELECT s.id,s.title,s.name,s.tips,s.pid,p.pid as ppid,p.title as ptitle FROM cloud_auth_rule s left join cloud_auth_rule p on p.id=s.pid where s.name='Admanage/add' [ RunTime:0.0000s ]
SQL: SHOW COLUMNS FROM `cloud_auth_rule` [ RunTime:0.0030s ]
SQL: SELECT `id`,`title`,`pid`,`name`,`icon` FROM `cloud_auth_rule` WHERE ( islink=1 AND id in (48,49,50,55,100,105,104)  ) ORDER BY o ASC  [ RunTime:0.0010s ]
NOTIC: [8] Use of undefined constant uniqid - assumed 'uniqid' E:\xampp\htdocs\Cloud\App\Admin\Controller\AdmanageController.class.php 第 256 行.
SQL: SHOW COLUMNS FROM `cloud_ads_type` [ RunTime:0.0040s ]
SQL: SHOW COLUMNS FROM `cloud_org` [ RunTime:0.0050s ]
SQL: SELECT * FROM `cloud_ads_type`  [ RunTime:0.0020s ]
SQL: SELECT * FROM `cloud_org` WHERE ( id!=0 )  [ RunTime:0.0010s ]
INFO: [ view_parse ] --START--
INFO: [ template_filter ] --START--
INFO: Run Behavior\ContentReplaceBehavior [ RunTime:0.000000s ]
INFO: [ template_filter ] --END-- [ RunTime:0.000000s ]
NOTIC: [8] Undefined index: typename E:\xampp\htdocs\Cloud\App\Runtime\Cache\Admin\9bd46574c58ffeb34d93a834ddb9847e.php 第 452 行.
INFO: Run Behavior\ParseTemplateBehavior [ RunTime:0.025002s ]
INFO: [ view_parse ] --END-- [ RunTime:0.025002s ]
INFO: [ view_filter ] --START--
INFO: Run Behavior\WriteHtmlCacheBehavior [ RunTime:0.001000s ]
INFO: [ view_filter ] --END-- [ RunTime:0.001000s ]
INFO: [ app_end ] --START--
INFO: Run Behavior\ShowPageTraceBehavior [ RunTime:0.002000s ]
INFO: [ app_end ] --END-- [ RunTime:0.002000s ]

[ 2018-01-12T21:31:45+08:00 ] ::1 /Cloud/index.php/Admin/Admanage/getAllOrg
INFO: [ app_init ] --START--
INFO: Run Behavior\BuildLiteBehavior [ RunTime:0.001000s ]
INFO: [ app_init ] --END-- [ RunTime:0.001000s ]
INFO: [ app_begin ] --START--
INFO: Run Behavior\ReadHtmlCacheBehavior [ RunTime:0.000000s ]
INFO: [ app_begin ] --END-- [ RunTime:0.000000s ]
NOTIC: [8] A session had already been started - ignoring session_start() E:\xampp\htdocs\Cloud\App\Admin\Controller\ComController.class.php 第 119 行.
SQL: SHOW COLUMNS FROM `cloud_member` [ RunTime:0.0090s ]
SQL: SELECT * FROM `cloud_member` WHERE `uid` = 10 LIMIT 1   [ RunTime:0.0010s ]
SQL: SELECT * FROM cloud_auth_group g left join cloud_auth_group_access a on g.id=a.group_id where a.uid=10 [ RunTime:0.0010s ]
SQL: SHOW COLUMNS FROM `cloud_member` [ RunTime:0.0030s ]
SQL: SELECT * FROM `cloud_member` WHERE `uid` = 10 LIMIT 1   [ RunTime:0.0000s ]
SQL: SELECT title FROM cloud_auth_group_access ga LEFT JOIN cloud_auth_group g ON ga.group_id=g.id where uid=10 [ RunTime:0.0010s ]
SQL: SELECT s.id,s.title,s.name,s.tips,s.pid,p.pid as ppid,p.title as ptitle FROM cloud_auth_rule s left join cloud_auth_rule p on p.id=s.pid where s.name='Admanage/getAllOrg' [ RunTime:0.0000s ]
NOTIC: [8] Undefined offset: 0 E:\xampp\htdocs\Cloud\App\Admin\Controller\ComController.class.php 第 67 行.
SQL: SHOW COLUMNS FROM `cloud_auth_rule` [ RunTime:0.0090s ]
SQL: SELECT `id`,`title`,`pid`,`name`,`icon` FROM `cloud_auth_rule` WHERE ( islink=1 AND id in (48,49,50,55,100,105,104)  ) ORDER BY o ASC  [ RunTime:0.0020s ]
SQL: SHOW COLUMNS FROM `cloud_org` [ RunTime:0.0040s ]
SQL: SELECT `id`,`org_name` FROM `cloud_org` WHERE ( id>0 )  [ RunTime:0.0010s ]

[ 2018-01-12T21:31:47+08:00 ] ::1 /Cloud/index.php/Admin/Admanage/getHotel
INFO: [ app_init ] --START--
INFO: Run Behavior\BuildLiteBehavior [ RunTime:0.000000s ]
INFO: [ app_init ] --END-- [ RunTime:0.001000s ]
INFO: [ app_begin ] --START--
INFO: Run Behavior\ReadHtmlCacheBehavior [ RunTime:0.001001s ]
INFO: [ app_begin ] --END-- [ RunTime:0.001001s ]
NOTIC: [8] A session had already been started - ignoring session_start() E:\xampp\htdocs\Cloud\App\Admin\Controller\ComController.class.php 第 119 行.
SQL: SHOW COLUMNS FROM `cloud_member` [ RunTime:0.0040s ]
SQL: SELECT * FROM `cloud_member` WHERE `uid` = 10 LIMIT 1   [ RunTime:0.0010s ]
SQL: SELECT * FROM cloud_auth_group g left join cloud_auth_group_access a on g.id=a.group_id where a.uid=10 [ RunTime:0.0000s ]
SQL: SHOW COLUMNS FROM `cloud_member` [ RunTime:0.0030s ]
SQL: SELECT * FROM `cloud_member` WHERE `uid` = 10 LIMIT 1   [ RunTime:0.0000s ]
SQL: SELECT title FROM cloud_auth_group_access ga LEFT JOIN cloud_auth_group g ON ga.group_id=g.id where uid=10 [ RunTime:0.0010s ]
SQL: SELECT s.id,s.title,s.name,s.tips,s.pid,p.pid as ppid,p.title as ptitle FROM cloud_auth_rule s left join cloud_auth_rule p on p.id=s.pid where s.name='Admanage/getHotel' [ RunTime:0.0010s ]
NOTIC: [8] Undefined offset: 0 E:\xampp\htdocs\Cloud\App\Admin\Controller\ComController.class.php 第 67 行.
SQL: SHOW COLUMNS FROM `cloud_auth_rule` [ RunTime:0.0050s ]
SQL: SELECT `id`,`title`,`pid`,`name`,`icon` FROM `cloud_auth_rule` WHERE ( islink=1 AND id in (48,49,50,55,100,105,104)  ) ORDER BY o ASC  [ RunTime:0.0010s ]
SQL: SHOW COLUMNS FROM `cloud_hotel` [ RunTime:0.0050s ]
SQL: SELECT `id`,`h_name` FROM `cloud_hotel` WHERE `org_id` IN ('2','3','6','7','8','9','10','11','12')  [ RunTime:0.0010s ]

