[ 2018-01-17T16:01:14+08:00 ] ::1 /Cloud/index.php/Admin/login/index.html
INFO: [ app_init ] --START--
INFO: Run Behavior\BuildLiteBehavior [ RunTime:0.000000s ]
INFO: [ app_init ] --END-- [ RunTime:0.001000s ]
INFO: [ app_begin ] --START--
INFO: Run Behavior\ReadHtmlCacheBehavior [ RunTime:0.001000s ]
INFO: [ app_begin ] --END-- [ RunTime:0.002000s ]
NOTIC: [8] A session had already been started - ignoring session_start() E:\xampp\htdocs\Cloud\App\Admin\Controller\ComController.class.php 第 119 行.
INFO: [ view_parse ] --START--
INFO: [ template_filter ] --START--
INFO: Run Behavior\ContentReplaceBehavior [ RunTime:0.000000s ]
INFO: [ template_filter ] --END-- [ RunTime:0.000000s ]
NOTIC: [8] Undefined variable: current E:\xampp\htdocs\Cloud\App\Runtime\Cache\Admin\f0f0edaa955fd2857dedea53d1ab9ca3.php 第 7 行.
INFO: Run Behavior\ParseTemplateBehavior [ RunTime:0.011001s ]
INFO: [ view_parse ] --END-- [ RunTime:0.011001s ]
INFO: [ view_filter ] --START--
INFO: Run Behavior\WriteHtmlCacheBehavior [ RunTime:0.001000s ]
INFO: [ view_filter ] --END-- [ RunTime:0.001000s ]
INFO: [ app_end ] --START--
INFO: Run Behavior\ShowPageTraceBehavior [ RunTime:0.001000s ]
INFO: [ app_end ] --END-- [ RunTime:0.001000s ]

[ 2018-01-17T16:01:15+08:00 ] ::1 /Cloud/index.php/Admin/login/verify.html
INFO: [ app_init ] --START--
INFO: Run Behavior\BuildLiteBehavior [ RunTime:0.000000s ]
INFO: [ app_init ] --END-- [ RunTime:0.001000s ]
INFO: [ app_begin ] --START--
INFO: Run Behavior\ReadHtmlCacheBehavior [ RunTime:0.001000s ]
INFO: [ app_begin ] --END-- [ RunTime:0.002000s ]
INFO: [ app_end ] --START--
INFO: Run Behavior\ShowPageTraceBehavior [ RunTime:0.001000s ]
INFO: [ app_end ] --END-- [ RunTime:0.001000s ]

[ 2018-01-17T16:01:29+08:00 ] ::1 /Cloud/index.php/Admin/login/login.html
INFO: [ app_init ] --START--
INFO: Run Behavior\BuildLiteBehavior [ RunTime:0.000000s ]
INFO: [ app_init ] --END-- [ RunTime:0.001000s ]
INFO: [ app_begin ] --START--
INFO: Run Behavior\ReadHtmlCacheBehavior [ RunTime:0.002000s ]
INFO: [ app_begin ] --END-- [ RunTime:0.002000s ]
SQL: SHOW COLUMNS FROM `cloud_member` [ RunTime:0.2330s ]
SQL: SELECT `uid`,`user`,`org_id`,`h_id` FROM `cloud_member` WHERE `user` = 'ceshi' AND `password` = '36868f2f58d2ab890d352ace75b8184b' LIMIT 1   [ RunTime:0.0010s ]
NOTIC: [8] A session had already been started - ignoring session_start() E:\xampp\htdocs\Cloud\App\Admin\Controller\LoginController.class.php 第 51 行.
SQL: SHOW COLUMNS FROM `cloud_log` [ RunTime:0.0060s ]
NOTIC: [8] A session had already been started - ignoring session_start() E:\xampp\htdocs\Cloud\App\Admin\Common\function.php 第 12 行.
SQL: SHOW COLUMNS FROM `cloud_member` [ RunTime:0.0030s ]
SQL: SELECT `user` FROM `cloud_member` WHERE `uid` = 4 LIMIT 1   [ RunTime:0.0010s ]
SQL: INSERT INTO `cloud_log` (`name`,`t`,`ip`,`log`) VALUES ('ceshi','1516176089','::1','登录成功。') [ RunTime:0.0000s ]

[ 2018-01-17T16:01:29+08:00 ] ::1 /Cloud/index.php/Admin/index/index.html
INFO: [ app_init ] --START--
INFO: Run Behavior\BuildLiteBehavior [ RunTime:0.000000s ]
INFO: [ app_init ] --END-- [ RunTime:0.001000s ]
INFO: [ app_begin ] --START--
INFO: Run Behavior\ReadHtmlCacheBehavior [ RunTime:0.001000s ]
INFO: [ app_begin ] --END-- [ RunTime:0.001000s ]
NOTIC: [8] A session had already been started - ignoring session_start() E:\xampp\htdocs\Cloud\App\Admin\Controller\ComController.class.php 第 119 行.
SQL: SHOW COLUMNS FROM `cloud_member` [ RunTime:0.0040s ]
SQL: SELECT * FROM `cloud_member` WHERE `uid` = 4 LIMIT 1   [ RunTime:0.0020s ]
SQL: SELECT * FROM cloud_auth_group g left join cloud_auth_group_access a on g.id=a.group_id where a.uid=4 [ RunTime:0.0010s ]
SQL: SHOW COLUMNS FROM `cloud_member` [ RunTime:0.0030s ]
SQL: SELECT * FROM `cloud_member` WHERE `uid` = 4 LIMIT 1   [ RunTime:0.0010s ]
SQL: SELECT title FROM cloud_auth_group_access ga LEFT JOIN cloud_auth_group g ON ga.group_id=g.id where uid=4 [ RunTime:0.0020s ]
SQL: SELECT s.id,s.title,s.name,s.tips,s.pid,p.pid as ppid,p.title as ptitle FROM cloud_auth_rule s left join cloud_auth_rule p on p.id=s.pid where s.name='Index/index' [ RunTime:0.0020s ]
SQL: SHOW COLUMNS FROM `cloud_auth_rule` [ RunTime:0.0040s ]
SQL: SELECT `id`,`title`,`pid`,`name`,`icon` FROM `cloud_auth_rule` WHERE ( islink=1 AND id in (1,97,98,99,66,73,74,67,80,78,72,81,79,84,92,93,94,91,90,13,15,16,20,21,48,49,50,55)  ) ORDER BY o ASC  [ RunTime:0.0010s ]
SQL: SELECT SUM(s.num) AS nums, o.org_id, o.h_id, s.*, m.menu_name FROM cloud_order o INNER JOIN cloud_order_sub s ON s.oid = o.id INNER JOIN cloud_cook_menu m ON m.id=s.menu_id WHERE o.org_id = 2 Group by menu_id ORDER BY nums DESC [ RunTime:0.0030s ]
SQL: SELECT SUM(nums) nums FROM(SELECT SUM(s.num) AS nums, o.org_id, o.h_id, s.*, m.menu_name FROM cloud_order o INNER JOIN cloud_order_sub s ON s.oid = o.id INNER JOIN cloud_cook_menu m ON m.id=s.menu_id WHERE o.org_id = 2 Group by menu_id ORDER BY nums DESC LIMIT 5,17) AS A [ RunTime:0.0020s ]
NOTIC: [2] Missing argument 1 for Admin\Model\StatisModel::getTotalByMonthByOrg(), called in E:\xampp\htdocs\Cloud\App\Admin\Controller\IndexController.class.php on line 20 and defined E:\xampp\htdocs\Cloud\App\Admin\Model\StatisModel.class.php 第 71 行.
NOTIC: [8] Undefined variable: year E:\xampp\htdocs\Cloud\App\Admin\Model\StatisModel.class.php 第 72 行.
SQL: SELECT IFNULL(h_name,'合计') AS h_name,
      SUM(IF(year='201801',count,0)) AS month01,
      SUM(IF(year='201802',count,0)) AS month02,
      SUM(IF(year='201803',count,0)) AS month03,
      SUM(IF(year='201804',count,0)) AS month04,
      SUM(IF(year='201805',count,0)) AS month05,
      SUM(IF(year='201806',count,0)) AS month06,
      SUM(IF(year='201807',count,0)) AS month07,
      SUM(IF(year='201808',count,0)) AS month08,
      SUM(IF(year='201809',count,0)) AS month09,
      SUM(IF(year='201810',count,0)) AS month10,
      SUM(IF(year='{November}',count,0)) AS month11,
      SUM(IF(year='201812',count,0)) AS month12,
      SUM(IF(year='total',count,0)) AS total
      FROM(
          SELECT h_name,IFNULL(year,'total') AS year,SUM(count) AS count
          FROM(
            SELECT h_name,FROM_UNIXTIME(order_time,'%Y%m')as year,SUM(o.total_money) count
            FROM cloud_order o
            JOIN cloud_hotel h ON h.id = o.h_id
            WHERE FROM_UNIXTIME(order_time,'%Y') = 2018
            GROUP BY h_name,year
            ) AS A
          GROUP BY h_name,year
          WITH ROLLUP
          HAVING h_name IS NOT NULL
            )AS B
      GROUP BY h_name
      WITH ROLLUP [ RunTime:0.0020s ]
SQL: SELECT SUM(s.num) AS nums, o.org_id, o.h_id, s.*, m.menu_name FROM cloud_order o INNER JOIN cloud_order_sub s ON s.oid = o.id INNER JOIN cloud_cook_menu m ON m.id=s.menu_id WHERE o.org_id = 2 Group by menu_id ORDER BY nums DESC LIMIT 100 [ RunTime:0.0040s ]
SQL: SELECT SUM(total_money) AS money, h.org_id,h.h_name FROM cloud_hotel h INNER JOIN cloud_order o ON o.h_id = h.id  WHERE h.org_id = 2 GROUP BY o.h_id ORDER BY money DESC LIMIT 1 [ RunTime:0.0010s ]
SQL: SELECT COUNT(s.id) AS nums, o.org_id, o.h_id, s.* ,m.menu_name FROM cloud_order o INNER JOIN cloud_order_sub s ON s.oid = o.id INNER JOIN cloud_cook_menu m ON m.id=s.menu_id WHERE o.org_id = 2 Group by menu_id ORDER BY nums ASC LIMIT 1 [ RunTime:0.0020s ]
SQL: SELECT SUM(total_money) AS money, h.org_id,h.h_name FROM cloud_hotel h INNER JOIN cloud_order o ON o.h_id = h.id  WHERE h.org_id = 2 GROUP BY o.h_id ORDER BY money ASC LIMIT 1 [ RunTime:0.0010s ]
NOTIC: [2048] Declaration of Admin\Model\OrgModel::save() should be compatible with Think\Model::save($data = '', $options = Array) E:\xampp\htdocs\Cloud\App\Admin\Model\OrgModel.class.php 第 79 行.
NOTIC: [2048] Declaration of Admin\Model\OrgModel::delete() should be compatible with Think\Model::delete($options = Array) E:\xampp\htdocs\Cloud\App\Admin\Model\OrgModel.class.php 第 79 行.
SQL: SHOW COLUMNS FROM `cloud_org` [ RunTime:0.0040s ]
SQL: SHOW COLUMNS FROM `cloud_hotel` [ RunTime:0.0040s ]
SQL: SELECT * FROM `cloud_hotel` WHERE ( org_id=2 )  [ RunTime:0.0000s ]
SQL: SHOW COLUMNS FROM `cloud_auth_group_access` [ RunTime:0.0030s ]
SQL: SELECT * FROM `cloud_auth_group_access` WHERE ( uid = 4 ) LIMIT 1   [ RunTime:0.0000s ]
NOTIC: [8] Undefined index: group_id  E:\xampp\htdocs\Cloud\App\Admin\Model\OrgModel.class.php 第 65 行.
NOTIC: [8] Undefined index: h_id E:\xampp\htdocs\Cloud\App\Admin\Model\OrgModel.class.php 第 65 行.
NOTIC: [8] Undefined variable: data E:\xampp\htdocs\Cloud\App\Admin\Controller\IndexController.class.php 第 66 行.
INFO: [ view_parse ] --START--
INFO: [ template_filter ] --START--
INFO: Run Behavior\ContentReplaceBehavior [ RunTime:0.001000s ]
INFO: [ template_filter ] --END-- [ RunTime:0.001000s ]
NOTIC: [8] Use of undefined constant menu_name - assumed 'menu_name' E:\xampp\htdocs\Cloud\App\Runtime\Cache\Admin\742c860896b25e88c1c65c533911b85d.php 第 431 行.
NOTIC: [8] Use of undefined constant h_name - assumed 'h_name' E:\xampp\htdocs\Cloud\App\Runtime\Cache\Admin\742c860896b25e88c1c65c533911b85d.php 第 439 行.
NOTIC: [8] Use of undefined constant menu_name - assumed 'menu_name' E:\xampp\htdocs\Cloud\App\Runtime\Cache\Admin\742c860896b25e88c1c65c533911b85d.php 第 561 行.
NOTIC: [8] Use of undefined constant menu_name - assumed 'menu_name' E:\xampp\htdocs\Cloud\App\Runtime\Cache\Admin\742c860896b25e88c1c65c533911b85d.php 第 562 行.
NOTIC: [8] Use of undefined constant menu_name - assumed 'menu_name' E:\xampp\htdocs\Cloud\App\Runtime\Cache\Admin\742c860896b25e88c1c65c533911b85d.php 第 563 行.
NOTIC: [8] Use of undefined constant menu_name - assumed 'menu_name' E:\xampp\htdocs\Cloud\App\Runtime\Cache\Admin\742c860896b25e88c1c65c533911b85d.php 第 564 行.
NOTIC: [8] Use of undefined constant menu_name - assumed 'menu_name' E:\xampp\htdocs\Cloud\App\Runtime\Cache\Admin\742c860896b25e88c1c65c533911b85d.php 第 565 行.
NOTIC: [8] Use of undefined constant menu_name - assumed 'menu_name' E:\xampp\htdocs\Cloud\App\Runtime\Cache\Admin\742c860896b25e88c1c65c533911b85d.php 第 566 行.
NOTIC: [8] Use of undefined constant nums - assumed 'nums' E:\xampp\htdocs\Cloud\App\Runtime\Cache\Admin\742c860896b25e88c1c65c533911b85d.php 第 573 行.
NOTIC: [8] Use of undefined constant nums - assumed 'nums' E:\xampp\htdocs\Cloud\App\Runtime\Cache\Admin\742c860896b25e88c1c65c533911b85d.php 第 574 行.
NOTIC: [8] Use of undefined constant nums - assumed 'nums' E:\xampp\htdocs\Cloud\App\Runtime\Cache\Admin\742c860896b25e88c1c65c533911b85d.php 第 575 行.
NOTIC: [8] Use of undefined constant nums - assumed 'nums' E:\xampp\htdocs\Cloud\App\Runtime\Cache\Admin\742c860896b25e88c1c65c533911b85d.php 第 576 行.
NOTIC: [8] Use of undefined constant nums - assumed 'nums' E:\xampp\htdocs\Cloud\App\Runtime\Cache\Admin\742c860896b25e88c1c65c533911b85d.php 第 577 行.
NOTIC: [8] Use of undefined constant nums - assumed 'nums' E:\xampp\htdocs\Cloud\App\Runtime\Cache\Admin\742c860896b25e88c1c65c533911b85d.php 第 578 行.
NOTIC: [8] Use of undefined constant nums - assumed 'nums' E:\xampp\htdocs\Cloud\App\Runtime\Cache\Admin\742c860896b25e88c1c65c533911b85d.php 第 579 行.
INFO: Run Behavior\ParseTemplateBehavior [ RunTime:0.081004s ]
INFO: [ view_parse ] --END-- [ RunTime:0.081004s ]
INFO: [ view_filter ] --START--
INFO: Run Behavior\WriteHtmlCacheBehavior [ RunTime:0.001000s ]
INFO: [ view_filter ] --END-- [ RunTime:0.001000s ]

[ 2018-01-17T16:01:31+08:00 ] ::1 /Cloud/index.php/Admin/Index/displayHotel.html?h_id=13
INFO: [ app_init ] --START--
INFO: Run Behavior\BuildLiteBehavior [ RunTime:0.000000s ]
INFO: [ app_init ] --END-- [ RunTime:0.001000s ]
INFO: [ app_begin ] --START--
INFO: Run Behavior\ReadHtmlCacheBehavior [ RunTime:0.000000s ]
INFO: [ app_begin ] --END-- [ RunTime:0.001001s ]
NOTIC: [8] A session had already been started - ignoring session_start() E:\xampp\htdocs\Cloud\App\Admin\Controller\ComController.class.php 第 119 行.
SQL: SHOW COLUMNS FROM `cloud_member` [ RunTime:0.0030s ]
SQL: SELECT * FROM `cloud_member` WHERE `uid` = 4 LIMIT 1   [ RunTime:0.0010s ]
SQL: SELECT * FROM cloud_auth_group g left join cloud_auth_group_access a on g.id=a.group_id where a.uid=4 [ RunTime:0.0010s ]
SQL: SHOW COLUMNS FROM `cloud_member` [ RunTime:0.0030s ]
SQL: SELECT * FROM `cloud_member` WHERE `uid` = 4 LIMIT 1   [ RunTime:0.0010s ]
SQL: SELECT title FROM cloud_auth_group_access ga LEFT JOIN cloud_auth_group g ON ga.group_id=g.id where uid=4 [ RunTime:0.0000s ]
SQL: SELECT s.id,s.title,s.name,s.tips,s.pid,p.pid as ppid,p.title as ptitle FROM cloud_auth_rule s left join cloud_auth_rule p on p.id=s.pid where s.name='Index/displayHotel' [ RunTime:0.0010s ]
SQL: SHOW COLUMNS FROM `cloud_auth_rule` [ RunTime:0.0030s ]
SQL: SELECT `id`,`title`,`pid`,`name`,`icon` FROM `cloud_auth_rule` WHERE ( islink=1 AND id in (1,97,98,99,66,73,74,67,80,78,72,81,79,84,92,93,94,91,90,13,15,16,20,21,48,49,50,55)  ) ORDER BY o ASC  [ RunTime:0.0010s ]
SQL: 
      SELECT cm.menu_name, cm.price price, IFNULL(temp.num,'0') num, IFNULL(price*num,'0') total 
      FROM( 
            SELECT cm.id,cm.menu_name,SUM(num) num
            FROM cloud_cook_menu cm
            LEFT JOIN cloud_order_sub os ON cm.id = os.menu_id
            LEFT JOIN cloud_order o ON o.id = os.oid
            WHERE o.h_id = 13 and syn_time BETWEEN 1514736000 AND 1546272000
            GROUP BY menu_name
          ) AS temp

      RIGHT JOIN cloud_cook_menu cm ON cm.id = temp.id

      WHERE cm.org_id = 2

      ORDER BY length(num) DESC,num DESC
     [ RunTime:0.0010s ]
SQL: SHOW COLUMNS FROM `cloud_hotel` [ RunTime:0.0040s ]
SQL: SELECT `h_name` FROM `cloud_hotel` WHERE ( id = 13 ) LIMIT 1   [ RunTime:0.0000s ]
NOTIC: [8] Undefined variable: hotelDaily E:\xampp\htdocs\Cloud\App\Admin\Controller\IndexController.class.php 第 124 行.
INFO: [ view_parse ] --START--
INFO: [ template_filter ] --START--
INFO: Run Behavior\ContentReplaceBehavior [ RunTime:0.000000s ]
INFO: [ template_filter ] --END-- [ RunTime:0.000000s ]
INFO: Run Behavior\ParseTemplateBehavior [ RunTime:0.025001s ]
INFO: [ view_parse ] --END-- [ RunTime:0.025001s ]
INFO: [ view_filter ] --START--
INFO: Run Behavior\WriteHtmlCacheBehavior [ RunTime:0.000000s ]
INFO: [ view_filter ] --END-- [ RunTime:0.000000s ]
INFO: [ app_end ] --START--
INFO: Run Behavior\ShowPageTraceBehavior [ RunTime:0.001000s ]
INFO: [ app_end ] --END-- [ RunTime:0.001000s ]

[ 2018-01-17T16:59:43+08:00 ] ::1 /Cloud/index.php/Admin/login/index.html
INFO: [ app_init ] --START--
INFO: Run Behavior\BuildLiteBehavior [ RunTime:0.000000s ]
INFO: [ app_init ] --END-- [ RunTime:0.052002s ]
INFO: [ app_begin ] --START--
INFO: Run Behavior\ReadHtmlCacheBehavior [ RunTime:0.001000s ]
INFO: [ app_begin ] --END-- [ RunTime:0.001000s ]
NOTIC: [8] A session had already been started - ignoring session_start() E:\xampp\htdocs\Cloud\App\Admin\Controller\ComController.class.php 第 119 行.
INFO: [ view_parse ] --START--
INFO: [ template_filter ] --START--
INFO: Run Behavior\ContentReplaceBehavior [ RunTime:0.001000s ]
INFO: [ template_filter ] --END-- [ RunTime:0.001000s ]
NOTIC: [8] Undefined variable: current E:\xampp\htdocs\Cloud\App\Runtime\Cache\Admin\f0f0edaa955fd2857dedea53d1ab9ca3.php 第 7 行.
INFO: Run Behavior\ParseTemplateBehavior [ RunTime:0.267015s ]
INFO: [ view_parse ] --END-- [ RunTime:0.268016s ]
INFO: [ view_filter ] --START--
INFO: Run Behavior\WriteHtmlCacheBehavior [ RunTime:0.020001s ]
INFO: [ view_filter ] --END-- [ RunTime:0.020001s ]
INFO: [ app_end ] --START--
INFO: Run Behavior\ShowPageTraceBehavior [ RunTime:0.009000s ]
INFO: [ app_end ] --END-- [ RunTime:0.009000s ]

[ 2018-01-17T16:59:43+08:00 ] ::1 /Cloud/index.php/Admin/login/index.html
INFO: [ app_init ] --START--
INFO: Run Behavior\BuildLiteBehavior [ RunTime:0.000000s ]
INFO: [ app_init ] --END-- [ RunTime:0.053003s ]
INFO: [ app_begin ] --START--
INFO: Run Behavior\ReadHtmlCacheBehavior [ RunTime:0.001000s ]
INFO: [ app_begin ] --END-- [ RunTime:0.001000s ]
NOTIC: [8] A session had already been started - ignoring session_start() E:\xampp\htdocs\Cloud\App\Admin\Controller\ComController.class.php 第 119 行.
INFO: [ view_parse ] --START--
INFO: [ template_filter ] --START--
INFO: Run Behavior\ContentReplaceBehavior [ RunTime:0.000000s ]
INFO: [ template_filter ] --END-- [ RunTime:0.001000s ]
NOTIC: [8] Undefined variable: current E:\xampp\htdocs\Cloud\App\Runtime\Cache\Admin\f0f0edaa955fd2857dedea53d1ab9ca3.php 第 7 行.
INFO: Run Behavior\ParseTemplateBehavior [ RunTime:0.266015s ]
INFO: [ view_parse ] --END-- [ RunTime:0.266015s ]
INFO: [ view_filter ] --START--
INFO: Run Behavior\WriteHtmlCacheBehavior [ RunTime:0.022002s ]
INFO: [ view_filter ] --END-- [ RunTime:0.022002s ]
INFO: [ app_end ] --START--
INFO: Run Behavior\ShowPageTraceBehavior [ RunTime:0.009000s ]
INFO: [ app_end ] --END-- [ RunTime:0.009000s ]

[ 2018-01-17T16:59:55+08:00 ] ::1 /Cloud/index.php/Admin/login/index.html
INFO: [ app_init ] --START--
INFO: Run Behavior\BuildLiteBehavior [ RunTime:0.000000s ]
INFO: [ app_init ] --END-- [ RunTime:0.000000s ]
INFO: [ app_begin ] --START--
INFO: Run Behavior\ReadHtmlCacheBehavior [ RunTime:0.001000s ]
INFO: [ app_begin ] --END-- [ RunTime:0.001000s ]
NOTIC: [8] A session had already been started - ignoring session_start() E:\xampp\htdocs\Cloud\App\Admin\Controller\ComController.class.php 第 119 行.
INFO: [ view_parse ] --START--
INFO: [ template_filter ] --START--
INFO: Run Behavior\ContentReplaceBehavior [ RunTime:0.000000s ]
INFO: [ template_filter ] --END-- [ RunTime:0.000000s ]
NOTIC: [8] Undefined variable: current E:\xampp\htdocs\Cloud\App\Runtime\Cache\Admin\f0f0edaa955fd2857dedea53d1ab9ca3.php 第 7 行.
INFO: Run Behavior\ParseTemplateBehavior [ RunTime:0.027002s ]
INFO: [ view_parse ] --END-- [ RunTime:0.027002s ]
INFO: [ view_filter ] --START--
INFO: Run Behavior\WriteHtmlCacheBehavior [ RunTime:0.000000s ]
INFO: [ view_filter ] --END-- [ RunTime:0.000000s ]
INFO: [ app_end ] --START--
INFO: Run Behavior\ShowPageTraceBehavior [ RunTime:0.001000s ]
INFO: [ app_end ] --END-- [ RunTime:0.001000s ]

[ 2018-01-17T16:59:56+08:00 ] ::1 /Cloud/index.php/Admin/login/verify.html
INFO: [ app_init ] --START--
INFO: Run Behavior\BuildLiteBehavior [ RunTime:0.000000s ]
INFO: [ app_init ] --END-- [ RunTime:0.000000s ]
INFO: [ app_begin ] --START--
INFO: Run Behavior\ReadHtmlCacheBehavior [ RunTime:0.001000s ]
INFO: [ app_begin ] --END-- [ RunTime:0.001000s ]
INFO: [ app_end ] --START--
INFO: Run Behavior\ShowPageTraceBehavior [ RunTime:0.001000s ]
INFO: [ app_end ] --END-- [ RunTime:0.001000s ]

[ 2018-01-17T17:00:05+08:00 ] ::1 /Cloud/index.php/Admin/login/verify.html?1516179605168
INFO: [ app_init ] --START--
INFO: Run Behavior\BuildLiteBehavior [ RunTime:0.000000s ]
INFO: [ app_init ] --END-- [ RunTime:0.000000s ]
INFO: [ app_begin ] --START--
INFO: Run Behavior\ReadHtmlCacheBehavior [ RunTime:0.001000s ]
INFO: [ app_begin ] --END-- [ RunTime:0.001000s ]
INFO: [ app_end ] --START--
INFO: Run Behavior\ShowPageTraceBehavior [ RunTime:0.001000s ]
INFO: [ app_end ] --END-- [ RunTime:0.001000s ]

[ 2018-01-17T17:00:06+08:00 ] ::1 /Cloud/index.php/Admin/login/verify.html?1516179606968
INFO: [ app_init ] --START--
INFO: Run Behavior\BuildLiteBehavior [ RunTime:0.000000s ]
INFO: [ app_init ] --END-- [ RunTime:0.000000s ]
INFO: [ app_begin ] --START--
INFO: Run Behavior\ReadHtmlCacheBehavior [ RunTime:0.000000s ]
INFO: [ app_begin ] --END-- [ RunTime:0.000000s ]
INFO: [ app_end ] --START--
INFO: Run Behavior\ShowPageTraceBehavior [ RunTime:0.001000s ]
INFO: [ app_end ] --END-- [ RunTime:0.001000s ]

[ 2018-01-17T17:00:15+08:00 ] ::1 /Cloud/index.php/Admin/login/login.html
INFO: [ app_init ] --START--
INFO: Run Behavior\BuildLiteBehavior [ RunTime:0.000000s ]
INFO: [ app_init ] --END-- [ RunTime:0.000000s ]
INFO: [ app_begin ] --START--
INFO: Run Behavior\ReadHtmlCacheBehavior [ RunTime:0.001000s ]
INFO: [ app_begin ] --END-- [ RunTime:0.001000s ]
SQL: SHOW COLUMNS FROM `cloud_member` [ RunTime:0.5490s ]
SQL: SELECT `uid`,`user`,`org_id`,`h_id` FROM `cloud_member` WHERE `user` = '123' AND `password` = '36868f2f58d2ab890d352ace75b8184b' LIMIT 1   [ RunTime:0.1450s ]
NOTIC: [8] A session had already been started - ignoring session_start() E:\xampp\htdocs\Cloud\App\Admin\Controller\LoginController.class.php 第 51 行.
SQL: SHOW COLUMNS FROM `cloud_log` [ RunTime:0.0050s ]
NOTIC: [8] A session had already been started - ignoring session_start() E:\xampp\htdocs\Cloud\App\Admin\Common\function.php 第 12 行.
SQL: SHOW COLUMNS FROM `cloud_member` [ RunTime:0.0040s ]
SQL: SELECT `user` FROM `cloud_member` WHERE `uid` = 10 LIMIT 1   [ RunTime:0.0250s ]
SQL: INSERT INTO `cloud_log` (`name`,`t`,`ip`,`log`) VALUES ('123','1516179615','::1','登录成功。') [ RunTime:0.0240s ]

[ 2018-01-17T17:00:16+08:00 ] ::1 /Cloud/index.php/Admin/index/index.html
INFO: [ app_init ] --START--
INFO: Run Behavior\BuildLiteBehavior [ RunTime:0.000000s ]
INFO: [ app_init ] --END-- [ RunTime:0.000000s ]
INFO: [ app_begin ] --START--
INFO: Run Behavior\ReadHtmlCacheBehavior [ RunTime:0.001000s ]
INFO: [ app_begin ] --END-- [ RunTime:0.001000s ]
NOTIC: [8] A session had already been started - ignoring session_start() E:\xampp\htdocs\Cloud\App\Admin\Controller\ComController.class.php 第 119 行.
SQL: SHOW COLUMNS FROM `cloud_member` [ RunTime:0.0030s ]
SQL: SELECT * FROM `cloud_member` WHERE `uid` = 10 LIMIT 1   [ RunTime:0.0000s ]
SQL: SELECT * FROM cloud_auth_group g left join cloud_auth_group_access a on g.id=a.group_id where a.uid=10 [ RunTime:0.0650s ]
SQL: SHOW COLUMNS FROM `cloud_member` [ RunTime:0.0040s ]
SQL: SELECT * FROM `cloud_member` WHERE `uid` = 10 LIMIT 1   [ RunTime:0.0010s ]
SQL: SELECT title FROM cloud_auth_group_access ga LEFT JOIN cloud_auth_group g ON ga.group_id=g.id where uid=10 [ RunTime:0.0000s ]
SQL: SELECT s.id,s.title,s.name,s.tips,s.pid,p.pid as ppid,p.title as ptitle FROM cloud_auth_rule s left join cloud_auth_rule p on p.id=s.pid where s.name='Index/index' [ RunTime:0.0540s ]
SQL: SHOW COLUMNS FROM `cloud_auth_rule` [ RunTime:0.0030s ]
SQL: SELECT `id`,`title`,`pid`,`name`,`icon` FROM `cloud_auth_rule` WHERE ( islink=1 AND id in (48,49,50,55,100,105,104)  ) ORDER BY o ASC  [ RunTime:0.0340s ]
SQL: SELECT SUM(s.num) AS nums, o.org_id, o.h_id, s.*, m.menu_name FROM cloud_order o INNER JOIN cloud_order_sub s ON s.oid = o.id INNER JOIN cloud_cook_menu m ON m.id=s.menu_id WHERE o.org_id = 9 Group by menu_id ORDER BY nums DESC [ RunTime:0.1690s ]
SQL: SELECT SUM(nums) nums FROM(SELECT SUM(s.num) AS nums, o.org_id, o.h_id, s.*, m.menu_name FROM cloud_order o INNER JOIN cloud_order_sub s ON s.oid = o.id INNER JOIN cloud_cook_menu m ON m.id=s.menu_id WHERE o.org_id = 9 Group by menu_id ORDER BY nums DESC LIMIT 5,0) AS A [ RunTime:0.0660s ]
NOTIC: [2] Missing argument 1 for Admin\Model\StatisModel::getTotalByMonthByOrg(), called in E:\xampp\htdocs\Cloud\App\Admin\Controller\IndexController.class.php on line 20 and defined E:\xampp\htdocs\Cloud\App\Admin\Model\StatisModel.class.php 第 71 行.
NOTIC: [8] Undefined variable: year E:\xampp\htdocs\Cloud\App\Admin\Model\StatisModel.class.php 第 72 行.
SQL: SELECT IFNULL(h_name,'合计') AS h_name,
      SUM(IF(year='201801',count,0)) AS month01,
      SUM(IF(year='201802',count,0)) AS month02,
      SUM(IF(year='201803',count,0)) AS month03,
      SUM(IF(year='201804',count,0)) AS month04,
      SUM(IF(year='201805',count,0)) AS month05,
      SUM(IF(year='201806',count,0)) AS month06,
      SUM(IF(year='201807',count,0)) AS month07,
      SUM(IF(year='201808',count,0)) AS month08,
      SUM(IF(year='201809',count,0)) AS month09,
      SUM(IF(year='201810',count,0)) AS month10,
      SUM(IF(year='{November}',count,0)) AS month11,
      SUM(IF(year='201812',count,0)) AS month12,
      SUM(IF(year='total',count,0)) AS total
      FROM(
          SELECT h_name,IFNULL(year,'total') AS year,SUM(count) AS count
          FROM(
            SELECT h_name,FROM_UNIXTIME(order_time,'%Y%m')as year,SUM(o.total_money) count
            FROM cloud_order o
            JOIN cloud_hotel h ON h.id = o.h_id
            WHERE FROM_UNIXTIME(order_time,'%Y') = 2018
            GROUP BY h_name,year
            ) AS A
          GROUP BY h_name,year
          WITH ROLLUP
          HAVING h_name IS NOT NULL
            )AS B
      GROUP BY h_name
      WITH ROLLUP [ RunTime:0.1210s ]
SQL: SELECT SUM(s.num) AS nums, o.org_id, o.h_id, s.*, m.menu_name FROM cloud_order o INNER JOIN cloud_order_sub s ON s.oid = o.id INNER JOIN cloud_cook_menu m ON m.id=s.menu_id WHERE o.org_id = 9 Group by menu_id ORDER BY nums DESC LIMIT 100 [ RunTime:0.0020s ]
SQL: SELECT SUM(total_money) AS money, h.org_id,h.h_name FROM cloud_hotel h INNER JOIN cloud_order o ON o.h_id = h.id  WHERE h.org_id = 9 GROUP BY o.h_id ORDER BY money DESC LIMIT 1 [ RunTime:0.0010s ]
SQL: SELECT COUNT(s.id) AS nums, o.org_id, o.h_id, s.* ,m.menu_name FROM cloud_order o INNER JOIN cloud_order_sub s ON s.oid = o.id INNER JOIN cloud_cook_menu m ON m.id=s.menu_id WHERE o.org_id = 9 Group by menu_id ORDER BY nums ASC LIMIT 1 [ RunTime:0.0010s ]
SQL: SELECT SUM(total_money) AS money, h.org_id,h.h_name FROM cloud_hotel h INNER JOIN cloud_order o ON o.h_id = h.id  WHERE h.org_id = 9 GROUP BY o.h_id ORDER BY money ASC LIMIT 1 [ RunTime:0.0010s ]
NOTIC: [2048] Declaration of Admin\Model\OrgModel::save() should be compatible with Think\Model::save($data = '', $options = Array) E:\xampp\htdocs\Cloud\App\Admin\Model\OrgModel.class.php 第 79 行.
NOTIC: [2048] Declaration of Admin\Model\OrgModel::delete() should be compatible with Think\Model::delete($options = Array) E:\xampp\htdocs\Cloud\App\Admin\Model\OrgModel.class.php 第 79 行.
SQL: SHOW COLUMNS FROM `cloud_org` [ RunTime:0.0040s ]
SQL: SHOW COLUMNS FROM `cloud_hotel` [ RunTime:0.0030s ]
SQL: SELECT * FROM `cloud_hotel` WHERE ( org_id=9 )  [ RunTime:0.0010s ]
SQL: SHOW COLUMNS FROM `cloud_auth_group_access` [ RunTime:0.0030s ]
SQL: SELECT * FROM `cloud_auth_group_access` WHERE ( uid = 10 ) LIMIT 1   [ RunTime:0.0010s ]
NOTIC: [8] Undefined variable: data E:\xampp\htdocs\Cloud\App\Admin\Controller\IndexController.class.php 第 60 行.

[ 2018-01-17T17:00:17+08:00 ] ::1 /Cloud/index.php/Admin/Admanage/myadlist.html
INFO: [ app_init ] --START--
INFO: Run Behavior\BuildLiteBehavior [ RunTime:0.000000s ]
INFO: [ app_init ] --END-- [ RunTime:0.000000s ]
INFO: [ app_begin ] --START--
INFO: Run Behavior\ReadHtmlCacheBehavior [ RunTime:0.000000s ]
INFO: [ app_begin ] --END-- [ RunTime:0.000000s ]
NOTIC: [8] A session had already been started - ignoring session_start() E:\xampp\htdocs\Cloud\App\Admin\Controller\ComController.class.php 第 119 行.
SQL: SHOW COLUMNS FROM `cloud_member` [ RunTime:0.0030s ]
SQL: SELECT * FROM `cloud_member` WHERE `uid` = 10 LIMIT 1   [ RunTime:0.0010s ]
SQL: SELECT * FROM cloud_auth_group g left join cloud_auth_group_access a on g.id=a.group_id where a.uid=10 [ RunTime:0.0010s ]
SQL: SHOW COLUMNS FROM `cloud_member` [ RunTime:0.0050s ]
SQL: SELECT * FROM `cloud_member` WHERE `uid` = 10 LIMIT 1   [ RunTime:0.0010s ]
SQL: SELECT title FROM cloud_auth_group_access ga LEFT JOIN cloud_auth_group g ON ga.group_id=g.id where uid=10 [ RunTime:0.0000s ]
SQL: SELECT s.id,s.title,s.name,s.tips,s.pid,p.pid as ppid,p.title as ptitle FROM cloud_auth_rule s left join cloud_auth_rule p on p.id=s.pid where s.name='Admanage/myadlist' [ RunTime:0.0000s ]
SQL: SHOW COLUMNS FROM `cloud_auth_rule` [ RunTime:0.0040s ]
SQL: SELECT `id`,`title`,`pid`,`name`,`icon` FROM `cloud_auth_rule` WHERE ( islink=1 AND id in (48,49,50,55,100,105,104)  ) ORDER BY o ASC  [ RunTime:0.0010s ]
SQL: SHOW COLUMNS FROM `cloud_ads` [ RunTime:0.0720s ]
SQL: UPDATE `cloud_ads` SET `is_delete`='1' WHERE `endtime` < '2018-01-17' [ RunTime:0.0320s ]
SQL: UPDATE `cloud_ads` SET `is_delete`='0' WHERE `endtime` > '2018-01-17' [ RunTime:0.0010s ]
SQL: SELECT * FROM `cloud_ads` WHERE ( uid=10 )  [ RunTime:0.0010s ]
NOTIC: [8] Undefined index: ad_hotel E:\xampp\htdocs\Cloud\App\Admin\Controller\AdmanageController.class.php 第 127 行.
INFO: [ view_parse ] --START--
INFO: [ template_filter ] --START--
INFO: Run Behavior\ContentReplaceBehavior [ RunTime:0.000000s ]
INFO: [ template_filter ] --END-- [ RunTime:0.000000s ]
INFO: Run Behavior\ParseTemplateBehavior [ RunTime:0.150008s ]
INFO: [ view_parse ] --END-- [ RunTime:0.150008s ]
INFO: [ view_filter ] --START--
INFO: Run Behavior\WriteHtmlCacheBehavior [ RunTime:0.001001s ]
INFO: [ view_filter ] --END-- [ RunTime:0.001001s ]
INFO: [ app_end ] --START--
INFO: Run Behavior\ShowPageTraceBehavior [ RunTime:0.000000s ]
INFO: [ app_end ] --END-- [ RunTime:0.000000s ]

[ 2018-01-17T17:00:19+08:00 ] ::1 /Cloud/index.php/Admin/Admanage/add.html
INFO: [ app_init ] --START--
INFO: Run Behavior\BuildLiteBehavior [ RunTime:0.000000s ]
INFO: [ app_init ] --END-- [ RunTime:0.000000s ]
INFO: [ app_begin ] --START--
INFO: Run Behavior\ReadHtmlCacheBehavior [ RunTime:0.001000s ]
INFO: [ app_begin ] --END-- [ RunTime:0.001000s ]
NOTIC: [8] A session had already been started - ignoring session_start() E:\xampp\htdocs\Cloud\App\Admin\Controller\ComController.class.php 第 119 行.
SQL: SHOW COLUMNS FROM `cloud_member` [ RunTime:0.0050s ]
SQL: SELECT * FROM `cloud_member` WHERE `uid` = 10 LIMIT 1   [ RunTime:0.0020s ]
SQL: SELECT * FROM cloud_auth_group g left join cloud_auth_group_access a on g.id=a.group_id where a.uid=10 [ RunTime:0.0010s ]
SQL: SHOW COLUMNS FROM `cloud_member` [ RunTime:0.0060s ]
SQL: SELECT * FROM `cloud_member` WHERE `uid` = 10 LIMIT 1   [ RunTime:0.0020s ]
SQL: SELECT title FROM cloud_auth_group_access ga LEFT JOIN cloud_auth_group g ON ga.group_id=g.id where uid=10 [ RunTime:0.0020s ]
SQL: SELECT s.id,s.title,s.name,s.tips,s.pid,p.pid as ppid,p.title as ptitle FROM cloud_auth_rule s left join cloud_auth_rule p on p.id=s.pid where s.name='Admanage/add' [ RunTime:0.0020s ]
SQL: SHOW COLUMNS FROM `cloud_auth_rule` [ RunTime:0.0040s ]
SQL: SELECT `id`,`title`,`pid`,`name`,`icon` FROM `cloud_auth_rule` WHERE ( islink=1 AND id in (48,49,50,55,100,105,104)  ) ORDER BY o ASC  [ RunTime:0.0010s ]
NOTIC: [8] Use of undefined constant uniqid - assumed 'uniqid' E:\xampp\htdocs\Cloud\App\Admin\Controller\AdmanageController.class.php 第 256 行.
SQL: SHOW COLUMNS FROM `cloud_ads_type` [ RunTime:0.0640s ]
SQL: SHOW COLUMNS FROM `cloud_org` [ RunTime:0.0060s ]
SQL: SELECT * FROM `cloud_ads_type`  [ RunTime:0.0020s ]
SQL: SELECT * FROM `cloud_org` WHERE ( id!=0 )  [ RunTime:0.0860s ]
INFO: [ view_parse ] --START--
INFO: [ template_filter ] --START--
INFO: Run Behavior\ContentReplaceBehavior [ RunTime:0.000000s ]
INFO: [ template_filter ] --END-- [ RunTime:0.000000s ]
NOTIC: [8] Undefined index: typename E:\xampp\htdocs\Cloud\App\Runtime\Cache\Admin\9bd46574c58ffeb34d93a834ddb9847e.php 第 452 行.
INFO: Run Behavior\ParseTemplateBehavior [ RunTime:0.060003s ]
INFO: [ view_parse ] --END-- [ RunTime:0.060003s ]
INFO: [ view_filter ] --START--
INFO: Run Behavior\WriteHtmlCacheBehavior [ RunTime:0.001000s ]
INFO: [ view_filter ] --END-- [ RunTime:0.001000s ]
INFO: [ app_end ] --START--
INFO: Run Behavior\ShowPageTraceBehavior [ RunTime:0.000000s ]
INFO: [ app_end ] --END-- [ RunTime:0.000000s ]

[ 2018-01-17T17:00:19+08:00 ] ::1 /Cloud/index.php/Admin/Admanage/getAllOrg
INFO: [ app_init ] --START--
INFO: Run Behavior\BuildLiteBehavior [ RunTime:0.000000s ]
INFO: [ app_init ] --END-- [ RunTime:0.000000s ]
INFO: [ app_begin ] --START--
INFO: Run Behavior\ReadHtmlCacheBehavior [ RunTime:0.000000s ]
INFO: [ app_begin ] --END-- [ RunTime:0.000000s ]
NOTIC: [8] A session had already been started - ignoring session_start() E:\xampp\htdocs\Cloud\App\Admin\Controller\ComController.class.php 第 119 行.
SQL: SHOW COLUMNS FROM `cloud_member` [ RunTime:0.0030s ]
SQL: SELECT * FROM `cloud_member` WHERE `uid` = 10 LIMIT 1   [ RunTime:0.0000s ]
SQL: SELECT * FROM cloud_auth_group g left join cloud_auth_group_access a on g.id=a.group_id where a.uid=10 [ RunTime:0.0010s ]
SQL: SHOW COLUMNS FROM `cloud_member` [ RunTime:0.0030s ]
SQL: SELECT * FROM `cloud_member` WHERE `uid` = 10 LIMIT 1   [ RunTime:0.0000s ]
SQL: SELECT title FROM cloud_auth_group_access ga LEFT JOIN cloud_auth_group g ON ga.group_id=g.id where uid=10 [ RunTime:0.0010s ]
SQL: SELECT s.id,s.title,s.name,s.tips,s.pid,p.pid as ppid,p.title as ptitle FROM cloud_auth_rule s left join cloud_auth_rule p on p.id=s.pid where s.name='Admanage/getAllOrg' [ RunTime:0.0000s ]
NOTIC: [8] Undefined offset: 0 E:\xampp\htdocs\Cloud\App\Admin\Controller\ComController.class.php 第 67 行.
SQL: SHOW COLUMNS FROM `cloud_auth_rule` [ RunTime:0.0030s ]
SQL: SELECT `id`,`title`,`pid`,`name`,`icon` FROM `cloud_auth_rule` WHERE ( islink=1 AND id in (48,49,50,55,100,105,104)  ) ORDER BY o ASC  [ RunTime:0.0020s ]
SQL: SHOW COLUMNS FROM `cloud_org` [ RunTime:0.0030s ]
SQL: SELECT `id`,`org_name` FROM `cloud_org` WHERE ( id>0 )  [ RunTime:0.0000s ]

[ 2018-01-17T17:02:15+08:00 ] ::1 /Cloud/index.php/Admin/Admanage/add.html
INFO: [ app_init ] --START--
INFO: Run Behavior\BuildLiteBehavior [ RunTime:0.000000s ]
INFO: [ app_init ] --END-- [ RunTime:0.000000s ]
INFO: [ app_begin ] --START--
INFO: Run Behavior\ReadHtmlCacheBehavior [ RunTime:0.001000s ]
INFO: [ app_begin ] --END-- [ RunTime:0.001000s ]
NOTIC: [8] A session had already been started - ignoring session_start() E:\xampp\htdocs\Cloud\App\Admin\Controller\ComController.class.php 第 119 行.
SQL: SHOW COLUMNS FROM `cloud_member` [ RunTime:0.0060s ]
SQL: SELECT * FROM `cloud_member` WHERE `uid` = 10 LIMIT 1   [ RunTime:0.0020s ]
SQL: SELECT * FROM cloud_auth_group g left join cloud_auth_group_access a on g.id=a.group_id where a.uid=10 [ RunTime:0.0030s ]
SQL: SHOW COLUMNS FROM `cloud_member` [ RunTime:0.0070s ]
SQL: SELECT * FROM `cloud_member` WHERE `uid` = 10 LIMIT 1   [ RunTime:0.0010s ]
SQL: SELECT title FROM cloud_auth_group_access ga LEFT JOIN cloud_auth_group g ON ga.group_id=g.id where uid=10 [ RunTime:0.0010s ]
SQL: SELECT s.id,s.title,s.name,s.tips,s.pid,p.pid as ppid,p.title as ptitle FROM cloud_auth_rule s left join cloud_auth_rule p on p.id=s.pid where s.name='Admanage/add' [ RunTime:0.0020s ]
SQL: SHOW COLUMNS FROM `cloud_auth_rule` [ RunTime:0.0070s ]
SQL: SELECT `id`,`title`,`pid`,`name`,`icon` FROM `cloud_auth_rule` WHERE ( islink=1 AND id in (48,49,50,55,100,105,104)  ) ORDER BY o ASC  [ RunTime:0.0020s ]
NOTIC: [8] Use of undefined constant uniqid - assumed 'uniqid' E:\xampp\htdocs\Cloud\App\Admin\Controller\AdmanageController.class.php 第 256 行.
SQL: SHOW COLUMNS FROM `cloud_ads_type` [ RunTime:0.0060s ]
SQL: SHOW COLUMNS FROM `cloud_org` [ RunTime:0.0100s ]
SQL: SELECT * FROM `cloud_ads_type`  [ RunTime:0.0010s ]
SQL: SELECT * FROM `cloud_org` WHERE ( id!=0 )  [ RunTime:0.0010s ]
INFO: [ view_parse ] --START--
INFO: [ template_filter ] --START--
INFO: Run Behavior\ContentReplaceBehavior [ RunTime:0.000000s ]
INFO: [ template_filter ] --END-- [ RunTime:0.000000s ]
NOTIC: [8] Undefined index: typename E:\xampp\htdocs\Cloud\App\Runtime\Cache\Admin\9bd46574c58ffeb34d93a834ddb9847e.php 第 452 行.
INFO: Run Behavior\ParseTemplateBehavior [ RunTime:0.048002s ]
INFO: [ view_parse ] --END-- [ RunTime:0.048002s ]
INFO: [ view_filter ] --START--
INFO: Run Behavior\WriteHtmlCacheBehavior [ RunTime:0.001000s ]
INFO: [ view_filter ] --END-- [ RunTime:0.001000s ]
INFO: [ app_end ] --START--
INFO: Run Behavior\ShowPageTraceBehavior [ RunTime:0.004001s ]
INFO: [ app_end ] --END-- [ RunTime:0.004001s ]

[ 2018-01-17T17:02:15+08:00 ] ::1 /Cloud/index.php/Admin/Admanage/getAllOrg
INFO: [ app_init ] --START--
INFO: Run Behavior\BuildLiteBehavior [ RunTime:0.000000s ]
INFO: [ app_init ] --END-- [ RunTime:0.001000s ]
INFO: [ app_begin ] --START--
INFO: Run Behavior\ReadHtmlCacheBehavior [ RunTime:0.001000s ]
INFO: [ app_begin ] --END-- [ RunTime:0.002000s ]
NOTIC: [8] A session had already been started - ignoring session_start() E:\xampp\htdocs\Cloud\App\Admin\Controller\ComController.class.php 第 119 行.
SQL: SHOW COLUMNS FROM `cloud_member` [ RunTime:0.0080s ]
SQL: SELECT * FROM `cloud_member` WHERE `uid` = 10 LIMIT 1   [ RunTime:0.0020s ]
SQL: SELECT * FROM cloud_auth_group g left join cloud_auth_group_access a on g.id=a.group_id where a.uid=10 [ RunTime:0.0030s ]
SQL: SHOW COLUMNS FROM `cloud_member` [ RunTime:0.0050s ]
SQL: SELECT * FROM `cloud_member` WHERE `uid` = 10 LIMIT 1   [ RunTime:0.0020s ]
SQL: SELECT title FROM cloud_auth_group_access ga LEFT JOIN cloud_auth_group g ON ga.group_id=g.id where uid=10 [ RunTime:0.0020s ]
SQL: SELECT s.id,s.title,s.name,s.tips,s.pid,p.pid as ppid,p.title as ptitle FROM cloud_auth_rule s left join cloud_auth_rule p on p.id=s.pid where s.name='Admanage/getAllOrg' [ RunTime:0.0040s ]
NOTIC: [8] Undefined offset: 0 E:\xampp\htdocs\Cloud\App\Admin\Controller\ComController.class.php 第 67 行.
SQL: SHOW COLUMNS FROM `cloud_auth_rule` [ RunTime:0.0050s ]
SQL: SELECT `id`,`title`,`pid`,`name`,`icon` FROM `cloud_auth_rule` WHERE ( islink=1 AND id in (48,49,50,55,100,105,104)  ) ORDER BY o ASC  [ RunTime:0.0050s ]
SQL: SHOW COLUMNS FROM `cloud_org` [ RunTime:0.0050s ]
SQL: SELECT `id`,`org_name` FROM `cloud_org` WHERE ( id>0 )  [ RunTime:0.0020s ]

[ 2018-01-17T17:02:33+08:00 ] ::1 /Cloud/index.php/Admin/Admanage/add.html
INFO: [ app_init ] --START--
INFO: Run Behavior\BuildLiteBehavior [ RunTime:0.000000s ]
INFO: [ app_init ] --END-- [ RunTime:0.001000s ]
INFO: [ app_begin ] --START--
INFO: Run Behavior\ReadHtmlCacheBehavior [ RunTime:0.001000s ]
INFO: [ app_begin ] --END-- [ RunTime:0.001000s ]
NOTIC: [8] A session had already been started - ignoring session_start() E:\xampp\htdocs\Cloud\App\Admin\Controller\ComController.class.php 第 119 行.
SQL: SHOW COLUMNS FROM `cloud_member` [ RunTime:0.0030s ]
SQL: SELECT * FROM `cloud_member` WHERE `uid` = 10 LIMIT 1   [ RunTime:0.0000s ]
SQL: SELECT * FROM cloud_auth_group g left join cloud_auth_group_access a on g.id=a.group_id where a.uid=10 [ RunTime:0.0000s ]
SQL: SHOW COLUMNS FROM `cloud_member` [ RunTime:0.0040s ]
SQL: SELECT * FROM `cloud_member` WHERE `uid` = 10 LIMIT 1   [ RunTime:0.0020s ]
SQL: SELECT title FROM cloud_auth_group_access ga LEFT JOIN cloud_auth_group g ON ga.group_id=g.id where uid=10 [ RunTime:0.0010s ]
SQL: SELECT s.id,s.title,s.name,s.tips,s.pid,p.pid as ppid,p.title as ptitle FROM cloud_auth_rule s left join cloud_auth_rule p on p.id=s.pid where s.name='Admanage/add' [ RunTime:0.0020s ]
SQL: SHOW COLUMNS FROM `cloud_auth_rule` [ RunTime:0.0040s ]
SQL: SELECT `id`,`title`,`pid`,`name`,`icon` FROM `cloud_auth_rule` WHERE ( islink=1 AND id in (48,49,50,55,100,105,104)  ) ORDER BY o ASC  [ RunTime:0.0010s ]
NOTIC: [8] Use of undefined constant uniqid - assumed 'uniqid' E:\xampp\htdocs\Cloud\App\Admin\Controller\AdmanageController.class.php 第 256 行.
SQL: SHOW COLUMNS FROM `cloud_ads_type` [ RunTime:0.0040s ]
SQL: SHOW COLUMNS FROM `cloud_org` [ RunTime:0.0080s ]
SQL: SELECT * FROM `cloud_ads_type`  [ RunTime:0.0010s ]
SQL: SELECT * FROM `cloud_org` WHERE ( id!=0 )  [ RunTime:0.0000s ]
INFO: [ view_parse ] --START--
INFO: [ template_filter ] --START--
INFO: Run Behavior\ContentReplaceBehavior [ RunTime:0.000000s ]
INFO: [ template_filter ] --END-- [ RunTime:0.000000s ]
NOTIC: [8] Undefined index: typename E:\xampp\htdocs\Cloud\App\Runtime\Cache\Admin\9bd46574c58ffeb34d93a834ddb9847e.php 第 452 行.
INFO: Run Behavior\ParseTemplateBehavior [ RunTime:0.025001s ]
INFO: [ view_parse ] --END-- [ RunTime:0.025001s ]
INFO: [ view_filter ] --START--
INFO: Run Behavior\WriteHtmlCacheBehavior [ RunTime:0.001000s ]
INFO: [ view_filter ] --END-- [ RunTime:0.001000s ]
INFO: [ app_end ] --START--
INFO: Run Behavior\ShowPageTraceBehavior [ RunTime:0.001000s ]
INFO: [ app_end ] --END-- [ RunTime:0.001000s ]

[ 2018-01-17T17:02:33+08:00 ] ::1 /Cloud/index.php/Admin/Admanage/getAllOrg
INFO: [ app_init ] --START--
INFO: Run Behavior\BuildLiteBehavior [ RunTime:0.000000s ]
INFO: [ app_init ] --END-- [ RunTime:0.001000s ]
INFO: [ app_begin ] --START--
INFO: Run Behavior\ReadHtmlCacheBehavior [ RunTime:0.001000s ]
INFO: [ app_begin ] --END-- [ RunTime:0.001000s ]
NOTIC: [8] A session had already been started - ignoring session_start() E:\xampp\htdocs\Cloud\App\Admin\Controller\ComController.class.php 第 119 行.
SQL: SHOW COLUMNS FROM `cloud_member` [ RunTime:0.0110s ]
SQL: SELECT * FROM `cloud_member` WHERE `uid` = 10 LIMIT 1   [ RunTime:0.0010s ]
SQL: SELECT * FROM cloud_auth_group g left join cloud_auth_group_access a on g.id=a.group_id where a.uid=10 [ RunTime:0.0010s ]
SQL: SHOW COLUMNS FROM `cloud_member` [ RunTime:0.0070s ]
SQL: SELECT * FROM `cloud_member` WHERE `uid` = 10 LIMIT 1   [ RunTime:0.0030s ]
SQL: SELECT title FROM cloud_auth_group_access ga LEFT JOIN cloud_auth_group g ON ga.group_id=g.id where uid=10 [ RunTime:0.0010s ]
SQL: SELECT s.id,s.title,s.name,s.tips,s.pid,p.pid as ppid,p.title as ptitle FROM cloud_auth_rule s left join cloud_auth_rule p on p.id=s.pid where s.name='Admanage/getAllOrg' [ RunTime:0.0010s ]
NOTIC: [8] Undefined offset: 0 E:\xampp\htdocs\Cloud\App\Admin\Controller\ComController.class.php 第 67 行.
SQL: SHOW COLUMNS FROM `cloud_auth_rule` [ RunTime:0.0040s ]
SQL: SELECT `id`,`title`,`pid`,`name`,`icon` FROM `cloud_auth_rule` WHERE ( islink=1 AND id in (48,49,50,55,100,105,104)  ) ORDER BY o ASC  [ RunTime:0.0010s ]
SQL: SHOW COLUMNS FROM `cloud_org` [ RunTime:0.0070s ]
SQL: SELECT `id`,`org_name` FROM `cloud_org` WHERE ( id>0 )  [ RunTime:0.0010s ]

[ 2018-01-17T17:02:41+08:00 ] ::1 /Cloud/index.php/Admin/Admanage/add?adnum=&adname=&starttime=&endtime=&adtext=&adremark=&file=2.png&adhref=&adtitle=&adtype=1&introduction=&activity=&orgChooseBtn=%E5%85%A8%E9%83%A8%E8%BF%9E%E9%94%81%E6%9C%BA%E6%9E%84&province=%E5%85%A8%E5%9B%BD&city=%E6%89%80%E6%9C%89%E7%9C%81%E5%B8%82&area=%E5%85%A8%E9%83%A8%E5%9C%B0%E5%8C%BA&storeOrgId=2%2C3%2C6%2C7%2C8%2C9%2C10%2C11%2C12&storeHotelId=&is_submit=0&phone=
INFO: [ app_init ] --START--
INFO: Run Behavior\BuildLiteBehavior [ RunTime:0.000000s ]
INFO: [ app_init ] --END-- [ RunTime:0.000000s ]
INFO: [ app_begin ] --START--
INFO: Run Behavior\ReadHtmlCacheBehavior [ RunTime:0.001000s ]
INFO: [ app_begin ] --END-- [ RunTime:0.001000s ]
NOTIC: [8] A session had already been started - ignoring session_start() E:\xampp\htdocs\Cloud\App\Admin\Controller\ComController.class.php 第 119 行.
SQL: SHOW COLUMNS FROM `cloud_member` [ RunTime:0.0040s ]
SQL: SELECT * FROM `cloud_member` WHERE `uid` = 10 LIMIT 1   [ RunTime:0.0020s ]
SQL: SELECT * FROM cloud_auth_group g left join cloud_auth_group_access a on g.id=a.group_id where a.uid=10 [ RunTime:0.0010s ]
SQL: SHOW COLUMNS FROM `cloud_member` [ RunTime:0.0050s ]
SQL: SELECT * FROM `cloud_member` WHERE `uid` = 10 LIMIT 1   [ RunTime:0.0020s ]
SQL: SELECT title FROM cloud_auth_group_access ga LEFT JOIN cloud_auth_group g ON ga.group_id=g.id where uid=10 [ RunTime:0.0000s ]
SQL: SELECT s.id,s.title,s.name,s.tips,s.pid,p.pid as ppid,p.title as ptitle FROM cloud_auth_rule s left join cloud_auth_rule p on p.id=s.pid where s.name='Admanage/add' [ RunTime:0.0000s ]
SQL: SHOW COLUMNS FROM `cloud_auth_rule` [ RunTime:0.0040s ]
SQL: SELECT `id`,`title`,`pid`,`name`,`icon` FROM `cloud_auth_rule` WHERE ( islink=1 AND id in (48,49,50,55,100,105,104)  ) ORDER BY o ASC  [ RunTime:0.0020s ]
NOTIC: [8] Use of undefined constant uniqid - assumed 'uniqid' E:\xampp\htdocs\Cloud\App\Admin\Controller\AdmanageController.class.php 第 256 行.
SQL: SHOW COLUMNS FROM `cloud_ads_type` [ RunTime:0.0050s ]
SQL: SHOW COLUMNS FROM `cloud_org` [ RunTime:0.0040s ]
SQL: SELECT * FROM `cloud_ads_type`  [ RunTime:0.0010s ]
SQL: SELECT * FROM `cloud_org` WHERE ( id!=0 )  [ RunTime:0.0010s ]
INFO: [ view_parse ] --START--
INFO: [ template_filter ] --START--
INFO: Run Behavior\ContentReplaceBehavior [ RunTime:0.001000s ]
INFO: [ template_filter ] --END-- [ RunTime:0.001000s ]
NOTIC: [8] Undefined index: typename E:\xampp\htdocs\Cloud\App\Runtime\Cache\Admin\9bd46574c58ffeb34d93a834ddb9847e.php 第 452 行.
INFO: Run Behavior\ParseTemplateBehavior [ RunTime:0.027002s ]
INFO: [ view_parse ] --END-- [ RunTime:0.027002s ]
INFO: [ view_filter ] --START--
INFO: Run Behavior\WriteHtmlCacheBehavior [ RunTime:0.001000s ]
INFO: [ view_filter ] --END-- [ RunTime:0.001000s ]
INFO: [ app_end ] --START--
INFO: Run Behavior\ShowPageTraceBehavior [ RunTime:0.001000s ]
INFO: [ app_end ] --END-- [ RunTime:0.002000s ]

[ 2018-01-17T17:02:41+08:00 ] ::1 /Cloud/index.php/Admin/Admanage/getAllOrg
INFO: [ app_init ] --START--
INFO: Run Behavior\BuildLiteBehavior [ RunTime:0.000000s ]
INFO: [ app_init ] --END-- [ RunTime:0.000000s ]
INFO: [ app_begin ] --START--
INFO: Run Behavior\ReadHtmlCacheBehavior [ RunTime:0.002000s ]
INFO: [ app_begin ] --END-- [ RunTime:0.002000s ]
NOTIC: [8] A session had already been started - ignoring session_start() E:\xampp\htdocs\Cloud\App\Admin\Controller\ComController.class.php 第 119 行.
SQL: SHOW COLUMNS FROM `cloud_member` [ RunTime:0.0040s ]
SQL: SELECT * FROM `cloud_member` WHERE `uid` = 10 LIMIT 1   [ RunTime:0.0000s ]
SQL: SELECT * FROM cloud_auth_group g left join cloud_auth_group_access a on g.id=a.group_id where a.uid=10 [ RunTime:0.0000s ]
SQL: SHOW COLUMNS FROM `cloud_member` [ RunTime:0.0030s ]
SQL: SELECT * FROM `cloud_member` WHERE `uid` = 10 LIMIT 1   [ RunTime:0.0000s ]
SQL: SELECT title FROM cloud_auth_group_access ga LEFT JOIN cloud_auth_group g ON ga.group_id=g.id where uid=10 [ RunTime:0.0000s ]
SQL: SELECT s.id,s.title,s.name,s.tips,s.pid,p.pid as ppid,p.title as ptitle FROM cloud_auth_rule s left join cloud_auth_rule p on p.id=s.pid where s.name='Admanage/getAllOrg' [ RunTime:0.0010s ]
NOTIC: [8] Undefined offset: 0 E:\xampp\htdocs\Cloud\App\Admin\Controller\ComController.class.php 第 67 行.
SQL: SHOW COLUMNS FROM `cloud_auth_rule` [ RunTime:0.0030s ]
SQL: SELECT `id`,`title`,`pid`,`name`,`icon` FROM `cloud_auth_rule` WHERE ( islink=1 AND id in (48,49,50,55,100,105,104)  ) ORDER BY o ASC  [ RunTime:0.0010s ]
SQL: SHOW COLUMNS FROM `cloud_org` [ RunTime:0.0030s ]
SQL: SELECT `id`,`org_name` FROM `cloud_org` WHERE ( id>0 )  [ RunTime:0.0000s ]

