[ 2018-01-03T16:21:42+08:00 ] ::1 /cloud/index.php/Admin/login/index.html
INFO: [ app_init ] --START--
INFO: Run Behavior\BuildLiteBehavior [ RunTime:0.000014s ]
INFO: [ app_init ] --END-- [ RunTime:0.000727s ]
INFO: [ app_begin ] --START--
INFO: Run Behavior\ReadHtmlCacheBehavior [ RunTime:0.001985s ]
INFO: [ app_begin ] --END-- [ RunTime:0.002089s ]
NOTIC: [8] A session had already been started - ignoring session_start() D:\xampp\htdocs\Cloud\App\Admin\Controller\ComController.class.php 第 119 行.
INFO: [ view_parse ] --START--
INFO: [ template_filter ] --START--
INFO: Run Behavior\ContentReplaceBehavior [ RunTime:0.000065s ]
INFO: [ template_filter ] --END-- [ RunTime:0.000117s ]
NOTIC: [8] Undefined variable: current D:\xampp\htdocs\Cloud\App\Runtime\Cache\Admin\f0f0edaa955fd2857dedea53d1ab9ca3.php 第 7 行.
INFO: Run Behavior\ParseTemplateBehavior [ RunTime:0.065004s ]
INFO: [ view_parse ] --END-- [ RunTime:0.065105s ]
INFO: [ view_filter ] --START--
INFO: Run Behavior\WriteHtmlCacheBehavior [ RunTime:0.001081s ]
INFO: [ view_filter ] --END-- [ RunTime:0.001133s ]
INFO: [ app_end ] --START--
INFO: Run Behavior\ShowPageTraceBehavior [ RunTime:0.002832s ]
INFO: [ app_end ] --END-- [ RunTime:0.002908s ]

[ 2018-01-03T16:21:43+08:00 ] ::1 /cloud/index.php/Admin/login/verify.html
INFO: [ app_init ] --START--
INFO: Run Behavior\BuildLiteBehavior [ RunTime:0.000014s ]
INFO: [ app_init ] --END-- [ RunTime:0.000507s ]
INFO: [ app_begin ] --START--
INFO: Run Behavior\ReadHtmlCacheBehavior [ RunTime:0.000799s ]
INFO: [ app_begin ] --END-- [ RunTime:0.000859s ]
INFO: [ app_end ] --START--
INFO: Run Behavior\ShowPageTraceBehavior [ RunTime:0.001020s ]
INFO: [ app_end ] --END-- [ RunTime:0.001100s ]

[ 2018-01-03T16:21:48+08:00 ] ::1 /cloud/index.php/Admin/login/login.html
INFO: [ app_init ] --START--
INFO: Run Behavior\BuildLiteBehavior [ RunTime:0.000017s ]
INFO: [ app_init ] --END-- [ RunTime:0.000738s ]
INFO: [ app_begin ] --START--
INFO: Run Behavior\ReadHtmlCacheBehavior [ RunTime:0.013333s ]
INFO: [ app_begin ] --END-- [ RunTime:0.013411s ]
SQL: SHOW COLUMNS FROM `cloud_member` [ RunTime:0.0150s ]
SQL: SELECT `uid`,`user`,`org_id`,`h_id` FROM `cloud_member` WHERE `user` = 'admin' AND `password` = '66d6a1c8748025462128dc75bf5ae8d1' LIMIT 1   [ RunTime:0.0006s ]
NOTIC: [8] A session had already been started - ignoring session_start() D:\xampp\htdocs\Cloud\App\Admin\Controller\LoginController.class.php 第 51 行.
SQL: SHOW COLUMNS FROM `cloud_log` [ RunTime:0.0255s ]
NOTIC: [8] A session had already been started - ignoring session_start() D:\xampp\htdocs\Cloud\App\Admin\Common\function.php 第 12 行.
SQL: SHOW COLUMNS FROM `cloud_member` [ RunTime:0.0038s ]
SQL: SELECT `user` FROM `cloud_member` WHERE `uid` = 1 LIMIT 1   [ RunTime:0.0005s ]
SQL: INSERT INTO `cloud_log` (`name`,`t`,`ip`,`log`) VALUES ('admin','1514967708','::1','登录成功。') [ RunTime:0.0004s ]

[ 2018-01-03T16:21:48+08:00 ] ::1 /cloud/index.php/Admin/index/index.html
INFO: [ app_init ] --START--
INFO: Run Behavior\BuildLiteBehavior [ RunTime:0.000025s ]
INFO: [ app_init ] --END-- [ RunTime:0.000777s ]
INFO: [ app_begin ] --START--
INFO: Run Behavior\ReadHtmlCacheBehavior [ RunTime:0.000749s ]
INFO: [ app_begin ] --END-- [ RunTime:0.000808s ]
NOTIC: [8] A session had already been started - ignoring session_start() D:\xampp\htdocs\Cloud\App\Admin\Controller\ComController.class.php 第 119 行.
SQL: SHOW COLUMNS FROM `cloud_member` [ RunTime:0.0042s ]
SQL: SELECT * FROM `cloud_member` WHERE `uid` = 1 LIMIT 1   [ RunTime:0.0006s ]
SQL: SELECT * FROM cloud_auth_group g left join cloud_auth_group_access a on g.id=a.group_id where a.uid=1 [ RunTime:0.0169s ]
SQL: SHOW COLUMNS FROM `cloud_member` [ RunTime:0.0033s ]
SQL: SELECT * FROM `cloud_member` WHERE `uid` = 1 LIMIT 1   [ RunTime:0.0004s ]
SQL: SELECT title FROM cloud_auth_group_access ga LEFT JOIN cloud_auth_group g ON ga.group_id=g.id where uid=1 [ RunTime:0.0003s ]
SQL: SELECT s.id,s.title,s.name,s.tips,s.pid,p.pid as ppid,p.title as ptitle FROM cloud_auth_rule s left join cloud_auth_rule p on p.id=s.pid where s.name='Index/index' [ RunTime:0.0135s ]
SQL: SHOW COLUMNS FROM `cloud_auth_rule` [ RunTime:0.0031s ]
SQL: SELECT `id`,`title`,`pid`,`name`,`icon` FROM `cloud_auth_rule` WHERE ( islink=1 AND id in (1,2,3,4,5,7,8,9,11,12,13,14,15,16,17,18,19,20,21,22,23,58,68,69,70,97,98,99,101,102,103,104,105,108)  ) ORDER BY o ASC  [ RunTime:0.0007s ]
SQL: SELECT SUM(s.num) AS nums, o.org_id, o.h_id, s.*, m.menu_name FROM cloud_order o INNER JOIN cloud_order_sub s ON s.oid = o.id INNER JOIN cloud_cook_menu m ON m.id=s.menu_id WHERE o.org_id = 0 Group by menu_id ORDER BY nums DESC [ RunTime:0.0561s ]
SQL: SELECT SUM(nums) nums FROM(SELECT SUM(s.num) AS nums, o.org_id, o.h_id, s.*, m.menu_name FROM cloud_order o INNER JOIN cloud_order_sub s ON s.oid = o.id INNER JOIN cloud_cook_menu m ON m.id=s.menu_id WHERE o.org_id = 0 Group by menu_id ORDER BY nums DESC LIMIT 5,0) AS A [ RunTime:0.0008s ]
NOTIC: [2] Missing argument 1 for Admin\Model\StatisModel::getTotalByMonthByOrg(), called in D:\xampp\htdocs\Cloud\App\Admin\Controller\IndexController.class.php on line 20 and defined D:\xampp\htdocs\Cloud\App\Admin\Model\StatisModel.class.php 第 71 行.
NOTIC: [8] Undefined variable: year D:\xampp\htdocs\Cloud\App\Admin\Model\StatisModel.class.php 第 72 行.
SQL: SELECT IFNULL(h_name,'合计') AS h_name,
      SUM(IF(year='201801',count,0)) AS month01,
      SUM(IF(year='201802',count,0)) AS month02,
      SUM(IF(year='201803',count,0)) AS month03,
      SUM(IF(year='201804',count,0)) AS month04,
      SUM(IF(year='201805',count,0)) AS month05,
      SUM(IF(year='201806',count,0)) AS month06,
      SUM(IF(year='201807',count,0)) AS month07,
      SUM(IF(year='201808',count,0)) AS month08,
      SUM(IF(year='201809',count,0)) AS month09,
      SUM(IF(year='201810',count,0)) AS month10,
      SUM(IF(year='{November}',count,0)) AS month11,
      SUM(IF(year='201812',count,0)) AS month12,
      SUM(IF(year='total',count,0)) AS total
      FROM(
          SELECT h_name,IFNULL(year,'total') AS year,SUM(count) AS count
          FROM(
            SELECT h_name,FROM_UNIXTIME(order_time,'%Y%m')as year,SUM(o.total_money) count
            FROM cloud_order o
            JOIN cloud_hotel h ON h.id = o.h_id
            WHERE FROM_UNIXTIME(order_time,'%Y') = 2018
            GROUP BY h_name,year
            ) AS A
          GROUP BY h_name,year
          WITH ROLLUP
          HAVING h_name IS NOT NULL
            )AS B
      GROUP BY h_name
      WITH ROLLUP [ RunTime:0.0007s ]
SQL: SELECT SUM(s.num) AS nums, o.org_id, o.h_id, s.*, m.menu_name FROM cloud_order o INNER JOIN cloud_order_sub s ON s.oid = o.id INNER JOIN cloud_cook_menu m ON m.id=s.menu_id WHERE o.org_id = 0 Group by menu_id ORDER BY nums DESC LIMIT 100 [ RunTime:0.0006s ]
SQL: SELECT SUM(total_money) AS money, h.org_id,h.h_name FROM cloud_hotel h INNER JOIN cloud_order o ON o.h_id = h.id  WHERE h.org_id = 0 GROUP BY o.h_id ORDER BY money DESC LIMIT 1 [ RunTime:0.0006s ]
SQL: SELECT COUNT(s.id) AS nums, o.org_id, o.h_id, s.* ,m.menu_name FROM cloud_order o INNER JOIN cloud_order_sub s ON s.oid = o.id INNER JOIN cloud_cook_menu m ON m.id=s.menu_id WHERE o.org_id = 0 Group by menu_id ORDER BY nums ASC LIMIT 1 [ RunTime:0.0007s ]
SQL: SELECT SUM(total_money) AS money, h.org_id,h.h_name FROM cloud_hotel h INNER JOIN cloud_order o ON o.h_id = h.id  WHERE h.org_id = 0 GROUP BY o.h_id ORDER BY money ASC LIMIT 1 [ RunTime:0.0004s ]
NOTIC: [2048] Declaration of Admin\Model\OrgModel::save() should be compatible with Think\Model::save($data = '', $options = Array) D:\xampp\htdocs\Cloud\App\Admin\Model\OrgModel.class.php 第 79 行.
NOTIC: [2048] Declaration of Admin\Model\OrgModel::delete() should be compatible with Think\Model::delete($options = Array) D:\xampp\htdocs\Cloud\App\Admin\Model\OrgModel.class.php 第 79 行.
SQL: SHOW COLUMNS FROM `cloud_org` [ RunTime:0.0032s ]
SQL: SHOW COLUMNS FROM `cloud_hotel` [ RunTime:0.0030s ]
SQL: SELECT * FROM `cloud_hotel` WHERE ( org_id=0 )  [ RunTime:0.0003s ]
SQL: SHOW COLUMNS FROM `cloud_auth_group_access` [ RunTime:0.0039s ]
SQL: SELECT * FROM `cloud_auth_group_access` WHERE ( uid = 1 ) LIMIT 1   [ RunTime:0.0004s ]
NOTIC: [8] Undefined variable: data D:\xampp\htdocs\Cloud\App\Admin\Controller\IndexController.class.php 第 55 行.
INFO: [ view_parse ] --START--
INFO: [ template_filter ] --START--
INFO: Run Behavior\ContentReplaceBehavior [ RunTime:0.000165s ]
INFO: [ template_filter ] --END-- [ RunTime:0.000220s ]
NOTIC: [8] Undefined variable: mysql D:\xampp\htdocs\Cloud\App\Runtime\Cache\Admin\f2e2f05010f1886c29d5afc0de6be789.php 第 414 行.
NOTIC: [8] Undefined variable: list D:\xampp\htdocs\Cloud\App\Runtime\Cache\Admin\f2e2f05010f1886c29d5afc0de6be789.php 第 507 行.
NOTIC: [8] Undefined variable: page D:\xampp\htdocs\Cloud\App\Runtime\Cache\Admin\f2e2f05010f1886c29d5afc0de6be789.php 第 516 行.
INFO: Run Behavior\ParseTemplateBehavior [ RunTime:0.116702s ]
INFO: [ view_parse ] --END-- [ RunTime:0.116768s ]
INFO: [ view_filter ] --START--
INFO: Run Behavior\WriteHtmlCacheBehavior [ RunTime:0.015831s ]
INFO: [ view_filter ] --END-- [ RunTime:0.015892s ]

[ 2018-01-03T16:21:53+08:00 ] ::1 /cloud/index.php/Admin/Admanage/typemana.html
INFO: [ app_init ] --START--
INFO: Run Behavior\BuildLiteBehavior [ RunTime:0.000015s ]
INFO: [ app_init ] --END-- [ RunTime:0.001040s ]
INFO: [ app_begin ] --START--
INFO: Run Behavior\ReadHtmlCacheBehavior [ RunTime:0.013781s ]
INFO: [ app_begin ] --END-- [ RunTime:0.013857s ]

[ 2018-01-03T16:22:41+08:00 ] ::1 /cloud/index.php/Admin/Admanage/addtype.html
INFO: [ app_init ] --START--
INFO: Run Behavior\BuildLiteBehavior [ RunTime:0.000015s ]
INFO: [ app_init ] --END-- [ RunTime:0.000624s ]
INFO: [ app_begin ] --START--
INFO: Run Behavior\ReadHtmlCacheBehavior [ RunTime:0.000863s ]
INFO: [ app_begin ] --END-- [ RunTime:0.000933s ]

[ 2018-01-03T16:22:58+08:00 ] ::1 /cloud/index.php/Admin/Admanage/addtype.html
INFO: [ app_init ] --START--
INFO: Run Behavior\BuildLiteBehavior [ RunTime:0.000016s ]
INFO: [ app_init ] --END-- [ RunTime:0.000681s ]
INFO: [ app_begin ] --START--
INFO: Run Behavior\ReadHtmlCacheBehavior [ RunTime:0.000802s ]
INFO: [ app_begin ] --END-- [ RunTime:0.000876s ]

[ 2018-01-03T16:23:26+08:00 ] ::1 /cloud/index.php/Admin/Admanage/addtype.html
INFO: [ app_init ] --START--
INFO: Run Behavior\BuildLiteBehavior [ RunTime:0.000021s ]
INFO: [ app_init ] --END-- [ RunTime:0.000638s ]
INFO: [ app_begin ] --START--
INFO: Run Behavior\ReadHtmlCacheBehavior [ RunTime:0.001295s ]
INFO: [ app_begin ] --END-- [ RunTime:0.001405s ]
NOTIC: [8] A session had already been started - ignoring session_start() D:\xampp\htdocs\Cloud\App\Admin\Controller\ComController.class.php 第 119 行.
SQL: SHOW COLUMNS FROM `cloud_member` [ RunTime:0.0040s ]
SQL: SELECT * FROM `cloud_member` WHERE `uid` = 1 LIMIT 1   [ RunTime:0.0005s ]
SQL: SELECT * FROM cloud_auth_group g left join cloud_auth_group_access a on g.id=a.group_id where a.uid=1 [ RunTime:0.0005s ]
SQL: SHOW COLUMNS FROM `cloud_member` [ RunTime:0.0057s ]
SQL: SELECT * FROM `cloud_member` WHERE `uid` = 1 LIMIT 1   [ RunTime:0.0005s ]
SQL: SELECT title FROM cloud_auth_group_access ga LEFT JOIN cloud_auth_group g ON ga.group_id=g.id where uid=1 [ RunTime:0.0004s ]
SQL: SELECT s.id,s.title,s.name,s.tips,s.pid,p.pid as ppid,p.title as ptitle FROM cloud_auth_rule s left join cloud_auth_rule p on p.id=s.pid where s.name='Admanage/addtype' [ RunTime:0.0005s ]
SQL: SHOW COLUMNS FROM `cloud_auth_rule` [ RunTime:0.0038s ]
SQL: SELECT `id`,`title`,`pid`,`name`,`icon` FROM `cloud_auth_rule` WHERE ( islink=1 AND id in (1,2,3,4,5,7,8,9,11,12,13,14,15,16,17,18,19,20,21,22,23,58,68,69,70,97,98,99,101,102,103,104,105,108)  ) ORDER BY o ASC  [ RunTime:0.0009s ]
INFO: [ view_parse ] --START--
INFO: [ template_filter ] --START--
INFO: Run Behavior\ContentReplaceBehavior [ RunTime:0.000221s ]
INFO: [ template_filter ] --END-- [ RunTime:0.000325s ]
INFO: Run Behavior\ParseTemplateBehavior [ RunTime:0.121172s ]
INFO: [ view_parse ] --END-- [ RunTime:0.121397s ]
INFO: [ view_filter ] --START--
INFO: Run Behavior\WriteHtmlCacheBehavior [ RunTime:0.012308s ]
INFO: [ view_filter ] --END-- [ RunTime:0.012394s ]
INFO: [ app_end ] --START--
INFO: Run Behavior\ShowPageTraceBehavior [ RunTime:0.003828s ]
INFO: [ app_end ] --END-- [ RunTime:0.003926s ]

[ 2018-01-03T16:23:35+08:00 ] ::1 /cloud/index.php/Admin/Admanage/typemana.html
INFO: [ app_init ] --START--
INFO: Run Behavior\BuildLiteBehavior [ RunTime:0.000024s ]
INFO: [ app_init ] --END-- [ RunTime:0.000656s ]
INFO: [ app_begin ] --START--
INFO: Run Behavior\ReadHtmlCacheBehavior [ RunTime:0.001170s ]
INFO: [ app_begin ] --END-- [ RunTime:0.001263s ]

[ 2018-01-03T16:23:45+08:00 ] ::1 /cloud/index.php/Admin/Admanage/typemana.html
INFO: [ app_init ] --START--
INFO: Run Behavior\BuildLiteBehavior [ RunTime:0.000018s ]
INFO: [ app_init ] --END-- [ RunTime:0.000722s ]
INFO: [ app_begin ] --START--
INFO: Run Behavior\ReadHtmlCacheBehavior [ RunTime:0.001245s ]
INFO: [ app_begin ] --END-- [ RunTime:0.001344s ]

[ 2018-01-03T16:23:48+08:00 ] ::1 /cloud/index.php/Admin/Admanage/adlist.html
INFO: [ app_init ] --START--
INFO: Run Behavior\BuildLiteBehavior [ RunTime:0.000013s ]
INFO: [ app_init ] --END-- [ RunTime:0.000484s ]
INFO: [ app_begin ] --START--
INFO: Run Behavior\ReadHtmlCacheBehavior [ RunTime:0.000949s ]
INFO: [ app_begin ] --END-- [ RunTime:0.001019s ]

[ 2018-01-03T16:24:18+08:00 ] ::1 /cloud/index.php/Admin/Admanage/getMatchedHotle
INFO: [ app_init ] --START--
INFO: Run Behavior\BuildLiteBehavior [ RunTime:0.000024s ]
INFO: [ app_init ] --END-- [ RunTime:0.002399s ]
INFO: [ app_begin ] --START--
INFO: Run Behavior\ReadHtmlCacheBehavior [ RunTime:0.000812s ]
INFO: [ app_begin ] --END-- [ RunTime:0.000872s ]
NOTIC: [8] A session had already been started - ignoring session_start() D:\xampp\htdocs\Cloud\App\Admin\Controller\ComController.class.php 第 119 行.
SQL: SHOW COLUMNS FROM `cloud_member` [ RunTime:0.0166s ]
SQL: SELECT * FROM `cloud_member` WHERE `uid` = 1 LIMIT 1   [ RunTime:0.0004s ]
SQL: SELECT * FROM cloud_auth_group g left join cloud_auth_group_access a on g.id=a.group_id where a.uid=1 [ RunTime:0.0004s ]
SQL: SHOW COLUMNS FROM `cloud_member` [ RunTime:0.0339s ]
SQL: SELECT * FROM `cloud_member` WHERE `uid` = 1 LIMIT 1   [ RunTime:0.0004s ]
SQL: SELECT title FROM cloud_auth_group_access ga LEFT JOIN cloud_auth_group g ON ga.group_id=g.id where uid=1 [ RunTime:0.0003s ]
SQL: SELECT s.id,s.title,s.name,s.tips,s.pid,p.pid as ppid,p.title as ptitle FROM cloud_auth_rule s left join cloud_auth_rule p on p.id=s.pid where s.name='Admanage/getMatchedHotle' [ RunTime:0.0004s ]
NOTIC: [8] Undefined offset: 0 D:\xampp\htdocs\Cloud\App\Admin\Controller\ComController.class.php 第 67 行.
SQL: SHOW COLUMNS FROM `cloud_auth_rule` [ RunTime:0.0158s ]
SQL: SELECT `id`,`title`,`pid`,`name`,`icon` FROM `cloud_auth_rule` WHERE ( islink=1 AND id in (1,2,3,4,5,7,8,9,11,12,13,14,15,16,17,18,19,20,21,22,23,58,68,69,70,97,98,99,101,102,103,104,105,108)  ) ORDER BY o ASC  [ RunTime:0.0007s ]
SQL: SHOW COLUMNS FROM `cloud_hotel` [ RunTime:0.0052s ]
NOTIC: [2] Invalid argument supplied for foreach() D:\xampp\htdocs\Cloud\ThinkPHP\Library\Think\Db\Driver.class.php 第 493 行.
SQL: SELECT `id`,`h_name` FROM `cloud_hotel`  [ RunTime:0.0005s ]

[ 2018-01-03T16:25:44+08:00 ] ::1 /cloud/index.php/Admin/Admanage/getMatchedHotle
INFO: [ app_init ] --START--
INFO: Run Behavior\BuildLiteBehavior [ RunTime:0.000014s ]
INFO: [ app_init ] --END-- [ RunTime:0.000513s ]
INFO: [ app_begin ] --START--
INFO: Run Behavior\ReadHtmlCacheBehavior [ RunTime:0.002276s ]
INFO: [ app_begin ] --END-- [ RunTime:0.002439s ]
NOTIC: [8] A session had already been started - ignoring session_start() D:\xampp\htdocs\Cloud\App\Admin\Controller\ComController.class.php 第 119 行.
SQL: SHOW COLUMNS FROM `cloud_member` [ RunTime:0.0046s ]
SQL: SELECT * FROM `cloud_member` WHERE `uid` = 1 LIMIT 1   [ RunTime:0.0005s ]
SQL: SELECT * FROM cloud_auth_group g left join cloud_auth_group_access a on g.id=a.group_id where a.uid=1 [ RunTime:0.0004s ]
SQL: SHOW COLUMNS FROM `cloud_member` [ RunTime:0.0035s ]
SQL: SELECT * FROM `cloud_member` WHERE `uid` = 1 LIMIT 1   [ RunTime:0.0004s ]
SQL: SELECT title FROM cloud_auth_group_access ga LEFT JOIN cloud_auth_group g ON ga.group_id=g.id where uid=1 [ RunTime:0.0003s ]
SQL: SELECT s.id,s.title,s.name,s.tips,s.pid,p.pid as ppid,p.title as ptitle FROM cloud_auth_rule s left join cloud_auth_rule p on p.id=s.pid where s.name='Admanage/getMatchedHotle' [ RunTime:0.0004s ]
NOTIC: [8] Undefined offset: 0 D:\xampp\htdocs\Cloud\App\Admin\Controller\ComController.class.php 第 67 行.
SQL: SHOW COLUMNS FROM `cloud_auth_rule` [ RunTime:0.0044s ]
SQL: SELECT `id`,`title`,`pid`,`name`,`icon` FROM `cloud_auth_rule` WHERE ( islink=1 AND id in (1,2,3,4,5,7,8,9,11,12,13,14,15,16,17,18,19,20,21,22,23,58,68,69,70,97,98,99,101,102,103,104,105,108)  ) ORDER BY o ASC  [ RunTime:0.0009s ]
SQL: SHOW COLUMNS FROM `cloud_hotel` [ RunTime:0.0035s ]
NOTIC: [2] Invalid argument supplied for foreach() D:\xampp\htdocs\Cloud\ThinkPHP\Library\Think\Db\Driver.class.php 第 493 行.
SQL: SELECT `id`,`h_name` FROM `cloud_hotel`  [ RunTime:0.0004s ]

[ 2018-01-03T16:26:23+08:00 ] ::1 /cloud/index.php/Admin/Admanage/getMatchedHotle
INFO: [ app_init ] --START--
INFO: Run Behavior\BuildLiteBehavior [ RunTime:0.000018s ]
INFO: [ app_init ] --END-- [ RunTime:0.000645s ]
INFO: [ app_begin ] --START--
INFO: Run Behavior\ReadHtmlCacheBehavior [ RunTime:0.001302s ]
INFO: [ app_begin ] --END-- [ RunTime:0.001411s ]
NOTIC: [8] A session had already been started - ignoring session_start() D:\xampp\htdocs\Cloud\App\Admin\Controller\ComController.class.php 第 119 行.
SQL: SHOW COLUMNS FROM `cloud_member` [ RunTime:0.0043s ]
SQL: SELECT * FROM `cloud_member` WHERE `uid` = 1 LIMIT 1   [ RunTime:0.0005s ]
SQL: SELECT * FROM cloud_auth_group g left join cloud_auth_group_access a on g.id=a.group_id where a.uid=1 [ RunTime:0.0004s ]
SQL: SHOW COLUMNS FROM `cloud_member` [ RunTime:0.0044s ]
SQL: SELECT * FROM `cloud_member` WHERE `uid` = 1 LIMIT 1   [ RunTime:0.0006s ]
SQL: SELECT title FROM cloud_auth_group_access ga LEFT JOIN cloud_auth_group g ON ga.group_id=g.id where uid=1 [ RunTime:0.0008s ]
SQL: SELECT s.id,s.title,s.name,s.tips,s.pid,p.pid as ppid,p.title as ptitle FROM cloud_auth_rule s left join cloud_auth_rule p on p.id=s.pid where s.name='Admanage/getMatchedHotle' [ RunTime:0.0006s ]
NOTIC: [8] Undefined offset: 0 D:\xampp\htdocs\Cloud\App\Admin\Controller\ComController.class.php 第 67 行.
SQL: SHOW COLUMNS FROM `cloud_auth_rule` [ RunTime:0.0040s ]
SQL: SELECT `id`,`title`,`pid`,`name`,`icon` FROM `cloud_auth_rule` WHERE ( islink=1 AND id in (1,2,3,4,5,7,8,9,11,12,13,14,15,16,17,18,19,20,21,22,23,58,68,69,70,97,98,99,101,102,103,104,105,108)  ) ORDER BY o ASC  [ RunTime:0.0007s ]
SQL: SHOW COLUMNS FROM `cloud_hotel` [ RunTime:0.0050s ]
SQL: SELECT `id`,`h_name` FROM `cloud_hotel` WHERE `h_province` = '北京市' AND `h_city` = '市辖区' AND `h_district` = '东城区'  [ RunTime:0.0005s ]

[ 2018-01-03T16:28:21+08:00 ] ::1 /cloud/index.php/Admin/Admanage/getMatchedHotle
INFO: [ app_init ] --START--
INFO: Run Behavior\BuildLiteBehavior [ RunTime:0.000014s ]
INFO: [ app_init ] --END-- [ RunTime:0.000496s ]
INFO: [ app_begin ] --START--
INFO: Run Behavior\ReadHtmlCacheBehavior [ RunTime:0.000806s ]
INFO: [ app_begin ] --END-- [ RunTime:0.000867s ]
NOTIC: [8] A session had already been started - ignoring session_start() D:\xampp\htdocs\Cloud\App\Admin\Controller\ComController.class.php 第 119 行.
SQL: SHOW COLUMNS FROM `cloud_member` [ RunTime:0.0046s ]
SQL: SELECT * FROM `cloud_member` WHERE `uid` = 1 LIMIT 1   [ RunTime:0.0004s ]
SQL: SELECT * FROM cloud_auth_group g left join cloud_auth_group_access a on g.id=a.group_id where a.uid=1 [ RunTime:0.0004s ]
SQL: SHOW COLUMNS FROM `cloud_member` [ RunTime:0.0039s ]
SQL: SELECT * FROM `cloud_member` WHERE `uid` = 1 LIMIT 1   [ RunTime:0.0004s ]
SQL: SELECT title FROM cloud_auth_group_access ga LEFT JOIN cloud_auth_group g ON ga.group_id=g.id where uid=1 [ RunTime:0.0004s ]
SQL: SELECT s.id,s.title,s.name,s.tips,s.pid,p.pid as ppid,p.title as ptitle FROM cloud_auth_rule s left join cloud_auth_rule p on p.id=s.pid where s.name='Admanage/getMatchedHotle' [ RunTime:0.0009s ]
NOTIC: [8] Undefined offset: 0 D:\xampp\htdocs\Cloud\App\Admin\Controller\ComController.class.php 第 67 行.
SQL: SHOW COLUMNS FROM `cloud_auth_rule` [ RunTime:0.0055s ]
SQL: SELECT `id`,`title`,`pid`,`name`,`icon` FROM `cloud_auth_rule` WHERE ( islink=1 AND id in (1,2,3,4,5,7,8,9,11,12,13,14,15,16,17,18,19,20,21,22,23,58,68,69,70,97,98,99,101,102,103,104,105,108)  ) ORDER BY o ASC  [ RunTime:0.0007s ]
SQL: SHOW COLUMNS FROM `cloud_hotel` [ RunTime:0.0038s ]
SQL: SELECT `id`,`h_name` FROM `cloud_hotel` WHERE `h_province` = '北京市' AND `h_city` = '市辖区' AND `h_district` = '东城区' AND `id` IN ('2','3','4')  [ RunTime:0.0004s ]

[ 2018-01-03T16:31:43+08:00 ] ::1 /cloud/index.php/Admin/Admanage/getMatchedHotle
INFO: [ app_init ] --START--
INFO: Run Behavior\BuildLiteBehavior [ RunTime:0.000013s ]
INFO: [ app_init ] --END-- [ RunTime:0.000470s ]
INFO: [ app_begin ] --START--
INFO: Run Behavior\ReadHtmlCacheBehavior [ RunTime:0.001351s ]
INFO: [ app_begin ] --END-- [ RunTime:0.001424s ]
NOTIC: [8] A session had already been started - ignoring session_start() D:\xampp\htdocs\Cloud\App\Admin\Controller\ComController.class.php 第 119 行.
SQL: SHOW COLUMNS FROM `cloud_member` [ RunTime:0.0040s ]
SQL: SELECT * FROM `cloud_member` WHERE `uid` = 1 LIMIT 1   [ RunTime:0.0004s ]
SQL: SELECT * FROM cloud_auth_group g left join cloud_auth_group_access a on g.id=a.group_id where a.uid=1 [ RunTime:0.0004s ]
SQL: SHOW COLUMNS FROM `cloud_member` [ RunTime:0.0059s ]
SQL: SELECT * FROM `cloud_member` WHERE `uid` = 1 LIMIT 1   [ RunTime:0.0004s ]
SQL: SELECT title FROM cloud_auth_group_access ga LEFT JOIN cloud_auth_group g ON ga.group_id=g.id where uid=1 [ RunTime:0.0003s ]
SQL: SELECT s.id,s.title,s.name,s.tips,s.pid,p.pid as ppid,p.title as ptitle FROM cloud_auth_rule s left join cloud_auth_rule p on p.id=s.pid where s.name='Admanage/getMatchedHotle' [ RunTime:0.0005s ]
NOTIC: [8] Undefined offset: 0 D:\xampp\htdocs\Cloud\App\Admin\Controller\ComController.class.php 第 67 行.
SQL: SHOW COLUMNS FROM `cloud_auth_rule` [ RunTime:0.0037s ]
SQL: SELECT `id`,`title`,`pid`,`name`,`icon` FROM `cloud_auth_rule` WHERE ( islink=1 AND id in (1,2,3,4,5,7,8,9,11,12,13,14,15,16,17,18,19,20,21,22,23,58,68,69,70,97,98,99,101,102,103,104,105,108)  ) ORDER BY o ASC  [ RunTime:0.0006s ]
SQL: SHOW COLUMNS FROM `cloud_hotel` [ RunTime:0.0030s ]
SQL: SELECT `id`,`h_name` FROM `cloud_hotel` WHERE `h_province` = '北京市' AND `h_city` = '市辖区' AND `h_district` = '东城区' AND `id` IN ('2','3','4')  [ RunTime:0.0004s ]

[ 2018-01-03T16:33:55+08:00 ] ::1 /cloud/index.php/Admin/Admanage/getMatchedHotle
INFO: [ app_init ] --START--
INFO: Run Behavior\BuildLiteBehavior [ RunTime:0.000016s ]
INFO: [ app_init ] --END-- [ RunTime:0.000529s ]
INFO: [ app_begin ] --START--
INFO: Run Behavior\ReadHtmlCacheBehavior [ RunTime:0.000763s ]
INFO: [ app_begin ] --END-- [ RunTime:0.000819s ]
NOTIC: [8] A session had already been started - ignoring session_start() D:\xampp\htdocs\Cloud\App\Admin\Controller\ComController.class.php 第 119 行.
SQL: SHOW COLUMNS FROM `cloud_member` [ RunTime:0.0042s ]
SQL: SELECT * FROM `cloud_member` WHERE `uid` = 1 LIMIT 1   [ RunTime:0.0005s ]
SQL: SELECT * FROM cloud_auth_group g left join cloud_auth_group_access a on g.id=a.group_id where a.uid=1 [ RunTime:0.0004s ]
SQL: SHOW COLUMNS FROM `cloud_member` [ RunTime:0.0036s ]
SQL: SELECT * FROM `cloud_member` WHERE `uid` = 1 LIMIT 1   [ RunTime:0.0004s ]
SQL: SELECT title FROM cloud_auth_group_access ga LEFT JOIN cloud_auth_group g ON ga.group_id=g.id where uid=1 [ RunTime:0.0003s ]
SQL: SELECT s.id,s.title,s.name,s.tips,s.pid,p.pid as ppid,p.title as ptitle FROM cloud_auth_rule s left join cloud_auth_rule p on p.id=s.pid where s.name='Admanage/getMatchedHotle' [ RunTime:0.0004s ]
NOTIC: [8] Undefined offset: 0 D:\xampp\htdocs\Cloud\App\Admin\Controller\ComController.class.php 第 67 行.
SQL: SHOW COLUMNS FROM `cloud_auth_rule` [ RunTime:0.0043s ]
SQL: SELECT `id`,`title`,`pid`,`name`,`icon` FROM `cloud_auth_rule` WHERE ( islink=1 AND id in (1,2,3,4,5,7,8,9,11,12,13,14,15,16,17,18,19,20,21,22,23,58,68,69,70,97,98,99,101,102,103,104,105,108)  ) ORDER BY o ASC  [ RunTime:0.0011s ]
SQL: SHOW COLUMNS FROM `cloud_hotel` [ RunTime:0.0049s ]
SQL: SELECT `id`,`h_name` FROM `cloud_hotel` WHERE `h_province` = '北京市' AND `h_city` = '市辖区' AND `h_district` = '东城区' AND `org_id` IN ('2','3','4')  [ RunTime:0.0004s ]

[ 2018-01-03T16:56:53+08:00 ] ::1 /cloud/index.php/Admin/Admanage/getMatchedHotel
INFO: [ app_init ] --START--
INFO: Run Behavior\BuildLiteBehavior [ RunTime:0.000022s ]
INFO: [ app_init ] --END-- [ RunTime:0.001528s ]
INFO: [ app_begin ] --START--
INFO: Run Behavior\ReadHtmlCacheBehavior [ RunTime:0.001971s ]
INFO: [ app_begin ] --END-- [ RunTime:0.002068s ]

[ 2018-01-03T16:57:08+08:00 ] ::1 /cloud/index.php/Admin/Admanage/getMatchedHotel2
INFO: [ app_init ] --START--
INFO: Run Behavior\BuildLiteBehavior [ RunTime:0.000014s ]
INFO: [ app_init ] --END-- [ RunTime:0.000527s ]
INFO: [ app_begin ] --START--
INFO: Run Behavior\ReadHtmlCacheBehavior [ RunTime:0.001220s ]
INFO: [ app_begin ] --END-- [ RunTime:0.001299s ]
NOTIC: [8] A session had already been started - ignoring session_start() D:\xampp\htdocs\Cloud\App\Admin\Controller\ComController.class.php 第 119 行.
SQL: SHOW COLUMNS FROM `cloud_member` [ RunTime:0.0189s ]
SQL: SELECT * FROM `cloud_member` WHERE `uid` = 1 LIMIT 1   [ RunTime:0.0004s ]
SQL: SELECT * FROM cloud_auth_group g left join cloud_auth_group_access a on g.id=a.group_id where a.uid=1 [ RunTime:0.0004s ]
SQL: SHOW COLUMNS FROM `cloud_member` [ RunTime:0.0322s ]
SQL: SELECT * FROM `cloud_member` WHERE `uid` = 1 LIMIT 1   [ RunTime:0.0004s ]
SQL: SELECT title FROM cloud_auth_group_access ga LEFT JOIN cloud_auth_group g ON ga.group_id=g.id where uid=1 [ RunTime:0.0003s ]
SQL: SELECT s.id,s.title,s.name,s.tips,s.pid,p.pid as ppid,p.title as ptitle FROM cloud_auth_rule s left join cloud_auth_rule p on p.id=s.pid where s.name='Admanage/getMatchedHotel2' [ RunTime:0.0006s ]
NOTIC: [8] Undefined offset: 0 D:\xampp\htdocs\Cloud\App\Admin\Controller\ComController.class.php 第 67 行.
SQL: SHOW COLUMNS FROM `cloud_auth_rule` [ RunTime:0.0237s ]
SQL: SELECT `id`,`title`,`pid`,`name`,`icon` FROM `cloud_auth_rule` WHERE ( islink=1 AND id in (1,2,3,4,5,7,8,9,11,12,13,14,15,16,17,18,19,20,21,22,23,58,68,69,70,97,98,99,101,102,103,104,105,108)  ) ORDER BY o ASC  [ RunTime:0.0007s ]
SQL: SHOW COLUMNS FROM `cloud_hotel` [ RunTime:0.0034s ]
SQL: SELECT `id`,`h_name` FROM `cloud_hotel` WHERE `org_id` IN ('2','3','4')  [ RunTime:0.0004s ]

[ 2018-01-03T17:02:50+08:00 ] ::1 /cloud/index.php/Admin/Admanage/getMatchedHotel2
INFO: [ app_init ] --START--
INFO: Run Behavior\BuildLiteBehavior [ RunTime:0.000023s ]
INFO: [ app_init ] --END-- [ RunTime:0.001397s ]
INFO: [ app_begin ] --START--
INFO: Run Behavior\ReadHtmlCacheBehavior [ RunTime:0.001124s ]
INFO: [ app_begin ] --END-- [ RunTime:0.001213s ]
NOTIC: [8] A session had already been started - ignoring session_start() D:\xampp\htdocs\Cloud\App\Admin\Controller\ComController.class.php 第 119 行.
SQL: SHOW COLUMNS FROM `cloud_member` [ RunTime:0.0052s ]
SQL: SELECT * FROM `cloud_member` WHERE `uid` = 1 LIMIT 1   [ RunTime:0.0008s ]
SQL: SELECT * FROM cloud_auth_group g left join cloud_auth_group_access a on g.id=a.group_id where a.uid=1 [ RunTime:0.0007s ]
SQL: SHOW COLUMNS FROM `cloud_member` [ RunTime:0.0044s ]
SQL: SELECT * FROM `cloud_member` WHERE `uid` = 1 LIMIT 1   [ RunTime:0.0005s ]
SQL: SELECT title FROM cloud_auth_group_access ga LEFT JOIN cloud_auth_group g ON ga.group_id=g.id where uid=1 [ RunTime:0.0004s ]
SQL: SELECT s.id,s.title,s.name,s.tips,s.pid,p.pid as ppid,p.title as ptitle FROM cloud_auth_rule s left join cloud_auth_rule p on p.id=s.pid where s.name='Admanage/getMatchedHotel2' [ RunTime:0.0004s ]
NOTIC: [8] Undefined offset: 0 D:\xampp\htdocs\Cloud\App\Admin\Controller\ComController.class.php 第 67 行.
SQL: SHOW COLUMNS FROM `cloud_auth_rule` [ RunTime:0.0051s ]
SQL: SELECT `id`,`title`,`pid`,`name`,`icon` FROM `cloud_auth_rule` WHERE ( islink=1 AND id in (1,2,3,4,5,7,8,9,11,12,13,14,15,16,17,18,19,20,21,22,23,58,68,69,70,97,98,99,101,102,103,104,105,108)  ) ORDER BY o ASC  [ RunTime:0.0012s ]
SQL: SHOW COLUMNS FROM `cloud_hotel` [ RunTime:0.0133s ]
SQL: SELECT `id`,`h_name` FROM `cloud_hotel` WHERE `org_id` IN ('2','3','4')  [ RunTime:0.0005s ]
SQL: SELECT `id`,`h_name` FROM `cloud_hotel` WHERE `org_id` IN ('2','3','4')  [ RunTime:0.0003s ]

[ 2018-01-03T17:02:52+08:00 ] ::1 /cloud/index.php/Admin/Admanage/getMatchedHotel2
INFO: [ app_init ] --START--
INFO: Run Behavior\BuildLiteBehavior [ RunTime:0.000014s ]
INFO: [ app_init ] --END-- [ RunTime:0.000436s ]
INFO: [ app_begin ] --START--
INFO: Run Behavior\ReadHtmlCacheBehavior [ RunTime:0.000777s ]
INFO: [ app_begin ] --END-- [ RunTime:0.000835s ]
NOTIC: [8] A session had already been started - ignoring session_start() D:\xampp\htdocs\Cloud\App\Admin\Controller\ComController.class.php 第 119 行.
SQL: SHOW COLUMNS FROM `cloud_member` [ RunTime:0.0039s ]
SQL: SELECT * FROM `cloud_member` WHERE `uid` = 1 LIMIT 1   [ RunTime:0.0004s ]
SQL: SELECT * FROM cloud_auth_group g left join cloud_auth_group_access a on g.id=a.group_id where a.uid=1 [ RunTime:0.0004s ]
SQL: SHOW COLUMNS FROM `cloud_member` [ RunTime:0.0048s ]
SQL: SELECT * FROM `cloud_member` WHERE `uid` = 1 LIMIT 1   [ RunTime:0.0004s ]
SQL: SELECT title FROM cloud_auth_group_access ga LEFT JOIN cloud_auth_group g ON ga.group_id=g.id where uid=1 [ RunTime:0.0004s ]
SQL: SELECT s.id,s.title,s.name,s.tips,s.pid,p.pid as ppid,p.title as ptitle FROM cloud_auth_rule s left join cloud_auth_rule p on p.id=s.pid where s.name='Admanage/getMatchedHotel2' [ RunTime:0.0004s ]
NOTIC: [8] Undefined offset: 0 D:\xampp\htdocs\Cloud\App\Admin\Controller\ComController.class.php 第 67 行.
SQL: SHOW COLUMNS FROM `cloud_auth_rule` [ RunTime:0.0039s ]
SQL: SELECT `id`,`title`,`pid`,`name`,`icon` FROM `cloud_auth_rule` WHERE ( islink=1 AND id in (1,2,3,4,5,7,8,9,11,12,13,14,15,16,17,18,19,20,21,22,23,58,68,69,70,97,98,99,101,102,103,104,105,108)  ) ORDER BY o ASC  [ RunTime:0.0007s ]
SQL: SHOW COLUMNS FROM `cloud_hotel` [ RunTime:0.0044s ]
SQL: SELECT `id`,`h_name` FROM `cloud_hotel` WHERE `org_id` IN ('2','3','4')  [ RunTime:0.0005s ]
SQL: SELECT `id`,`h_name` FROM `cloud_hotel` WHERE `org_id` IN ('2','3','4')  [ RunTime:0.0006s ]

[ 2018-01-03T17:04:10+08:00 ] ::1 /cloud/index.php/Admin/Admanage/getMatchedHotel2
INFO: [ app_init ] --START--
INFO: Run Behavior\BuildLiteBehavior [ RunTime:0.000024s ]
INFO: [ app_init ] --END-- [ RunTime:0.000747s ]
INFO: [ app_begin ] --START--
INFO: Run Behavior\ReadHtmlCacheBehavior [ RunTime:0.000935s ]
INFO: [ app_begin ] --END-- [ RunTime:0.000995s ]
NOTIC: [8] A session had already been started - ignoring session_start() D:\xampp\htdocs\Cloud\App\Admin\Controller\ComController.class.php 第 119 行.
SQL: SHOW COLUMNS FROM `cloud_member` [ RunTime:0.0040s ]
SQL: SELECT * FROM `cloud_member` WHERE `uid` = 1 LIMIT 1   [ RunTime:0.0005s ]
SQL: SELECT * FROM cloud_auth_group g left join cloud_auth_group_access a on g.id=a.group_id where a.uid=1 [ RunTime:0.0004s ]
SQL: SHOW COLUMNS FROM `cloud_member` [ RunTime:0.0035s ]
SQL: SELECT * FROM `cloud_member` WHERE `uid` = 1 LIMIT 1   [ RunTime:0.0004s ]
SQL: SELECT title FROM cloud_auth_group_access ga LEFT JOIN cloud_auth_group g ON ga.group_id=g.id where uid=1 [ RunTime:0.0004s ]
SQL: SELECT s.id,s.title,s.name,s.tips,s.pid,p.pid as ppid,p.title as ptitle FROM cloud_auth_rule s left join cloud_auth_rule p on p.id=s.pid where s.name='Admanage/getMatchedHotel2' [ RunTime:0.0010s ]
NOTIC: [8] Undefined offset: 0 D:\xampp\htdocs\Cloud\App\Admin\Controller\ComController.class.php 第 67 行.
SQL: SHOW COLUMNS FROM `cloud_auth_rule` [ RunTime:0.0042s ]
SQL: SELECT `id`,`title`,`pid`,`name`,`icon` FROM `cloud_auth_rule` WHERE ( islink=1 AND id in (1,2,3,4,5,7,8,9,11,12,13,14,15,16,17,18,19,20,21,22,23,58,68,69,70,97,98,99,101,102,103,104,105,108)  ) ORDER BY o ASC  [ RunTime:0.0007s ]
SQL: SHOW COLUMNS FROM `cloud_hotel` [ RunTime:0.0036s ]
SQL: SELECT `id`,`h_name` FROM `cloud_hotel` WHERE `org_id` IN ('2','3','4')  [ RunTime:0.0004s ]

[ 2018-01-03T17:04:12+08:00 ] ::1 /cloud/index.php/Admin/Admanage/getMatchedHotel2
INFO: [ app_init ] --START--
INFO: Run Behavior\BuildLiteBehavior [ RunTime:0.000014s ]
INFO: [ app_init ] --END-- [ RunTime:0.000425s ]
INFO: [ app_begin ] --START--
INFO: Run Behavior\ReadHtmlCacheBehavior [ RunTime:0.000742s ]
INFO: [ app_begin ] --END-- [ RunTime:0.000798s ]
NOTIC: [8] A session had already been started - ignoring session_start() D:\xampp\htdocs\Cloud\App\Admin\Controller\ComController.class.php 第 119 行.
SQL: SHOW COLUMNS FROM `cloud_member` [ RunTime:0.0051s ]
SQL: SELECT * FROM `cloud_member` WHERE `uid` = 1 LIMIT 1   [ RunTime:0.0008s ]
SQL: SELECT * FROM cloud_auth_group g left join cloud_auth_group_access a on g.id=a.group_id where a.uid=1 [ RunTime:0.0005s ]
SQL: SHOW COLUMNS FROM `cloud_member` [ RunTime:0.0031s ]
SQL: SELECT * FROM `cloud_member` WHERE `uid` = 1 LIMIT 1   [ RunTime:0.0004s ]
SQL: SELECT title FROM cloud_auth_group_access ga LEFT JOIN cloud_auth_group g ON ga.group_id=g.id where uid=1 [ RunTime:0.0003s ]
SQL: SELECT s.id,s.title,s.name,s.tips,s.pid,p.pid as ppid,p.title as ptitle FROM cloud_auth_rule s left join cloud_auth_rule p on p.id=s.pid where s.name='Admanage/getMatchedHotel2' [ RunTime:0.0004s ]
NOTIC: [8] Undefined offset: 0 D:\xampp\htdocs\Cloud\App\Admin\Controller\ComController.class.php 第 67 行.
SQL: SHOW COLUMNS FROM `cloud_auth_rule` [ RunTime:0.0034s ]
SQL: SELECT `id`,`title`,`pid`,`name`,`icon` FROM `cloud_auth_rule` WHERE ( islink=1 AND id in (1,2,3,4,5,7,8,9,11,12,13,14,15,16,17,18,19,20,21,22,23,58,68,69,70,97,98,99,101,102,103,104,105,108)  ) ORDER BY o ASC  [ RunTime:0.0006s ]
SQL: SHOW COLUMNS FROM `cloud_hotel` [ RunTime:0.0038s ]
SQL: SELECT `id`,`h_name` FROM `cloud_hotel` WHERE `org_id` IN ('2','3','4')  [ RunTime:0.0005s ]

[ 2018-01-03T17:04:13+08:00 ] ::1 /cloud/index.php/Admin/Admanage/getMatchedHotel2
INFO: [ app_init ] --START--
INFO: Run Behavior\BuildLiteBehavior [ RunTime:0.000014s ]
INFO: [ app_init ] --END-- [ RunTime:0.000461s ]
INFO: [ app_begin ] --START--
INFO: Run Behavior\ReadHtmlCacheBehavior [ RunTime:0.000737s ]
INFO: [ app_begin ] --END-- [ RunTime:0.000793s ]
NOTIC: [8] A session had already been started - ignoring session_start() D:\xampp\htdocs\Cloud\App\Admin\Controller\ComController.class.php 第 119 行.
SQL: SHOW COLUMNS FROM `cloud_member` [ RunTime:0.0046s ]
SQL: SELECT * FROM `cloud_member` WHERE `uid` = 1 LIMIT 1   [ RunTime:0.0004s ]
SQL: SELECT * FROM cloud_auth_group g left join cloud_auth_group_access a on g.id=a.group_id where a.uid=1 [ RunTime:0.0004s ]
SQL: SHOW COLUMNS FROM `cloud_member` [ RunTime:0.0048s ]
SQL: SELECT * FROM `cloud_member` WHERE `uid` = 1 LIMIT 1   [ RunTime:0.0004s ]
SQL: SELECT title FROM cloud_auth_group_access ga LEFT JOIN cloud_auth_group g ON ga.group_id=g.id where uid=1 [ RunTime:0.0003s ]
SQL: SELECT s.id,s.title,s.name,s.tips,s.pid,p.pid as ppid,p.title as ptitle FROM cloud_auth_rule s left join cloud_auth_rule p on p.id=s.pid where s.name='Admanage/getMatchedHotel2' [ RunTime:0.0004s ]
NOTIC: [8] Undefined offset: 0 D:\xampp\htdocs\Cloud\App\Admin\Controller\ComController.class.php 第 67 行.
SQL: SHOW COLUMNS FROM `cloud_auth_rule` [ RunTime:0.0037s ]
SQL: SELECT `id`,`title`,`pid`,`name`,`icon` FROM `cloud_auth_rule` WHERE ( islink=1 AND id in (1,2,3,4,5,7,8,9,11,12,13,14,15,16,17,18,19,20,21,22,23,58,68,69,70,97,98,99,101,102,103,104,105,108)  ) ORDER BY o ASC  [ RunTime:0.0008s ]
SQL: SHOW COLUMNS FROM `cloud_hotel` [ RunTime:0.0032s ]
SQL: SELECT `id`,`h_name` FROM `cloud_hotel` WHERE `org_id` IN ('2','3','4')  [ RunTime:0.0004s ]

[ 2018-01-03T17:04:39+08:00 ] ::1 /cloud/index.php/Admin/Admanage/getMatchedHotel2
INFO: [ app_init ] --START--
INFO: Run Behavior\BuildLiteBehavior [ RunTime:0.000014s ]
INFO: [ app_init ] --END-- [ RunTime:0.000631s ]
INFO: [ app_begin ] --START--
INFO: Run Behavior\ReadHtmlCacheBehavior [ RunTime:0.001191s ]
INFO: [ app_begin ] --END-- [ RunTime:0.001274s ]
NOTIC: [8] A session had already been started - ignoring session_start() D:\xampp\htdocs\Cloud\App\Admin\Controller\ComController.class.php 第 119 行.
SQL: SHOW COLUMNS FROM `cloud_member` [ RunTime:0.0053s ]
SQL: SELECT * FROM `cloud_member` WHERE `uid` = 1 LIMIT 1   [ RunTime:0.0013s ]
SQL: SELECT * FROM cloud_auth_group g left join cloud_auth_group_access a on g.id=a.group_id where a.uid=1 [ RunTime:0.0008s ]
SQL: SHOW COLUMNS FROM `cloud_member` [ RunTime:0.0042s ]
SQL: SELECT * FROM `cloud_member` WHERE `uid` = 1 LIMIT 1   [ RunTime:0.0005s ]
SQL: SELECT title FROM cloud_auth_group_access ga LEFT JOIN cloud_auth_group g ON ga.group_id=g.id where uid=1 [ RunTime:0.0003s ]
SQL: SELECT s.id,s.title,s.name,s.tips,s.pid,p.pid as ppid,p.title as ptitle FROM cloud_auth_rule s left join cloud_auth_rule p on p.id=s.pid where s.name='Admanage/getMatchedHotel2' [ RunTime:0.0004s ]
NOTIC: [8] Undefined offset: 0 D:\xampp\htdocs\Cloud\App\Admin\Controller\ComController.class.php 第 67 行.
SQL: SHOW COLUMNS FROM `cloud_auth_rule` [ RunTime:0.0045s ]
SQL: SELECT `id`,`title`,`pid`,`name`,`icon` FROM `cloud_auth_rule` WHERE ( islink=1 AND id in (1,2,3,4,5,7,8,9,11,12,13,14,15,16,17,18,19,20,21,22,23,58,68,69,70,97,98,99,101,102,103,104,105,108)  ) ORDER BY o ASC  [ RunTime:0.0010s ]
SQL: SHOW COLUMNS FROM `cloud_hotel` [ RunTime:0.0053s ]
SQL: SELECT `id`,`h_name` FROM `cloud_hotel` WHERE `org_id` IN ('2','3','4') AND `h_province` = '天津市'  [ RunTime:0.0005s ]

[ 2018-01-03T17:07:04+08:00 ] ::1 /cloud/index.php/Admin/Admanage/getMatchedHotel2
INFO: [ app_init ] --START--
INFO: Run Behavior\BuildLiteBehavior [ RunTime:0.000013s ]
INFO: [ app_init ] --END-- [ RunTime:0.000474s ]
INFO: [ app_begin ] --START--
INFO: Run Behavior\ReadHtmlCacheBehavior [ RunTime:0.000826s ]
INFO: [ app_begin ] --END-- [ RunTime:0.000877s ]
NOTIC: [8] A session had already been started - ignoring session_start() D:\xampp\htdocs\Cloud\App\Admin\Controller\ComController.class.php 第 119 行.
SQL: SHOW COLUMNS FROM `cloud_member` [ RunTime:0.0444s ]
SQL: SELECT * FROM `cloud_member` WHERE `uid` = 1 LIMIT 1   [ RunTime:0.0005s ]
SQL: SELECT * FROM cloud_auth_group g left join cloud_auth_group_access a on g.id=a.group_id where a.uid=1 [ RunTime:0.0004s ]
SQL: SHOW COLUMNS FROM `cloud_member` [ RunTime:0.0050s ]
SQL: SELECT * FROM `cloud_member` WHERE `uid` = 1 LIMIT 1   [ RunTime:0.0004s ]
SQL: SELECT title FROM cloud_auth_group_access ga LEFT JOIN cloud_auth_group g ON ga.group_id=g.id where uid=1 [ RunTime:0.0003s ]
SQL: SELECT s.id,s.title,s.name,s.tips,s.pid,p.pid as ppid,p.title as ptitle FROM cloud_auth_rule s left join cloud_auth_rule p on p.id=s.pid where s.name='Admanage/getMatchedHotel2' [ RunTime:0.0004s ]
NOTIC: [8] Undefined offset: 0 D:\xampp\htdocs\Cloud\App\Admin\Controller\ComController.class.php 第 67 行.
SQL: SHOW COLUMNS FROM `cloud_auth_rule` [ RunTime:0.0034s ]
SQL: SELECT `id`,`title`,`pid`,`name`,`icon` FROM `cloud_auth_rule` WHERE ( islink=1 AND id in (1,2,3,4,5,7,8,9,11,12,13,14,15,16,17,18,19,20,21,22,23,58,68,69,70,97,98,99,101,102,103,104,105,108)  ) ORDER BY o ASC  [ RunTime:0.0009s ]
SQL: SHOW COLUMNS FROM `cloud_hotel` [ RunTime:0.0044s ]
SQL: SELECT `id`,`h_name` FROM `cloud_hotel` WHERE `org_id` IN ('')  [ RunTime:0.0005s ]

[ 2018-01-03T19:56:21+08:00 ] ::1 /Cloud/index.php/Admin/
INFO: [ app_init ] --START--
INFO: Run Behavior\BuildLiteBehavior [ RunTime:0.000021s ]
INFO: [ app_init ] --END-- [ RunTime:0.000678s ]
INFO: [ app_begin ] --START--
INFO: Run Behavior\ReadHtmlCacheBehavior [ RunTime:0.000671s ]
INFO: [ app_begin ] --END-- [ RunTime:0.000737s ]
NOTIC: [8] A session had already been started - ignoring session_start() D:\xampp\htdocs\Cloud\App\Admin\Controller\ComController.class.php 第 119 行.
SQL: SHOW COLUMNS FROM `cloud_member` [ RunTime:0.0069s ]
SQL: SELECT * FROM `cloud_member` WHERE `uid` = 1 LIMIT 1   [ RunTime:0.0006s ]
SQL: SELECT * FROM cloud_auth_group g left join cloud_auth_group_access a on g.id=a.group_id where a.uid=1 [ RunTime:0.0026s ]
SQL: SHOW COLUMNS FROM `cloud_member` [ RunTime:0.0052s ]
SQL: SELECT * FROM `cloud_member` WHERE `uid` = 1 LIMIT 1   [ RunTime:0.0004s ]
SQL: SELECT title FROM cloud_auth_group_access ga LEFT JOIN cloud_auth_group g ON ga.group_id=g.id where uid=1 [ RunTime:0.0005s ]
SQL: SELECT s.id,s.title,s.name,s.tips,s.pid,p.pid as ppid,p.title as ptitle FROM cloud_auth_rule s left join cloud_auth_rule p on p.id=s.pid where s.name='Index/index' [ RunTime:0.0021s ]
SQL: SHOW COLUMNS FROM `cloud_auth_rule` [ RunTime:0.0044s ]
SQL: SELECT `id`,`title`,`pid`,`name`,`icon` FROM `cloud_auth_rule` WHERE ( islink=1 AND id in (1,2,3,4,5,7,8,9,11,12,13,14,15,16,17,18,19,20,21,22,23,58,68,69,70,97,98,99,101,102,103,104,105,108)  ) ORDER BY o ASC  [ RunTime:0.0007s ]
SQL: SELECT SUM(s.num) AS nums, o.org_id, o.h_id, s.*, m.menu_name FROM cloud_order o INNER JOIN cloud_order_sub s ON s.oid = o.id INNER JOIN cloud_cook_menu m ON m.id=s.menu_id WHERE o.org_id = 0 Group by menu_id ORDER BY nums DESC [ RunTime:0.0561s ]
SQL: SELECT SUM(nums) nums FROM(SELECT SUM(s.num) AS nums, o.org_id, o.h_id, s.*, m.menu_name FROM cloud_order o INNER JOIN cloud_order_sub s ON s.oid = o.id INNER JOIN cloud_cook_menu m ON m.id=s.menu_id WHERE o.org_id = 0 Group by menu_id ORDER BY nums DESC LIMIT 5,0) AS A [ RunTime:0.0011s ]
NOTIC: [2] Missing argument 1 for Admin\Model\StatisModel::getTotalByMonthByOrg(), called in D:\xampp\htdocs\Cloud\App\Admin\Controller\IndexController.class.php on line 20 and defined D:\xampp\htdocs\Cloud\App\Admin\Model\StatisModel.class.php 第 71 行.
NOTIC: [8] Undefined variable: year D:\xampp\htdocs\Cloud\App\Admin\Model\StatisModel.class.php 第 72 行.
SQL: SELECT IFNULL(h_name,'合计') AS h_name,
      SUM(IF(year='201801',count,0)) AS month01,
      SUM(IF(year='201802',count,0)) AS month02,
      SUM(IF(year='201803',count,0)) AS month03,
      SUM(IF(year='201804',count,0)) AS month04,
      SUM(IF(year='201805',count,0)) AS month05,
      SUM(IF(year='201806',count,0)) AS month06,
      SUM(IF(year='201807',count,0)) AS month07,
      SUM(IF(year='201808',count,0)) AS month08,
      SUM(IF(year='201809',count,0)) AS month09,
      SUM(IF(year='201810',count,0)) AS month10,
      SUM(IF(year='{November}',count,0)) AS month11,
      SUM(IF(year='201812',count,0)) AS month12,
      SUM(IF(year='total',count,0)) AS total
      FROM(
          SELECT h_name,IFNULL(year,'total') AS year,SUM(count) AS count
          FROM(
            SELECT h_name,FROM_UNIXTIME(order_time,'%Y%m')as year,SUM(o.total_money) count
            FROM cloud_order o
            JOIN cloud_hotel h ON h.id = o.h_id
            WHERE FROM_UNIXTIME(order_time,'%Y') = 2018
            GROUP BY h_name,year
            ) AS A
          GROUP BY h_name,year
          WITH ROLLUP
          HAVING h_name IS NOT NULL
            )AS B
      GROUP BY h_name
      WITH ROLLUP [ RunTime:0.0066s ]
SQL: SELECT SUM(s.num) AS nums, o.org_id, o.h_id, s.*, m.menu_name FROM cloud_order o INNER JOIN cloud_order_sub s ON s.oid = o.id INNER JOIN cloud_cook_menu m ON m.id=s.menu_id WHERE o.org_id = 0 Group by menu_id ORDER BY nums DESC LIMIT 100 [ RunTime:0.0008s ]
SQL: SELECT SUM(total_money) AS money, h.org_id,h.h_name FROM cloud_hotel h INNER JOIN cloud_order o ON o.h_id = h.id  WHERE h.org_id = 0 GROUP BY o.h_id ORDER BY money DESC LIMIT 1 [ RunTime:0.0005s ]
SQL: SELECT COUNT(s.id) AS nums, o.org_id, o.h_id, s.* ,m.menu_name FROM cloud_order o INNER JOIN cloud_order_sub s ON s.oid = o.id INNER JOIN cloud_cook_menu m ON m.id=s.menu_id WHERE o.org_id = 0 Group by menu_id ORDER BY nums ASC LIMIT 1 [ RunTime:0.0007s ]
SQL: SELECT SUM(total_money) AS money, h.org_id,h.h_name FROM cloud_hotel h INNER JOIN cloud_order o ON o.h_id = h.id  WHERE h.org_id = 0 GROUP BY o.h_id ORDER BY money ASC LIMIT 1 [ RunTime:0.0004s ]
NOTIC: [2048] Declaration of Admin\Model\OrgModel::save() should be compatible with Think\Model::save($data = '', $options = Array) D:\xampp\htdocs\Cloud\App\Admin\Model\OrgModel.class.php 第 79 行.
NOTIC: [2048] Declaration of Admin\Model\OrgModel::delete() should be compatible with Think\Model::delete($options = Array) D:\xampp\htdocs\Cloud\App\Admin\Model\OrgModel.class.php 第 79 行.
SQL: SHOW COLUMNS FROM `cloud_org` [ RunTime:0.0296s ]
SQL: SHOW COLUMNS FROM `cloud_hotel` [ RunTime:0.0040s ]
SQL: SELECT * FROM `cloud_hotel` WHERE ( org_id=0 )  [ RunTime:0.0004s ]
SQL: SHOW COLUMNS FROM `cloud_auth_group_access` [ RunTime:0.0035s ]
SQL: SELECT * FROM `cloud_auth_group_access` WHERE ( uid = 1 ) LIMIT 1   [ RunTime:0.0005s ]
NOTIC: [8] Undefined variable: data D:\xampp\htdocs\Cloud\App\Admin\Controller\IndexController.class.php 第 55 行.
INFO: [ view_parse ] --START--
INFO: [ template_filter ] --START--
INFO: Run Behavior\ContentReplaceBehavior [ RunTime:0.000170s ]
INFO: [ template_filter ] --END-- [ RunTime:0.000228s ]
NOTIC: [8] Undefined variable: mysql D:\xampp\htdocs\Cloud\App\Runtime\Cache\Admin\f2e2f05010f1886c29d5afc0de6be789.php 第 414 行.
NOTIC: [8] Undefined variable: list D:\xampp\htdocs\Cloud\App\Runtime\Cache\Admin\f2e2f05010f1886c29d5afc0de6be789.php 第 507 行.
NOTIC: [8] Undefined variable: page D:\xampp\htdocs\Cloud\App\Runtime\Cache\Admin\f2e2f05010f1886c29d5afc0de6be789.php 第 516 行.
INFO: Run Behavior\ParseTemplateBehavior [ RunTime:0.081366s ]
INFO: [ view_parse ] --END-- [ RunTime:0.081427s ]
INFO: [ view_filter ] --START--
INFO: Run Behavior\WriteHtmlCacheBehavior [ RunTime:0.023979s ]
INFO: [ view_filter ] --END-- [ RunTime:0.024035s ]

[ 2018-01-03T19:56:29+08:00 ] ::1 /Cloud/index.php/Admin/Admanage/typemana.html
INFO: [ app_init ] --START--
INFO: Run Behavior\BuildLiteBehavior [ RunTime:0.000016s ]
INFO: [ app_init ] --END-- [ RunTime:0.000529s ]
INFO: [ app_begin ] --START--
INFO: Run Behavior\ReadHtmlCacheBehavior [ RunTime:0.000926s ]
INFO: [ app_begin ] --END-- [ RunTime:0.001019s ]
NOTIC: [8] A session had already been started - ignoring session_start() D:\xampp\htdocs\Cloud\App\Admin\Controller\ComController.class.php 第 119 行.
SQL: SHOW COLUMNS FROM `cloud_member` [ RunTime:0.0048s ]
SQL: SELECT * FROM `cloud_member` WHERE `uid` = 1 LIMIT 1   [ RunTime:0.0005s ]
SQL: SELECT * FROM cloud_auth_group g left join cloud_auth_group_access a on g.id=a.group_id where a.uid=1 [ RunTime:0.0004s ]
SQL: SHOW COLUMNS FROM `cloud_member` [ RunTime:0.0036s ]
SQL: SELECT * FROM `cloud_member` WHERE `uid` = 1 LIMIT 1   [ RunTime:0.0004s ]
SQL: SELECT title FROM cloud_auth_group_access ga LEFT JOIN cloud_auth_group g ON ga.group_id=g.id where uid=1 [ RunTime:0.0003s ]
SQL: SELECT s.id,s.title,s.name,s.tips,s.pid,p.pid as ppid,p.title as ptitle FROM cloud_auth_rule s left join cloud_auth_rule p on p.id=s.pid where s.name='Admanage/typemana' [ RunTime:0.0005s ]
SQL: SHOW COLUMNS FROM `cloud_auth_rule` [ RunTime:0.0052s ]
SQL: SELECT `id`,`title`,`pid`,`name`,`icon` FROM `cloud_auth_rule` WHERE ( islink=1 AND id in (1,2,3,4,5,7,8,9,11,12,13,14,15,16,17,18,19,20,21,22,23,58,68,69,70,97,98,99,101,102,103,104,105,108)  ) ORDER BY o ASC  [ RunTime:0.0008s ]
SQL: SHOW COLUMNS FROM `cloud_ads_type` [ RunTime:0.0280s ]
SQL: SELECT * FROM `cloud_ads_type`  [ RunTime:0.0006s ]
INFO: [ view_parse ] --START--
INFO: [ template_filter ] --START--
INFO: Run Behavior\ContentReplaceBehavior [ RunTime:0.000196s ]
INFO: [ template_filter ] --END-- [ RunTime:0.000284s ]
INFO: Run Behavior\ParseTemplateBehavior [ RunTime:0.051983s ]
INFO: [ view_parse ] --END-- [ RunTime:0.052059s ]
INFO: [ view_filter ] --START--
INFO: Run Behavior\WriteHtmlCacheBehavior [ RunTime:0.000506s ]
INFO: [ view_filter ] --END-- [ RunTime:0.000557s ]
INFO: [ app_end ] --START--
INFO: Run Behavior\ShowPageTraceBehavior [ RunTime:0.007209s ]
INFO: [ app_end ] --END-- [ RunTime:0.007294s ]

[ 2018-01-03T19:56:31+08:00 ] ::1 /Cloud/index.php/Admin/Admanage/addtype.html
INFO: [ app_init ] --START--
INFO: Run Behavior\BuildLiteBehavior [ RunTime:0.000013s ]
INFO: [ app_init ] --END-- [ RunTime:0.000436s ]
INFO: [ app_begin ] --START--
INFO: Run Behavior\ReadHtmlCacheBehavior [ RunTime:0.000666s ]
INFO: [ app_begin ] --END-- [ RunTime:0.000720s ]
NOTIC: [8] A session had already been started - ignoring session_start() D:\xampp\htdocs\Cloud\App\Admin\Controller\ComController.class.php 第 119 行.
SQL: SHOW COLUMNS FROM `cloud_member` [ RunTime:0.0033s ]
SQL: SELECT * FROM `cloud_member` WHERE `uid` = 1 LIMIT 1   [ RunTime:0.0006s ]
SQL: SELECT * FROM cloud_auth_group g left join cloud_auth_group_access a on g.id=a.group_id where a.uid=1 [ RunTime:0.0004s ]
SQL: SHOW COLUMNS FROM `cloud_member` [ RunTime:0.0047s ]
SQL: SELECT * FROM `cloud_member` WHERE `uid` = 1 LIMIT 1   [ RunTime:0.0005s ]
SQL: SELECT title FROM cloud_auth_group_access ga LEFT JOIN cloud_auth_group g ON ga.group_id=g.id where uid=1 [ RunTime:0.0004s ]
SQL: SELECT s.id,s.title,s.name,s.tips,s.pid,p.pid as ppid,p.title as ptitle FROM cloud_auth_rule s left join cloud_auth_rule p on p.id=s.pid where s.name='Admanage/addtype' [ RunTime:0.0005s ]
SQL: SHOW COLUMNS FROM `cloud_auth_rule` [ RunTime:0.0037s ]
SQL: SELECT `id`,`title`,`pid`,`name`,`icon` FROM `cloud_auth_rule` WHERE ( islink=1 AND id in (1,2,3,4,5,7,8,9,11,12,13,14,15,16,17,18,19,20,21,22,23,58,68,69,70,97,98,99,101,102,103,104,105,108)  ) ORDER BY o ASC  [ RunTime:0.0007s ]
INFO: [ view_parse ] --START--
INFO: [ template_filter ] --START--
INFO: Run Behavior\ContentReplaceBehavior [ RunTime:0.000226s ]
INFO: [ template_filter ] --END-- [ RunTime:0.000310s ]
INFO: Run Behavior\ParseTemplateBehavior [ RunTime:0.033596s ]
INFO: [ view_parse ] --END-- [ RunTime:0.033670s ]
INFO: [ view_filter ] --START--
INFO: Run Behavior\WriteHtmlCacheBehavior [ RunTime:0.000415s ]
INFO: [ view_filter ] --END-- [ RunTime:0.000462s ]
INFO: [ app_end ] --START--
INFO: Run Behavior\ShowPageTraceBehavior [ RunTime:0.000867s ]
INFO: [ app_end ] --END-- [ RunTime:0.000940s ]

[ 2018-01-03T19:56:33+08:00 ] ::1 /Cloud/index.php/Admin/Admanage/adlist.html
INFO: [ app_init ] --START--
INFO: Run Behavior\BuildLiteBehavior [ RunTime:0.000015s ]
INFO: [ app_init ] --END-- [ RunTime:0.000476s ]
INFO: [ app_begin ] --START--
INFO: Run Behavior\ReadHtmlCacheBehavior [ RunTime:0.000558s ]
INFO: [ app_begin ] --END-- [ RunTime:0.000612s ]
NOTIC: [8] A session had already been started - ignoring session_start() D:\xampp\htdocs\Cloud\App\Admin\Controller\ComController.class.php 第 119 行.
SQL: SHOW COLUMNS FROM `cloud_member` [ RunTime:0.0038s ]
SQL: SELECT * FROM `cloud_member` WHERE `uid` = 1 LIMIT 1   [ RunTime:0.0004s ]
SQL: SELECT * FROM cloud_auth_group g left join cloud_auth_group_access a on g.id=a.group_id where a.uid=1 [ RunTime:0.0004s ]
SQL: SHOW COLUMNS FROM `cloud_member` [ RunTime:0.0038s ]
SQL: SELECT * FROM `cloud_member` WHERE `uid` = 1 LIMIT 1   [ RunTime:0.0004s ]
SQL: SELECT title FROM cloud_auth_group_access ga LEFT JOIN cloud_auth_group g ON ga.group_id=g.id where uid=1 [ RunTime:0.0004s ]
SQL: SELECT s.id,s.title,s.name,s.tips,s.pid,p.pid as ppid,p.title as ptitle FROM cloud_auth_rule s left join cloud_auth_rule p on p.id=s.pid where s.name='Admanage/adlist' [ RunTime:0.0005s ]
SQL: SHOW COLUMNS FROM `cloud_auth_rule` [ RunTime:0.0036s ]
SQL: SELECT `id`,`title`,`pid`,`name`,`icon` FROM `cloud_auth_rule` WHERE ( islink=1 AND id in (1,2,3,4,5,7,8,9,11,12,13,14,15,16,17,18,19,20,21,22,23,58,68,69,70,97,98,99,101,102,103,104,105,108)  ) ORDER BY o ASC  [ RunTime:0.0007s ]
SQL: SHOW COLUMNS FROM `cloud_ads` [ RunTime:0.0040s ]
SQL: UPDATE `cloud_ads` SET `is_delete`='1' WHERE `endtime` < '2018-01-03' [ RunTime:0.0008s ]
SQL: UPDATE `cloud_ads` SET `is_delete`='0' WHERE `endtime` > '2018-01-03' [ RunTime:0.0004s ]
SQL: SELECT * FROM `cloud_ads`  [ RunTime:0.0006s ]
INFO: [ view_parse ] --START--
INFO: [ template_filter ] --START--
INFO: Run Behavior\ContentReplaceBehavior [ RunTime:0.000196s ]
INFO: [ template_filter ] --END-- [ RunTime:0.000269s ]
NOTIC: [8] Undefined variable: 1 D:\xampp\htdocs\Cloud\App\Runtime\Cache\Admin\d8c0ee2df3ee613774dba82d6d3420f5.php 第 590 行.
NOTIC: [8] Undefined index: adshowcount D:\xampp\htdocs\Cloud\App\Runtime\Cache\Admin\d8c0ee2df3ee613774dba82d6d3420f5.php 第 615 行.
NOTIC: [8] Undefined index: address D:\xampp\htdocs\Cloud\App\Runtime\Cache\Admin\d8c0ee2df3ee613774dba82d6d3420f5.php 第 625 行.
NOTIC: [8] Undefined variable: 1 D:\xampp\htdocs\Cloud\App\Runtime\Cache\Admin\d8c0ee2df3ee613774dba82d6d3420f5.php 第 590 行.
NOTIC: [8] Undefined index: adshowcount D:\xampp\htdocs\Cloud\App\Runtime\Cache\Admin\d8c0ee2df3ee613774dba82d6d3420f5.php 第 615 行.
NOTIC: [8] Undefined index: address D:\xampp\htdocs\Cloud\App\Runtime\Cache\Admin\d8c0ee2df3ee613774dba82d6d3420f5.php 第 625 行.
NOTIC: [8] Undefined variable: 1 D:\xampp\htdocs\Cloud\App\Runtime\Cache\Admin\d8c0ee2df3ee613774dba82d6d3420f5.php 第 590 行.
NOTIC: [8] Undefined index: adshowcount D:\xampp\htdocs\Cloud\App\Runtime\Cache\Admin\d8c0ee2df3ee613774dba82d6d3420f5.php 第 615 行.
NOTIC: [8] Undefined index: address D:\xampp\htdocs\Cloud\App\Runtime\Cache\Admin\d8c0ee2df3ee613774dba82d6d3420f5.php 第 625 行.
NOTIC: [8] Undefined variable: 1 D:\xampp\htdocs\Cloud\App\Runtime\Cache\Admin\d8c0ee2df3ee613774dba82d6d3420f5.php 第 590 行.
NOTIC: [8] Undefined index: adshowcount D:\xampp\htdocs\Cloud\App\Runtime\Cache\Admin\d8c0ee2df3ee613774dba82d6d3420f5.php 第 615 行.
NOTIC: [8] Undefined index: address D:\xampp\htdocs\Cloud\App\Runtime\Cache\Admin\d8c0ee2df3ee613774dba82d6d3420f5.php 第 625 行.
NOTIC: [8] Undefined variable: 1 D:\xampp\htdocs\Cloud\App\Runtime\Cache\Admin\d8c0ee2df3ee613774dba82d6d3420f5.php 第 590 行.
NOTIC: [8] Undefined index: adshowcount D:\xampp\htdocs\Cloud\App\Runtime\Cache\Admin\d8c0ee2df3ee613774dba82d6d3420f5.php 第 615 行.
NOTIC: [8] Undefined index: address D:\xampp\htdocs\Cloud\App\Runtime\Cache\Admin\d8c0ee2df3ee613774dba82d6d3420f5.php 第 625 行.
NOTIC: [8] Undefined variable: 1 D:\xampp\htdocs\Cloud\App\Runtime\Cache\Admin\d8c0ee2df3ee613774dba82d6d3420f5.php 第 590 行.
NOTIC: [8] Undefined index: adshowcount D:\xampp\htdocs\Cloud\App\Runtime\Cache\Admin\d8c0ee2df3ee613774dba82d6d3420f5.php 第 615 行.
NOTIC: [8] Undefined index: address D:\xampp\htdocs\Cloud\App\Runtime\Cache\Admin\d8c0ee2df3ee613774dba82d6d3420f5.php 第 625 行.
NOTIC: [8] Undefined variable: 1 D:\xampp\htdocs\Cloud\App\Runtime\Cache\Admin\d8c0ee2df3ee613774dba82d6d3420f5.php 第 590 行.
NOTIC: [8] Undefined index: adshowcount D:\xampp\htdocs\Cloud\App\Runtime\Cache\Admin\d8c0ee2df3ee613774dba82d6d3420f5.php 第 615 行.
NOTIC: [8] Undefined index: address D:\xampp\htdocs\Cloud\App\Runtime\Cache\Admin\d8c0ee2df3ee613774dba82d6d3420f5.php 第 625 行.
NOTIC: [8] Undefined variable: 1 D:\xampp\htdocs\Cloud\App\Runtime\Cache\Admin\d8c0ee2df3ee613774dba82d6d3420f5.php 第 590 行.
NOTIC: [8] Undefined index: adshowcount D:\xampp\htdocs\Cloud\App\Runtime\Cache\Admin\d8c0ee2df3ee613774dba82d6d3420f5.php 第 615 行.
NOTIC: [8] Undefined index: address D:\xampp\htdocs\Cloud\App\Runtime\Cache\Admin\d8c0ee2df3ee613774dba82d6d3420f5.php 第 625 行.
NOTIC: [8] Undefined variable: 1 D:\xampp\htdocs\Cloud\App\Runtime\Cache\Admin\d8c0ee2df3ee613774dba82d6d3420f5.php 第 590 行.
NOTIC: [8] Undefined index: adshowcount D:\xampp\htdocs\Cloud\App\Runtime\Cache\Admin\d8c0ee2df3ee613774dba82d6d3420f5.php 第 615 行.
NOTIC: [8] Undefined index: address D:\xampp\htdocs\Cloud\App\Runtime\Cache\Admin\d8c0ee2df3ee613774dba82d6d3420f5.php 第 625 行.
NOTIC: [8] Undefined variable: 1 D:\xampp\htdocs\Cloud\App\Runtime\Cache\Admin\d8c0ee2df3ee613774dba82d6d3420f5.php 第 590 行.
NOTIC: [8] Undefined index: adshowcount D:\xampp\htdocs\Cloud\App\Runtime\Cache\Admin\d8c0ee2df3ee613774dba82d6d3420f5.php 第 615 行.
NOTIC: [8] Undefined index: address D:\xampp\htdocs\Cloud\App\Runtime\Cache\Admin\d8c0ee2df3ee613774dba82d6d3420f5.php 第 625 行.
NOTIC: [8] Undefined variable: 1 D:\xampp\htdocs\Cloud\App\Runtime\Cache\Admin\d8c0ee2df3ee613774dba82d6d3420f5.php 第 590 行.
NOTIC: [8] Undefined index: adshowcount D:\xampp\htdocs\Cloud\App\Runtime\Cache\Admin\d8c0ee2df3ee613774dba82d6d3420f5.php 第 615 行.
NOTIC: [8] Undefined index: address D:\xampp\htdocs\Cloud\App\Runtime\Cache\Admin\d8c0ee2df3ee613774dba82d6d3420f5.php 第 625 行.
NOTIC: [8] Undefined variable: 1 D:\xampp\htdocs\Cloud\App\Runtime\Cache\Admin\d8c0ee2df3ee613774dba82d6d3420f5.php 第 590 行.
NOTIC: [8] Undefined index: adshowcount D:\xampp\htdocs\Cloud\App\Runtime\Cache\Admin\d8c0ee2df3ee613774dba82d6d3420f5.php 第 615 行.
NOTIC: [8] Undefined index: address D:\xampp\htdocs\Cloud\App\Runtime\Cache\Admin\d8c0ee2df3ee613774dba82d6d3420f5.php 第 625 行.
NOTIC: [8] Undefined variable: 1 D:\xampp\htdocs\Cloud\App\Runtime\Cache\Admin\d8c0ee2df3ee613774dba82d6d3420f5.php 第 590 行.
NOTIC: [8] Undefined index: adshowcount D:\xampp\htdocs\Cloud\App\Runtime\Cache\Admin\d8c0ee2df3ee613774dba82d6d3420f5.php 第 615 行.
NOTIC: [8] Undefined index: address D:\xampp\htdocs\Cloud\App\Runtime\Cache\Admin\d8c0ee2df3ee613774dba82d6d3420f5.php 第 625 行.
NOTIC: [8] Undefined variable: 1 D:\xampp\htdocs\Cloud\App\Runtime\Cache\Admin\d8c0ee2df3ee613774dba82d6d3420f5.php 第 590 行.
NOTIC: [8] Undefined index: adshowcount D:\xampp\htdocs\Cloud\App\Runtime\Cache\Admin\d8c0ee2df3ee613774dba82d6d3420f5.php 第 615 行.
NOTIC: [8] Undefined index: address D:\xampp\htdocs\Cloud\App\Runtime\Cache\Admin\d8c0ee2df3ee613774dba82d6d3420f5.php 第 625 行.
INFO: Run Behavior\ParseTemplateBehavior [ RunTime:0.048644s ]
INFO: [ view_parse ] --END-- [ RunTime:0.048723s ]
INFO: [ view_filter ] --START--
INFO: Run Behavior\WriteHtmlCacheBehavior [ RunTime:0.000511s ]
INFO: [ view_filter ] --END-- [ RunTime:0.000561s ]
INFO: [ app_end ] --START--
INFO: Run Behavior\ShowPageTraceBehavior [ RunTime:0.001652s ]
INFO: [ app_end ] --END-- [ RunTime:0.001777s ]

[ 2018-01-03T19:56:34+08:00 ] ::1 /Cloud/index.php/Admin/Admanage/add.html
INFO: [ app_init ] --START--
INFO: Run Behavior\BuildLiteBehavior [ RunTime:0.000023s ]
INFO: [ app_init ] --END-- [ RunTime:0.000562s ]
INFO: [ app_begin ] --START--
INFO: Run Behavior\ReadHtmlCacheBehavior [ RunTime:0.000653s ]
INFO: [ app_begin ] --END-- [ RunTime:0.000707s ]
NOTIC: [8] A session had already been started - ignoring session_start() D:\xampp\htdocs\Cloud\App\Admin\Controller\ComController.class.php 第 119 行.
SQL: SHOW COLUMNS FROM `cloud_member` [ RunTime:0.0421s ]
SQL: SELECT * FROM `cloud_member` WHERE `uid` = 1 LIMIT 1   [ RunTime:0.0005s ]
SQL: SELECT * FROM cloud_auth_group g left join cloud_auth_group_access a on g.id=a.group_id where a.uid=1 [ RunTime:0.0005s ]
SQL: SHOW COLUMNS FROM `cloud_member` [ RunTime:0.0045s ]
SQL: SELECT * FROM `cloud_member` WHERE `uid` = 1 LIMIT 1   [ RunTime:0.0004s ]
SQL: SELECT title FROM cloud_auth_group_access ga LEFT JOIN cloud_auth_group g ON ga.group_id=g.id where uid=1 [ RunTime:0.0004s ]
SQL: SELECT s.id,s.title,s.name,s.tips,s.pid,p.pid as ppid,p.title as ptitle FROM cloud_auth_rule s left join cloud_auth_rule p on p.id=s.pid where s.name='Admanage/add' [ RunTime:0.0004s ]
SQL: SHOW COLUMNS FROM `cloud_auth_rule` [ RunTime:0.0045s ]
SQL: SELECT `id`,`title`,`pid`,`name`,`icon` FROM `cloud_auth_rule` WHERE ( islink=1 AND id in (1,2,3,4,5,7,8,9,11,12,13,14,15,16,17,18,19,20,21,22,23,58,68,69,70,97,98,99,101,102,103,104,105,108)  ) ORDER BY o ASC  [ RunTime:0.0007s ]
NOTIC: [8] Use of undefined constant uniqid - assumed 'uniqid' D:\xampp\htdocs\Cloud\App\Admin\Controller\AdmanageController.class.php 第 235 行.
SQL: SHOW COLUMNS FROM `cloud_ads_type` [ RunTime:0.0032s ]
SQL: SHOW COLUMNS FROM `cloud_org` [ RunTime:0.0029s ]
SQL: SELECT * FROM `cloud_org` WHERE ( id>0 )  [ RunTime:0.0007s ]
SQL: SELECT * FROM `cloud_ads_type`  [ RunTime:0.0005s ]
INFO: [ view_parse ] --START--
INFO: [ template_filter ] --START--
INFO: Run Behavior\ContentReplaceBehavior [ RunTime:0.000217s ]
INFO: [ template_filter ] --END-- [ RunTime:0.000286s ]
NOTIC: [8] Undefined index: typename D:\xampp\htdocs\Cloud\App\Runtime\Cache\Admin\9bd46574c58ffeb34d93a834ddb9847e.php 第 451 行.
INFO: Run Behavior\ParseTemplateBehavior [ RunTime:0.034887s ]
INFO: [ view_parse ] --END-- [ RunTime:0.034953s ]
INFO: [ view_filter ] --START--
INFO: Run Behavior\WriteHtmlCacheBehavior [ RunTime:0.000517s ]
INFO: [ view_filter ] --END-- [ RunTime:0.000558s ]
INFO: [ app_end ] --START--
INFO: Run Behavior\ShowPageTraceBehavior [ RunTime:0.000993s ]
INFO: [ app_end ] --END-- [ RunTime:0.001085s ]

